<?xml version="1.0" encoding="UTF-8" ?>
<testsuite errors="0" failures="0" hostname="battower" name="de.unisb.cs.st.javalanche.mutation.runtime.testDriver.junit.JavalancheWrapperTestSuite" tests="0" time="129.932" timestamp="2012-03-20T23:07:07">
  <properties>
    <property name="java.vendor" value="Sun Microsystems Inc." />
    <property name="lib.dir" value="/home/laura/workspace/coverage-size-corr/javalanche/lib/" />
    <property name="sun.java.launcher" value="SUN_STANDARD" />
    <property name="sun.management.compiler" value="HotSpot 64-Bit Tiered Compilers" />
    <property name="run.mutations.javalanche.project.tests" value="-Djavalanche.tests=org.jfree.MasterTestSuite" />
    <property name="ant.file.type.javalanche-add-tasks" value="file" />
    <property name="os.name" value="Linux" />
    <property name="sun.boot.class.path" value="/usr/lib/jvm/java-6-sun-1.6.0.26/jre/lib/resources.jar:/usr/lib/jvm/java-6-sun-1.6.0.26/jre/lib/rt.jar:/usr/lib/jvm/java-6-sun-1.6.0.26/jre/lib/sunrsasign.jar:/usr/lib/jvm/java-6-sun-1.6.0.26/jre/lib/jsse.jar:/usr/lib/jvm/java-6-sun-1.6.0.26/jre/lib/jce.jar:/usr/lib/jvm/java-6-sun-1.6.0.26/jre/lib/charsets.jar:/usr/lib/jvm/java-6-sun-1.6.0.26/jre/lib/modules/jdk.boot.jar:/usr/lib/jvm/java-6-sun-1.6.0.26/jre/classes" />
    <property name="run.mutations.javalanche.run.mode" value="-Djavalanche.run.mode=mutation" />
    <property name="javalanche.single.task.file.name" value="/home/laura/workspace/coverage-size-corr/test-subjects/jfreechart/mutation-files/org.jfree_single-task.txt" />
    <property name="javalanche.maxmemory" value="2048m" />
    <property name="sun.desktop" value="gnome" />
    <property name="java.vm.specification.vendor" value="Sun Microsystems Inc." />
    <property name="ant.home" value="/usr/share/ant" />
    <property name="java.runtime.version" value="1.6.0_26-b03" />
    <property name="javalanche.out.dir" value="/home/laura/workspace/coverage-size-corr/test-subjects/jfreechart/mutation-files" />
    <property name="user.name" value="laura" />
    <property name="project.prefix" value="org.jfree" />
    <property name="user.language" value="en" />
    <property name="field.file" value="invariant-files//field-results.ser" />
    <property name="sun.boot.library.path" value="/usr/lib/jvm/java-6-sun-1.6.0.26/jre/lib/amd64" />
    <property name="proj.shortname" value="javalanche" />
    <property name="run.mutations.mutation.javaagent" value="-javaagent:/home/laura/workspace/coverage-size-corr/javalanche/javaagent.jar" />
    <property name="run.mutations.listener" value="-Djavalanche.mutation.test.listener=de.unisb.cs.st.javalanche.mutation.runtime.jmx.JmxMutationTestListener" />
    <property name="javalanche" value="/home/laura/workspace/coverage-size-corr/javalanche" />
    <property name="ant.project.name" value="Javalanche" />
    <property name="java.version" value="1.6.0_26" />
    <property name="user.timezone" value="America/Toronto" />
    <property name="project.tests" value="org.jfree.MasterTestSuite" />
    <property name="sun.arch.data.model" value="64" />
    <property name="javalanche.tests" value="org.jfree.MasterTestSuite" />
    <property name="ant.file.type.javalanche-import" value="file" />
    <property name="java.endorsed.dirs" value="/usr/lib/jvm/java-6-sun-1.6.0.26/jre/lib/endorsed" />
    <property name="sun.cpu.isalist" value="" />
    <property name="ant.file.javalanche-import" value="/home/laura/workspace/coverage-size-corr/javalanche/import.xml" />
    <property name="sun.jnu.encoding" value="UTF-8" />
    <property name="file.encoding.pkg" value="sun.io" />
    <property name="cp" value="/home/laura/workspace/coverage-size-corr/test-subjects/jfreechart/build-tests:/home/laura/workspace/coverage-size-corr/test-subjects/jfreechart/jfreechart-1.0.8.jar:/home/laura/workspace/coverage-size-corr/test-subjects/jfreechart/jfreechart-1.0.8-experimental.jar:/home/laura/workspace/coverage-size-corr/test-subjects/jfreechart/lib/jcommon-1.0.12.jar:/home/laura/workspace/coverage-size-corr/lib/junit-3.8.2.jar:/home/laura/workspace/coverage-size-corr/scripts/java-bin" />
    <property name="file.separator" value="/" />
    <property name="java.specification.name" value="Java Platform API Specification" />
    <property name="javalanche.add.commands" value="-Xmx2048m -Djavalanche.use.junit3runner=false -Djavalanche.trace.bytecode=false -Djavalanche.log.level=notSet " />
    <property name="java.class.version" value="50.0" />
    <property name="javalanche.use.junit3runner" value="false" />
    <property name="user.country" value="CA" />
    <property name="java.home" value="/usr/lib/jvm/java-6-sun-1.6.0.26/jre" />
    <property name="java.vm.info" value="mixed mode" />
    <property name="ant.file" value="/home/laura/workspace/coverage-size-corr/test-subjects/jfreechart/javalanche.xml" />
    <property name="os.version" value="3.1.0-1-amd64" />
    <property name="run.mutations.mutation.file" value="-Djavalanche.mutation.file=/home/laura/workspace/coverage-size-corr/test-subjects/jfreechart/mutation-files/2/mutation-task-org_jfree-95.txt" />
    <property name="path.separator" value=":" />
    <property name="java.vm.version" value="20.1-b02" />
    <property name="javalanche.mutation.javaagent" value="/home/laura/workspace/coverage-size-corr/javalanche/javaagent.jar" />
    <property name="mutation.dir" value="/home/laura/workspace/coverage-size-corr/test-subjects/jfreechart/mutation-files/2" />
    <property name="invariant.dir" value="invariant-files/" />
    <property name="ant.library.dir" value="/usr/share/ant/lib" />
    <property name="mutation.file" value="/home/laura/workspace/coverage-size-corr/test-subjects/jfreechart/mutation-files/2/mutation-task-org_jfree-95.txt" />
    <property name="javalanche.dist.dir" value="/home/laura/workspace/coverage-size-corr/javalanche" />
    <property name="java.awt.printerjob" value="sun.print.PSPrinterJob" />
    <property name="sun.io.unicode.encoding" value="UnicodeLittle" />
    <property name="javalanche.run.mode" value="mutation" />
    <property name="javalanche.arg.line" value="  -javaagent:/home/laura/workspace/coverage-size-corr/javalanche/javaagent.jar -Xmx2048m -Djavalanche.use.junit3runner=false -Djavalanche.trace.bytecode=false -Djavalanche.log.level=notSet  -Djavalanche.run.mode=mutation -Djavalanche.project.prefix=org.jfree -Djavalanche.tests=org.jfree.MasterTestSuite -Djavalanche.mutation.file=/home/laura/workspace/coverage-size-corr/test-subjects/jfreechart/mutation-files/2/mutation-task-org_jfree-95.txt -Djavalanche.mutation.test.listener=de.unisb.cs.st.javalanche.mutation.runtime.jmx.JmxMutationTestListener " />
    <property name="user.home" value="/home/laura" />
    <property name="java.specification.vendor" value="Sun Microsystems Inc." />
    <property name="run.mutations.memory" value="-Xmx2048m" />
    <property name="java.library.path" value="/usr/lib/jvm/java-6-sun-1.6.0.26/jre/lib/amd64/server:/usr/lib/jvm/java-6-sun-1.6.0.26/jre/lib/amd64:/usr/lib/jvm/java-6-sun-1.6.0.26/jre/../lib/amd64:/usr/java/packages/lib/amd64:/usr/lib64:/lib64:/lib:/usr/lib" />
    <property name="java.vendor.url" value="http://java.sun.com/" />
    <property name="javalanche.mutation.output.dir" value="/home/laura/workspace/coverage-size-corr/test-subjects/jfreechart/mutation-files" />
    <property name="java.vm.vendor" value="Sun Microsystems Inc." />
    <property name="java.runtime.name" value="Java(TM) SE Runtime Environment" />
    <property name="java.class.path" value="/home/laura/workspace/coverage-size-corr/javalanche/src/main/resources:/home/laura/workspace/coverage-size-corr/javalanche/lib/antlr-2.7.6.jar:/home/laura/workspace/coverage-size-corr/javalanche/lib/asm-debug-all-3.3.1.jar:/home/laura/workspace/coverage-size-corr/javalanche/lib/bonecp-0.7.1.RELEASE.jar:/home/laura/workspace/coverage-size-corr/javalanche/lib/bonecp-provider-0.7.1.RELEASE.jar:/home/laura/workspace/coverage-size-corr/javalanche/lib/bsh-2.0b4.jar:/home/laura/workspace/coverage-size-corr/javalanche/lib/c3p0-0.9.1.2.jar:/home/laura/workspace/coverage-size-corr/javalanche/lib/cglib-nodep-2.1_3.jar:/home/laura/workspace/coverage-size-corr/javalanche/lib/commons-collections-2.1.1.jar:/home/laura/workspace/coverage-size-corr/javalanche/lib/commons-io-2.0.1.jar:/home/laura/workspace/coverage-size-corr/javalanche/lib/commons-lang-2.6.jar:/home/laura/workspace/coverage-size-corr/javalanche/lib/commons-logging-1.0.4.jar:/home/laura/workspace/coverage-size-corr/javalanche/lib/dom4j-1.6.1.jar:/home/laura/workspace/coverage-size-corr/javalanche/lib/ds-util-0.3.2.1.jar:/home/laura/workspace/coverage-size-corr/javalanche/lib/ehcache-1.2.3.jar:/home/laura/workspace/coverage-size-corr/javalanche/lib/freemarker-2.3.8.jar:/home/laura/workspace/coverage-size-corr/javalanche/lib/guava-r09.jar:/home/laura/workspace/coverage-size-corr/javalanche/lib/hamcrest-core-1.3.RC2.jar:/home/laura/workspace/coverage-size-corr/javalanche/lib/hamcrest-integration-1.3.RC2.jar:/home/laura/workspace/coverage-size-corr/javalanche/lib/hamcrest-library-1.3.RC2.jar:/home/laura/workspace/coverage-size-corr/javalanche/lib/hibernate-3.2.7.ga.jar:/home/laura/workspace/coverage-size-corr/javalanche/lib/hibernate-annotations-3.3.0.ga.jar:/home/laura/workspace/coverage-size-corr/javalanche/lib/hibernate-commons-annotations-3.3.0.ga.jar:/home/laura/workspace/coverage-size-corr/javalanche/lib/hibernate-tools-3.2.3.GA.jar:/home/laura/workspace/coverage-size-corr/javalanche/lib/hsqldb-1.8.0.10.jar:/home/laura/workspace/coverage-size-corr/javalanche/lib/javalanche-0.4.jar:/home/laura/workspace/coverage-size-corr/javalanche/lib/jgrapht-jdk1.5-0.7.3.jar:/home/laura/workspace/coverage-size-corr/javalanche/lib/jta-1.0.1B.jar:/home/laura/workspace/coverage-size-corr/javalanche/lib/jtidy-r8-20060801.jar:/home/laura/workspace/coverage-size-corr/javalanche/lib/junit-dep-4.8.2.jar:/home/laura/workspace/coverage-size-corr/javalanche/lib/log4j-1.2.16.jar:/home/laura/workspace/coverage-size-corr/javalanche/lib/mysql-connector-java-5.1.17.jar:/home/laura/workspace/coverage-size-corr/javalanche/lib/opencsv-2.3.jar:/home/laura/workspace/coverage-size-corr/javalanche/lib/persistence-api-1.0.jar:/home/laura/workspace/coverage-size-corr/javalanche/lib/slf4j-api-1.6.4.jar:/home/laura/workspace/coverage-size-corr/javalanche/lib/slf4j-simple-1.6.4.jar:/home/laura/workspace/coverage-size-corr/javalanche/lib/xmlpull-1.1.3.1.jar:/home/laura/workspace/coverage-size-corr/javalanche/lib/xpp3_min-1.1.4c.jar:/home/laura/workspace/coverage-size-corr/javalanche/lib/xstream-1.4.1.jar:/home/laura/workspace/coverage-size-corr/test-subjects/jfreechart/build-tests:/home/laura/workspace/coverage-size-corr/test-subjects/jfreechart/jfreechart-1.0.8.jar:/home/laura/workspace/coverage-size-corr/test-subjects/jfreechart/jfreechart-1.0.8-experimental.jar:/home/laura/workspace/coverage-size-corr/test-subjects/jfreechart/lib/jcommon-1.0.12.jar:/home/laura/workspace/coverage-size-corr/lib/junit-3.8.2.jar:/home/laura/workspace/coverage-size-corr/scripts/java-bin:/home/laura/.ant/lib/junit-4.8.1.jar:/usr/share/java/ant-launcher-1.8.2.jar:/usr/share/ant/lib/ant.jar:/usr/share/ant/lib/ant-junit.jar:/home/laura/workspace/coverage-size-corr/javalanche/javaagent.jar" />
    <property name="sun.java.command" value="org.apache.tools.ant.taskdefs.optional.junit.JUnitTestRunner de.unisb.cs.st.javalanche.mutation.runtime.testDriver.junit.JavalancheWrapperTestSuite filtertrace=true haltOnError=false haltOnFailure=false showoutput=true outputtoformatters=true logfailedtests=true logtestlistenerevents=false formatter=org.apache.tools.ant.taskdefs.optional.junit.XMLJUnitResultFormatter,/home/laura/workspace/coverage-size-corr/test-subjects/jfreechart/mutation-files/junit-reports/TEST-de.unisb.cs.st.javalanche.mutation.runtime.testDriver.junit.JavalancheWrapperTestSuite.xml formatter=org.apache.tools.ant.taskdefs.optional.junit.PlainJUnitResultFormatter,/home/laura/workspace/coverage-size-corr/test-subjects/jfreechart/mutation-files/junit-reports/TEST-de.unisb.cs.st.javalanche.mutation.runtime.testDriver.junit.JavalancheWrapperTestSuite.txt crashfile=/home/laura/workspace/coverage-size-corr/test-subjects/jfreechart/junitvmwatcher4964523015482166830.properties propsfile=/home/laura/workspace/coverage-size-corr/test-subjects/jfreechart/junit5347016568108272081.properties" />
    <property name="ant.version" value="Apache Ant(TM) version 1.8.2 compiled on May 19 2011" />
    <property name="javalanche.mutation.file" value="/home/laura/workspace/coverage-size-corr/test-subjects/jfreechart/mutation-files/2/mutation-task-org_jfree-95.txt" />
    <property name="javalanche.project.prefix" value="org.jfree" />
    <property name="ant.file.type.Javalanche" value="file" />
    <property name="java.vm.specification.name" value="Java Virtual Machine Specification" />
    <property name="javalanche.add.arg" value="" />
    <property name="ant.file.type" value="file" />
    <property name="java.vm.specification.version" value="1.0" />
    <property name="sun.cpu.endian" value="little" />
    <property name="sun.os.patch.level" value="unknown" />
    <property name="tests" value="org.jfree.MasterTestSuite" />
    <property name="java.io.tmpdir" value="/tmp" />
    <property name="ant.file.javalanche-tasks" value="/home/laura/workspace/coverage-size-corr/javalanche/src/main/resources/javalanche-tasks.xml" />
    <property name="prefix" value="org.jfree" />
    <property name="java.vendor.url.bug" value="http://java.sun.com/cgi-bin/bugreport.cgi" />
    <property name="ant.file.Javalanche" value="/home/laura/workspace/coverage-size-corr/test-subjects/jfreechart/javalanche.xml" />
    <property name="javalanche.dir" value="/home/laura/workspace/coverage-size-corr/javalanche" />
    <property name="ant.file.javalanche-add-tasks" value="/home/laura/workspace/coverage-size-corr/javalanche/src/main/resources/javalanche-add-tasks.xml" />
    <property name="os.arch" value="amd64" />
    <property name="java.awt.graphicsenv" value="sun.awt.X11GraphicsEnvironment" />
    <property name="invariant.checker.file" value="invariant-files//org.jfree-invariant-checkers.ser" />
    <property name="javalanche.wrapper.testsuite" value="de.unisb.cs.st.javalanche.mutation.runtime.testDriver.junit.JavalancheWrapperTestSuite" />
    <property name="javalanche.mutation.test.listener" value="de.unisb.cs.st.javalanche.mutation.runtime.jmx.JmxMutationTestListener" />
    <property name="java.ext.dirs" value="/usr/lib/jvm/java-6-sun-1.6.0.26/jre/lib/ext:/usr/java/packages/lib/ext" />
    <property name="user.dir" value="/home/laura/workspace/coverage-size-corr/test-subjects/jfreechart" />
    <property name="run.mutations.javalanche.package.prefix" value="-Djavalanche.project.prefix=org.jfree" />
    <property name="line.separator" value="&#xa;" />
    <property name="java.vm.name" value="Java HotSpot(TM) 64-Bit Server VM" />
    <property name="javalanche.log.level" value="notSet" />
    <property name="basedir" value="/home/laura/workspace/coverage-size-corr/test-subjects/jfreechart" />
    <property name="ant.java.version" value="1.6" />
    <property name="ant.core.lib" value="/usr/share/ant/lib/ant.jar" />
    <property name="javalanche.trace.bytecode" value="false" />
    <property name="file.encoding" value="UTF-8" />
    <property name="javalanche.task" value="javalancheTask" />
    <property name="javalanche.location" value="/home/laura/workspace/coverage-size-corr/javalanche" />
    <property name="mutation.jars.dir" value="/home/laura/workspace/coverage-size-corr/javalanche/lib/" />
    <property name="junit3" value="false" />
    <property name="java.specification.version" value="1.6" />
    <property name="mutation.base.dir" value="/home/laura/workspace/coverage-size-corr/javalanche" />
    <property name="ant.project.invoked-targets" value="javalancheTask" />
    <property name="ant.file.type.javalanche-tasks" value="file" />
  </properties>
  <system-out><![CDATA[Applying 1th mutation with id 99. Running 245 tests
Applying 2th mutation with id 127. Running 54 tests
Applying 3th mutation with id 179. Running 55 tests
Applying 4th mutation with id 233. Running 54 tests
Applying 5th mutation with id 325. Running 43 tests
Applying 6th mutation with id 337. Running 35 tests
Applying 7th mutation with id 571. Running 1 tests
Applying 8th mutation with id 640. Running 1 tests
Applying 9th mutation with id 702. Running 57 tests
Applying 10th mutation with id 969. Running 1 tests
Applying 11th mutation with id 1063. Running 174 tests
Applying 12th mutation with id 1067. Running 124 tests
Applying 13th mutation with id 1156. Running 55 tests
Applying 14th mutation with id 1454. Running 18 tests
Applying 15th mutation with id 2406. Running 87 tests
Applying 16th mutation with id 2466. Running 3 tests
Applying 17th mutation with id 2763. Running 2 tests
Applying 18th mutation with id 2789. Running 1 tests
Applying 19th mutation with id 2917. Running 20 tests
Applying 20th mutation with id 3105. Running 20 tests
Applying 21th mutation with id 3129. Running 20 tests
Applying 22th mutation with id 3386. Running 20 tests
Applying 23th mutation with id 3423. Running 20 tests
Applying 24th mutation with id 3612. Running 1 tests
Applying 25th mutation with id 3723. Running 69 tests
Applying 26th mutation with id 4173. Running 9 tests
Applying 27th mutation with id 4183. Running 9 tests
Applying 28th mutation with id 4276. Running 13 tests
Applying 29th mutation with id 4458. Running 16 tests
Applying 30th mutation with id 4494. Running 1 tests
Applying 31th mutation with id 4595. Running 19 tests
Applying 32th mutation with id 4633. Running 134 tests
Applying 33th mutation with id 4736. Running 79 tests
Applying 34th mutation with id 4856. Running 1 tests
Applying 35th mutation with id 4920. Running 7 tests
Applying 36th mutation with id 4995. Running 1 tests
Applying 37th mutation with id 5042. Running 1 tests
Applying 38th mutation with id 5114. Running 27 tests
Applying 39th mutation with id 5602. Running 2 tests
Applying 40th mutation with id 5708. Running 61 tests
Applying 41th mutation with id 5863. Running 30 tests
Applying 42th mutation with id 5992. Running 12 tests
Applying 43th mutation with id 5998. Running 31 tests
Applying 44th mutation with id 5999. Running 31 tests
Applying 45th mutation with id 6130. Running 105 tests
Applying 46th mutation with id 6184. Running 105 tests
Applying 47th mutation with id 6365. Running 105 tests
Applying 48th mutation with id 6468. Running 87 tests
Applying 49th mutation with id 6497. Running 36 tests
Applying 50th mutation with id 6562. Running 24 tests
Applying 51th mutation with id 6628. Running 2 tests
Applying 52th mutation with id 6737. Running 36 tests
Applying 53th mutation with id 6782. Running 36 tests
Applying 54th mutation with id 6873. Running 5 tests
Applying 55th mutation with id 7171. Running 1 tests
Applying 56th mutation with id 7756. Running 29 tests
Applying 57th mutation with id 7910. Running 6 tests
Applying 58th mutation with id 8123. Running 13 tests
Applying 59th mutation with id 8145. Running 9 tests
Applying 60th mutation with id 8379. Running 137 tests
Applying 61th mutation with id 8497. Running 1 tests
Applying 62th mutation with id 9018. Running 2 tests
Applying 63th mutation with id 9040. Running 1 tests
Applying 64th mutation with id 9068. Running 2 tests
Applying 65th mutation with id 9101. Running 1 tests
Applying 66th mutation with id 9213. Running 1 tests
Applying 67th mutation with id 9583. Running 2 tests
Applying 68th mutation with id 9640. Running 3 tests
Applying 69th mutation with id 9661. Running 1 tests
Applying 70th mutation with id 9668. Running 3 tests
Applying 71th mutation with id 9772. Running 2 tests
Applying 72th mutation with id 9854. Running 1 tests
Applying 73th mutation with id 9910. Running 1 tests
Applying 74th mutation with id 9912. Running 19 tests
Applying 75th mutation with id 9977. Running 1 tests
Applying 76th mutation with id 9982. Running 19 tests
Applying 77th mutation with id 9987. Running 19 tests
Applying 78th mutation with id 10038. Running 6 tests
Applying 79th mutation with id 10063. Running 4 tests
Applying 80th mutation with id 10297. Running 1 tests
Applying 81th mutation with id 10709. Running 1 tests
Applying 82th mutation with id 10738. Running 1 tests
Applying 83th mutation with id 10876. Running 1 tests
Applying 84th mutation with id 10901. Running 1 tests
Applying 85th mutation with id 10946. Running 11 tests
Applying 86th mutation with id 11043. Running 4 tests
Applying 87th mutation with id 11322. Running 1 tests
Applying 88th mutation with id 11453. Running 11 tests
Applying 89th mutation with id 11468. Running 11 tests
Applying 90th mutation with id 11640. Running 7 tests
Applying 91th mutation with id 11672. Running 1 tests
Applying 92th mutation with id 11861. Running 7 tests
Applying 93th mutation with id 11892. Running 57 tests
Applying 94th mutation with id 12745. Running 2 tests
Applying 95th mutation with id 12775. Running 1 tests
Applying 96th mutation with id 13088. Running 213 tests
Applying 97th mutation with id 13347. Running 18 tests
Applying 98th mutation with id 14172. Running 6 tests
Applying 99th mutation with id 14350. Running 1 tests
Applying 100th mutation with id 14354. Running 1 tests
Applying 101th mutation with id 14533. Running 1 tests
Applying 102th mutation with id 14901. Running 32 tests
Applying 103th mutation with id 14946. Running 35 tests
Applying 104th mutation with id 15197. Running 13 tests
Applying 105th mutation with id 15208. Running 13 tests
Applying 106th mutation with id 15700. Running 1 tests
Applying 107th mutation with id 16011. Running 4 tests
Applying 108th mutation with id 16044. Running 1 tests
Applying 109th mutation with id 16076. Running 4 tests
Applying 110th mutation with id 16293. Running 2 tests
Applying 111th mutation with id 16314. Running 3 tests
Applying 112th mutation with id 16531. Running 34 tests
Applying 113th mutation with id 16551. Running 34 tests
Applying 114th mutation with id 16616. Running 34 tests
Applying 115th mutation with id 16705. Running 34 tests
Applying 116th mutation with id 16756. Running 34 tests
Applying 117th mutation with id 16795. Running 34 tests
Applying 118th mutation with id 16924. Running 4 tests
Applying 119th mutation with id 17404. Running 2 tests
Applying 120th mutation with id 17712. Running 1 tests
Applying 121th mutation with id 18688. Running 3 tests
Applying 122th mutation with id 18721. Running 4 tests
Applying 123th mutation with id 18755. Running 3 tests
Applying 124th mutation with id 18760. Running 3 tests
Applying 125th mutation with id 18975. Running 29 tests
Applying 126th mutation with id 19105. Running 17 tests
Applying 127th mutation with id 19194. Running 66 tests
Applying 128th mutation with id 19406. Running 159 tests
Applying 129th mutation with id 19544. Running 14 tests
Applying 130th mutation with id 19871. Running 1 tests
Applying 131th mutation with id 20029. Running 1 tests
Applying 132th mutation with id 20030. Running 1 tests
Applying 133th mutation with id 20509. Running 57 tests
Applying 134th mutation with id 20660. Running 2 tests
Applying 135th mutation with id 20715. Running 19 tests
Applying 136th mutation with id 20811. Running 57 tests
Applying 137th mutation with id 20858. Running 2 tests
Applying 138th mutation with id 21055. Running 1 tests
Applying 139th mutation with id 21079. Running 34 tests
java.lang.ArrayIndexOutOfBoundsException: -1
java.lang.ArrayIndexOutOfBoundsException: -1
java.lang.ArrayIndexOutOfBoundsException: -1
Applying 140th mutation with id 21418. Running 1 tests
Applying 141th mutation with id 21573. Running 67 tests
Applying 142th mutation with id 22017. Running 18 tests
Applying 143th mutation with id 22072. Running 59 tests
Applying 144th mutation with id 22906. Running 60 tests
Applying 145th mutation with id 23653. Running 3 tests
Applying 146th mutation with id 23671. Running 205 tests
Applying 147th mutation with id 23848. Running 9 tests
Applying 148th mutation with id 23849. Running 11 tests
Applying 149th mutation with id 23859. Running 11 tests
Applying 150th mutation with id 23904. Running 1 tests
Applying 151th mutation with id 24082. Running 3 tests
Applying 152th mutation with id 24470. Running 1 tests
Applying 153th mutation with id 25002. Running 3 tests
Applying 154th mutation with id 25003. Running 3 tests
Applying 155th mutation with id 25325. Running 134 tests
Applying 156th mutation with id 25378. Running 2 tests
Applying 157th mutation with id 25534. Running 134 tests
Applying 158th mutation with id 26086. Running 4 tests
Applying 159th mutation with id 27906. Running 1 tests
Applying 160th mutation with id 28114. Running 3 tests
Applying 161th mutation with id 28178. Running 3 tests
Applying 162th mutation with id 28267. Running 1 tests
Applying 163th mutation with id 28456. Running 1 tests
Applying 164th mutation with id 28515. Running 4 tests
Applying 165th mutation with id 28676. Running 2 tests
Applying 166th mutation with id 28686. Running 3 tests
Applying 167th mutation with id 28827. Running 8 tests
Applying 168th mutation with id 28849. Running 10 tests
Applying 169th mutation with id 29019. Running 1 tests
Applying 170th mutation with id 29024. Running 1 tests
Applying 171th mutation with id 29043. Running 1 tests
Applying 172th mutation with id 29120. Running 1 tests
Applying 173th mutation with id 29449. Running 1 tests
Applying 174th mutation with id 29541. Running 4 tests
Applying 175th mutation with id 29562. Running 2 tests
Applying 176th mutation with id 29624. Running 3 tests
Applying 177th mutation with id 29947. Running 6 tests
Applying 178th mutation with id 30057. Running 1 tests
Applying 179th mutation with id 30466. Running 1 tests
Applying 180th mutation with id 30520. Running 1 tests
Applying 181th mutation with id 30628. Running 2 tests
Applying 182th mutation with id 30640. Running 2 tests
Applying 183th mutation with id 30911. Running 1 tests
Applying 184th mutation with id 30928. Running 1 tests
Applying 185th mutation with id 30941. Running 3 tests
Applying 186th mutation with id 30942. Running 3 tests
Applying 187th mutation with id 31155. Running 2 tests
Applying 188th mutation with id 31429. Running 1 tests
Applying 189th mutation with id 31593. Running 2 tests
Applying 190th mutation with id 31708. Running 2 tests
Applying 191th mutation with id 31796. Running 2 tests
Applying 192th mutation with id 31816. Running 2 tests
Applying 193th mutation with id 31896. Running 8 tests
Applying 194th mutation with id 32084. Running 1 tests
Applying 195th mutation with id 32189. Running 33 tests
Applying 196th mutation with id 32330. Running 1 tests
Applying 197th mutation with id 32725. Running 1 tests
Applying 198th mutation with id 32733. Running 2 tests
Applying 199th mutation with id 32780. Running 5 tests
Applying 200th mutation with id 32794. Running 5 tests
Applying 201th mutation with id 32981. Running 60 tests
Applying 202th mutation with id 33213. Running 1 tests
Applying 203th mutation with id 33452. Running 51 tests
Applying 204th mutation with id 33540. Running 50 tests
Applying 205th mutation with id 33661. Running 1 tests
Applying 206th mutation with id 34039. Running 1 tests
Applying 207th mutation with id 34059. Running 1 tests
Applying 208th mutation with id 34593. Running 1 tests
Applying 209th mutation with id 34622. Running 1 tests
Applying 210th mutation with id 35117. Running 1 tests
Applying 211th mutation with id 35358. Running 3 tests
Applying 212th mutation with id 35409. Running 1 tests
Applying 213th mutation with id 36142. Running 1 tests
Applying 214th mutation with id 36174. Running 108 tests
Applying 215th mutation with id 36191. Running 8 tests
Applying 216th mutation with id 36204. Running 10 tests
Applying 217th mutation with id 36554. Running 50 tests
Applying 218th mutation with id 36637. Running 62 tests
Applying 219th mutation with id 36679. Running 1 tests
Applying 220th mutation with id 37146. Running 52 tests
Applying 221th mutation with id 37167. Running 1 tests
Applying 222th mutation with id 37220. Running 61 tests
Applying 223th mutation with id 37275. Running 1 tests
Applying 224th mutation with id 37474. Running 21 tests
Applying 225th mutation with id 37504. Running 61 tests
Applying 226th mutation with id 37513. Running 57 tests
Applying 227th mutation with id 37994. Running 65 tests
Applying 228th mutation with id 38053. Running 54 tests
Applying 229th mutation with id 38193. Running 1 tests
java.io.OptionalDataException
Applying 230th mutation with id 38475. Running 1 tests
Applying 231th mutation with id 38508. Running 1 tests
Applying 232th mutation with id 38530. Running 1 tests
Applying 233th mutation with id 38753. Running 134 tests
java.io.EOFException
java.io.EOFException
java.io.EOFException
java.io.EOFException
java.io.EOFException
java.io.EOFException
java.io.EOFException
java.io.EOFException
java.io.EOFException
java.io.EOFException
java.io.EOFException
java.io.EOFException
java.io.EOFException
java.io.EOFException
java.io.EOFException
java.io.EOFException
java.io.EOFException
java.io.EOFException
java.io.EOFException
java.io.EOFException
java.io.EOFException
java.io.EOFException
java.io.EOFException
java.io.EOFException
java.io.EOFException
java.io.EOFException
java.io.EOFException
java.io.EOFException
java.io.EOFException
Applying 234th mutation with id 38822. Running 4 tests
java.lang.ArrayIndexOutOfBoundsException: -1
Applying 235th mutation with id 38856. Running 4 tests
java.lang.RuntimeException: JFreeChart - No path exists
Applying 236th mutation with id 38868. Running 18 tests
java.io.EOFException
Applying 237th mutation with id 38929. Running 4 tests
Applying 238th mutation with id 39037. Running 6 tests
Applying 239th mutation with id 39041. Running 6 tests
Applying 240th mutation with id 39315. Running 6 tests
Applying 241th mutation with id 39472. Running 1 tests
Applying 242th mutation with id 39776. Running 4 tests
Applying 243th mutation with id 39788. Running 1 tests
Applying 244th mutation with id 39871. Running 1 tests
Applying 245th mutation with id 40023. Running 2 tests
Applying 246th mutation with id 40072. Running 3 tests
Applying 247th mutation with id 40122. Running 1 tests
Applying 248th mutation with id 40868. Running 1 tests
Applying 249th mutation with id 41081. Running 5 tests
Applying 250th mutation with id 41139. Running 1 tests
Applying 251th mutation with id 41617. Running 1 tests
Applying 252th mutation with id 41628. Running 1 tests
Applying 253th mutation with id 41838. Running 1 tests
Applying 254th mutation with id 41912. Running 4 tests
Applying 255th mutation with id 41933. Running 3 tests
Applying 256th mutation with id 42115. Running 22 tests
Applying 257th mutation with id 42270. Running 14 tests
Applying 258th mutation with id 42345. Running 1 tests
Applying 259th mutation with id 42412. Running 1 tests
Applying 260th mutation with id 42843. Running 4 tests
Applying 261th mutation with id 43174. Running 1 tests
Applying 262th mutation with id 43197. Running 1 tests
Applying 263th mutation with id 43532. Running 4 tests
Applying 264th mutation with id 44159. Running 3 tests
Applying 265th mutation with id 44259. Running 2 tests
Applying 266th mutation with id 44284. Running 1 tests
Applying 267th mutation with id 44377. Running 4 tests
Applying 268th mutation with id 44459. Running 1 tests
Applying 269th mutation with id 44461. Running 1 tests
Applying 270th mutation with id 44569. Running 1 tests
Applying 271th mutation with id 44578. Running 1 tests
Applying 272th mutation with id 44812. Running 1 tests
Applying 273th mutation with id 45087. Running 1 tests
Applying 274th mutation with id 45089. Running 1 tests
Applying 275th mutation with id 45450. Running 1 tests
Applying 276th mutation with id 45561. Running 6 tests
Applying 277th mutation with id 45718. Running 1 tests
Applying 278th mutation with id 45986. Running 5 tests
Applying 279th mutation with id 46088. Running 6 tests
Applying 280th mutation with id 46129. Running 18 tests
Applying 281th mutation with id 46258. Running 18 tests
Applying 282th mutation with id 46288. Running 18 tests
Applying 283th mutation with id 46365. Running 1 tests
Applying 284th mutation with id 47031. Running 1 tests
Applying 285th mutation with id 47832. Running 1 tests
Applying 286th mutation with id 47841. Running 1 tests
Applying 287th mutation with id 48086. Running 4 tests
Applying 288th mutation with id 48130. Running 4 tests
Applying 289th mutation with id 48169. Running 2 tests
Applying 290th mutation with id 48738. Running 4 tests
Applying 291th mutation with id 49306. Running 1 tests
Applying 292th mutation with id 49658. Running 4 tests
Applying 293th mutation with id 49814. Running 4 tests
Applying 294th mutation with id 50057. Running 4 tests
Applying 295th mutation with id 50102. Running 4 tests
Applying 296th mutation with id 50136. Running 4 tests
Applying 297th mutation with id 50231. Running 4 tests
Applying 298th mutation with id 50286. Running 4 tests
Applying 299th mutation with id 50403. Running 4 tests
Applying 300th mutation with id 50635. Running 4 tests
Applying 301th mutation with id 50667. Running 4 tests
Applying 302th mutation with id 50762. Running 4 tests
Applying 303th mutation with id 50854. Running 4 tests
Applying 304th mutation with id 51086. Running 4 tests
Applying 305th mutation with id 51202. Running 4 tests
Applying 306th mutation with id 51291. Running 4 tests
Applying 307th mutation with id 51382. Running 4 tests
Applying 308th mutation with id 51475. Running 4 tests
Applying 309th mutation with id 51476. Running 4 tests
Applying 310th mutation with id 51538. Running 4 tests
Applying 311th mutation with id 51661. Running 4 tests
Applying 312th mutation with id 51763. Running 4 tests
Applying 313th mutation with id 51924. Running 4 tests
Applying 314th mutation with id 51995. Running 4 tests
Applying 315th mutation with id 52038. Running 4 tests
Applying 316th mutation with id 52105. Running 4 tests
Applying 317th mutation with id 52157. Running 4 tests
Applying 318th mutation with id 52196. Running 4 tests
Applying 319th mutation with id 52232. Running 4 tests
Applying 320th mutation with id 52585. Running 4 tests
Applying 321th mutation with id 52660. Running 4 tests
Applying 322th mutation with id 52744. Running 4 tests
Applying 323th mutation with id 52772. Running 4 tests
Applying 324th mutation with id 52827. Running 4 tests
Applying 325th mutation with id 52831. Running 4 tests
Applying 326th mutation with id 52857. Running 4 tests
Applying 327th mutation with id 52922. Running 4 tests
Applying 328th mutation with id 53156. Running 4 tests
Applying 329th mutation with id 53258. Running 4 tests
Applying 330th mutation with id 53303. Running 4 tests
Applying 331th mutation with id 53474. Running 4 tests
Applying 332th mutation with id 53633. Running 4 tests
Applying 333th mutation with id 53660. Running 4 tests
Applying 334th mutation with id 53927. Running 4 tests
Applying 335th mutation with id 54016. Running 4 tests
Applying 336th mutation with id 54063. Running 4 tests
Applying 337th mutation with id 54114. Running 4 tests
Applying 338th mutation with id 54144. Running 4 tests
Applying 339th mutation with id 54184. Running 4 tests
Applying 340th mutation with id 54207. Running 1 tests
Applying 341th mutation with id 54737. Running 9 tests
Applying 342th mutation with id 54747. Running 4 tests
Applying 343th mutation with id 54799. Running 9 tests
Applying 344th mutation with id 55149. Running 1 tests
Applying 345th mutation with id 55165. Running 1 tests
Applying 346th mutation with id 55323. Running 1 tests
Applying 347th mutation with id 55336. Running 6 tests
Applying 348th mutation with id 55342. Running 1 tests
Applying 349th mutation with id 55547. Running 9 tests
Applying 350th mutation with id 55557. Running 9 tests
Applying 351th mutation with id 55716. Running 12 tests
Applying 352th mutation with id 55800. Running 1 tests
Applying 353th mutation with id 56007. Running 1 tests
Applying 354th mutation with id 56279. Running 5 tests
Applying 355th mutation with id 56656. Running 5 tests
Applying 356th mutation with id 56658. Running 5 tests
Applying 357th mutation with id 56711. Running 6 tests
Applying 358th mutation with id 56745. Running 1 tests
Applying 359th mutation with id 56987. Running 1 tests
Applying 360th mutation with id 57245. Running 1 tests
Applying 361th mutation with id 57642. Running 3 tests
Applying 362th mutation with id 57653. Running 1 tests
Applying 363th mutation with id 58174. Running 4 tests
Applying 364th mutation with id 58339. Running 1 tests
Applying 365th mutation with id 58340. Running 1 tests
Applying 366th mutation with id 58484. Running 1 tests
Applying 367th mutation with id 58485. Running 1 tests
java.io.EOFException
Applying 368th mutation with id 58509. Running 4 tests
Applying 369th mutation with id 59023. Running 5 tests
Applying 370th mutation with id 59303. Running 1 tests
Applying 371th mutation with id 59381. Running 4 tests
Applying 372th mutation with id 59417. Running 1 tests
Applying 373th mutation with id 59503. Running 1 tests
Applying 374th mutation with id 59525. Running 1 tests
Applying 375th mutation with id 59787. Running 2 tests
Applying 376th mutation with id 59847. Running 1 tests
Applying 377th mutation with id 59899. Running 1 tests
Applying 378th mutation with id 59999. Running 1 tests
Applying 379th mutation with id 60063. Running 1 tests
Applying 380th mutation with id 60097. Running 1 tests
Applying 381th mutation with id 60372. Running 2 tests
Applying 382th mutation with id 60402. Running 4 tests
Applying 383th mutation with id 60403. Running 4 tests
Applying 384th mutation with id 60695. Running 1 tests
Applying 385th mutation with id 60696. Running 1 tests
Applying 386th mutation with id 62146. Running 1 tests
Applying 387th mutation with id 62334. Running 3 tests
Applying 388th mutation with id 62348. Running 3 tests
Applying 389th mutation with id 62466. Running 3 tests
Applying 390th mutation with id 63116. Running 1 tests
Applying 391th mutation with id 63166. Running 3 tests
Applying 392th mutation with id 63180. Running 3 tests
Applying 393th mutation with id 63190. Running 3 tests
Applying 394th mutation with id 63192. Running 3 tests
Applying 395th mutation with id 63408. Running 3 tests
Applying 396th mutation with id 64148. Running 4 tests
Applying 397th mutation with id 64182. Running 4 tests
Applying 398th mutation with id 65117. Running 1 tests
Applying 399th mutation with id 65205. Running 4 tests
Applying 400th mutation with id 65598. Running 1 tests
400 mutations were applied. 400 Mutation results were recorded. 400 Mutations where actually touched.
]]></system-out>
  <system-err><![CDATA[Exception in thread "AWT-XAWT" java.lang.IllegalMonitorStateException
	at java.util.concurrent.locks.ReentrantLock$Sync.tryRelease(ReentrantLock.java:127)
	at java.util.concurrent.locks.AbstractQueuedSynchronizer.release(AbstractQueuedSynchronizer.java:1239)
	at java.util.concurrent.locks.ReentrantLock.unlock(ReentrantLock.java:431)
	at sun.awt.SunToolkit.awtUnlock(SunToolkit.java:244)
	at sun.awt.X11.XToolkit.run(XToolkit.java:627)
	at sun.awt.X11.XToolkit.run(XToolkit.java:543)
	at java.lang.Thread.run(Thread.java:662)
java.lang.NullPointerException
	at org.jfree.chart.axis.NumberAxis.calculateVisibleTickCount(NumberAxis.java:623)
	at org.jfree.chart.axis.NumberAxis.refreshTicksHorizontal(NumberAxis.java:1179)
	at org.jfree.chart.axis.NumberAxis.refreshTicks(NumberAxis.java:1146)
	at org.jfree.chart.axis.ValueAxis.reserveSpace(ValueAxis.java:788)
	at org.jfree.chart.plot.CategoryPlot.calculateRangeAxisSpace(CategoryPlot.java:2650)
	at org.jfree.chart.plot.CategoryPlot.calculateAxisSpace(CategoryPlot.java:2669)
	at org.jfree.chart.plot.CategoryPlot.draw(CategoryPlot.java:2716)
	at org.jfree.chart.JFreeChart.draw(JFreeChart.java:1212)
	at org.jfree.chart.JFreeChart.createBufferedImage(JFreeChart.java:1386)
	at org.jfree.chart.JFreeChart.createBufferedImage(JFreeChart.java:1366)
	at org.jfree.chart.renderer.category.junit.StatisticalBarRendererTests.testDrawWithNullMeanHorizontal(StatisticalBarRendererTests.java:233)
	at sun.reflect.NativeMethodAccessorImpl.invoke0(Native Method)
	at sun.reflect.NativeMethodAccessorImpl.invoke(NativeMethodAccessorImpl.java:39)
	at sun.reflect.DelegatingMethodAccessorImpl.invoke(DelegatingMethodAccessorImpl.java:25)
	at java.lang.reflect.Method.invoke(Method.java:597)
	at junit.framework.TestCase.runTest(TestCase.java:168)
	at junit.framework.TestCase.runBare(TestCase.java:134)
	at junit.framework.TestResult$1.protect(TestResult.java:110)
	at junit.framework.TestResult.runProtected(TestResult.java:128)
	at junit.framework.TestResult.run(TestResult.java:113)
	at junit.framework.TestCase.run(TestCase.java:124)
	at junit.framework.TestSuite.runTest(TestSuite.java:243)
	at junit.framework.TestSuite.run(TestSuite.java:238)
	at org.junit.internal.runners.JUnit38ClassRunner.run(JUnit38ClassRunner.java:101)
	at de.unisb.cs.st.javalanche.mutation.runtime.testDriver.junit.Junit4MutationTestDriver.runTest(Junit4MutationTestDriver.java:231)
	at de.unisb.cs.st.javalanche.mutation.runtime.testDriver.junit.Junit4MutationTestDriver.access$400(Junit4MutationTestDriver.java:59)
	at de.unisb.cs.st.javalanche.mutation.runtime.testDriver.junit.Junit4MutationTestDriver$1.run(Junit4MutationTestDriver.java:330)
	at java.util.concurrent.Executors$RunnableAdapter.call(Executors.java:441)
	at java.util.concurrent.FutureTask$Sync.innerRun(FutureTask.java:303)
	at java.util.concurrent.FutureTask.run(FutureTask.java:138)
	at java.lang.Thread.run(Thread.java:662)
java.lang.NullPointerException
	at org.jfree.chart.axis.NumberAxis.calculateVisibleTickCount(NumberAxis.java:623)
	at org.jfree.chart.axis.NumberAxis.refreshTicksHorizontal(NumberAxis.java:1179)
	at org.jfree.chart.axis.NumberAxis.refreshTicks(NumberAxis.java:1146)
	at org.jfree.chart.axis.ValueAxis.reserveSpace(ValueAxis.java:788)
	at org.jfree.chart.plot.XYPlot.calculateDomainAxisSpace(XYPlot.java:2568)
	at org.jfree.chart.plot.XYPlot.calculateAxisSpace(XYPlot.java:2525)
	at org.jfree.chart.plot.XYPlot.draw(XYPlot.java:2657)
	at org.jfree.chart.JFreeChart.draw(JFreeChart.java:1212)
	at org.jfree.chart.JFreeChart.createBufferedImage(JFreeChart.java:1386)
	at org.jfree.chart.JFreeChart.createBufferedImage(JFreeChart.java:1366)
	at org.jfree.chart.renderer.xy.junit.XYAreaRendererTests.testDrawWithNullInfo(XYAreaRendererTests.java:224)
	at sun.reflect.NativeMethodAccessorImpl.invoke0(Native Method)
	at sun.reflect.NativeMethodAccessorImpl.invoke(NativeMethodAccessorImpl.java:39)
	at sun.reflect.DelegatingMethodAccessorImpl.invoke(DelegatingMethodAccessorImpl.java:25)
	at java.lang.reflect.Method.invoke(Method.java:597)
	at junit.framework.TestCase.runTest(TestCase.java:168)
	at junit.framework.TestCase.runBare(TestCase.java:134)
	at junit.framework.TestResult$1.protect(TestResult.java:110)
	at junit.framework.TestResult.runProtected(TestResult.java:128)
	at junit.framework.TestResult.run(TestResult.java:113)
	at junit.framework.TestCase.run(TestCase.java:124)
	at junit.framework.TestSuite.runTest(TestSuite.java:243)
	at junit.framework.TestSuite.run(TestSuite.java:238)
	at org.junit.internal.runners.JUnit38ClassRunner.run(JUnit38ClassRunner.java:101)
	at de.unisb.cs.st.javalanche.mutation.runtime.testDriver.junit.Junit4MutationTestDriver.runTest(Junit4MutationTestDriver.java:231)
	at de.unisb.cs.st.javalanche.mutation.runtime.testDriver.junit.Junit4MutationTestDriver.access$400(Junit4MutationTestDriver.java:59)
	at de.unisb.cs.st.javalanche.mutation.runtime.testDriver.junit.Junit4MutationTestDriver$1.run(Junit4MutationTestDriver.java:330)
	at java.util.concurrent.Executors$RunnableAdapter.call(Executors.java:441)
	at java.util.concurrent.FutureTask$Sync.innerRun(FutureTask.java:303)
	at java.util.concurrent.FutureTask.run(FutureTask.java:138)
	at java.lang.Thread.run(Thread.java:662)
java.lang.NullPointerException
	at org.jfree.chart.axis.NumberAxis.calculateVisibleTickCount(NumberAxis.java:623)
	at org.jfree.chart.axis.NumberAxis.refreshTicksVertical(NumberAxis.java:1253)
	at org.jfree.chart.axis.NumberAxis.refreshTicks(NumberAxis.java:1149)
	at org.jfree.chart.axis.ValueAxis.reserveSpace(ValueAxis.java:788)
	at org.jfree.chart.plot.XYPlot.calculateRangeAxisSpace(XYPlot.java:2615)
	at org.jfree.chart.plot.XYPlot.calculateAxisSpace(XYPlot.java:2526)
	at org.jfree.chart.plot.XYPlot.draw(XYPlot.java:2657)
	at org.jfree.chart.JFreeChart.draw(JFreeChart.java:1212)
	at org.jfree.chart.junit.TimeSeriesChartTests.testDrawWithNullInfo(TimeSeriesChartTests.java:109)
	at sun.reflect.NativeMethodAccessorImpl.invoke0(Native Method)
	at sun.reflect.NativeMethodAccessorImpl.invoke(NativeMethodAccessorImpl.java:39)
	at sun.reflect.DelegatingMethodAccessorImpl.invoke(DelegatingMethodAccessorImpl.java:25)
	at java.lang.reflect.Method.invoke(Method.java:597)
	at junit.framework.TestCase.runTest(TestCase.java:168)
	at junit.framework.TestCase.runBare(TestCase.java:134)
	at junit.framework.TestResult$1.protect(TestResult.java:110)
	at junit.framework.TestResult.runProtected(TestResult.java:128)
	at junit.framework.TestResult.run(TestResult.java:113)
	at junit.framework.TestCase.run(TestCase.java:124)
	at junit.framework.TestSuite.runTest(TestSuite.java:243)
	at junit.framework.TestSuite.run(TestSuite.java:238)
	at org.junit.internal.runners.JUnit38ClassRunner.run(JUnit38ClassRunner.java:101)
	at de.unisb.cs.st.javalanche.mutation.runtime.testDriver.junit.Junit4MutationTestDriver.runTest(Junit4MutationTestDriver.java:231)
	at de.unisb.cs.st.javalanche.mutation.runtime.testDriver.junit.Junit4MutationTestDriver.access$400(Junit4MutationTestDriver.java:59)
	at de.unisb.cs.st.javalanche.mutation.runtime.testDriver.junit.Junit4MutationTestDriver$1.run(Junit4MutationTestDriver.java:330)
	at java.util.concurrent.Executors$RunnableAdapter.call(Executors.java:441)
	at java.util.concurrent.FutureTask$Sync.innerRun(FutureTask.java:303)
	at java.util.concurrent.FutureTask.run(FutureTask.java:138)
	at java.lang.Thread.run(Thread.java:662)
java.lang.NullPointerException
	at org.jfree.chart.axis.NumberAxis.calculateVisibleTickCount(NumberAxis.java:623)
	at org.jfree.chart.axis.NumberAxis.refreshTicksHorizontal(NumberAxis.java:1179)
	at org.jfree.chart.axis.NumberAxis.refreshTicks(NumberAxis.java:1146)
	at org.jfree.chart.axis.ValueAxis.reserveSpace(ValueAxis.java:788)
	at org.jfree.chart.plot.XYPlot.calculateDomainAxisSpace(XYPlot.java:2568)
	at org.jfree.chart.plot.XYPlot.calculateAxisSpace(XYPlot.java:2525)
	at org.jfree.chart.plot.XYPlot.draw(XYPlot.java:2657)
	at org.jfree.chart.JFreeChart.draw(JFreeChart.java:1212)
	at org.jfree.chart.JFreeChart.createBufferedImage(JFreeChart.java:1386)
	at org.jfree.chart.JFreeChart.createBufferedImage(JFreeChart.java:1366)
	at org.jfree.chart.JFreeChart.createBufferedImage(JFreeChart.java:1351)
	at org.jfree.chart.plot.junit.XYPlotTests.testSerialization3(XYPlotTests.java:670)
	at sun.reflect.NativeMethodAccessorImpl.invoke0(Native Method)
	at sun.reflect.NativeMethodAccessorImpl.invoke(NativeMethodAccessorImpl.java:39)
	at sun.reflect.DelegatingMethodAccessorImpl.invoke(DelegatingMethodAccessorImpl.java:25)
	at java.lang.reflect.Method.invoke(Method.java:597)
	at junit.framework.TestCase.runTest(TestCase.java:168)
	at junit.framework.TestCase.runBare(TestCase.java:134)
	at junit.framework.TestResult$1.protect(TestResult.java:110)
	at junit.framework.TestResult.runProtected(TestResult.java:128)
	at junit.framework.TestResult.run(TestResult.java:113)
	at junit.framework.TestCase.run(TestCase.java:124)
	at junit.framework.TestSuite.runTest(TestSuite.java:243)
	at junit.framework.TestSuite.run(TestSuite.java:238)
	at org.junit.internal.runners.JUnit38ClassRunner.run(JUnit38ClassRunner.java:101)
	at de.unisb.cs.st.javalanche.mutation.runtime.testDriver.junit.Junit4MutationTestDriver.runTest(Junit4MutationTestDriver.java:231)
	at de.unisb.cs.st.javalanche.mutation.runtime.testDriver.junit.Junit4MutationTestDriver.access$400(Junit4MutationTestDriver.java:59)
	at de.unisb.cs.st.javalanche.mutation.runtime.testDriver.junit.Junit4MutationTestDriver$1.run(Junit4MutationTestDriver.java:330)
	at java.util.concurrent.Executors$RunnableAdapter.call(Executors.java:441)
	at java.util.concurrent.FutureTask$Sync.innerRun(FutureTask.java:303)
	at java.util.concurrent.FutureTask.run(FutureTask.java:138)
	at java.lang.Thread.run(Thread.java:662)
java.lang.NullPointerException
	at org.jfree.chart.axis.NumberAxis.calculateVisibleTickCount(NumberAxis.java:623)
	at org.jfree.chart.axis.NumberAxis.refreshTicksVertical(NumberAxis.java:1253)
	at org.jfree.chart.axis.NumberAxis.refreshTicks(NumberAxis.java:1149)
	at org.jfree.chart.axis.ValueAxis.reserveSpace(ValueAxis.java:788)
	at org.jfree.chart.plot.CategoryPlot.calculateRangeAxisSpace(CategoryPlot.java:2650)
	at org.jfree.chart.plot.CategoryPlot.calculateAxisSpace(CategoryPlot.java:2669)
	at org.jfree.chart.plot.CategoryPlot.draw(CategoryPlot.java:2716)
	at org.jfree.chart.JFreeChart.draw(JFreeChart.java:1212)
	at org.jfree.chart.JFreeChart.createBufferedImage(JFreeChart.java:1386)
	at org.jfree.chart.JFreeChart.createBufferedImage(JFreeChart.java:1366)
	at org.jfree.chart.renderer.category.junit.LevelRendererTests.testDrawWithNullInfo(LevelRendererTests.java:203)
	at sun.reflect.NativeMethodAccessorImpl.invoke0(Native Method)
	at sun.reflect.NativeMethodAccessorImpl.invoke(NativeMethodAccessorImpl.java:39)
	at sun.reflect.DelegatingMethodAccessorImpl.invoke(DelegatingMethodAccessorImpl.java:25)
	at java.lang.reflect.Method.invoke(Method.java:597)
	at junit.framework.TestCase.runTest(TestCase.java:168)
	at junit.framework.TestCase.runBare(TestCase.java:134)
	at junit.framework.TestResult$1.protect(TestResult.java:110)
	at junit.framework.TestResult.runProtected(TestResult.java:128)
	at junit.framework.TestResult.run(TestResult.java:113)
	at junit.framework.TestCase.run(TestCase.java:124)
	at junit.framework.TestSuite.runTest(TestSuite.java:243)
	at junit.framework.TestSuite.run(TestSuite.java:238)
	at org.junit.internal.runners.JUnit38ClassRunner.run(JUnit38ClassRunner.java:101)
	at de.unisb.cs.st.javalanche.mutation.runtime.testDriver.junit.Junit4MutationTestDriver.runTest(Junit4MutationTestDriver.java:231)
	at de.unisb.cs.st.javalanche.mutation.runtime.testDriver.junit.Junit4MutationTestDriver.access$400(Junit4MutationTestDriver.java:59)
	at de.unisb.cs.st.javalanche.mutation.runtime.testDriver.junit.Junit4MutationTestDriver$1.run(Junit4MutationTestDriver.java:330)
	at java.util.concurrent.Executors$RunnableAdapter.call(Executors.java:441)
	at java.util.concurrent.FutureTask$Sync.innerRun(FutureTask.java:303)
	at java.util.concurrent.FutureTask.run(FutureTask.java:138)
	at java.lang.Thread.run(Thread.java:662)
java.lang.NullPointerException
	at org.jfree.chart.axis.NumberAxis.calculateVisibleTickCount(NumberAxis.java:623)
	at org.jfree.chart.axis.NumberAxis.refreshTicksHorizontal(NumberAxis.java:1179)
	at org.jfree.chart.axis.NumberAxis.refreshTicks(NumberAxis.java:1146)
	at org.jfree.chart.axis.ValueAxis.reserveSpace(ValueAxis.java:788)
	at org.jfree.chart.plot.XYPlot.calculateDomainAxisSpace(XYPlot.java:2568)
	at org.jfree.chart.plot.XYPlot.calculateAxisSpace(XYPlot.java:2525)
	at org.jfree.chart.plot.XYPlot.draw(XYPlot.java:2657)
	at org.jfree.chart.JFreeChart.draw(JFreeChart.java:1212)
	at org.jfree.chart.junit.XYStepAreaChartTests.testDrawWithNullInfo(XYStepAreaChartTests.java:110)
	at sun.reflect.NativeMethodAccessorImpl.invoke0(Native Method)
	at sun.reflect.NativeMethodAccessorImpl.invoke(NativeMethodAccessorImpl.java:39)
	at sun.reflect.DelegatingMethodAccessorImpl.invoke(DelegatingMethodAccessorImpl.java:25)
	at java.lang.reflect.Method.invoke(Method.java:597)
	at junit.framework.TestCase.runTest(TestCase.java:168)
	at junit.framework.TestCase.runBare(TestCase.java:134)
	at junit.framework.TestResult$1.protect(TestResult.java:110)
	at junit.framework.TestResult.runProtected(TestResult.java:128)
	at junit.framework.TestResult.run(TestResult.java:113)
	at junit.framework.TestCase.run(TestCase.java:124)
	at junit.framework.TestSuite.runTest(TestSuite.java:243)
	at junit.framework.TestSuite.run(TestSuite.java:238)
	at org.junit.internal.runners.JUnit38ClassRunner.run(JUnit38ClassRunner.java:101)
	at de.unisb.cs.st.javalanche.mutation.runtime.testDriver.junit.Junit4MutationTestDriver.runTest(Junit4MutationTestDriver.java:231)
	at de.unisb.cs.st.javalanche.mutation.runtime.testDriver.junit.Junit4MutationTestDriver.access$400(Junit4MutationTestDriver.java:59)
	at de.unisb.cs.st.javalanche.mutation.runtime.testDriver.junit.Junit4MutationTestDriver$1.run(Junit4MutationTestDriver.java:330)
	at java.util.concurrent.Executors$RunnableAdapter.call(Executors.java:441)
	at java.util.concurrent.FutureTask$Sync.innerRun(FutureTask.java:303)
	at java.util.concurrent.FutureTask.run(FutureTask.java:138)
	at java.lang.Thread.run(Thread.java:662)
java.lang.NullPointerException
	at org.jfree.chart.axis.NumberAxis.calculateVisibleTickCount(NumberAxis.java:623)
	at org.jfree.chart.axis.NumberAxis.refreshTicksVertical(NumberAxis.java:1253)
	at org.jfree.chart.axis.NumberAxis.refreshTicks(NumberAxis.java:1149)
	at org.jfree.chart.axis.ValueAxis.reserveSpace(ValueAxis.java:788)
	at org.jfree.chart.plot.CategoryPlot.calculateRangeAxisSpace(CategoryPlot.java:2650)
	at org.jfree.chart.plot.CategoryPlot.calculateAxisSpace(CategoryPlot.java:2669)
	at org.jfree.chart.plot.CategoryPlot.draw(CategoryPlot.java:2716)
	at org.jfree.chart.JFreeChart.draw(JFreeChart.java:1212)
	at org.jfree.chart.JFreeChart.createBufferedImage(JFreeChart.java:1386)
	at org.jfree.chart.JFreeChart.createBufferedImage(JFreeChart.java:1366)
	at org.jfree.chart.renderer.category.junit.IntervalBarRendererTests.testDrawWithNullInfo(IntervalBarRendererTests.java:166)
	at sun.reflect.NativeMethodAccessorImpl.invoke0(Native Method)
	at sun.reflect.NativeMethodAccessorImpl.invoke(NativeMethodAccessorImpl.java:39)
	at sun.reflect.DelegatingMethodAccessorImpl.invoke(DelegatingMethodAccessorImpl.java:25)
	at java.lang.reflect.Method.invoke(Method.java:597)
	at junit.framework.TestCase.runTest(TestCase.java:168)
	at junit.framework.TestCase.runBare(TestCase.java:134)
	at junit.framework.TestResult$1.protect(TestResult.java:110)
	at junit.framework.TestResult.runProtected(TestResult.java:128)
	at junit.framework.TestResult.run(TestResult.java:113)
	at junit.framework.TestCase.run(TestCase.java:124)
	at junit.framework.TestSuite.runTest(TestSuite.java:243)
	at junit.framework.TestSuite.run(TestSuite.java:238)
	at org.junit.internal.runners.JUnit38ClassRunner.run(JUnit38ClassRunner.java:101)
	at de.unisb.cs.st.javalanche.mutation.runtime.testDriver.junit.Junit4MutationTestDriver.runTest(Junit4MutationTestDriver.java:231)
	at de.unisb.cs.st.javalanche.mutation.runtime.testDriver.junit.Junit4MutationTestDriver.access$400(Junit4MutationTestDriver.java:59)
	at de.unisb.cs.st.javalanche.mutation.runtime.testDriver.junit.Junit4MutationTestDriver$1.run(Junit4MutationTestDriver.java:330)
	at java.util.concurrent.Executors$RunnableAdapter.call(Executors.java:441)
	at java.util.concurrent.FutureTask$Sync.innerRun(FutureTask.java:303)
	at java.util.concurrent.FutureTask.run(FutureTask.java:138)
	at java.lang.Thread.run(Thread.java:662)
java.lang.NullPointerException
	at org.jfree.chart.axis.NumberAxis.calculateVisibleTickCount(NumberAxis.java:623)
	at org.jfree.chart.axis.NumberAxis.refreshTicksVertical(NumberAxis.java:1253)
	at org.jfree.chart.axis.NumberAxis.refreshTicks(NumberAxis.java:1149)
	at org.jfree.chart.axis.ValueAxis.reserveSpace(ValueAxis.java:788)
	at org.jfree.chart.plot.CategoryPlot.calculateRangeAxisSpace(CategoryPlot.java:2650)
	at org.jfree.chart.plot.CategoryPlot.calculateAxisSpace(CategoryPlot.java:2669)
	at org.jfree.chart.plot.CategoryPlot.draw(CategoryPlot.java:2716)
	at org.jfree.chart.JFreeChart.draw(JFreeChart.java:1212)
	at org.jfree.chart.JFreeChart.createBufferedImage(JFreeChart.java:1386)
	at org.jfree.chart.JFreeChart.createBufferedImage(JFreeChart.java:1366)
	at org.jfree.chart.renderer.category.junit.StatisticalBarRendererTests.testDrawWithNullInfo(StatisticalBarRendererTests.java:178)
	at sun.reflect.NativeMethodAccessorImpl.invoke0(Native Method)
	at sun.reflect.NativeMethodAccessorImpl.invoke(NativeMethodAccessorImpl.java:39)
	at sun.reflect.DelegatingMethodAccessorImpl.invoke(DelegatingMethodAccessorImpl.java:25)
	at java.lang.reflect.Method.invoke(Method.java:597)
	at junit.framework.TestCase.runTest(TestCase.java:168)
	at junit.framework.TestCase.runBare(TestCase.java:134)
	at junit.framework.TestResult$1.protect(TestResult.java:110)
	at junit.framework.TestResult.runProtected(TestResult.java:128)
	at junit.framework.TestResult.run(TestResult.java:113)
	at junit.framework.TestCase.run(TestCase.java:124)
	at junit.framework.TestSuite.runTest(TestSuite.java:243)
	at junit.framework.TestSuite.run(TestSuite.java:238)
	at org.junit.internal.runners.JUnit38ClassRunner.run(JUnit38ClassRunner.java:101)
	at de.unisb.cs.st.javalanche.mutation.runtime.testDriver.junit.Junit4MutationTestDriver.runTest(Junit4MutationTestDriver.java:231)
	at de.unisb.cs.st.javalanche.mutation.runtime.testDriver.junit.Junit4MutationTestDriver.access$400(Junit4MutationTestDriver.java:59)
	at de.unisb.cs.st.javalanche.mutation.runtime.testDriver.junit.Junit4MutationTestDriver$1.run(Junit4MutationTestDriver.java:330)
	at java.util.concurrent.Executors$RunnableAdapter.call(Executors.java:441)
	at java.util.concurrent.FutureTask$Sync.innerRun(FutureTask.java:303)
	at java.util.concurrent.FutureTask.run(FutureTask.java:138)
	at java.lang.Thread.run(Thread.java:662)
java.lang.NullPointerException
	at org.jfree.chart.axis.NumberAxis.calculateVisibleTickCount(NumberAxis.java:623)
	at org.jfree.chart.axis.NumberAxis.refreshTicksHorizontal(NumberAxis.java:1179)
	at org.jfree.chart.axis.NumberAxis.refreshTicks(NumberAxis.java:1146)
	at org.jfree.chart.axis.ValueAxis.reserveSpace(ValueAxis.java:788)
	at org.jfree.chart.plot.XYPlot.calculateDomainAxisSpace(XYPlot.java:2568)
	at org.jfree.chart.plot.XYPlot.calculateAxisSpace(XYPlot.java:2525)
	at org.jfree.chart.plot.XYPlot.draw(XYPlot.java:2657)
	at org.jfree.chart.JFreeChart.draw(JFreeChart.java:1212)
	at org.jfree.chart.junit.XYAreaChartTests.testDrawWithNullInfo(XYAreaChartTests.java:110)
	at sun.reflect.NativeMethodAccessorImpl.invoke0(Native Method)
	at sun.reflect.NativeMethodAccessorImpl.invoke(NativeMethodAccessorImpl.java:39)
	at sun.reflect.DelegatingMethodAccessorImpl.invoke(DelegatingMethodAccessorImpl.java:25)
	at java.lang.reflect.Method.invoke(Method.java:597)
	at junit.framework.TestCase.runTest(TestCase.java:168)
	at junit.framework.TestCase.runBare(TestCase.java:134)
	at junit.framework.TestResult$1.protect(TestResult.java:110)
	at junit.framework.TestResult.runProtected(TestResult.java:128)
	at junit.framework.TestResult.run(TestResult.java:113)
	at junit.framework.TestCase.run(TestCase.java:124)
	at junit.framework.TestSuite.runTest(TestSuite.java:243)
	at junit.framework.TestSuite.run(TestSuite.java:238)
	at org.junit.internal.runners.JUnit38ClassRunner.run(JUnit38ClassRunner.java:101)
	at de.unisb.cs.st.javalanche.mutation.runtime.testDriver.junit.Junit4MutationTestDriver.runTest(Junit4MutationTestDriver.java:231)
	at de.unisb.cs.st.javalanche.mutation.runtime.testDriver.junit.Junit4MutationTestDriver.access$400(Junit4MutationTestDriver.java:59)
	at de.unisb.cs.st.javalanche.mutation.runtime.testDriver.junit.Junit4MutationTestDriver$1.run(Junit4MutationTestDriver.java:330)
	at java.util.concurrent.Executors$RunnableAdapter.call(Executors.java:441)
	at java.util.concurrent.FutureTask$Sync.innerRun(FutureTask.java:303)
	at java.util.concurrent.FutureTask.run(FutureTask.java:138)
	at java.lang.Thread.run(Thread.java:662)
java.lang.NullPointerException
	at org.jfree.chart.axis.NumberAxis.calculateVisibleTickCount(NumberAxis.java:623)
	at org.jfree.chart.axis.NumberAxis.refreshTicksHorizontal(NumberAxis.java:1179)
	at org.jfree.chart.axis.NumberAxis.refreshTicks(NumberAxis.java:1146)
	at org.jfree.chart.axis.ValueAxis.reserveSpace(ValueAxis.java:788)
	at org.jfree.chart.plot.XYPlot.calculateDomainAxisSpace(XYPlot.java:2568)
	at org.jfree.chart.plot.XYPlot.calculateAxisSpace(XYPlot.java:2525)
	at org.jfree.chart.plot.XYPlot.draw(XYPlot.java:2657)
	at org.jfree.chart.JFreeChart.draw(JFreeChart.java:1212)
	at org.jfree.chart.junit.XYBarChartTests.testDrawWithNullInfo(XYBarChartTests.java:112)
	at sun.reflect.NativeMethodAccessorImpl.invoke0(Native Method)
	at sun.reflect.NativeMethodAccessorImpl.invoke(NativeMethodAccessorImpl.java:39)
	at sun.reflect.DelegatingMethodAccessorImpl.invoke(DelegatingMethodAccessorImpl.java:25)
	at java.lang.reflect.Method.invoke(Method.java:597)
	at junit.framework.TestCase.runTest(TestCase.java:168)
	at junit.framework.TestCase.runBare(TestCase.java:134)
	at junit.framework.TestResult$1.protect(TestResult.java:110)
	at junit.framework.TestResult.runProtected(TestResult.java:128)
	at junit.framework.TestResult.run(TestResult.java:113)
	at junit.framework.TestCase.run(TestCase.java:124)
	at junit.framework.TestSuite.runTest(TestSuite.java:243)
	at junit.framework.TestSuite.run(TestSuite.java:238)
	at org.junit.internal.runners.JUnit38ClassRunner.run(JUnit38ClassRunner.java:101)
	at de.unisb.cs.st.javalanche.mutation.runtime.testDriver.junit.Junit4MutationTestDriver.runTest(Junit4MutationTestDriver.java:231)
	at de.unisb.cs.st.javalanche.mutation.runtime.testDriver.junit.Junit4MutationTestDriver.access$400(Junit4MutationTestDriver.java:59)
	at de.unisb.cs.st.javalanche.mutation.runtime.testDriver.junit.Junit4MutationTestDriver$1.run(Junit4MutationTestDriver.java:330)
	at java.util.concurrent.Executors$RunnableAdapter.call(Executors.java:441)
	at java.util.concurrent.FutureTask$Sync.innerRun(FutureTask.java:303)
	at java.util.concurrent.FutureTask.run(FutureTask.java:138)
	at java.lang.Thread.run(Thread.java:662)
java.lang.NullPointerException
	at org.jfree.chart.axis.NumberAxis.calculateVisibleTickCount(NumberAxis.java:623)
	at org.jfree.chart.axis.NumberAxis.refreshTicksHorizontal(NumberAxis.java:1179)
	at org.jfree.chart.axis.NumberAxis.refreshTicks(NumberAxis.java:1146)
	at org.jfree.chart.axis.ValueAxis.reserveSpace(ValueAxis.java:788)
	at org.jfree.chart.plot.XYPlot.calculateDomainAxisSpace(XYPlot.java:2568)
	at org.jfree.chart.plot.XYPlot.calculateAxisSpace(XYPlot.java:2525)
	at org.jfree.chart.plot.XYPlot.draw(XYPlot.java:2657)
	at org.jfree.chart.JFreeChart.draw(JFreeChart.java:1212)
	at org.jfree.chart.JFreeChart.createBufferedImage(JFreeChart.java:1386)
	at org.jfree.chart.JFreeChart.createBufferedImage(JFreeChart.java:1366)
	at org.jfree.chart.renderer.xy.junit.XYStepAreaRendererTests.testDrawWithNullInfo(XYStepAreaRendererTests.java:201)
	at sun.reflect.NativeMethodAccessorImpl.invoke0(Native Method)
	at sun.reflect.NativeMethodAccessorImpl.invoke(NativeMethodAccessorImpl.java:39)
	at sun.reflect.DelegatingMethodAccessorImpl.invoke(DelegatingMethodAccessorImpl.java:25)
	at java.lang.reflect.Method.invoke(Method.java:597)
	at junit.framework.TestCase.runTest(TestCase.java:168)
	at junit.framework.TestCase.runBare(TestCase.java:134)
	at junit.framework.TestResult$1.protect(TestResult.java:110)
	at junit.framework.TestResult.runProtected(TestResult.java:128)
	at junit.framework.TestResult.run(TestResult.java:113)
	at junit.framework.TestCase.run(TestCase.java:124)
	at junit.framework.TestSuite.runTest(TestSuite.java:243)
	at junit.framework.TestSuite.run(TestSuite.java:238)
	at org.junit.internal.runners.JUnit38ClassRunner.run(JUnit38ClassRunner.java:101)
	at de.unisb.cs.st.javalanche.mutation.runtime.testDriver.junit.Junit4MutationTestDriver.runTest(Junit4MutationTestDriver.java:231)
	at de.unisb.cs.st.javalanche.mutation.runtime.testDriver.junit.Junit4MutationTestDriver.access$400(Junit4MutationTestDriver.java:59)
	at de.unisb.cs.st.javalanche.mutation.runtime.testDriver.junit.Junit4MutationTestDriver$1.run(Junit4MutationTestDriver.java:330)
	at java.util.concurrent.Executors$RunnableAdapter.call(Executors.java:441)
	at java.util.concurrent.FutureTask$Sync.innerRun(FutureTask.java:303)
	at java.util.concurrent.FutureTask.run(FutureTask.java:138)
	at java.lang.Thread.run(Thread.java:662)
java.lang.NullPointerException
	at org.jfree.chart.axis.NumberAxis.calculateVisibleTickCount(NumberAxis.java:623)
	at org.jfree.chart.axis.NumberAxis.refreshTicksVertical(NumberAxis.java:1253)
	at org.jfree.chart.axis.NumberAxis.refreshTicks(NumberAxis.java:1149)
	at org.jfree.chart.axis.ValueAxis.reserveSpace(ValueAxis.java:788)
	at org.jfree.chart.plot.CategoryPlot.calculateRangeAxisSpace(CategoryPlot.java:2650)
	at org.jfree.chart.plot.CategoryPlot.calculateAxisSpace(CategoryPlot.java:2669)
	at org.jfree.chart.plot.CategoryPlot.draw(CategoryPlot.java:2716)
	at org.jfree.chart.JFreeChart.draw(JFreeChart.java:1212)
	at org.jfree.chart.plot.junit.CategoryPlotTests.test1654215(CategoryPlotTests.java:702)
	at sun.reflect.NativeMethodAccessorImpl.invoke0(Native Method)
	at sun.reflect.NativeMethodAccessorImpl.invoke(NativeMethodAccessorImpl.java:39)
	at sun.reflect.DelegatingMethodAccessorImpl.invoke(DelegatingMethodAccessorImpl.java:25)
	at java.lang.reflect.Method.invoke(Method.java:597)
	at junit.framework.TestCase.runTest(TestCase.java:168)
	at junit.framework.TestCase.runBare(TestCase.java:134)
	at junit.framework.TestResult$1.protect(TestResult.java:110)
	at junit.framework.TestResult.runProtected(TestResult.java:128)
	at junit.framework.TestResult.run(TestResult.java:113)
	at junit.framework.TestCase.run(TestCase.java:124)
	at junit.framework.TestSuite.runTest(TestSuite.java:243)
	at junit.framework.TestSuite.run(TestSuite.java:238)
	at org.junit.internal.runners.JUnit38ClassRunner.run(JUnit38ClassRunner.java:101)
	at de.unisb.cs.st.javalanche.mutation.runtime.testDriver.junit.Junit4MutationTestDriver.runTest(Junit4MutationTestDriver.java:231)
	at de.unisb.cs.st.javalanche.mutation.runtime.testDriver.junit.Junit4MutationTestDriver.access$400(Junit4MutationTestDriver.java:59)
	at de.unisb.cs.st.javalanche.mutation.runtime.testDriver.junit.Junit4MutationTestDriver$1.run(Junit4MutationTestDriver.java:330)
	at java.util.concurrent.Executors$RunnableAdapter.call(Executors.java:441)
	at java.util.concurrent.FutureTask$Sync.innerRun(FutureTask.java:303)
	at java.util.concurrent.FutureTask.run(FutureTask.java:138)
	at java.lang.Thread.run(Thread.java:662)
java.lang.NullPointerException
	at org.jfree.chart.axis.NumberAxis.calculateVisibleTickCount(NumberAxis.java:623)
	at org.jfree.chart.axis.NumberAxis.refreshTicksVertical(NumberAxis.java:1253)
	at org.jfree.chart.axis.NumberAxis.refreshTicks(NumberAxis.java:1149)
	at org.jfree.chart.axis.ValueAxis.reserveSpace(ValueAxis.java:788)
	at org.jfree.chart.plot.XYPlot.calculateRangeAxisSpace(XYPlot.java:2615)
	at org.jfree.chart.plot.XYPlot.calculateAxisSpace(XYPlot.java:2526)
	at org.jfree.chart.plot.XYPlot.draw(XYPlot.java:2657)
	at org.jfree.chart.JFreeChart.draw(JFreeChart.java:1212)
	at org.jfree.chart.junit.XYStepChartTests.testDrawWithNullInfo(XYStepChartTests.java:110)
	at sun.reflect.NativeMethodAccessorImpl.invoke0(Native Method)
	at sun.reflect.NativeMethodAccessorImpl.invoke(NativeMethodAccessorImpl.java:39)
	at sun.reflect.DelegatingMethodAccessorImpl.invoke(DelegatingMethodAccessorImpl.java:25)
	at java.lang.reflect.Method.invoke(Method.java:597)
	at junit.framework.TestCase.runTest(TestCase.java:168)
	at junit.framework.TestCase.runBare(TestCase.java:134)
	at junit.framework.TestResult$1.protect(TestResult.java:110)
	at junit.framework.TestResult.runProtected(TestResult.java:128)
	at junit.framework.TestResult.run(TestResult.java:113)
	at junit.framework.TestCase.run(TestCase.java:124)
	at junit.framework.TestSuite.runTest(TestSuite.java:243)
	at junit.framework.TestSuite.run(TestSuite.java:238)
	at org.junit.internal.runners.JUnit38ClassRunner.run(JUnit38ClassRunner.java:101)
	at de.unisb.cs.st.javalanche.mutation.runtime.testDriver.junit.Junit4MutationTestDriver.runTest(Junit4MutationTestDriver.java:231)
	at de.unisb.cs.st.javalanche.mutation.runtime.testDriver.junit.Junit4MutationTestDriver.access$400(Junit4MutationTestDriver.java:59)
	at de.unisb.cs.st.javalanche.mutation.runtime.testDriver.junit.Junit4MutationTestDriver$1.run(Junit4MutationTestDriver.java:330)
	at java.util.concurrent.Executors$RunnableAdapter.call(Executors.java:441)
	at java.util.concurrent.FutureTask$Sync.innerRun(FutureTask.java:303)
	at java.util.concurrent.FutureTask.run(FutureTask.java:138)
	at java.lang.Thread.run(Thread.java:662)
java.lang.NullPointerException
	at org.jfree.chart.axis.NumberAxis.calculateVisibleTickCount(NumberAxis.java:623)
	at org.jfree.chart.axis.NumberAxis.refreshTicksHorizontal(NumberAxis.java:1179)
	at org.jfree.chart.axis.NumberAxis.refreshTicks(NumberAxis.java:1146)
	at org.jfree.chart.axis.ValueAxis.reserveSpace(ValueAxis.java:788)
	at org.jfree.chart.plot.XYPlot.calculateDomainAxisSpace(XYPlot.java:2568)
	at org.jfree.chart.plot.XYPlot.calculateAxisSpace(XYPlot.java:2525)
	at org.jfree.chart.plot.XYPlot.draw(XYPlot.java:2657)
	at org.jfree.chart.JFreeChart.draw(JFreeChart.java:1212)
	at org.jfree.chart.JFreeChart.createBufferedImage(JFreeChart.java:1386)
	at org.jfree.chart.JFreeChart.createBufferedImage(JFreeChart.java:1366)
	at org.jfree.chart.renderer.xy.junit.XYStepRendererTests.testDrawWithNullInfo(XYStepRendererTests.java:175)
	at sun.reflect.NativeMethodAccessorImpl.invoke0(Native Method)
	at sun.reflect.NativeMethodAccessorImpl.invoke(NativeMethodAccessorImpl.java:39)
	at sun.reflect.DelegatingMethodAccessorImpl.invoke(DelegatingMethodAccessorImpl.java:25)
	at java.lang.reflect.Method.invoke(Method.java:597)
	at junit.framework.TestCase.runTest(TestCase.java:168)
	at junit.framework.TestCase.runBare(TestCase.java:134)
	at junit.framework.TestResult$1.protect(TestResult.java:110)
	at junit.framework.TestResult.runProtected(TestResult.java:128)
	at junit.framework.TestResult.run(TestResult.java:113)
	at junit.framework.TestCase.run(TestCase.java:124)
	at junit.framework.TestSuite.runTest(TestSuite.java:243)
	at junit.framework.TestSuite.run(TestSuite.java:238)
	at org.junit.internal.runners.JUnit38ClassRunner.run(JUnit38ClassRunner.java:101)
	at de.unisb.cs.st.javalanche.mutation.runtime.testDriver.junit.Junit4MutationTestDriver.runTest(Junit4MutationTestDriver.java:231)
	at de.unisb.cs.st.javalanche.mutation.runtime.testDriver.junit.Junit4MutationTestDriver.access$400(Junit4MutationTestDriver.java:59)
	at de.unisb.cs.st.javalanche.mutation.runtime.testDriver.junit.Junit4MutationTestDriver$1.run(Junit4MutationTestDriver.java:330)
	at java.util.concurrent.Executors$RunnableAdapter.call(Executors.java:441)
	at java.util.concurrent.FutureTask$Sync.innerRun(FutureTask.java:303)
	at java.util.concurrent.FutureTask.run(FutureTask.java:138)
	at java.lang.Thread.run(Thread.java:662)
java.lang.NullPointerException
	at org.jfree.chart.axis.NumberAxis.calculateVisibleTickCount(NumberAxis.java:623)
	at org.jfree.chart.axis.NumberAxis.refreshTicksVertical(NumberAxis.java:1253)
	at org.jfree.chart.axis.NumberAxis.refreshTicks(NumberAxis.java:1149)
	at org.jfree.chart.axis.ValueAxis.reserveSpace(ValueAxis.java:788)
	at org.jfree.chart.plot.CategoryPlot.calculateRangeAxisSpace(CategoryPlot.java:2650)
	at org.jfree.chart.plot.CategoryPlot.calculateAxisSpace(CategoryPlot.java:2669)
	at org.jfree.chart.plot.CategoryPlot.draw(CategoryPlot.java:2716)
	at org.jfree.chart.JFreeChart.draw(JFreeChart.java:1212)
	at org.jfree.chart.JFreeChart.createBufferedImage(JFreeChart.java:1386)
	at org.jfree.chart.JFreeChart.createBufferedImage(JFreeChart.java:1366)
	at org.jfree.chart.renderer.category.junit.GroupedStackedBarRendererTests.testDrawWithNullInfo(GroupedStackedBarRendererTests.java:166)
	at sun.reflect.NativeMethodAccessorImpl.invoke0(Native Method)
	at sun.reflect.NativeMethodAccessorImpl.invoke(NativeMethodAccessorImpl.java:39)
	at sun.reflect.DelegatingMethodAccessorImpl.invoke(DelegatingMethodAccessorImpl.java:25)
	at java.lang.reflect.Method.invoke(Method.java:597)
	at junit.framework.TestCase.runTest(TestCase.java:168)
	at junit.framework.TestCase.runBare(TestCase.java:134)
	at junit.framework.TestResult$1.protect(TestResult.java:110)
	at junit.framework.TestResult.runProtected(TestResult.java:128)
	at junit.framework.TestResult.run(TestResult.java:113)
	at junit.framework.TestCase.run(TestCase.java:124)
	at junit.framework.TestSuite.runTest(TestSuite.java:243)
	at junit.framework.TestSuite.run(TestSuite.java:238)
	at org.junit.internal.runners.JUnit38ClassRunner.run(JUnit38ClassRunner.java:101)
	at de.unisb.cs.st.javalanche.mutation.runtime.testDriver.junit.Junit4MutationTestDriver.runTest(Junit4MutationTestDriver.java:231)
	at de.unisb.cs.st.javalanche.mutation.runtime.testDriver.junit.Junit4MutationTestDriver.access$400(Junit4MutationTestDriver.java:59)
	at de.unisb.cs.st.javalanche.mutation.runtime.testDriver.junit.Junit4MutationTestDriver$1.run(Junit4MutationTestDriver.java:330)
	at java.util.concurrent.Executors$RunnableAdapter.call(Executors.java:441)
	at java.util.concurrent.FutureTask$Sync.innerRun(FutureTask.java:303)
	at java.util.concurrent.FutureTask.run(FutureTask.java:138)
	at java.lang.Thread.run(Thread.java:662)
java.lang.NullPointerException
	at org.jfree.chart.axis.NumberAxis.calculateVisibleTickCount(NumberAxis.java:623)
	at org.jfree.chart.axis.NumberAxis.refreshTicksVertical(NumberAxis.java:1253)
	at org.jfree.chart.axis.NumberAxis.refreshTicks(NumberAxis.java:1149)
	at org.jfree.chart.axis.ValueAxis.reserveSpace(ValueAxis.java:788)
	at org.jfree.chart.plot.CategoryPlot.calculateRangeAxisSpace(CategoryPlot.java:2650)
	at org.jfree.chart.plot.CategoryPlot.calculateAxisSpace(CategoryPlot.java:2669)
	at org.jfree.chart.plot.CategoryPlot.draw(CategoryPlot.java:2716)
	at org.jfree.chart.JFreeChart.draw(JFreeChart.java:1212)
	at org.jfree.chart.JFreeChart.createBufferedImage(JFreeChart.java:1386)
	at org.jfree.chart.JFreeChart.createBufferedImage(JFreeChart.java:1366)
	at org.jfree.chart.JFreeChart.createBufferedImage(JFreeChart.java:1351)
	at org.jfree.chart.plot.junit.CategoryPlotTests.testSerialization3(CategoryPlotTests.java:513)
	at sun.reflect.NativeMethodAccessorImpl.invoke0(Native Method)
	at sun.reflect.NativeMethodAccessorImpl.invoke(NativeMethodAccessorImpl.java:39)
	at sun.reflect.DelegatingMethodAccessorImpl.invoke(DelegatingMethodAccessorImpl.java:25)
	at java.lang.reflect.Method.invoke(Method.java:597)
	at junit.framework.TestCase.runTest(TestCase.java:168)
	at junit.framework.TestCase.runBare(TestCase.java:134)
	at junit.framework.TestResult$1.protect(TestResult.java:110)
	at junit.framework.TestResult.runProtected(TestResult.java:128)
	at junit.framework.TestResult.run(TestResult.java:113)
	at junit.framework.TestCase.run(TestCase.java:124)
	at junit.framework.TestSuite.runTest(TestSuite.java:243)
	at junit.framework.TestSuite.run(TestSuite.java:238)
	at org.junit.internal.runners.JUnit38ClassRunner.run(JUnit38ClassRunner.java:101)
	at de.unisb.cs.st.javalanche.mutation.runtime.testDriver.junit.Junit4MutationTestDriver.runTest(Junit4MutationTestDriver.java:231)
	at de.unisb.cs.st.javalanche.mutation.runtime.testDriver.junit.Junit4MutationTestDriver.access$400(Junit4MutationTestDriver.java:59)
	at de.unisb.cs.st.javalanche.mutation.runtime.testDriver.junit.Junit4MutationTestDriver$1.run(Junit4MutationTestDriver.java:330)
	at java.util.concurrent.Executors$RunnableAdapter.call(Executors.java:441)
	at java.util.concurrent.FutureTask$Sync.innerRun(FutureTask.java:303)
	at java.util.concurrent.FutureTask.run(FutureTask.java:138)
	at java.lang.Thread.run(Thread.java:662)
java.lang.NullPointerException
	at org.jfree.chart.axis.NumberAxis.calculateVisibleTickCount(NumberAxis.java:623)
	at org.jfree.chart.axis.NumberAxis.refreshTicksVertical(NumberAxis.java:1253)
	at org.jfree.chart.axis.NumberAxis.refreshTicks(NumberAxis.java:1149)
	at org.jfree.chart.axis.ValueAxis.reserveSpace(ValueAxis.java:788)
	at org.jfree.chart.plot.CategoryPlot.calculateRangeAxisSpace(CategoryPlot.java:2650)
	at org.jfree.chart.plot.CategoryPlot.calculateAxisSpace(CategoryPlot.java:2669)
	at org.jfree.chart.plot.CategoryPlot.draw(CategoryPlot.java:2716)
	at org.jfree.chart.JFreeChart.draw(JFreeChart.java:1212)
	at org.jfree.chart.JFreeChart.createBufferedImage(JFreeChart.java:1386)
	at org.jfree.chart.JFreeChart.createBufferedImage(JFreeChart.java:1366)
	at org.jfree.chart.JFreeChart.createBufferedImage(JFreeChart.java:1351)
	at org.jfree.chart.plot.junit.CategoryPlotTests.testSerialization4(CategoryPlotTests.java:562)
	at sun.reflect.NativeMethodAccessorImpl.invoke0(Native Method)
	at sun.reflect.NativeMethodAccessorImpl.invoke(NativeMethodAccessorImpl.java:39)
	at sun.reflect.DelegatingMethodAccessorImpl.invoke(DelegatingMethodAccessorImpl.java:25)
	at java.lang.reflect.Method.invoke(Method.java:597)
	at junit.framework.TestCase.runTest(TestCase.java:168)
	at junit.framework.TestCase.runBare(TestCase.java:134)
	at junit.framework.TestResult$1.protect(TestResult.java:110)
	at junit.framework.TestResult.runProtected(TestResult.java:128)
	at junit.framework.TestResult.run(TestResult.java:113)
	at junit.framework.TestCase.run(TestCase.java:124)
	at junit.framework.TestSuite.runTest(TestSuite.java:243)
	at junit.framework.TestSuite.run(TestSuite.java:238)
	at org.junit.internal.runners.JUnit38ClassRunner.run(JUnit38ClassRunner.java:101)
	at de.unisb.cs.st.javalanche.mutation.runtime.testDriver.junit.Junit4MutationTestDriver.runTest(Junit4MutationTestDriver.java:231)
	at de.unisb.cs.st.javalanche.mutation.runtime.testDriver.junit.Junit4MutationTestDriver.access$400(Junit4MutationTestDriver.java:59)
	at de.unisb.cs.st.javalanche.mutation.runtime.testDriver.junit.Junit4MutationTestDriver$1.run(Junit4MutationTestDriver.java:330)
	at java.util.concurrent.Executors$RunnableAdapter.call(Executors.java:441)
	at java.util.concurrent.FutureTask$Sync.innerRun(FutureTask.java:303)
	at java.util.concurrent.FutureTask.run(FutureTask.java:138)
	at java.lang.Thread.run(Thread.java:662)
java.lang.NullPointerException
	at org.jfree.chart.axis.NumberAxis.calculateVisibleTickCount(NumberAxis.java:623)
	at org.jfree.chart.axis.NumberAxis.refreshTicksHorizontal(NumberAxis.java:1179)
	at org.jfree.chart.axis.NumberAxis.refreshTicks(NumberAxis.java:1146)
	at org.jfree.chart.axis.ValueAxis.reserveSpace(ValueAxis.java:788)
	at org.jfree.chart.plot.XYPlot.calculateDomainAxisSpace(XYPlot.java:2568)
	at org.jfree.chart.plot.XYPlot.calculateAxisSpace(XYPlot.java:2525)
	at org.jfree.chart.plot.XYPlot.draw(XYPlot.java:2657)
	at org.jfree.chart.JFreeChart.draw(JFreeChart.java:1212)
	at org.jfree.chart.junit.ScatterPlotTests.testDrawWithNullInfo(ScatterPlotTests.java:113)
	at sun.reflect.NativeMethodAccessorImpl.invoke0(Native Method)
	at sun.reflect.NativeMethodAccessorImpl.invoke(NativeMethodAccessorImpl.java:39)
	at sun.reflect.DelegatingMethodAccessorImpl.invoke(DelegatingMethodAccessorImpl.java:25)
	at java.lang.reflect.Method.invoke(Method.java:597)
	at junit.framework.TestCase.runTest(TestCase.java:168)
	at junit.framework.TestCase.runBare(TestCase.java:134)
	at junit.framework.TestResult$1.protect(TestResult.java:110)
	at junit.framework.TestResult.runProtected(TestResult.java:128)
	at junit.framework.TestResult.run(TestResult.java:113)
	at junit.framework.TestCase.run(TestCase.java:124)
	at junit.framework.TestSuite.runTest(TestSuite.java:243)
	at junit.framework.TestSuite.run(TestSuite.java:238)
	at org.junit.internal.runners.JUnit38ClassRunner.run(JUnit38ClassRunner.java:101)
	at de.unisb.cs.st.javalanche.mutation.runtime.testDriver.junit.Junit4MutationTestDriver.runTest(Junit4MutationTestDriver.java:231)
	at de.unisb.cs.st.javalanche.mutation.runtime.testDriver.junit.Junit4MutationTestDriver.access$400(Junit4MutationTestDriver.java:59)
	at de.unisb.cs.st.javalanche.mutation.runtime.testDriver.junit.Junit4MutationTestDriver$1.run(Junit4MutationTestDriver.java:330)
	at java.util.concurrent.Executors$RunnableAdapter.call(Executors.java:441)
	at java.util.concurrent.FutureTask$Sync.innerRun(FutureTask.java:303)
	at java.util.concurrent.FutureTask.run(FutureTask.java:138)
	at java.lang.Thread.run(Thread.java:662)
java.lang.NullPointerException
	at org.jfree.chart.axis.NumberAxis.calculateVisibleTickCount(NumberAxis.java:623)
	at org.jfree.chart.axis.NumberAxis.refreshTicksVertical(NumberAxis.java:1253)
	at org.jfree.chart.axis.NumberAxis.refreshTicks(NumberAxis.java:1149)
	at org.jfree.chart.axis.ValueAxis.reserveSpace(ValueAxis.java:788)
	at org.jfree.chart.plot.CategoryPlot.calculateRangeAxisSpace(CategoryPlot.java:2650)
	at org.jfree.chart.plot.CategoryPlot.calculateAxisSpace(CategoryPlot.java:2669)
	at org.jfree.chart.plot.CategoryPlot.draw(CategoryPlot.java:2716)
	at org.jfree.chart.JFreeChart.draw(JFreeChart.java:1212)
	at org.jfree.chart.JFreeChart.createBufferedImage(JFreeChart.java:1386)
	at org.jfree.chart.JFreeChart.createBufferedImage(JFreeChart.java:1366)
	at org.jfree.chart.renderer.category.junit.StatisticalBarRendererTests.testDrawWithNullDeviationVertical(StatisticalBarRendererTests.java:260)
	at sun.reflect.NativeMethodAccessorImpl.invoke0(Native Method)
	at sun.reflect.NativeMethodAccessorImpl.invoke(NativeMethodAccessorImpl.java:39)
	at sun.reflect.DelegatingMethodAccessorImpl.invoke(DelegatingMethodAccessorImpl.java:25)
	at java.lang.reflect.Method.invoke(Method.java:597)
	at junit.framework.TestCase.runTest(TestCase.java:168)
	at junit.framework.TestCase.runBare(TestCase.java:134)
	at junit.framework.TestResult$1.protect(TestResult.java:110)
	at junit.framework.TestResult.runProtected(TestResult.java:128)
	at junit.framework.TestResult.run(TestResult.java:113)
	at junit.framework.TestCase.run(TestCase.java:124)
	at junit.framework.TestSuite.runTest(TestSuite.java:243)
	at junit.framework.TestSuite.run(TestSuite.java:238)
	at org.junit.internal.runners.JUnit38ClassRunner.run(JUnit38ClassRunner.java:101)
	at de.unisb.cs.st.javalanche.mutation.runtime.testDriver.junit.Junit4MutationTestDriver.runTest(Junit4MutationTestDriver.java:231)
	at de.unisb.cs.st.javalanche.mutation.runtime.testDriver.junit.Junit4MutationTestDriver.access$400(Junit4MutationTestDriver.java:59)
	at de.unisb.cs.st.javalanche.mutation.runtime.testDriver.junit.Junit4MutationTestDriver$1.run(Junit4MutationTestDriver.java:330)
	at java.util.concurrent.Executors$RunnableAdapter.call(Executors.java:441)
	at java.util.concurrent.FutureTask$Sync.innerRun(FutureTask.java:303)
	at java.util.concurrent.FutureTask.run(FutureTask.java:138)
	at java.lang.Thread.run(Thread.java:662)
java.lang.NullPointerException
	at org.jfree.chart.axis.NumberAxis.calculateVisibleTickCount(NumberAxis.java:623)
	at org.jfree.chart.axis.NumberAxis.refreshTicksHorizontal(NumberAxis.java:1179)
	at org.jfree.chart.axis.NumberAxis.refreshTicks(NumberAxis.java:1146)
	at org.jfree.chart.axis.ValueAxis.reserveSpace(ValueAxis.java:788)
	at org.jfree.chart.plot.XYPlot.calculateDomainAxisSpace(XYPlot.java:2568)
	at org.jfree.chart.plot.XYPlot.calculateAxisSpace(XYPlot.java:2525)
	at org.jfree.chart.plot.XYPlot.draw(XYPlot.java:2657)
	at org.jfree.chart.JFreeChart.draw(JFreeChart.java:1212)
	at org.jfree.chart.junit.XYLineChartTests.testDrawWithNullInfo(XYLineChartTests.java:110)
	at sun.reflect.NativeMethodAccessorImpl.invoke0(Native Method)
	at sun.reflect.NativeMethodAccessorImpl.invoke(NativeMethodAccessorImpl.java:39)
	at sun.reflect.DelegatingMethodAccessorImpl.invoke(DelegatingMethodAccessorImpl.java:25)
	at java.lang.reflect.Method.invoke(Method.java:597)
	at junit.framework.TestCase.runTest(TestCase.java:168)
	at junit.framework.TestCase.runBare(TestCase.java:134)
	at junit.framework.TestResult$1.protect(TestResult.java:110)
	at junit.framework.TestResult.runProtected(TestResult.java:128)
	at junit.framework.TestResult.run(TestResult.java:113)
	at junit.framework.TestCase.run(TestCase.java:124)
	at junit.framework.TestSuite.runTest(TestSuite.java:243)
	at junit.framework.TestSuite.run(TestSuite.java:238)
	at org.junit.internal.runners.JUnit38ClassRunner.run(JUnit38ClassRunner.java:101)
	at de.unisb.cs.st.javalanche.mutation.runtime.testDriver.junit.Junit4MutationTestDriver.runTest(Junit4MutationTestDriver.java:231)
	at de.unisb.cs.st.javalanche.mutation.runtime.testDriver.junit.Junit4MutationTestDriver.access$400(Junit4MutationTestDriver.java:59)
	at de.unisb.cs.st.javalanche.mutation.runtime.testDriver.junit.Junit4MutationTestDriver$1.run(Junit4MutationTestDriver.java:330)
	at java.util.concurrent.Executors$RunnableAdapter.call(Executors.java:441)
	at java.util.concurrent.FutureTask$Sync.innerRun(FutureTask.java:303)
	at java.util.concurrent.FutureTask.run(FutureTask.java:138)
	at java.lang.Thread.run(Thread.java:662)
java.lang.NullPointerException
	at org.jfree.chart.axis.NumberAxis.calculateVisibleTickCount(NumberAxis.java:623)
	at org.jfree.chart.axis.NumberAxis.refreshTicksVertical(NumberAxis.java:1253)
	at org.jfree.chart.axis.NumberAxis.refreshTicks(NumberAxis.java:1149)
	at org.jfree.chart.axis.ValueAxis.reserveSpace(ValueAxis.java:788)
	at org.jfree.chart.plot.CategoryPlot.calculateRangeAxisSpace(CategoryPlot.java:2650)
	at org.jfree.chart.plot.CategoryPlot.calculateAxisSpace(CategoryPlot.java:2669)
	at org.jfree.chart.plot.CategoryPlot.draw(CategoryPlot.java:2716)
	at org.jfree.chart.JFreeChart.draw(JFreeChart.java:1212)
	at org.jfree.chart.JFreeChart.createBufferedImage(JFreeChart.java:1386)
	at org.jfree.chart.JFreeChart.createBufferedImage(JFreeChart.java:1366)
	at org.jfree.chart.renderer.category.junit.StatisticalBarRendererTests.testDrawWithNullMeanVertical(StatisticalBarRendererTests.java:205)
	at sun.reflect.NativeMethodAccessorImpl.invoke0(Native Method)
	at sun.reflect.NativeMethodAccessorImpl.invoke(NativeMethodAccessorImpl.java:39)
	at sun.reflect.DelegatingMethodAccessorImpl.invoke(DelegatingMethodAccessorImpl.java:25)
	at java.lang.reflect.Method.invoke(Method.java:597)
	at junit.framework.TestCase.runTest(TestCase.java:168)
	at junit.framework.TestCase.runBare(TestCase.java:134)
	at junit.framework.TestResult$1.protect(TestResult.java:110)
	at junit.framework.TestResult.runProtected(TestResult.java:128)
	at junit.framework.TestResult.run(TestResult.java:113)
	at junit.framework.TestCase.run(TestCase.java:124)
	at junit.framework.TestSuite.runTest(TestSuite.java:243)
	at junit.framework.TestSuite.run(TestSuite.java:238)
	at org.junit.internal.runners.JUnit38ClassRunner.run(JUnit38ClassRunner.java:101)
	at de.unisb.cs.st.javalanche.mutation.runtime.testDriver.junit.Junit4MutationTestDriver.runTest(Junit4MutationTestDriver.java:231)
	at de.unisb.cs.st.javalanche.mutation.runtime.testDriver.junit.Junit4MutationTestDriver.access$400(Junit4MutationTestDriver.java:59)
	at de.unisb.cs.st.javalanche.mutation.runtime.testDriver.junit.Junit4MutationTestDriver$1.run(Junit4MutationTestDriver.java:330)
	at java.util.concurrent.Executors$RunnableAdapter.call(Executors.java:441)
	at java.util.concurrent.FutureTask$Sync.innerRun(FutureTask.java:303)
	at java.util.concurrent.FutureTask.run(FutureTask.java:138)
	at java.lang.Thread.run(Thread.java:662)
java.lang.NullPointerException
	at org.jfree.chart.axis.NumberAxis.calculateVisibleTickCount(NumberAxis.java:623)
	at org.jfree.chart.axis.NumberAxis.refreshTicksHorizontal(NumberAxis.java:1179)
	at org.jfree.chart.axis.NumberAxis.refreshTicks(NumberAxis.java:1146)
	at org.jfree.chart.axis.ValueAxis.reserveSpace(ValueAxis.java:788)
	at org.jfree.chart.plot.CategoryPlot.calculateRangeAxisSpace(CategoryPlot.java:2650)
	at org.jfree.chart.plot.CategoryPlot.calculateAxisSpace(CategoryPlot.java:2669)
	at org.jfree.chart.plot.CategoryPlot.draw(CategoryPlot.java:2716)
	at org.jfree.chart.JFreeChart.draw(JFreeChart.java:1212)
	at org.jfree.chart.JFreeChart.createBufferedImage(JFreeChart.java:1386)
	at org.jfree.chart.JFreeChart.createBufferedImage(JFreeChart.java:1366)
	at org.jfree.chart.renderer.category.junit.StatisticalBarRendererTests.testDrawWithNullDeviationHorizontal(StatisticalBarRendererTests.java:288)
	at sun.reflect.NativeMethodAccessorImpl.invoke0(Native Method)
	at sun.reflect.NativeMethodAccessorImpl.invoke(NativeMethodAccessorImpl.java:39)
	at sun.reflect.DelegatingMethodAccessorImpl.invoke(DelegatingMethodAccessorImpl.java:25)
	at java.lang.reflect.Method.invoke(Method.java:597)
	at junit.framework.TestCase.runTest(TestCase.java:168)
	at junit.framework.TestCase.runBare(TestCase.java:134)
	at junit.framework.TestResult$1.protect(TestResult.java:110)
	at junit.framework.TestResult.runProtected(TestResult.java:128)
	at junit.framework.TestResult.run(TestResult.java:113)
	at junit.framework.TestCase.run(TestCase.java:124)
	at junit.framework.TestSuite.runTest(TestSuite.java:243)
	at junit.framework.TestSuite.run(TestSuite.java:238)
	at org.junit.internal.runners.JUnit38ClassRunner.run(JUnit38ClassRunner.java:101)
	at de.unisb.cs.st.javalanche.mutation.runtime.testDriver.junit.Junit4MutationTestDriver.runTest(Junit4MutationTestDriver.java:231)
	at de.unisb.cs.st.javalanche.mutation.runtime.testDriver.junit.Junit4MutationTestDriver.access$400(Junit4MutationTestDriver.java:59)
	at de.unisb.cs.st.javalanche.mutation.runtime.testDriver.junit.Junit4MutationTestDriver$1.run(Junit4MutationTestDriver.java:330)
	at java.util.concurrent.Executors$RunnableAdapter.call(Executors.java:441)
	at java.util.concurrent.FutureTask$Sync.innerRun(FutureTask.java:303)
	at java.util.concurrent.FutureTask.run(FutureTask.java:138)
	at java.lang.Thread.run(Thread.java:662)
java.lang.NullPointerException
	at org.jfree.chart.axis.NumberAxis.calculateVisibleTickCount(NumberAxis.java:623)
	at org.jfree.chart.axis.NumberAxis.refreshTicksHorizontal(NumberAxis.java:1179)
	at org.jfree.chart.axis.NumberAxis.refreshTicks(NumberAxis.java:1146)
	at org.jfree.chart.axis.ValueAxis.reserveSpace(ValueAxis.java:788)
	at org.jfree.chart.plot.XYPlot.calculateDomainAxisSpace(XYPlot.java:2568)
	at org.jfree.chart.plot.XYPlot.calculateAxisSpace(XYPlot.java:2525)
	at org.jfree.chart.plot.XYPlot.draw(XYPlot.java:2657)
	at org.jfree.chart.JFreeChart.draw(JFreeChart.java:1212)
	at org.jfree.chart.JFreeChart.createBufferedImage(JFreeChart.java:1386)
	at org.jfree.chart.JFreeChart.createBufferedImage(JFreeChart.java:1366)
	at org.jfree.chart.renderer.xy.junit.StackedXYAreaRendererTests.testDrawWithNullInfo(StackedXYAreaRendererTests.java:216)
	at sun.reflect.NativeMethodAccessorImpl.invoke0(Native Method)
	at sun.reflect.NativeMethodAccessorImpl.invoke(NativeMethodAccessorImpl.java:39)
	at sun.reflect.DelegatingMethodAccessorImpl.invoke(DelegatingMethodAccessorImpl.java:25)
	at java.lang.reflect.Method.invoke(Method.java:597)
	at junit.framework.TestCase.runTest(TestCase.java:168)
	at junit.framework.TestCase.runBare(TestCase.java:134)
	at junit.framework.TestResult$1.protect(TestResult.java:110)
	at junit.framework.TestResult.runProtected(TestResult.java:128)
	at junit.framework.TestResult.run(TestResult.java:113)
	at junit.framework.TestCase.run(TestCase.java:124)
	at junit.framework.TestSuite.runTest(TestSuite.java:243)
	at junit.framework.TestSuite.run(TestSuite.java:238)
	at org.junit.internal.runners.JUnit38ClassRunner.run(JUnit38ClassRunner.java:101)
	at de.unisb.cs.st.javalanche.mutation.runtime.testDriver.junit.Junit4MutationTestDriver.runTest(Junit4MutationTestDriver.java:231)
	at de.unisb.cs.st.javalanche.mutation.runtime.testDriver.junit.Junit4MutationTestDriver.access$400(Junit4MutationTestDriver.java:59)
	at de.unisb.cs.st.javalanche.mutation.runtime.testDriver.junit.Junit4MutationTestDriver$1.run(Junit4MutationTestDriver.java:330)
	at java.util.concurrent.Executors$RunnableAdapter.call(Executors.java:441)
	at java.util.concurrent.FutureTask$Sync.innerRun(FutureTask.java:303)
	at java.util.concurrent.FutureTask.run(FutureTask.java:138)
	at java.lang.Thread.run(Thread.java:662)
java.lang.NullPointerException
	at org.jfree.chart.axis.NumberAxis.calculateVisibleTickCount(NumberAxis.java:623)
	at org.jfree.chart.axis.NumberAxis.refreshTicksVertical(NumberAxis.java:1253)
	at org.jfree.chart.axis.NumberAxis.refreshTicks(NumberAxis.java:1149)
	at org.jfree.chart.axis.ValueAxis.reserveSpace(ValueAxis.java:788)
	at org.jfree.chart.plot.CategoryPlot.calculateRangeAxisSpace(CategoryPlot.java:2650)
	at org.jfree.chart.plot.CategoryPlot.calculateAxisSpace(CategoryPlot.java:2669)
	at org.jfree.chart.plot.CategoryPlot.draw(CategoryPlot.java:2716)
	at org.jfree.chart.JFreeChart.draw(JFreeChart.java:1212)
	at org.jfree.chart.JFreeChart.createBufferedImage(JFreeChart.java:1386)
	at org.jfree.chart.JFreeChart.createBufferedImage(JFreeChart.java:1366)
	at org.jfree.chart.renderer.category.junit.StatisticalLineAndShapeRendererTests.testDrawWithNullInfo(StatisticalLineAndShapeRendererTests.java:177)
	at sun.reflect.NativeMethodAccessorImpl.invoke0(Native Method)
	at sun.reflect.NativeMethodAccessorImpl.invoke(NativeMethodAccessorImpl.java:39)
	at sun.reflect.DelegatingMethodAccessorImpl.invoke(DelegatingMethodAccessorImpl.java:25)
	at java.lang.reflect.Method.invoke(Method.java:597)
	at junit.framework.TestCase.runTest(TestCase.java:168)
	at junit.framework.TestCase.runBare(TestCase.java:134)
	at junit.framework.TestResult$1.protect(TestResult.java:110)
	at junit.framework.TestResult.runProtected(TestResult.java:128)
	at junit.framework.TestResult.run(TestResult.java:113)
	at junit.framework.TestCase.run(TestCase.java:124)
	at junit.framework.TestSuite.runTest(TestSuite.java:243)
	at junit.framework.TestSuite.run(TestSuite.java:238)
	at org.junit.internal.runners.JUnit38ClassRunner.run(JUnit38ClassRunner.java:101)
	at de.unisb.cs.st.javalanche.mutation.runtime.testDriver.junit.Junit4MutationTestDriver.runTest(Junit4MutationTestDriver.java:231)
	at de.unisb.cs.st.javalanche.mutation.runtime.testDriver.junit.Junit4MutationTestDriver.access$400(Junit4MutationTestDriver.java:59)
	at de.unisb.cs.st.javalanche.mutation.runtime.testDriver.junit.Junit4MutationTestDriver$1.run(Junit4MutationTestDriver.java:330)
	at java.util.concurrent.Executors$RunnableAdapter.call(Executors.java:441)
	at java.util.concurrent.FutureTask$Sync.innerRun(FutureTask.java:303)
	at java.util.concurrent.FutureTask.run(FutureTask.java:138)
	at java.lang.Thread.run(Thread.java:662)
java.lang.NullPointerException
	at org.jfree.chart.axis.NumberAxis.calculateVisibleTickCount(NumberAxis.java:623)
	at org.jfree.chart.axis.NumberAxis.refreshTicksHorizontal(NumberAxis.java:1179)
	at org.jfree.chart.axis.NumberAxis.refreshTicks(NumberAxis.java:1146)
	at org.jfree.chart.axis.ValueAxis.reserveSpace(ValueAxis.java:788)
	at org.jfree.chart.plot.XYPlot.calculateDomainAxisSpace(XYPlot.java:2568)
	at org.jfree.chart.plot.XYPlot.calculateAxisSpace(XYPlot.java:2525)
	at org.jfree.chart.plot.XYPlot.draw(XYPlot.java:2657)
	at org.jfree.chart.JFreeChart.draw(JFreeChart.java:1212)
	at org.jfree.chart.JFreeChart.createBufferedImage(JFreeChart.java:1386)
	at org.jfree.chart.JFreeChart.createBufferedImage(JFreeChart.java:1366)
	at org.jfree.chart.renderer.xy.junit.XYAreaRenderer2Tests.testDrawWithNullInfo(XYAreaRenderer2Tests.java:196)
	at sun.reflect.NativeMethodAccessorImpl.invoke0(Native Method)
	at sun.reflect.NativeMethodAccessorImpl.invoke(NativeMethodAccessorImpl.java:39)
	at sun.reflect.DelegatingMethodAccessorImpl.invoke(DelegatingMethodAccessorImpl.java:25)
	at java.lang.reflect.Method.invoke(Method.java:597)
	at junit.framework.TestCase.runTest(TestCase.java:168)
	at junit.framework.TestCase.runBare(TestCase.java:134)
	at junit.framework.TestResult$1.protect(TestResult.java:110)
	at junit.framework.TestResult.runProtected(TestResult.java:128)
	at junit.framework.TestResult.run(TestResult.java:113)
	at junit.framework.TestCase.run(TestCase.java:124)
	at junit.framework.TestSuite.runTest(TestSuite.java:243)
	at junit.framework.TestSuite.run(TestSuite.java:238)
	at org.junit.internal.runners.JUnit38ClassRunner.run(JUnit38ClassRunner.java:101)
	at de.unisb.cs.st.javalanche.mutation.runtime.testDriver.junit.Junit4MutationTestDriver.runTest(Junit4MutationTestDriver.java:231)
	at de.unisb.cs.st.javalanche.mutation.runtime.testDriver.junit.Junit4MutationTestDriver.access$400(Junit4MutationTestDriver.java:59)
	at de.unisb.cs.st.javalanche.mutation.runtime.testDriver.junit.Junit4MutationTestDriver$1.run(Junit4MutationTestDriver.java:330)
	at java.util.concurrent.Executors$RunnableAdapter.call(Executors.java:441)
	at java.util.concurrent.FutureTask$Sync.innerRun(FutureTask.java:303)
	at java.util.concurrent.FutureTask.run(FutureTask.java:138)
	at java.lang.Thread.run(Thread.java:662)
java.lang.NullPointerException
	at org.jfree.chart.axis.NumberAxis.calculateVisibleTickCount(NumberAxis.java:623)
	at org.jfree.chart.axis.NumberAxis.refreshTicksHorizontal(NumberAxis.java:1179)
	at org.jfree.chart.axis.NumberAxis.refreshTicks(NumberAxis.java:1146)
	at org.jfree.chart.axis.ValueAxis.reserveSpace(ValueAxis.java:788)
	at org.jfree.chart.plot.XYPlot.calculateDomainAxisSpace(XYPlot.java:2568)
	at org.jfree.chart.plot.XYPlot.calculateAxisSpace(XYPlot.java:2525)
	at org.jfree.chart.plot.XYPlot.draw(XYPlot.java:2657)
	at org.jfree.chart.JFreeChart.draw(JFreeChart.java:1212)
	at org.jfree.chart.plot.junit.XYPlotTests.test1654215(XYPlotTests.java:958)
	at sun.reflect.NativeMethodAccessorImpl.invoke0(Native Method)
	at sun.reflect.NativeMethodAccessorImpl.invoke(NativeMethodAccessorImpl.java:39)
	at sun.reflect.DelegatingMethodAccessorImpl.invoke(DelegatingMethodAccessorImpl.java:25)
	at java.lang.reflect.Method.invoke(Method.java:597)
	at junit.framework.TestCase.runTest(TestCase.java:168)
	at junit.framework.TestCase.runBare(TestCase.java:134)
	at junit.framework.TestResult$1.protect(TestResult.java:110)
	at junit.framework.TestResult.runProtected(TestResult.java:128)
	at junit.framework.TestResult.run(TestResult.java:113)
	at junit.framework.TestCase.run(TestCase.java:124)
	at junit.framework.TestSuite.runTest(TestSuite.java:243)
	at junit.framework.TestSuite.run(TestSuite.java:238)
	at org.junit.internal.runners.JUnit38ClassRunner.run(JUnit38ClassRunner.java:101)
	at de.unisb.cs.st.javalanche.mutation.runtime.testDriver.junit.Junit4MutationTestDriver.runTest(Junit4MutationTestDriver.java:231)
	at de.unisb.cs.st.javalanche.mutation.runtime.testDriver.junit.Junit4MutationTestDriver.access$400(Junit4MutationTestDriver.java:59)
	at de.unisb.cs.st.javalanche.mutation.runtime.testDriver.junit.Junit4MutationTestDriver$1.run(Junit4MutationTestDriver.java:330)
	at java.util.concurrent.Executors$RunnableAdapter.call(Executors.java:441)
	at java.util.concurrent.FutureTask$Sync.innerRun(FutureTask.java:303)
	at java.util.concurrent.FutureTask.run(FutureTask.java:138)
	at java.lang.Thread.run(Thread.java:662)
java.lang.NullPointerException
	at org.jfree.chart.axis.NumberAxis.calculateVisibleTickCount(NumberAxis.java:623)
	at org.jfree.chart.axis.NumberAxis.refreshTicksVertical(NumberAxis.java:1253)
	at org.jfree.chart.axis.NumberAxis.refreshTicks(NumberAxis.java:1149)
	at org.jfree.chart.axis.ValueAxis.reserveSpace(ValueAxis.java:788)
	at org.jfree.chart.plot.CategoryPlot.calculateRangeAxisSpace(CategoryPlot.java:2650)
	at org.jfree.chart.plot.CategoryPlot.calculateAxisSpace(CategoryPlot.java:2669)
	at org.jfree.chart.plot.CategoryPlot.draw(CategoryPlot.java:2716)
	at org.jfree.chart.JFreeChart.draw(JFreeChart.java:1212)
	at org.jfree.chart.JFreeChart.createBufferedImage(JFreeChart.java:1386)
	at org.jfree.chart.JFreeChart.createBufferedImage(JFreeChart.java:1366)
	at org.jfree.chart.renderer.category.junit.MinMaxCategoryRendererTests.testDrawWithNullInfo(MinMaxCategoryRendererTests.java:182)
	at sun.reflect.NativeMethodAccessorImpl.invoke0(Native Method)
	at sun.reflect.NativeMethodAccessorImpl.invoke(NativeMethodAccessorImpl.java:39)
	at sun.reflect.DelegatingMethodAccessorImpl.invoke(DelegatingMethodAccessorImpl.java:25)
	at java.lang.reflect.Method.invoke(Method.java:597)
	at junit.framework.TestCase.runTest(TestCase.java:168)
	at junit.framework.TestCase.runBare(TestCase.java:134)
	at junit.framework.TestResult$1.protect(TestResult.java:110)
	at junit.framework.TestResult.runProtected(TestResult.java:128)
	at junit.framework.TestResult.run(TestResult.java:113)
	at junit.framework.TestCase.run(TestCase.java:124)
	at junit.framework.TestSuite.runTest(TestSuite.java:243)
	at junit.framework.TestSuite.run(TestSuite.java:238)
	at org.junit.internal.runners.JUnit38ClassRunner.run(JUnit38ClassRunner.java:101)
	at de.unisb.cs.st.javalanche.mutation.runtime.testDriver.junit.Junit4MutationTestDriver.runTest(Junit4MutationTestDriver.java:231)
	at de.unisb.cs.st.javalanche.mutation.runtime.testDriver.junit.Junit4MutationTestDriver.access$400(Junit4MutationTestDriver.java:59)
	at de.unisb.cs.st.javalanche.mutation.runtime.testDriver.junit.Junit4MutationTestDriver$1.run(Junit4MutationTestDriver.java:330)
	at java.util.concurrent.Executors$RunnableAdapter.call(Executors.java:441)
	at java.util.concurrent.FutureTask$Sync.innerRun(FutureTask.java:303)
	at java.util.concurrent.FutureTask.run(FutureTask.java:138)
	at java.lang.Thread.run(Thread.java:662)
java.lang.NullPointerException
	at org.jfree.chart.axis.NumberAxis.calculateVisibleTickCount(NumberAxis.java:623)
	at org.jfree.chart.axis.NumberAxis.refreshTicksHorizontal(NumberAxis.java:1179)
	at org.jfree.chart.axis.NumberAxis.refreshTicks(NumberAxis.java:1146)
	at org.jfree.chart.axis.ValueAxis.reserveSpace(ValueAxis.java:788)
	at org.jfree.chart.plot.XYPlot.calculateDomainAxisSpace(XYPlot.java:2568)
	at org.jfree.chart.plot.XYPlot.calculateAxisSpace(XYPlot.java:2525)
	at org.jfree.chart.plot.XYPlot.draw(XYPlot.java:2657)
	at org.jfree.chart.JFreeChart.draw(JFreeChart.java:1212)
	at org.jfree.chart.JFreeChart.createBufferedImage(JFreeChart.java:1386)
	at org.jfree.chart.JFreeChart.createBufferedImage(JFreeChart.java:1366)
	at org.jfree.chart.renderer.xy.junit.StackedXYAreaRendererTests.testBug1593156(StackedXYAreaRendererTests.java:254)
	at sun.reflect.NativeMethodAccessorImpl.invoke0(Native Method)
	at sun.reflect.NativeMethodAccessorImpl.invoke(NativeMethodAccessorImpl.java:39)
	at sun.reflect.DelegatingMethodAccessorImpl.invoke(DelegatingMethodAccessorImpl.java:25)
	at java.lang.reflect.Method.invoke(Method.java:597)
	at junit.framework.TestCase.runTest(TestCase.java:168)
	at junit.framework.TestCase.runBare(TestCase.java:134)
	at junit.framework.TestResult$1.protect(TestResult.java:110)
	at junit.framework.TestResult.runProtected(TestResult.java:128)
	at junit.framework.TestResult.run(TestResult.java:113)
	at junit.framework.TestCase.run(TestCase.java:124)
	at junit.framework.TestSuite.runTest(TestSuite.java:243)
	at junit.framework.TestSuite.run(TestSuite.java:238)
	at org.junit.internal.runners.JUnit38ClassRunner.run(JUnit38ClassRunner.java:101)
	at de.unisb.cs.st.javalanche.mutation.runtime.testDriver.junit.Junit4MutationTestDriver.runTest(Junit4MutationTestDriver.java:231)
	at de.unisb.cs.st.javalanche.mutation.runtime.testDriver.junit.Junit4MutationTestDriver.access$400(Junit4MutationTestDriver.java:59)
	at de.unisb.cs.st.javalanche.mutation.runtime.testDriver.junit.Junit4MutationTestDriver$1.run(Junit4MutationTestDriver.java:330)
	at java.util.concurrent.Executors$RunnableAdapter.call(Executors.java:441)
	at java.util.concurrent.FutureTask$Sync.innerRun(FutureTask.java:303)
	at java.util.concurrent.FutureTask.run(FutureTask.java:138)
	at java.lang.Thread.run(Thread.java:662)
java.lang.NullPointerException
	at org.jfree.chart.axis.NumberAxis.calculateVisibleTickCount(NumberAxis.java:623)
	at org.jfree.chart.axis.NumberAxis.refreshTicksHorizontal(NumberAxis.java:1179)
	at org.jfree.chart.axis.NumberAxis.refreshTicks(NumberAxis.java:1146)
	at org.jfree.chart.axis.ValueAxis.reserveSpace(ValueAxis.java:788)
	at org.jfree.chart.plot.XYPlot.calculateDomainAxisSpace(XYPlot.java:2568)
	at org.jfree.chart.plot.XYPlot.calculateAxisSpace(XYPlot.java:2525)
	at org.jfree.chart.plot.XYPlot.draw(XYPlot.java:2657)
	at org.jfree.chart.JFreeChart.draw(JFreeChart.java:1212)
	at org.jfree.chart.plot.junit.XYPlotTests.testDrawSeriesWithZeroItems(XYPlotTests.java:1010)
	at sun.reflect.NativeMethodAccessorImpl.invoke0(Native Method)
	at sun.reflect.NativeMethodAccessorImpl.invoke(NativeMethodAccessorImpl.java:39)
	at sun.reflect.DelegatingMethodAccessorImpl.invoke(DelegatingMethodAccessorImpl.java:25)
	at java.lang.reflect.Method.invoke(Method.java:597)
	at junit.framework.TestCase.runTest(TestCase.java:168)
	at junit.framework.TestCase.runBare(TestCase.java:134)
	at junit.framework.TestResult$1.protect(TestResult.java:110)
	at junit.framework.TestResult.runProtected(TestResult.java:128)
	at junit.framework.TestResult.run(TestResult.java:113)
	at junit.framework.TestCase.run(TestCase.java:124)
	at junit.framework.TestSuite.runTest(TestSuite.java:243)
	at junit.framework.TestSuite.run(TestSuite.java:238)
	at org.junit.internal.runners.JUnit38ClassRunner.run(JUnit38ClassRunner.java:101)
	at de.unisb.cs.st.javalanche.mutation.runtime.testDriver.junit.Junit4MutationTestDriver.runTest(Junit4MutationTestDriver.java:231)
	at de.unisb.cs.st.javalanche.mutation.runtime.testDriver.junit.Junit4MutationTestDriver.access$400(Junit4MutationTestDriver.java:59)
	at de.unisb.cs.st.javalanche.mutation.runtime.testDriver.junit.Junit4MutationTestDriver$1.run(Junit4MutationTestDriver.java:330)
	at java.util.concurrent.Executors$RunnableAdapter.call(Executors.java:441)
	at java.util.concurrent.FutureTask$Sync.innerRun(FutureTask.java:303)
	at java.util.concurrent.FutureTask.run(FutureTask.java:138)
	at java.lang.Thread.run(Thread.java:662)
java.lang.NullPointerException
	at org.jfree.chart.axis.NumberAxis.calculateVisibleTickCount(NumberAxis.java:623)
	at org.jfree.chart.axis.NumberAxis.refreshTicksHorizontal(NumberAxis.java:1179)
	at org.jfree.chart.axis.NumberAxis.refreshTicks(NumberAxis.java:1146)
	at org.jfree.chart.axis.ValueAxis.reserveSpace(ValueAxis.java:788)
	at org.jfree.chart.plot.XYPlot.calculateDomainAxisSpace(XYPlot.java:2568)
	at org.jfree.chart.plot.XYPlot.calculateAxisSpace(XYPlot.java:2525)
	at org.jfree.chart.plot.XYPlot.draw(XYPlot.java:2657)
	at org.jfree.chart.JFreeChart.draw(JFreeChart.java:1212)
	at org.jfree.chart.plot.junit.XYPlotTests.testDrawRangeGridlines(XYPlotTests.java:984)
	at sun.reflect.NativeMethodAccessorImpl.invoke0(Native Method)
	at sun.reflect.NativeMethodAccessorImpl.invoke(NativeMethodAccessorImpl.java:39)
	at sun.reflect.DelegatingMethodAccessorImpl.invoke(DelegatingMethodAccessorImpl.java:25)
	at java.lang.reflect.Method.invoke(Method.java:597)
	at junit.framework.TestCase.runTest(TestCase.java:168)
	at junit.framework.TestCase.runBare(TestCase.java:134)
	at junit.framework.TestResult$1.protect(TestResult.java:110)
	at junit.framework.TestResult.runProtected(TestResult.java:128)
	at junit.framework.TestResult.run(TestResult.java:113)
	at junit.framework.TestCase.run(TestCase.java:124)
	at junit.framework.TestSuite.runTest(TestSuite.java:243)
	at junit.framework.TestSuite.run(TestSuite.java:238)
	at org.junit.internal.runners.JUnit38ClassRunner.run(JUnit38ClassRunner.java:101)
	at de.unisb.cs.st.javalanche.mutation.runtime.testDriver.junit.Junit4MutationTestDriver.runTest(Junit4MutationTestDriver.java:231)
	at de.unisb.cs.st.javalanche.mutation.runtime.testDriver.junit.Junit4MutationTestDriver.access$400(Junit4MutationTestDriver.java:59)
	at de.unisb.cs.st.javalanche.mutation.runtime.testDriver.junit.Junit4MutationTestDriver$1.run(Junit4MutationTestDriver.java:330)
	at java.util.concurrent.Executors$RunnableAdapter.call(Executors.java:441)
	at java.util.concurrent.FutureTask$Sync.innerRun(FutureTask.java:303)
	at java.util.concurrent.FutureTask.run(FutureTask.java:138)
	at java.lang.Thread.run(Thread.java:662)
java.lang.NullPointerException
	at org.jfree.chart.axis.NumberAxis.calculateVisibleTickCount(NumberAxis.java:623)
	at org.jfree.chart.axis.NumberAxis.refreshTicksHorizontal(NumberAxis.java:1179)
	at org.jfree.chart.axis.NumberAxis.refreshTicks(NumberAxis.java:1146)
	at org.jfree.chart.axis.ValueAxis.reserveSpace(ValueAxis.java:788)
	at org.jfree.chart.plot.XYPlot.calculateDomainAxisSpace(XYPlot.java:2568)
	at org.jfree.chart.plot.XYPlot.calculateAxisSpace(XYPlot.java:2525)
	at org.jfree.chart.plot.XYPlot.draw(XYPlot.java:2657)
	at org.jfree.chart.JFreeChart.draw(JFreeChart.java:1212)
	at org.jfree.chart.JFreeChart.createBufferedImage(JFreeChart.java:1386)
	at org.jfree.chart.JFreeChart.createBufferedImage(JFreeChart.java:1366)
	at org.jfree.chart.JFreeChart.createBufferedImage(JFreeChart.java:1351)
	at org.jfree.chart.plot.junit.XYPlotTests.testSerialization4(XYPlotTests.java:723)
	at sun.reflect.NativeMethodAccessorImpl.invoke0(Native Method)
	at sun.reflect.NativeMethodAccessorImpl.invoke(NativeMethodAccessorImpl.java:39)
	at sun.reflect.DelegatingMethodAccessorImpl.invoke(DelegatingMethodAccessorImpl.java:25)
	at java.lang.reflect.Method.invoke(Method.java:597)
	at junit.framework.TestCase.runTest(TestCase.java:168)
	at junit.framework.TestCase.runBare(TestCase.java:134)
	at junit.framework.TestResult$1.protect(TestResult.java:110)
	at junit.framework.TestResult.runProtected(TestResult.java:128)
	at junit.framework.TestResult.run(TestResult.java:113)
	at junit.framework.TestCase.run(TestCase.java:124)
	at junit.framework.TestSuite.runTest(TestSuite.java:243)
	at junit.framework.TestSuite.run(TestSuite.java:238)
	at org.junit.internal.runners.JUnit38ClassRunner.run(JUnit38ClassRunner.java:101)
	at de.unisb.cs.st.javalanche.mutation.runtime.testDriver.junit.Junit4MutationTestDriver.runTest(Junit4MutationTestDriver.java:231)
	at de.unisb.cs.st.javalanche.mutation.runtime.testDriver.junit.Junit4MutationTestDriver.access$400(Junit4MutationTestDriver.java:59)
	at de.unisb.cs.st.javalanche.mutation.runtime.testDriver.junit.Junit4MutationTestDriver$1.run(Junit4MutationTestDriver.java:330)
	at java.util.concurrent.Executors$RunnableAdapter.call(Executors.java:441)
	at java.util.concurrent.FutureTask$Sync.innerRun(FutureTask.java:303)
	at java.util.concurrent.FutureTask.run(FutureTask.java:138)
	at java.lang.Thread.run(Thread.java:662)
java.lang.NullPointerException
	at org.jfree.chart.axis.NumberAxis.calculateVisibleTickCount(NumberAxis.java:623)
	at org.jfree.chart.axis.NumberAxis.refreshTicksVertical(NumberAxis.java:1253)
	at org.jfree.chart.axis.NumberAxis.refreshTicks(NumberAxis.java:1149)
	at org.jfree.chart.axis.ValueAxis.reserveSpace(ValueAxis.java:788)
	at org.jfree.chart.plot.CategoryPlot.calculateRangeAxisSpace(CategoryPlot.java:2650)
	at org.jfree.chart.plot.CategoryPlot.calculateAxisSpace(CategoryPlot.java:2669)
	at org.jfree.chart.plot.CategoryPlot.draw(CategoryPlot.java:2716)
	at org.jfree.chart.JFreeChart.draw(JFreeChart.java:1212)
	at org.jfree.chart.JFreeChart.createBufferedImage(JFreeChart.java:1386)
	at org.jfree.chart.JFreeChart.createBufferedImage(JFreeChart.java:1366)
	at org.jfree.chart.renderer.category.junit.LayeredBarRendererTests.testDrawWithNullInfo(LayeredBarRendererTests.java:162)
	at sun.reflect.NativeMethodAccessorImpl.invoke0(Native Method)
	at sun.reflect.NativeMethodAccessorImpl.invoke(NativeMethodAccessorImpl.java:39)
	at sun.reflect.DelegatingMethodAccessorImpl.invoke(DelegatingMethodAccessorImpl.java:25)
	at java.lang.reflect.Method.invoke(Method.java:597)
	at junit.framework.TestCase.runTest(TestCase.java:168)
	at junit.framework.TestCase.runBare(TestCase.java:134)
	at junit.framework.TestResult$1.protect(TestResult.java:110)
	at junit.framework.TestResult.runProtected(TestResult.java:128)
	at junit.framework.TestResult.run(TestResult.java:113)
	at junit.framework.TestCase.run(TestCase.java:124)
	at junit.framework.TestSuite.runTest(TestSuite.java:243)
	at junit.framework.TestSuite.run(TestSuite.java:238)
	at org.junit.internal.runners.JUnit38ClassRunner.run(JUnit38ClassRunner.java:101)
	at de.unisb.cs.st.javalanche.mutation.runtime.testDriver.junit.Junit4MutationTestDriver.runTest(Junit4MutationTestDriver.java:231)
	at de.unisb.cs.st.javalanche.mutation.runtime.testDriver.junit.Junit4MutationTestDriver.access$400(Junit4MutationTestDriver.java:59)
	at de.unisb.cs.st.javalanche.mutation.runtime.testDriver.junit.Junit4MutationTestDriver$1.run(Junit4MutationTestDriver.java:330)
	at java.util.concurrent.Executors$RunnableAdapter.call(Executors.java:441)
	at java.util.concurrent.FutureTask$Sync.innerRun(FutureTask.java:303)
	at java.util.concurrent.FutureTask.run(FutureTask.java:138)
	at java.lang.Thread.run(Thread.java:662)
java.lang.NullPointerException
	at org.jfree.chart.axis.NumberAxis.calculateVisibleTickCount(NumberAxis.java:623)
	at org.jfree.chart.axis.NumberAxis.refreshTicksHorizontal(NumberAxis.java:1179)
	at org.jfree.chart.axis.NumberAxis.refreshTicks(NumberAxis.java:1146)
	at org.jfree.chart.axis.ValueAxis.reserveSpace(ValueAxis.java:788)
	at org.jfree.chart.plot.FastScatterPlot.draw(FastScatterPlot.java:527)
	at org.jfree.chart.JFreeChart.draw(JFreeChart.java:1212)
	at org.jfree.chart.JFreeChart.createBufferedImage(JFreeChart.java:1386)
	at org.jfree.chart.JFreeChart.createBufferedImage(JFreeChart.java:1366)
	at org.jfree.chart.plot.junit.FastScatterPlotTests.testDrawWithNullInfo(FastScatterPlotTests.java:204)
	at sun.reflect.NativeMethodAccessorImpl.invoke0(Native Method)
	at sun.reflect.NativeMethodAccessorImpl.invoke(NativeMethodAccessorImpl.java:39)
	at sun.reflect.DelegatingMethodAccessorImpl.invoke(DelegatingMethodAccessorImpl.java:25)
	at java.lang.reflect.Method.invoke(Method.java:597)
	at junit.framework.TestCase.runTest(TestCase.java:168)
	at junit.framework.TestCase.runBare(TestCase.java:134)
	at junit.framework.TestResult$1.protect(TestResult.java:110)
	at junit.framework.TestResult.runProtected(TestResult.java:128)
	at junit.framework.TestResult.run(TestResult.java:113)
	at junit.framework.TestCase.run(TestCase.java:124)
	at junit.framework.TestSuite.runTest(TestSuite.java:243)
	at junit.framework.TestSuite.run(TestSuite.java:238)
	at org.junit.internal.runners.JUnit38ClassRunner.run(JUnit38ClassRunner.java:101)
	at de.unisb.cs.st.javalanche.mutation.runtime.testDriver.junit.Junit4MutationTestDriver.runTest(Junit4MutationTestDriver.java:231)
	at de.unisb.cs.st.javalanche.mutation.runtime.testDriver.junit.Junit4MutationTestDriver.access$400(Junit4MutationTestDriver.java:59)
	at de.unisb.cs.st.javalanche.mutation.runtime.testDriver.junit.Junit4MutationTestDriver$1.run(Junit4MutationTestDriver.java:330)
	at java.util.concurrent.Executors$RunnableAdapter.call(Executors.java:441)
	at java.util.concurrent.FutureTask$Sync.innerRun(FutureTask.java:303)
	at java.util.concurrent.FutureTask.run(FutureTask.java:138)
	at java.lang.Thread.run(Thread.java:662)
java.lang.NullPointerException
	at org.jfree.chart.plot.XYPlot.drawRangeMarkers(XYPlot.java:3507)
	at org.jfree.chart.plot.XYPlot.draw(XYPlot.java:2755)
	at org.jfree.chart.JFreeChart.draw(JFreeChart.java:1212)
	at org.jfree.chart.JFreeChart.createBufferedImage(JFreeChart.java:1386)
	at org.jfree.chart.JFreeChart.createBufferedImage(JFreeChart.java:1366)
	at org.jfree.chart.JFreeChart.createBufferedImage(JFreeChart.java:1351)
	at org.jfree.chart.plot.junit.XYPlotTests.testSerialization4(XYPlotTests.java:723)
	at sun.reflect.GeneratedMethodAccessor111.invoke(Unknown Source)
	at sun.reflect.DelegatingMethodAccessorImpl.invoke(DelegatingMethodAccessorImpl.java:25)
	at java.lang.reflect.Method.invoke(Method.java:597)
	at junit.framework.TestCase.runTest(TestCase.java:168)
	at junit.framework.TestCase.runBare(TestCase.java:134)
	at junit.framework.TestResult$1.protect(TestResult.java:110)
	at junit.framework.TestResult.runProtected(TestResult.java:128)
	at junit.framework.TestResult.run(TestResult.java:113)
	at junit.framework.TestCase.run(TestCase.java:124)
	at junit.framework.TestSuite.runTest(TestSuite.java:243)
	at junit.framework.TestSuite.run(TestSuite.java:238)
	at org.junit.internal.runners.JUnit38ClassRunner.run(JUnit38ClassRunner.java:101)
	at de.unisb.cs.st.javalanche.mutation.runtime.testDriver.junit.Junit4MutationTestDriver.runTest(Junit4MutationTestDriver.java:231)
	at de.unisb.cs.st.javalanche.mutation.runtime.testDriver.junit.Junit4MutationTestDriver.access$400(Junit4MutationTestDriver.java:59)
	at de.unisb.cs.st.javalanche.mutation.runtime.testDriver.junit.Junit4MutationTestDriver$1.run(Junit4MutationTestDriver.java:330)
	at java.util.concurrent.Executors$RunnableAdapter.call(Executors.java:441)
	at java.util.concurrent.FutureTask$Sync.innerRun(FutureTask.java:303)
	at java.util.concurrent.FutureTask.run(FutureTask.java:138)
	at java.lang.Thread.run(Thread.java:662)
java.lang.NullPointerException
	at org.jfree.data.xy.DefaultTableXYDataset.getItemCount(DefaultTableXYDataset.java:265)
	at org.jfree.data.general.DatasetUtilities.iterateDomainBounds(DatasetUtilities.java:691)
	at org.jfree.data.xy.DefaultTableXYDataset.getDomainBounds(DefaultTableXYDataset.java:564)
	at org.jfree.data.general.DatasetUtilities.findDomainBounds(DatasetUtilities.java:635)
	at org.jfree.chart.renderer.xy.AbstractXYItemRenderer.findDomainBounds(AbstractXYItemRenderer.java:712)
	at org.jfree.chart.plot.XYPlot.getDataRange(XYPlot.java:3896)
	at org.jfree.chart.axis.NumberAxis.autoAdjustRange(NumberAxis.java:426)
	at org.jfree.chart.axis.NumberAxis.configure(NumberAxis.java:409)
	at org.jfree.chart.axis.Axis.setPlot(Axis.java:821)
	at org.jfree.chart.plot.XYPlot.<init>(XYPlot.java:552)
	at org.jfree.chart.renderer.xy.junit.XYStepAreaRendererTests.testDrawWithNullInfo(XYStepAreaRendererTests.java:197)
	at sun.reflect.GeneratedMethodAccessor118.invoke(Unknown Source)
	at sun.reflect.DelegatingMethodAccessorImpl.invoke(DelegatingMethodAccessorImpl.java:25)
	at java.lang.reflect.Method.invoke(Method.java:597)
	at junit.framework.TestCase.runTest(TestCase.java:168)
	at junit.framework.TestCase.runBare(TestCase.java:134)
	at junit.framework.TestResult$1.protect(TestResult.java:110)
	at junit.framework.TestResult.runProtected(TestResult.java:128)
	at junit.framework.TestResult.run(TestResult.java:113)
	at junit.framework.TestCase.run(TestCase.java:124)
	at junit.framework.TestSuite.runTest(TestSuite.java:243)
	at junit.framework.TestSuite.run(TestSuite.java:238)
	at org.junit.internal.runners.JUnit38ClassRunner.run(JUnit38ClassRunner.java:101)
	at de.unisb.cs.st.javalanche.mutation.runtime.testDriver.junit.Junit4MutationTestDriver.runTest(Junit4MutationTestDriver.java:231)
	at de.unisb.cs.st.javalanche.mutation.runtime.testDriver.junit.Junit4MutationTestDriver.access$400(Junit4MutationTestDriver.java:59)
	at de.unisb.cs.st.javalanche.mutation.runtime.testDriver.junit.Junit4MutationTestDriver$1.run(Junit4MutationTestDriver.java:330)
	at java.util.concurrent.Executors$RunnableAdapter.call(Executors.java:441)
	at java.util.concurrent.FutureTask$Sync.innerRun(FutureTask.java:303)
	at java.util.concurrent.FutureTask.run(FutureTask.java:138)
	at java.lang.Thread.run(Thread.java:662)
java.lang.NullPointerException
	at org.jfree.data.xy.DefaultTableXYDataset.getItemCount(DefaultTableXYDataset.java:265)
	at org.jfree.data.general.DatasetUtilities.iterateDomainBounds(DatasetUtilities.java:691)
	at org.jfree.data.xy.DefaultTableXYDataset.getDomainBounds(DefaultTableXYDataset.java:564)
	at org.jfree.data.general.DatasetUtilities.findDomainBounds(DatasetUtilities.java:635)
	at org.jfree.chart.renderer.xy.AbstractXYItemRenderer.findDomainBounds(AbstractXYItemRenderer.java:712)
	at org.jfree.chart.plot.XYPlot.getDataRange(XYPlot.java:3896)
	at org.jfree.chart.axis.NumberAxis.autoAdjustRange(NumberAxis.java:426)
	at org.jfree.chart.axis.NumberAxis.configure(NumberAxis.java:409)
	at org.jfree.chart.axis.Axis.setPlot(Axis.java:821)
	at org.jfree.chart.plot.XYPlot.<init>(XYPlot.java:552)
	at org.jfree.chart.renderer.xy.junit.XYAreaRendererTests.testDrawWithNullInfo(XYAreaRendererTests.java:220)
	at sun.reflect.GeneratedMethodAccessor121.invoke(Unknown Source)
	at sun.reflect.DelegatingMethodAccessorImpl.invoke(DelegatingMethodAccessorImpl.java:25)
	at java.lang.reflect.Method.invoke(Method.java:597)
	at junit.framework.TestCase.runTest(TestCase.java:168)
	at junit.framework.TestCase.runBare(TestCase.java:134)
	at junit.framework.TestResult$1.protect(TestResult.java:110)
	at junit.framework.TestResult.runProtected(TestResult.java:128)
	at junit.framework.TestResult.run(TestResult.java:113)
	at junit.framework.TestCase.run(TestCase.java:124)
	at junit.framework.TestSuite.runTest(TestSuite.java:243)
	at junit.framework.TestSuite.run(TestSuite.java:238)
	at org.junit.internal.runners.JUnit38ClassRunner.run(JUnit38ClassRunner.java:101)
	at de.unisb.cs.st.javalanche.mutation.runtime.testDriver.junit.Junit4MutationTestDriver.runTest(Junit4MutationTestDriver.java:231)
	at de.unisb.cs.st.javalanche.mutation.runtime.testDriver.junit.Junit4MutationTestDriver.access$400(Junit4MutationTestDriver.java:59)
	at de.unisb.cs.st.javalanche.mutation.runtime.testDriver.junit.Junit4MutationTestDriver$1.run(Junit4MutationTestDriver.java:330)
	at java.util.concurrent.Executors$RunnableAdapter.call(Executors.java:441)
	at java.util.concurrent.FutureTask$Sync.innerRun(FutureTask.java:303)
	at java.util.concurrent.FutureTask.run(FutureTask.java:138)
	at java.lang.Thread.run(Thread.java:662)
java.lang.NullPointerException
	at org.jfree.data.xy.DefaultTableXYDataset.getItemCount(DefaultTableXYDataset.java:265)
	at org.jfree.data.general.DatasetUtilities.iterateDomainBounds(DatasetUtilities.java:691)
	at org.jfree.data.xy.DefaultTableXYDataset.getDomainBounds(DefaultTableXYDataset.java:564)
	at org.jfree.data.general.DatasetUtilities.findDomainBounds(DatasetUtilities.java:635)
	at org.jfree.chart.renderer.xy.AbstractXYItemRenderer.findDomainBounds(AbstractXYItemRenderer.java:712)
	at org.jfree.chart.plot.XYPlot.getDataRange(XYPlot.java:3896)
	at org.jfree.chart.axis.NumberAxis.autoAdjustRange(NumberAxis.java:426)
	at org.jfree.chart.axis.NumberAxis.configure(NumberAxis.java:409)
	at org.jfree.chart.axis.Axis.setPlot(Axis.java:821)
	at org.jfree.chart.plot.XYPlot.<init>(XYPlot.java:552)
	at org.jfree.chart.renderer.xy.junit.StackedXYAreaRendererTests.testDrawWithNullInfo(StackedXYAreaRendererTests.java:212)
	at sun.reflect.GeneratedMethodAccessor123.invoke(Unknown Source)
	at sun.reflect.DelegatingMethodAccessorImpl.invoke(DelegatingMethodAccessorImpl.java:25)
	at java.lang.reflect.Method.invoke(Method.java:597)
	at junit.framework.TestCase.runTest(TestCase.java:168)
	at junit.framework.TestCase.runBare(TestCase.java:134)
	at junit.framework.TestResult$1.protect(TestResult.java:110)
	at junit.framework.TestResult.runProtected(TestResult.java:128)
	at junit.framework.TestResult.run(TestResult.java:113)
	at junit.framework.TestCase.run(TestCase.java:124)
	at junit.framework.TestSuite.runTest(TestSuite.java:243)
	at junit.framework.TestSuite.run(TestSuite.java:238)
	at org.junit.internal.runners.JUnit38ClassRunner.run(JUnit38ClassRunner.java:101)
	at de.unisb.cs.st.javalanche.mutation.runtime.testDriver.junit.Junit4MutationTestDriver.runTest(Junit4MutationTestDriver.java:231)
	at de.unisb.cs.st.javalanche.mutation.runtime.testDriver.junit.Junit4MutationTestDriver.access$400(Junit4MutationTestDriver.java:59)
	at de.unisb.cs.st.javalanche.mutation.runtime.testDriver.junit.Junit4MutationTestDriver$1.run(Junit4MutationTestDriver.java:330)
	at java.util.concurrent.Executors$RunnableAdapter.call(Executors.java:441)
	at java.util.concurrent.FutureTask$Sync.innerRun(FutureTask.java:303)
	at java.util.concurrent.FutureTask.run(FutureTask.java:138)
	at java.lang.Thread.run(Thread.java:662)
java.lang.NullPointerException
	at org.jfree.data.xy.DefaultTableXYDataset.getItemCount(DefaultTableXYDataset.java:265)
	at org.jfree.data.general.DatasetUtilities.iterateDomainBounds(DatasetUtilities.java:691)
	at org.jfree.data.xy.DefaultTableXYDataset.getDomainBounds(DefaultTableXYDataset.java:564)
	at org.jfree.data.general.DatasetUtilities.findDomainBounds(DatasetUtilities.java:635)
	at org.jfree.chart.renderer.xy.AbstractXYItemRenderer.findDomainBounds(AbstractXYItemRenderer.java:712)
	at org.jfree.chart.plot.XYPlot.getDataRange(XYPlot.java:3896)
	at org.jfree.chart.axis.NumberAxis.autoAdjustRange(NumberAxis.java:426)
	at org.jfree.chart.axis.NumberAxis.configure(NumberAxis.java:409)
	at org.jfree.chart.axis.Axis.setPlot(Axis.java:821)
	at org.jfree.chart.plot.XYPlot.<init>(XYPlot.java:552)
	at org.jfree.chart.renderer.xy.junit.XYAreaRenderer2Tests.testDrawWithNullInfo(XYAreaRenderer2Tests.java:192)
	at sun.reflect.GeneratedMethodAccessor124.invoke(Unknown Source)
	at sun.reflect.DelegatingMethodAccessorImpl.invoke(DelegatingMethodAccessorImpl.java:25)
	at java.lang.reflect.Method.invoke(Method.java:597)
	at junit.framework.TestCase.runTest(TestCase.java:168)
	at junit.framework.TestCase.runBare(TestCase.java:134)
	at junit.framework.TestResult$1.protect(TestResult.java:110)
	at junit.framework.TestResult.runProtected(TestResult.java:128)
	at junit.framework.TestResult.run(TestResult.java:113)
	at junit.framework.TestCase.run(TestCase.java:124)
	at junit.framework.TestSuite.runTest(TestSuite.java:243)
	at junit.framework.TestSuite.run(TestSuite.java:238)
	at org.junit.internal.runners.JUnit38ClassRunner.run(JUnit38ClassRunner.java:101)
	at de.unisb.cs.st.javalanche.mutation.runtime.testDriver.junit.Junit4MutationTestDriver.runTest(Junit4MutationTestDriver.java:231)
	at de.unisb.cs.st.javalanche.mutation.runtime.testDriver.junit.Junit4MutationTestDriver.access$400(Junit4MutationTestDriver.java:59)
	at de.unisb.cs.st.javalanche.mutation.runtime.testDriver.junit.Junit4MutationTestDriver$1.run(Junit4MutationTestDriver.java:330)
	at java.util.concurrent.Executors$RunnableAdapter.call(Executors.java:441)
	at java.util.concurrent.FutureTask$Sync.innerRun(FutureTask.java:303)
	at java.util.concurrent.FutureTask.run(FutureTask.java:138)
	at java.lang.Thread.run(Thread.java:662)
java.lang.NullPointerException
	at org.jfree.data.xy.DefaultTableXYDataset.getItemCount(DefaultTableXYDataset.java:265)
	at org.jfree.data.general.DatasetUtilities.iterateDomainBounds(DatasetUtilities.java:691)
	at org.jfree.data.xy.DefaultTableXYDataset.getDomainBounds(DefaultTableXYDataset.java:564)
	at org.jfree.data.general.DatasetUtilities.findDomainBounds(DatasetUtilities.java:635)
	at org.jfree.chart.renderer.xy.AbstractXYItemRenderer.findDomainBounds(AbstractXYItemRenderer.java:712)
	at org.jfree.chart.plot.XYPlot.getDataRange(XYPlot.java:3896)
	at org.jfree.chart.axis.NumberAxis.autoAdjustRange(NumberAxis.java:426)
	at org.jfree.chart.axis.NumberAxis.configure(NumberAxis.java:409)
	at org.jfree.chart.axis.Axis.setPlot(Axis.java:821)
	at org.jfree.chart.plot.XYPlot.<init>(XYPlot.java:552)
	at org.jfree.chart.renderer.xy.junit.XYStepRendererTests.testDrawWithNullInfo(XYStepRendererTests.java:171)
	at sun.reflect.GeneratedMethodAccessor125.invoke(Unknown Source)
	at sun.reflect.DelegatingMethodAccessorImpl.invoke(DelegatingMethodAccessorImpl.java:25)
	at java.lang.reflect.Method.invoke(Method.java:597)
	at junit.framework.TestCase.runTest(TestCase.java:168)
	at junit.framework.TestCase.runBare(TestCase.java:134)
	at junit.framework.TestResult$1.protect(TestResult.java:110)
	at junit.framework.TestResult.runProtected(TestResult.java:128)
	at junit.framework.TestResult.run(TestResult.java:113)
	at junit.framework.TestCase.run(TestCase.java:124)
	at junit.framework.TestSuite.runTest(TestSuite.java:243)
	at junit.framework.TestSuite.run(TestSuite.java:238)
	at org.junit.internal.runners.JUnit38ClassRunner.run(JUnit38ClassRunner.java:101)
	at de.unisb.cs.st.javalanche.mutation.runtime.testDriver.junit.Junit4MutationTestDriver.runTest(Junit4MutationTestDriver.java:231)
	at de.unisb.cs.st.javalanche.mutation.runtime.testDriver.junit.Junit4MutationTestDriver.access$400(Junit4MutationTestDriver.java:59)
	at de.unisb.cs.st.javalanche.mutation.runtime.testDriver.junit.Junit4MutationTestDriver$1.run(Junit4MutationTestDriver.java:330)
	at java.util.concurrent.Executors$RunnableAdapter.call(Executors.java:441)
	at java.util.concurrent.FutureTask$Sync.innerRun(FutureTask.java:303)
	at java.util.concurrent.FutureTask.run(FutureTask.java:138)
	at java.lang.Thread.run(Thread.java:662)
java.lang.NullPointerException
	at org.jfree.data.xy.DefaultTableXYDataset.getItemCount(DefaultTableXYDataset.java:265)
	at org.jfree.data.general.DatasetUtilities.iterateDomainBounds(DatasetUtilities.java:691)
	at org.jfree.data.xy.DefaultTableXYDataset.getDomainBounds(DefaultTableXYDataset.java:564)
	at org.jfree.data.general.DatasetUtilities.findDomainBounds(DatasetUtilities.java:635)
	at org.jfree.chart.renderer.xy.AbstractXYItemRenderer.findDomainBounds(AbstractXYItemRenderer.java:712)
	at org.jfree.chart.plot.XYPlot.getDataRange(XYPlot.java:3896)
	at org.jfree.chart.axis.NumberAxis.autoAdjustRange(NumberAxis.java:426)
	at org.jfree.chart.axis.NumberAxis.configure(NumberAxis.java:409)
	at org.jfree.chart.axis.Axis.setPlot(Axis.java:821)
	at org.jfree.chart.plot.XYPlot.<init>(XYPlot.java:552)
	at org.jfree.chart.renderer.xy.junit.StackedXYAreaRendererTests.testBug1593156(StackedXYAreaRendererTests.java:250)
	at sun.reflect.GeneratedMethodAccessor128.invoke(Unknown Source)
	at sun.reflect.DelegatingMethodAccessorImpl.invoke(DelegatingMethodAccessorImpl.java:25)
	at java.lang.reflect.Method.invoke(Method.java:597)
	at junit.framework.TestCase.runTest(TestCase.java:168)
	at junit.framework.TestCase.runBare(TestCase.java:134)
	at junit.framework.TestResult$1.protect(TestResult.java:110)
	at junit.framework.TestResult.runProtected(TestResult.java:128)
	at junit.framework.TestResult.run(TestResult.java:113)
	at junit.framework.TestCase.run(TestCase.java:124)
	at junit.framework.TestSuite.runTest(TestSuite.java:243)
	at junit.framework.TestSuite.run(TestSuite.java:238)
	at org.junit.internal.runners.JUnit38ClassRunner.run(JUnit38ClassRunner.java:101)
	at de.unisb.cs.st.javalanche.mutation.runtime.testDriver.junit.Junit4MutationTestDriver.runTest(Junit4MutationTestDriver.java:231)
	at de.unisb.cs.st.javalanche.mutation.runtime.testDriver.junit.Junit4MutationTestDriver.access$400(Junit4MutationTestDriver.java:59)
	at de.unisb.cs.st.javalanche.mutation.runtime.testDriver.junit.Junit4MutationTestDriver$1.run(Junit4MutationTestDriver.java:330)
	at java.util.concurrent.Executors$RunnableAdapter.call(Executors.java:441)
	at java.util.concurrent.FutureTask$Sync.innerRun(FutureTask.java:303)
	at java.util.concurrent.FutureTask.run(FutureTask.java:138)
	at java.lang.Thread.run(Thread.java:662)
java.lang.IllegalArgumentException: Null 'paint' argument.
	at org.jfree.text.TextLine.<init>(TextLine.java:119)
	at org.jfree.text.TextBlock.addLine(TextBlock.java:123)
	at org.jfree.text.TextUtilities.createTextBlock(TextUtilities.java:229)
	at org.jfree.text.TextUtilities.createTextBlock(TextUtilities.java:197)
	at org.jfree.chart.title.TextTitle.arrangeRR(TextTitle.java:497)
	at org.jfree.chart.title.TextTitle.arrange(TextTitle.java:458)
	at org.jfree.chart.JFreeChart.drawTitle(JFreeChart.java:1298)
	at org.jfree.chart.JFreeChart.draw(JFreeChart.java:1188)
	at org.jfree.chart.JFreeChart.createBufferedImage(JFreeChart.java:1386)
	at org.jfree.chart.JFreeChart.createBufferedImage(JFreeChart.java:1366)
	at org.jfree.chart.JFreeChart.createBufferedImage(JFreeChart.java:1351)
	at org.jfree.chart.plot.junit.CategoryPlotTests.testSerialization3(CategoryPlotTests.java:513)
	at sun.reflect.NativeMethodAccessorImpl.invoke0(Native Method)
	at sun.reflect.NativeMethodAccessorImpl.invoke(NativeMethodAccessorImpl.java:39)
	at sun.reflect.DelegatingMethodAccessorImpl.invoke(DelegatingMethodAccessorImpl.java:25)
	at java.lang.reflect.Method.invoke(Method.java:597)
	at junit.framework.TestCase.runTest(TestCase.java:168)
	at junit.framework.TestCase.runBare(TestCase.java:134)
	at junit.framework.TestResult$1.protect(TestResult.java:110)
	at junit.framework.TestResult.runProtected(TestResult.java:128)
	at junit.framework.TestResult.run(TestResult.java:113)
	at junit.framework.TestCase.run(TestCase.java:124)
	at junit.framework.TestSuite.runTest(TestSuite.java:243)
	at junit.framework.TestSuite.run(TestSuite.java:238)
	at org.junit.internal.runners.JUnit38ClassRunner.run(JUnit38ClassRunner.java:101)
	at de.unisb.cs.st.javalanche.mutation.runtime.testDriver.junit.Junit4MutationTestDriver.runTest(Junit4MutationTestDriver.java:231)
	at de.unisb.cs.st.javalanche.mutation.runtime.testDriver.junit.Junit4MutationTestDriver.access$400(Junit4MutationTestDriver.java:59)
	at de.unisb.cs.st.javalanche.mutation.runtime.testDriver.junit.Junit4MutationTestDriver$1.run(Junit4MutationTestDriver.java:330)
	at java.util.concurrent.Executors$RunnableAdapter.call(Executors.java:441)
	at java.util.concurrent.FutureTask$Sync.innerRun(FutureTask.java:303)
	at java.util.concurrent.FutureTask.run(FutureTask.java:138)
	at java.lang.Thread.run(Thread.java:662)
java.io.OptionalDataException
	at java.io.ObjectInputStream.readObject0(ObjectInputStream.java:1339)
	at java.io.ObjectInputStream.readObject(ObjectInputStream.java:350)
	at org.jfree.io.SerialUtilities.readShape(SerialUtilities.java:357)
	at org.jfree.chart.plot.PiePlot.readObject(PiePlot.java:3191)
	at sun.reflect.GeneratedMethodAccessor182.invoke(Unknown Source)
	at sun.reflect.DelegatingMethodAccessorImpl.invoke(DelegatingMethodAccessorImpl.java:25)
	at java.lang.reflect.Method.invoke(Method.java:597)
	at java.io.ObjectStreamClass.invokeReadObject(ObjectStreamClass.java:974)
	at java.io.ObjectInputStream.readSerialData(ObjectInputStream.java:1848)
	at java.io.ObjectInputStream.readOrdinaryObject(ObjectInputStream.java:1752)
	at java.io.ObjectInputStream.readObject0(ObjectInputStream.java:1328)
	at java.io.ObjectInputStream.readObject(ObjectInputStream.java:350)
	at org.jfree.chart.plot.junit.RingPlotTests.testSerialization(RingPlotTests.java:173)
	at sun.reflect.NativeMethodAccessorImpl.invoke0(Native Method)
	at sun.reflect.NativeMethodAccessorImpl.invoke(NativeMethodAccessorImpl.java:39)
	at sun.reflect.DelegatingMethodAccessorImpl.invoke(DelegatingMethodAccessorImpl.java:25)
	at java.lang.reflect.Method.invoke(Method.java:597)
	at junit.framework.TestCase.runTest(TestCase.java:168)
	at junit.framework.TestCase.runBare(TestCase.java:134)
	at junit.framework.TestResult$1.protect(TestResult.java:110)
	at junit.framework.TestResult.runProtected(TestResult.java:128)
	at junit.framework.TestResult.run(TestResult.java:113)
	at junit.framework.TestCase.run(TestCase.java:124)
	at junit.framework.TestSuite.runTest(TestSuite.java:243)
	at junit.framework.TestSuite.run(TestSuite.java:238)
	at org.junit.internal.runners.JUnit38ClassRunner.run(JUnit38ClassRunner.java:101)
	at de.unisb.cs.st.javalanche.mutation.runtime.testDriver.junit.Junit4MutationTestDriver.runTest(Junit4MutationTestDriver.java:231)
	at de.unisb.cs.st.javalanche.mutation.runtime.testDriver.junit.Junit4MutationTestDriver.access$400(Junit4MutationTestDriver.java:59)
	at de.unisb.cs.st.javalanche.mutation.runtime.testDriver.junit.Junit4MutationTestDriver$1.run(Junit4MutationTestDriver.java:330)
	at java.util.concurrent.Executors$RunnableAdapter.call(Executors.java:441)
	at java.util.concurrent.FutureTask$Sync.innerRun(FutureTask.java:303)
	at java.util.concurrent.FutureTask.run(FutureTask.java:138)
	at java.lang.Thread.run(Thread.java:662)
java.lang.IllegalStateException: unread block data
	at java.io.ObjectInputStream$BlockDataInputStream.setBlockDataMode(ObjectInputStream.java:2376)
	at java.io.ObjectInputStream.readObject0(ObjectInputStream.java:1360)
	at java.io.ObjectInputStream.defaultReadFields(ObjectInputStream.java:1946)
	at java.io.ObjectInputStream.defaultReadObject(ObjectInputStream.java:479)
	at org.jfree.chart.JFreeChart.readObject(JFreeChart.java:1647)
	at sun.reflect.GeneratedMethodAccessor103.invoke(Unknown Source)
	at sun.reflect.DelegatingMethodAccessorImpl.invoke(DelegatingMethodAccessorImpl.java:25)
	at java.lang.reflect.Method.invoke(Method.java:597)
	at java.io.ObjectStreamClass.invokeReadObject(ObjectStreamClass.java:974)
	at java.io.ObjectInputStream.readSerialData(ObjectInputStream.java:1848)
	at java.io.ObjectInputStream.readOrdinaryObject(ObjectInputStream.java:1752)
	at java.io.ObjectInputStream.readObject0(ObjectInputStream.java:1328)
	at java.io.ObjectInputStream.readObject(ObjectInputStream.java:350)
	at org.jfree.chart.junit.JFreeChartTests.testSerialization2(JFreeChartTests.java:342)
	at sun.reflect.NativeMethodAccessorImpl.invoke0(Native Method)
	at sun.reflect.NativeMethodAccessorImpl.invoke(NativeMethodAccessorImpl.java:39)
	at sun.reflect.DelegatingMethodAccessorImpl.invoke(DelegatingMethodAccessorImpl.java:25)
	at java.lang.reflect.Method.invoke(Method.java:597)
	at junit.framework.TestCase.runTest(TestCase.java:168)
	at junit.framework.TestCase.runBare(TestCase.java:134)
	at junit.framework.TestResult$1.protect(TestResult.java:110)
	at junit.framework.TestResult.runProtected(TestResult.java:128)
	at junit.framework.TestResult.run(TestResult.java:113)
	at junit.framework.TestCase.run(TestCase.java:124)
	at junit.framework.TestSuite.runTest(TestSuite.java:243)
	at junit.framework.TestSuite.run(TestSuite.java:238)
	at org.junit.internal.runners.JUnit38ClassRunner.run(JUnit38ClassRunner.java:101)
	at de.unisb.cs.st.javalanche.mutation.runtime.testDriver.junit.Junit4MutationTestDriver.runTest(Junit4MutationTestDriver.java:231)
	at de.unisb.cs.st.javalanche.mutation.runtime.testDriver.junit.Junit4MutationTestDriver.access$400(Junit4MutationTestDriver.java:59)
	at de.unisb.cs.st.javalanche.mutation.runtime.testDriver.junit.Junit4MutationTestDriver$1.run(Junit4MutationTestDriver.java:330)
	at java.util.concurrent.Executors$RunnableAdapter.call(Executors.java:441)
	at java.util.concurrent.FutureTask$Sync.innerRun(FutureTask.java:303)
	at java.util.concurrent.FutureTask.run(FutureTask.java:138)
	at java.lang.Thread.run(Thread.java:662)
java.lang.IllegalStateException: unread block data
	at java.io.ObjectInputStream$BlockDataInputStream.setBlockDataMode(ObjectInputStream.java:2376)
	at java.io.ObjectInputStream.readObject0(ObjectInputStream.java:1360)
	at java.io.ObjectInputStream.defaultReadFields(ObjectInputStream.java:1946)
	at java.io.ObjectInputStream.defaultReadObject(ObjectInputStream.java:479)
	at org.jfree.chart.JFreeChart.readObject(JFreeChart.java:1647)
	at sun.reflect.GeneratedMethodAccessor103.invoke(Unknown Source)
	at sun.reflect.DelegatingMethodAccessorImpl.invoke(DelegatingMethodAccessorImpl.java:25)
	at java.lang.reflect.Method.invoke(Method.java:597)
	at java.io.ObjectStreamClass.invokeReadObject(ObjectStreamClass.java:974)
	at java.io.ObjectInputStream.readSerialData(ObjectInputStream.java:1848)
	at java.io.ObjectInputStream.readOrdinaryObject(ObjectInputStream.java:1752)
	at java.io.ObjectInputStream.readObject0(ObjectInputStream.java:1328)
	at java.io.ObjectInputStream.readObject(ObjectInputStream.java:350)
	at org.jfree.chart.junit.JFreeChartTests.testSerialization1(JFreeChartTests.java:309)
	at sun.reflect.NativeMethodAccessorImpl.invoke0(Native Method)
	at sun.reflect.NativeMethodAccessorImpl.invoke(NativeMethodAccessorImpl.java:39)
	at sun.reflect.DelegatingMethodAccessorImpl.invoke(DelegatingMethodAccessorImpl.java:25)
	at java.lang.reflect.Method.invoke(Method.java:597)
	at junit.framework.TestCase.runTest(TestCase.java:168)
	at junit.framework.TestCase.runBare(TestCase.java:134)
	at junit.framework.TestResult$1.protect(TestResult.java:110)
	at junit.framework.TestResult.runProtected(TestResult.java:128)
	at junit.framework.TestResult.run(TestResult.java:113)
	at junit.framework.TestCase.run(TestCase.java:124)
	at junit.framework.TestSuite.runTest(TestSuite.java:243)
	at junit.framework.TestSuite.run(TestSuite.java:238)
	at org.junit.internal.runners.JUnit38ClassRunner.run(JUnit38ClassRunner.java:101)
	at de.unisb.cs.st.javalanche.mutation.runtime.testDriver.junit.Junit4MutationTestDriver.runTest(Junit4MutationTestDriver.java:231)
	at de.unisb.cs.st.javalanche.mutation.runtime.testDriver.junit.Junit4MutationTestDriver.access$400(Junit4MutationTestDriver.java:59)
	at de.unisb.cs.st.javalanche.mutation.runtime.testDriver.junit.Junit4MutationTestDriver$1.run(Junit4MutationTestDriver.java:330)
	at java.util.concurrent.Executors$RunnableAdapter.call(Executors.java:441)
	at java.util.concurrent.FutureTask$Sync.innerRun(FutureTask.java:303)
	at java.util.concurrent.FutureTask.run(FutureTask.java:138)
	at java.lang.Thread.run(Thread.java:662)
java.lang.IllegalStateException: unread block data
	at java.io.ObjectInputStream$BlockDataInputStream.setBlockDataMode(ObjectInputStream.java:2376)
	at java.io.ObjectInputStream.readObject0(ObjectInputStream.java:1360)
	at java.io.ObjectInputStream.defaultReadFields(ObjectInputStream.java:1946)
	at java.io.ObjectInputStream.defaultReadObject(ObjectInputStream.java:479)
	at org.jfree.chart.plot.MultiplePiePlot.readObject(MultiplePiePlot.java:610)
	at sun.reflect.NativeMethodAccessorImpl.invoke0(Native Method)
	at sun.reflect.NativeMethodAccessorImpl.invoke(NativeMethodAccessorImpl.java:39)
	at sun.reflect.DelegatingMethodAccessorImpl.invoke(DelegatingMethodAccessorImpl.java:25)
	at java.lang.reflect.Method.invoke(Method.java:597)
	at java.io.ObjectStreamClass.invokeReadObject(ObjectStreamClass.java:974)
	at java.io.ObjectInputStream.readSerialData(ObjectInputStream.java:1848)
	at java.io.ObjectInputStream.readOrdinaryObject(ObjectInputStream.java:1752)
	at java.io.ObjectInputStream.readObject0(ObjectInputStream.java:1328)
	at java.io.ObjectInputStream.readObject(ObjectInputStream.java:350)
	at org.jfree.chart.plot.junit.MultiplePiePlotTests.testSerialization(MultiplePiePlotTests.java:158)
	at sun.reflect.NativeMethodAccessorImpl.invoke0(Native Method)
	at sun.reflect.NativeMethodAccessorImpl.invoke(NativeMethodAccessorImpl.java:39)
	at sun.reflect.DelegatingMethodAccessorImpl.invoke(DelegatingMethodAccessorImpl.java:25)
	at java.lang.reflect.Method.invoke(Method.java:597)
	at junit.framework.TestCase.runTest(TestCase.java:168)
	at junit.framework.TestCase.runBare(TestCase.java:134)
	at junit.framework.TestResult$1.protect(TestResult.java:110)
	at junit.framework.TestResult.runProtected(TestResult.java:128)
	at junit.framework.TestResult.run(TestResult.java:113)
	at junit.framework.TestCase.run(TestCase.java:124)
	at junit.framework.TestSuite.runTest(TestSuite.java:243)
	at junit.framework.TestSuite.run(TestSuite.java:238)
	at org.junit.internal.runners.JUnit38ClassRunner.run(JUnit38ClassRunner.java:101)
	at de.unisb.cs.st.javalanche.mutation.runtime.testDriver.junit.Junit4MutationTestDriver.runTest(Junit4MutationTestDriver.java:231)
	at de.unisb.cs.st.javalanche.mutation.runtime.testDriver.junit.Junit4MutationTestDriver.access$400(Junit4MutationTestDriver.java:59)
	at de.unisb.cs.st.javalanche.mutation.runtime.testDriver.junit.Junit4MutationTestDriver$1.run(Junit4MutationTestDriver.java:330)
	at java.util.concurrent.Executors$RunnableAdapter.call(Executors.java:441)
	at java.util.concurrent.FutureTask$Sync.innerRun(FutureTask.java:303)
	at java.util.concurrent.FutureTask.run(FutureTask.java:138)
	at java.lang.Thread.run(Thread.java:662)
java.io.OptionalDataException
	at java.io.ObjectInputStream.readObject0(ObjectInputStream.java:1339)
	at java.io.ObjectInputStream.readObject(ObjectInputStream.java:350)
	at org.jfree.io.SerialUtilities.readShape(SerialUtilities.java:357)
	at org.jfree.chart.plot.PiePlot.readObject(PiePlot.java:3191)
	at sun.reflect.GeneratedMethodAccessor182.invoke(Unknown Source)
	at sun.reflect.DelegatingMethodAccessorImpl.invoke(DelegatingMethodAccessorImpl.java:25)
	at java.lang.reflect.Method.invoke(Method.java:597)
	at java.io.ObjectStreamClass.invokeReadObject(ObjectStreamClass.java:974)
	at java.io.ObjectInputStream.readSerialData(ObjectInputStream.java:1848)
	at java.io.ObjectInputStream.readOrdinaryObject(ObjectInputStream.java:1752)
	at java.io.ObjectInputStream.readObject0(ObjectInputStream.java:1328)
	at java.io.ObjectInputStream.readObject(ObjectInputStream.java:350)
	at org.jfree.chart.plot.junit.PiePlotTests.testSerialization(PiePlotTests.java:563)
	at sun.reflect.NativeMethodAccessorImpl.invoke0(Native Method)
	at sun.reflect.NativeMethodAccessorImpl.invoke(NativeMethodAccessorImpl.java:39)
	at sun.reflect.DelegatingMethodAccessorImpl.invoke(DelegatingMethodAccessorImpl.java:25)
	at java.lang.reflect.Method.invoke(Method.java:597)
	at junit.framework.TestCase.runTest(TestCase.java:168)
	at junit.framework.TestCase.runBare(TestCase.java:134)
	at junit.framework.TestResult$1.protect(TestResult.java:110)
	at junit.framework.TestResult.runProtected(TestResult.java:128)
	at junit.framework.TestResult.run(TestResult.java:113)
	at junit.framework.TestCase.run(TestCase.java:124)
	at junit.framework.TestSuite.runTest(TestSuite.java:243)
	at junit.framework.TestSuite.run(TestSuite.java:238)
	at org.junit.internal.runners.JUnit38ClassRunner.run(JUnit38ClassRunner.java:101)
	at de.unisb.cs.st.javalanche.mutation.runtime.testDriver.junit.Junit4MutationTestDriver.runTest(Junit4MutationTestDriver.java:231)
	at de.unisb.cs.st.javalanche.mutation.runtime.testDriver.junit.Junit4MutationTestDriver.access$400(Junit4MutationTestDriver.java:59)
	at de.unisb.cs.st.javalanche.mutation.runtime.testDriver.junit.Junit4MutationTestDriver$1.run(Junit4MutationTestDriver.java:330)
	at java.util.concurrent.Executors$RunnableAdapter.call(Executors.java:441)
	at java.util.concurrent.FutureTask$Sync.innerRun(FutureTask.java:303)
	at java.util.concurrent.FutureTask.run(FutureTask.java:138)
	at java.lang.Thread.run(Thread.java:662)
java.io.OptionalDataException
	at java.io.ObjectInputStream.readObject0(ObjectInputStream.java:1339)
	at java.io.ObjectInputStream.readObject(ObjectInputStream.java:350)
	at org.jfree.io.SerialUtilities.readShape(SerialUtilities.java:357)
	at org.jfree.chart.plot.PiePlot.readObject(PiePlot.java:3191)
	at sun.reflect.GeneratedMethodAccessor182.invoke(Unknown Source)
	at sun.reflect.DelegatingMethodAccessorImpl.invoke(DelegatingMethodAccessorImpl.java:25)
	at java.lang.reflect.Method.invoke(Method.java:597)
	at java.io.ObjectStreamClass.invokeReadObject(ObjectStreamClass.java:974)
	at java.io.ObjectInputStream.readSerialData(ObjectInputStream.java:1848)
	at java.io.ObjectInputStream.readOrdinaryObject(ObjectInputStream.java:1752)
	at java.io.ObjectInputStream.readObject0(ObjectInputStream.java:1328)
	at java.io.ObjectInputStream.readObject(ObjectInputStream.java:350)
	at org.jfree.chart.plot.junit.PiePlot3DTests.testSerialization(PiePlot3DTests.java:117)
	at sun.reflect.NativeMethodAccessorImpl.invoke0(Native Method)
	at sun.reflect.NativeMethodAccessorImpl.invoke(NativeMethodAccessorImpl.java:39)
	at sun.reflect.DelegatingMethodAccessorImpl.invoke(DelegatingMethodAccessorImpl.java:25)
	at java.lang.reflect.Method.invoke(Method.java:597)
	at junit.framework.TestCase.runTest(TestCase.java:168)
	at junit.framework.TestCase.runBare(TestCase.java:134)
	at junit.framework.TestResult$1.protect(TestResult.java:110)
	at junit.framework.TestResult.runProtected(TestResult.java:128)
	at junit.framework.TestResult.run(TestResult.java:113)
	at junit.framework.TestCase.run(TestCase.java:124)
	at junit.framework.TestSuite.runTest(TestSuite.java:243)
	at junit.framework.TestSuite.run(TestSuite.java:238)
	at org.junit.internal.runners.JUnit38ClassRunner.run(JUnit38ClassRunner.java:101)
	at de.unisb.cs.st.javalanche.mutation.runtime.testDriver.junit.Junit4MutationTestDriver.runTest(Junit4MutationTestDriver.java:231)
	at de.unisb.cs.st.javalanche.mutation.runtime.testDriver.junit.Junit4MutationTestDriver.access$400(Junit4MutationTestDriver.java:59)
	at de.unisb.cs.st.javalanche.mutation.runtime.testDriver.junit.Junit4MutationTestDriver$1.run(Junit4MutationTestDriver.java:330)
	at java.util.concurrent.Executors$RunnableAdapter.call(Executors.java:441)
	at java.util.concurrent.FutureTask$Sync.innerRun(FutureTask.java:303)
	at java.util.concurrent.FutureTask.run(FutureTask.java:138)
	at java.lang.Thread.run(Thread.java:662)
java.lang.NullPointerException
	at org.jfree.chart.axis.CategoryAxis.calculateTextBlockWidth(CategoryAxis.java:1125)
	at org.jfree.chart.axis.CategoryAxis.refreshTicks(CategoryAxis.java:1077)
	at org.jfree.chart.axis.CategoryAxis.reserveSpace(CategoryAxis.java:788)
	at org.jfree.chart.plot.CategoryPlot.calculateDomainAxisSpace(CategoryPlot.java:2603)
	at org.jfree.chart.plot.CategoryPlot.calculateAxisSpace(CategoryPlot.java:2670)
	at org.jfree.chart.plot.CategoryPlot.draw(CategoryPlot.java:2716)
	at org.jfree.chart.JFreeChart.draw(JFreeChart.java:1212)
	at org.jfree.chart.JFreeChart.createBufferedImage(JFreeChart.java:1386)
	at org.jfree.chart.JFreeChart.createBufferedImage(JFreeChart.java:1366)
	at org.jfree.chart.renderer.category.junit.StatisticalBarRendererTests.testDrawWithNullMeanHorizontal(StatisticalBarRendererTests.java:233)
	at sun.reflect.GeneratedMethodAccessor158.invoke(Unknown Source)
	at sun.reflect.DelegatingMethodAccessorImpl.invoke(DelegatingMethodAccessorImpl.java:25)
	at java.lang.reflect.Method.invoke(Method.java:597)
	at junit.framework.TestCase.runTest(TestCase.java:168)
	at junit.framework.TestCase.runBare(TestCase.java:134)
	at junit.framework.TestResult$1.protect(TestResult.java:110)
	at junit.framework.TestResult.runProtected(TestResult.java:128)
	at junit.framework.TestResult.run(TestResult.java:113)
	at junit.framework.TestCase.run(TestCase.java:124)
	at junit.framework.TestSuite.runTest(TestSuite.java:243)
	at junit.framework.TestSuite.run(TestSuite.java:238)
	at org.junit.internal.runners.JUnit38ClassRunner.run(JUnit38ClassRunner.java:101)
	at de.unisb.cs.st.javalanche.mutation.runtime.testDriver.junit.Junit4MutationTestDriver.runTest(Junit4MutationTestDriver.java:231)
	at de.unisb.cs.st.javalanche.mutation.runtime.testDriver.junit.Junit4MutationTestDriver.access$400(Junit4MutationTestDriver.java:59)
	at de.unisb.cs.st.javalanche.mutation.runtime.testDriver.junit.Junit4MutationTestDriver$1.run(Junit4MutationTestDriver.java:330)
	at java.util.concurrent.Executors$RunnableAdapter.call(Executors.java:441)
	at java.util.concurrent.FutureTask$Sync.innerRun(FutureTask.java:303)
	at java.util.concurrent.FutureTask.run(FutureTask.java:138)
	at java.lang.Thread.run(Thread.java:662)
java.lang.NullPointerException
	at org.jfree.chart.axis.CategoryAxis.calculateTextBlockWidth(CategoryAxis.java:1125)
	at org.jfree.chart.axis.CategoryAxis.refreshTicks(CategoryAxis.java:1077)
	at org.jfree.chart.axis.CategoryAxis.reserveSpace(CategoryAxis.java:788)
	at org.jfree.chart.plot.CategoryPlot.calculateDomainAxisSpace(CategoryPlot.java:2603)
	at org.jfree.chart.plot.CategoryPlot.calculateAxisSpace(CategoryPlot.java:2670)
	at org.jfree.chart.plot.CategoryPlot.draw(CategoryPlot.java:2716)
	at org.jfree.chart.JFreeChart.draw(JFreeChart.java:1212)
	at org.jfree.chart.JFreeChart.createBufferedImage(JFreeChart.java:1386)
	at org.jfree.chart.JFreeChart.createBufferedImage(JFreeChart.java:1366)
	at org.jfree.chart.renderer.category.junit.StatisticalBarRendererTests.testDrawWithNullDeviationHorizontal(StatisticalBarRendererTests.java:288)
	at sun.reflect.GeneratedMethodAccessor163.invoke(Unknown Source)
	at sun.reflect.DelegatingMethodAccessorImpl.invoke(DelegatingMethodAccessorImpl.java:25)
	at java.lang.reflect.Method.invoke(Method.java:597)
	at junit.framework.TestCase.runTest(TestCase.java:168)
	at junit.framework.TestCase.runBare(TestCase.java:134)
	at junit.framework.TestResult$1.protect(TestResult.java:110)
	at junit.framework.TestResult.runProtected(TestResult.java:128)
	at junit.framework.TestResult.run(TestResult.java:113)
	at junit.framework.TestCase.run(TestCase.java:124)
	at junit.framework.TestSuite.runTest(TestSuite.java:243)
	at junit.framework.TestSuite.run(TestSuite.java:238)
	at org.junit.internal.runners.JUnit38ClassRunner.run(JUnit38ClassRunner.java:101)
	at de.unisb.cs.st.javalanche.mutation.runtime.testDriver.junit.Junit4MutationTestDriver.runTest(Junit4MutationTestDriver.java:231)
	at de.unisb.cs.st.javalanche.mutation.runtime.testDriver.junit.Junit4MutationTestDriver.access$400(Junit4MutationTestDriver.java:59)
	at de.unisb.cs.st.javalanche.mutation.runtime.testDriver.junit.Junit4MutationTestDriver$1.run(Junit4MutationTestDriver.java:330)
	at java.util.concurrent.Executors$RunnableAdapter.call(Executors.java:441)
	at java.util.concurrent.FutureTask$Sync.innerRun(FutureTask.java:303)
	at java.util.concurrent.FutureTask.run(FutureTask.java:138)
	at java.lang.Thread.run(Thread.java:662)
java.lang.NullPointerException
	at org.jfree.chart.plot.FastScatterPlot.draw(FastScatterPlot.java:545)
	at org.jfree.chart.JFreeChart.draw(JFreeChart.java:1212)
	at org.jfree.chart.JFreeChart.createBufferedImage(JFreeChart.java:1386)
	at org.jfree.chart.JFreeChart.createBufferedImage(JFreeChart.java:1366)
	at org.jfree.chart.plot.junit.FastScatterPlotTests.testDrawWithNullInfo(FastScatterPlotTests.java:204)
	at sun.reflect.NativeMethodAccessorImpl.invoke0(Native Method)
	at sun.reflect.NativeMethodAccessorImpl.invoke(NativeMethodAccessorImpl.java:39)
	at sun.reflect.DelegatingMethodAccessorImpl.invoke(DelegatingMethodAccessorImpl.java:25)
	at java.lang.reflect.Method.invoke(Method.java:597)
	at junit.framework.TestCase.runTest(TestCase.java:168)
	at junit.framework.TestCase.runBare(TestCase.java:134)
	at junit.framework.TestResult$1.protect(TestResult.java:110)
	at junit.framework.TestResult.runProtected(TestResult.java:128)
	at junit.framework.TestResult.run(TestResult.java:113)
	at junit.framework.TestCase.run(TestCase.java:124)
	at junit.framework.TestSuite.runTest(TestSuite.java:243)
	at junit.framework.TestSuite.run(TestSuite.java:238)
	at org.junit.internal.runners.JUnit38ClassRunner.run(JUnit38ClassRunner.java:101)
	at de.unisb.cs.st.javalanche.mutation.runtime.testDriver.junit.Junit4MutationTestDriver.runTest(Junit4MutationTestDriver.java:231)
	at de.unisb.cs.st.javalanche.mutation.runtime.testDriver.junit.Junit4MutationTestDriver.access$400(Junit4MutationTestDriver.java:59)
	at de.unisb.cs.st.javalanche.mutation.runtime.testDriver.junit.Junit4MutationTestDriver$1.run(Junit4MutationTestDriver.java:330)
	at java.util.concurrent.Executors$RunnableAdapter.call(Executors.java:441)
	at java.util.concurrent.FutureTask$Sync.innerRun(FutureTask.java:303)
	at java.util.concurrent.FutureTask.run(FutureTask.java:138)
	at java.lang.Thread.run(Thread.java:662)
java.lang.NullPointerException
	at java.util.Calendar.setTime(Calendar.java:1075)
	at org.jfree.chart.axis.DateAxis.previousStandardDate(DateAxis.java:836)
	at org.jfree.chart.axis.DateAxis.nextStandardDate(DateAxis.java:1042)
	at org.jfree.chart.axis.DateAxis.calculateLowestVisibleTickValue(DateAxis.java:803)
	at org.jfree.chart.axis.DateAxis.refreshTicksHorizontal(DateAxis.java:1513)
	at org.jfree.chart.axis.DateAxis.refreshTicks(DateAxis.java:1481)
	at org.jfree.chart.axis.ValueAxis.reserveSpace(ValueAxis.java:788)
	at org.jfree.chart.plot.XYPlot.calculateDomainAxisSpace(XYPlot.java:2568)
	at org.jfree.chart.plot.XYPlot.calculateAxisSpace(XYPlot.java:2525)
	at org.jfree.chart.plot.XYPlot.draw(XYPlot.java:2657)
	at org.jfree.chart.JFreeChart.draw(JFreeChart.java:1212)
	at org.jfree.chart.junit.TimeSeriesChartTests.testDrawWithNullInfo(TimeSeriesChartTests.java:109)
	at sun.reflect.GeneratedMethodAccessor122.invoke(Unknown Source)
	at sun.reflect.DelegatingMethodAccessorImpl.invoke(DelegatingMethodAccessorImpl.java:25)
	at java.lang.reflect.Method.invoke(Method.java:597)
	at junit.framework.TestCase.runTest(TestCase.java:168)
	at junit.framework.TestCase.runBare(TestCase.java:134)
	at junit.framework.TestResult$1.protect(TestResult.java:110)
	at junit.framework.TestResult.runProtected(TestResult.java:128)
	at junit.framework.TestResult.run(TestResult.java:113)
	at junit.framework.TestCase.run(TestCase.java:124)
	at junit.framework.TestSuite.runTest(TestSuite.java:243)
	at junit.framework.TestSuite.run(TestSuite.java:238)
	at org.junit.internal.runners.JUnit38ClassRunner.run(JUnit38ClassRunner.java:101)
	at de.unisb.cs.st.javalanche.mutation.runtime.testDriver.junit.Junit4MutationTestDriver.runTest(Junit4MutationTestDriver.java:231)
	at de.unisb.cs.st.javalanche.mutation.runtime.testDriver.junit.Junit4MutationTestDriver.access$400(Junit4MutationTestDriver.java:59)
	at de.unisb.cs.st.javalanche.mutation.runtime.testDriver.junit.Junit4MutationTestDriver$1.run(Junit4MutationTestDriver.java:330)
	at java.util.concurrent.Executors$RunnableAdapter.call(Executors.java:441)
	at java.util.concurrent.FutureTask$Sync.innerRun(FutureTask.java:303)
	at java.util.concurrent.FutureTask.run(FutureTask.java:138)
	at java.lang.Thread.run(Thread.java:662)
java.lang.NullPointerException
	at java.util.Calendar.setTime(Calendar.java:1075)
	at org.jfree.chart.axis.DateAxis.previousStandardDate(DateAxis.java:836)
	at org.jfree.chart.axis.DateAxis.nextStandardDate(DateAxis.java:1042)
	at org.jfree.chart.axis.DateAxis.calculateLowestVisibleTickValue(DateAxis.java:803)
	at org.jfree.chart.axis.DateAxis.refreshTicksHorizontal(DateAxis.java:1513)
	at org.jfree.chart.axis.DateAxis.refreshTicks(DateAxis.java:1481)
	at org.jfree.chart.axis.ValueAxis.reserveSpace(ValueAxis.java:788)
	at org.jfree.chart.plot.XYPlot.calculateDomainAxisSpace(XYPlot.java:2568)
	at org.jfree.chart.plot.XYPlot.calculateAxisSpace(XYPlot.java:2525)
	at org.jfree.chart.plot.XYPlot.draw(XYPlot.java:2657)
	at org.jfree.chart.JFreeChart.draw(JFreeChart.java:1212)
	at org.jfree.chart.junit.XYStepChartTests.testDrawWithNullInfo(XYStepChartTests.java:110)
	at sun.reflect.GeneratedMethodAccessor112.invoke(Unknown Source)
	at sun.reflect.DelegatingMethodAccessorImpl.invoke(DelegatingMethodAccessorImpl.java:25)
	at java.lang.reflect.Method.invoke(Method.java:597)
	at junit.framework.TestCase.runTest(TestCase.java:168)
	at junit.framework.TestCase.runBare(TestCase.java:134)
	at junit.framework.TestResult$1.protect(TestResult.java:110)
	at junit.framework.TestResult.runProtected(TestResult.java:128)
	at junit.framework.TestResult.run(TestResult.java:113)
	at junit.framework.TestCase.run(TestCase.java:124)
	at junit.framework.TestSuite.runTest(TestSuite.java:243)
	at junit.framework.TestSuite.run(TestSuite.java:238)
	at org.junit.internal.runners.JUnit38ClassRunner.run(JUnit38ClassRunner.java:101)
	at de.unisb.cs.st.javalanche.mutation.runtime.testDriver.junit.Junit4MutationTestDriver.runTest(Junit4MutationTestDriver.java:231)
	at de.unisb.cs.st.javalanche.mutation.runtime.testDriver.junit.Junit4MutationTestDriver.access$400(Junit4MutationTestDriver.java:59)
	at de.unisb.cs.st.javalanche.mutation.runtime.testDriver.junit.Junit4MutationTestDriver$1.run(Junit4MutationTestDriver.java:330)
	at java.util.concurrent.Executors$RunnableAdapter.call(Executors.java:441)
	at java.util.concurrent.FutureTask$Sync.innerRun(FutureTask.java:303)
	at java.util.concurrent.FutureTask.run(FutureTask.java:138)
	at java.lang.Thread.run(Thread.java:662)
java.io.OptionalDataException
	at java.io.ObjectInputStream.readObject0(ObjectInputStream.java:1348)
	at java.io.ObjectInputStream.readObject(ObjectInputStream.java:350)
	at org.jfree.util.AbstractObjectList.readObject(AbstractObjectList.java:277)
	at sun.reflect.GeneratedMethodAccessor13.invoke(Unknown Source)
	at sun.reflect.DelegatingMethodAccessorImpl.invoke(DelegatingMethodAccessorImpl.java:25)
	at java.lang.reflect.Method.invoke(Method.java:597)
	at java.io.ObjectStreamClass.invokeReadObject(ObjectStreamClass.java:974)
	at java.io.ObjectInputStream.readSerialData(ObjectInputStream.java:1848)
	at java.io.ObjectInputStream.readOrdinaryObject(ObjectInputStream.java:1752)
	at java.io.ObjectInputStream.readObject0(ObjectInputStream.java:1328)
	at java.io.ObjectInputStream.defaultReadFields(ObjectInputStream.java:1946)
	at java.io.ObjectInputStream.defaultReadObject(ObjectInputStream.java:479)
	at org.jfree.chart.plot.CategoryPlot.readObject(CategoryPlot.java:3888)
	at sun.reflect.GeneratedMethodAccessor93.invoke(Unknown Source)
	at sun.reflect.DelegatingMethodAccessorImpl.invoke(DelegatingMethodAccessorImpl.java:25)
	at java.lang.reflect.Method.invoke(Method.java:597)
	at java.io.ObjectStreamClass.invokeReadObject(ObjectStreamClass.java:974)
	at java.io.ObjectInputStream.readSerialData(ObjectInputStream.java:1848)
	at java.io.ObjectInputStream.readOrdinaryObject(ObjectInputStream.java:1752)
	at java.io.ObjectInputStream.readObject0(ObjectInputStream.java:1328)
	at java.io.ObjectInputStream.readObject(ObjectInputStream.java:350)
	at org.jfree.chart.plot.junit.CategoryPlotTests.testSerialization(CategoryPlotTests.java:436)
	at sun.reflect.NativeMethodAccessorImpl.invoke0(Native Method)
	at sun.reflect.NativeMethodAccessorImpl.invoke(NativeMethodAccessorImpl.java:39)
	at sun.reflect.DelegatingMethodAccessorImpl.invoke(DelegatingMethodAccessorImpl.java:25)
	at java.lang.reflect.Method.invoke(Method.java:597)
	at junit.framework.TestCase.runTest(TestCase.java:168)
	at junit.framework.TestCase.runBare(TestCase.java:134)
	at junit.framework.TestResult$1.protect(TestResult.java:110)
	at junit.framework.TestResult.runProtected(TestResult.java:128)
	at junit.framework.TestResult.run(TestResult.java:113)
	at junit.framework.TestCase.run(TestCase.java:124)
	at junit.framework.TestSuite.runTest(TestSuite.java:243)
	at junit.framework.TestSuite.run(TestSuite.java:238)
	at org.junit.internal.runners.JUnit38ClassRunner.run(JUnit38ClassRunner.java:101)
	at de.unisb.cs.st.javalanche.mutation.runtime.testDriver.junit.Junit4MutationTestDriver.runTest(Junit4MutationTestDriver.java:231)
	at de.unisb.cs.st.javalanche.mutation.runtime.testDriver.junit.Junit4MutationTestDriver.access$400(Junit4MutationTestDriver.java:59)
	at de.unisb.cs.st.javalanche.mutation.runtime.testDriver.junit.Junit4MutationTestDriver$1.run(Junit4MutationTestDriver.java:330)
	at java.util.concurrent.Executors$RunnableAdapter.call(Executors.java:441)
	at java.util.concurrent.FutureTask$Sync.innerRun(FutureTask.java:303)
	at java.util.concurrent.FutureTask.run(FutureTask.java:138)
	at java.lang.Thread.run(Thread.java:662)
java.io.OptionalDataException
	at java.io.ObjectInputStream.readObject0(ObjectInputStream.java:1348)
	at java.io.ObjectInputStream.readObject(ObjectInputStream.java:350)
	at org.jfree.util.AbstractObjectList.readObject(AbstractObjectList.java:277)
	at sun.reflect.GeneratedMethodAccessor13.invoke(Unknown Source)
	at sun.reflect.DelegatingMethodAccessorImpl.invoke(DelegatingMethodAccessorImpl.java:25)
	at java.lang.reflect.Method.invoke(Method.java:597)
	at java.io.ObjectStreamClass.invokeReadObject(ObjectStreamClass.java:974)
	at java.io.ObjectInputStream.readSerialData(ObjectInputStream.java:1848)
	at java.io.ObjectInputStream.readOrdinaryObject(ObjectInputStream.java:1752)
	at java.io.ObjectInputStream.readObject0(ObjectInputStream.java:1328)
	at java.io.ObjectInputStream.defaultReadFields(ObjectInputStream.java:1946)
	at java.io.ObjectInputStream.defaultReadObject(ObjectInputStream.java:479)
	at org.jfree.chart.plot.XYPlot.readObject(XYPlot.java:4865)
	at sun.reflect.GeneratedMethodAccessor87.invoke(Unknown Source)
	at sun.reflect.DelegatingMethodAccessorImpl.invoke(DelegatingMethodAccessorImpl.java:25)
	at java.lang.reflect.Method.invoke(Method.java:597)
	at java.io.ObjectStreamClass.invokeReadObject(ObjectStreamClass.java:974)
	at java.io.ObjectInputStream.readSerialData(ObjectInputStream.java:1848)
	at java.io.ObjectInputStream.readOrdinaryObject(ObjectInputStream.java:1752)
	at java.io.ObjectInputStream.readObject0(ObjectInputStream.java:1328)
	at java.io.ObjectInputStream.readObject(ObjectInputStream.java:350)
	at org.jfree.chart.plot.junit.CombinedDomainXYPlotTests.testSerialization(CombinedDomainXYPlotTests.java:158)
	at sun.reflect.NativeMethodAccessorImpl.invoke0(Native Method)
	at sun.reflect.NativeMethodAccessorImpl.invoke(NativeMethodAccessorImpl.java:39)
	at sun.reflect.DelegatingMethodAccessorImpl.invoke(DelegatingMethodAccessorImpl.java:25)
	at java.lang.reflect.Method.invoke(Method.java:597)
	at junit.framework.TestCase.runTest(TestCase.java:168)
	at junit.framework.TestCase.runBare(TestCase.java:134)
	at junit.framework.TestResult$1.protect(TestResult.java:110)
	at junit.framework.TestResult.runProtected(TestResult.java:128)
	at junit.framework.TestResult.run(TestResult.java:113)
	at junit.framework.TestCase.run(TestCase.java:124)
	at junit.framework.TestSuite.runTest(TestSuite.java:243)
	at junit.framework.TestSuite.run(TestSuite.java:238)
	at org.junit.internal.runners.JUnit38ClassRunner.run(JUnit38ClassRunner.java:101)
	at de.unisb.cs.st.javalanche.mutation.runtime.testDriver.junit.Junit4MutationTestDriver.runTest(Junit4MutationTestDriver.java:231)
	at de.unisb.cs.st.javalanche.mutation.runtime.testDriver.junit.Junit4MutationTestDriver.access$400(Junit4MutationTestDriver.java:59)
	at de.unisb.cs.st.javalanche.mutation.runtime.testDriver.junit.Junit4MutationTestDriver$1.run(Junit4MutationTestDriver.java:330)
	at java.util.concurrent.Executors$RunnableAdapter.call(Executors.java:441)
	at java.util.concurrent.FutureTask$Sync.innerRun(FutureTask.java:303)
	at java.util.concurrent.FutureTask.run(FutureTask.java:138)
	at java.lang.Thread.run(Thread.java:662)
java.io.OptionalDataException
	at java.io.ObjectInputStream.readObject0(ObjectInputStream.java:1348)
	at java.io.ObjectInputStream.readObject(ObjectInputStream.java:350)
	at org.jfree.util.AbstractObjectList.readObject(AbstractObjectList.java:277)
	at sun.reflect.GeneratedMethodAccessor13.invoke(Unknown Source)
	at sun.reflect.DelegatingMethodAccessorImpl.invoke(DelegatingMethodAccessorImpl.java:25)
	at java.lang.reflect.Method.invoke(Method.java:597)
	at java.io.ObjectStreamClass.invokeReadObject(ObjectStreamClass.java:974)
	at java.io.ObjectInputStream.readSerialData(ObjectInputStream.java:1848)
	at java.io.ObjectInputStream.readOrdinaryObject(ObjectInputStream.java:1752)
	at java.io.ObjectInputStream.readObject0(ObjectInputStream.java:1328)
	at java.io.ObjectInputStream.defaultReadFields(ObjectInputStream.java:1946)
	at java.io.ObjectInputStream.defaultReadObject(ObjectInputStream.java:479)
	at org.jfree.chart.plot.XYPlot.readObject(XYPlot.java:4865)
	at sun.reflect.GeneratedMethodAccessor87.invoke(Unknown Source)
	at sun.reflect.DelegatingMethodAccessorImpl.invoke(DelegatingMethodAccessorImpl.java:25)
	at java.lang.reflect.Method.invoke(Method.java:597)
	at java.io.ObjectStreamClass.invokeReadObject(ObjectStreamClass.java:974)
	at java.io.ObjectInputStream.readSerialData(ObjectInputStream.java:1848)
	at java.io.ObjectInputStream.readOrdinaryObject(ObjectInputStream.java:1752)
	at java.io.ObjectInputStream.readObject0(ObjectInputStream.java:1328)
	at java.io.ObjectInputStream.defaultReadFields(ObjectInputStream.java:1946)
	at java.io.ObjectInputStream.defaultReadObject(ObjectInputStream.java:479)
	at org.jfree.chart.JFreeChart.readObject(JFreeChart.java:1647)
	at sun.reflect.GeneratedMethodAccessor103.invoke(Unknown Source)
	at sun.reflect.DelegatingMethodAccessorImpl.invoke(DelegatingMethodAccessorImpl.java:25)
	at java.lang.reflect.Method.invoke(Method.java:597)
	at java.io.ObjectStreamClass.invokeReadObject(ObjectStreamClass.java:974)
	at java.io.ObjectInputStream.readSerialData(ObjectInputStream.java:1848)
	at java.io.ObjectInputStream.readOrdinaryObject(ObjectInputStream.java:1752)
	at java.io.ObjectInputStream.readObject0(ObjectInputStream.java:1328)
	at java.io.ObjectInputStream.readObject(ObjectInputStream.java:350)
	at org.jfree.chart.junit.JFreeChartTests.testSerialization4(JFreeChartTests.java:459)
	at sun.reflect.GeneratedMethodAccessor184.invoke(Unknown Source)
	at sun.reflect.DelegatingMethodAccessorImpl.invoke(DelegatingMethodAccessorImpl.java:25)
	at java.lang.reflect.Method.invoke(Method.java:597)
	at junit.framework.TestCase.runTest(TestCase.java:168)
	at junit.framework.TestCase.runBare(TestCase.java:134)
	at junit.framework.TestResult$1.protect(TestResult.java:110)
	at junit.framework.TestResult.runProtected(TestResult.java:128)
	at junit.framework.TestResult.run(TestResult.java:113)
	at junit.framework.TestCase.run(TestCase.java:124)
	at junit.framework.TestSuite.runTest(TestSuite.java:243)
	at junit.framework.TestSuite.run(TestSuite.java:238)
	at org.junit.internal.runners.JUnit38ClassRunner.run(JUnit38ClassRunner.java:101)
	at de.unisb.cs.st.javalanche.mutation.runtime.testDriver.junit.Junit4MutationTestDriver.runTest(Junit4MutationTestDriver.java:231)
	at de.unisb.cs.st.javalanche.mutation.runtime.testDriver.junit.Junit4MutationTestDriver.access$400(Junit4MutationTestDriver.java:59)
	at de.unisb.cs.st.javalanche.mutation.runtime.testDriver.junit.Junit4MutationTestDriver$1.run(Junit4MutationTestDriver.java:330)
	at java.util.concurrent.Executors$RunnableAdapter.call(Executors.java:441)
	at java.util.concurrent.FutureTask$Sync.innerRun(FutureTask.java:303)
	at java.util.concurrent.FutureTask.run(FutureTask.java:138)
	at java.lang.Thread.run(Thread.java:662)
java.io.OptionalDataException
	at java.io.ObjectInputStream.readObject0(ObjectInputStream.java:1348)
	at java.io.ObjectInputStream.readObject(ObjectInputStream.java:350)
	at org.jfree.util.AbstractObjectList.readObject(AbstractObjectList.java:277)
	at sun.reflect.GeneratedMethodAccessor13.invoke(Unknown Source)
	at sun.reflect.DelegatingMethodAccessorImpl.invoke(DelegatingMethodAccessorImpl.java:25)
	at java.lang.reflect.Method.invoke(Method.java:597)
	at java.io.ObjectStreamClass.invokeReadObject(ObjectStreamClass.java:974)
	at java.io.ObjectInputStream.readSerialData(ObjectInputStream.java:1848)
	at java.io.ObjectInputStream.readOrdinaryObject(ObjectInputStream.java:1752)
	at java.io.ObjectInputStream.readObject0(ObjectInputStream.java:1328)
	at java.io.ObjectInputStream.defaultReadFields(ObjectInputStream.java:1946)
	at java.io.ObjectInputStream.defaultReadObject(ObjectInputStream.java:479)
	at org.jfree.chart.plot.CategoryPlot.readObject(CategoryPlot.java:3888)
	at sun.reflect.GeneratedMethodAccessor93.invoke(Unknown Source)
	at sun.reflect.DelegatingMethodAccessorImpl.invoke(DelegatingMethodAccessorImpl.java:25)
	at java.lang.reflect.Method.invoke(Method.java:597)
	at java.io.ObjectStreamClass.invokeReadObject(ObjectStreamClass.java:974)
	at java.io.ObjectInputStream.readSerialData(ObjectInputStream.java:1848)
	at java.io.ObjectInputStream.readOrdinaryObject(ObjectInputStream.java:1752)
	at java.io.ObjectInputStream.readObject0(ObjectInputStream.java:1328)
	at java.io.ObjectInputStream.defaultReadFields(ObjectInputStream.java:1946)
	at java.io.ObjectInputStream.defaultReadObject(ObjectInputStream.java:479)
	at org.jfree.chart.JFreeChart.readObject(JFreeChart.java:1647)
	at sun.reflect.GeneratedMethodAccessor103.invoke(Unknown Source)
	at sun.reflect.DelegatingMethodAccessorImpl.invoke(DelegatingMethodAccessorImpl.java:25)
	at java.lang.reflect.Method.invoke(Method.java:597)
	at java.io.ObjectStreamClass.invokeReadObject(ObjectStreamClass.java:974)
	at java.io.ObjectInputStream.readSerialData(ObjectInputStream.java:1848)
	at java.io.ObjectInputStream.readOrdinaryObject(ObjectInputStream.java:1752)
	at java.io.ObjectInputStream.readObject0(ObjectInputStream.java:1328)
	at java.io.ObjectInputStream.readObject(ObjectInputStream.java:350)
	at org.jfree.chart.junit.JFreeChartTests.testSerialization3(JFreeChartTests.java:424)
	at sun.reflect.NativeMethodAccessorImpl.invoke0(Native Method)
	at sun.reflect.NativeMethodAccessorImpl.invoke(NativeMethodAccessorImpl.java:39)
	at sun.reflect.DelegatingMethodAccessorImpl.invoke(DelegatingMethodAccessorImpl.java:25)
	at java.lang.reflect.Method.invoke(Method.java:597)
	at junit.framework.TestCase.runTest(TestCase.java:168)
	at junit.framework.TestCase.runBare(TestCase.java:134)
	at junit.framework.TestResult$1.protect(TestResult.java:110)
	at junit.framework.TestResult.runProtected(TestResult.java:128)
	at junit.framework.TestResult.run(TestResult.java:113)
	at junit.framework.TestCase.run(TestCase.java:124)
	at junit.framework.TestSuite.runTest(TestSuite.java:243)
	at junit.framework.TestSuite.run(TestSuite.java:238)
	at org.junit.internal.runners.JUnit38ClassRunner.run(JUnit38ClassRunner.java:101)
	at de.unisb.cs.st.javalanche.mutation.runtime.testDriver.junit.Junit4MutationTestDriver.runTest(Junit4MutationTestDriver.java:231)
	at de.unisb.cs.st.javalanche.mutation.runtime.testDriver.junit.Junit4MutationTestDriver.access$400(Junit4MutationTestDriver.java:59)
	at de.unisb.cs.st.javalanche.mutation.runtime.testDriver.junit.Junit4MutationTestDriver$1.run(Junit4MutationTestDriver.java:330)
	at java.util.concurrent.Executors$RunnableAdapter.call(Executors.java:441)
	at java.util.concurrent.FutureTask$Sync.innerRun(FutureTask.java:303)
	at java.util.concurrent.FutureTask.run(FutureTask.java:138)
	at java.lang.Thread.run(Thread.java:662)
java.io.OptionalDataException
	at java.io.ObjectInputStream.readObject0(ObjectInputStream.java:1348)
	at java.io.ObjectInputStream.readObject(ObjectInputStream.java:350)
	at org.jfree.util.AbstractObjectList.readObject(AbstractObjectList.java:277)
	at sun.reflect.GeneratedMethodAccessor13.invoke(Unknown Source)
	at sun.reflect.DelegatingMethodAccessorImpl.invoke(DelegatingMethodAccessorImpl.java:25)
	at java.lang.reflect.Method.invoke(Method.java:597)
	at java.io.ObjectStreamClass.invokeReadObject(ObjectStreamClass.java:974)
	at java.io.ObjectInputStream.readSerialData(ObjectInputStream.java:1848)
	at java.io.ObjectInputStream.readOrdinaryObject(ObjectInputStream.java:1752)
	at java.io.ObjectInputStream.readObject0(ObjectInputStream.java:1328)
	at java.io.ObjectInputStream.defaultReadFields(ObjectInputStream.java:1946)
	at java.io.ObjectInputStream.defaultReadObject(ObjectInputStream.java:479)
	at org.jfree.chart.plot.CategoryPlot.readObject(CategoryPlot.java:3888)
	at sun.reflect.GeneratedMethodAccessor93.invoke(Unknown Source)
	at sun.reflect.DelegatingMethodAccessorImpl.invoke(DelegatingMethodAccessorImpl.java:25)
	at java.lang.reflect.Method.invoke(Method.java:597)
	at java.io.ObjectStreamClass.invokeReadObject(ObjectStreamClass.java:974)
	at java.io.ObjectInputStream.readSerialData(ObjectInputStream.java:1848)
	at java.io.ObjectInputStream.readOrdinaryObject(ObjectInputStream.java:1752)
	at java.io.ObjectInputStream.readObject0(ObjectInputStream.java:1328)
	at java.io.ObjectInputStream.readObject(ObjectInputStream.java:350)
	at org.jfree.chart.plot.junit.CombinedDomainCategoryPlotTests.testSerialization(CombinedDomainCategoryPlotTests.java:144)
	at sun.reflect.NativeMethodAccessorImpl.invoke0(Native Method)
	at sun.reflect.NativeMethodAccessorImpl.invoke(NativeMethodAccessorImpl.java:39)
	at sun.reflect.DelegatingMethodAccessorImpl.invoke(DelegatingMethodAccessorImpl.java:25)
	at java.lang.reflect.Method.invoke(Method.java:597)
	at junit.framework.TestCase.runTest(TestCase.java:168)
	at junit.framework.TestCase.runBare(TestCase.java:134)
	at junit.framework.TestResult$1.protect(TestResult.java:110)
	at junit.framework.TestResult.runProtected(TestResult.java:128)
	at junit.framework.TestResult.run(TestResult.java:113)
	at junit.framework.TestCase.run(TestCase.java:124)
	at junit.framework.TestSuite.runTest(TestSuite.java:243)
	at junit.framework.TestSuite.run(TestSuite.java:238)
	at org.junit.internal.runners.JUnit38ClassRunner.run(JUnit38ClassRunner.java:101)
	at de.unisb.cs.st.javalanche.mutation.runtime.testDriver.junit.Junit4MutationTestDriver.runTest(Junit4MutationTestDriver.java:231)
	at de.unisb.cs.st.javalanche.mutation.runtime.testDriver.junit.Junit4MutationTestDriver.access$400(Junit4MutationTestDriver.java:59)
	at de.unisb.cs.st.javalanche.mutation.runtime.testDriver.junit.Junit4MutationTestDriver$1.run(Junit4MutationTestDriver.java:330)
	at java.util.concurrent.Executors$RunnableAdapter.call(Executors.java:441)
	at java.util.concurrent.FutureTask$Sync.innerRun(FutureTask.java:303)
	at java.util.concurrent.FutureTask.run(FutureTask.java:138)
	at java.lang.Thread.run(Thread.java:662)
java.io.OptionalDataException
	at java.io.ObjectInputStream.readObject0(ObjectInputStream.java:1348)
	at java.io.ObjectInputStream.readObject(ObjectInputStream.java:350)
	at org.jfree.util.AbstractObjectList.readObject(AbstractObjectList.java:277)
	at sun.reflect.GeneratedMethodAccessor13.invoke(Unknown Source)
	at sun.reflect.DelegatingMethodAccessorImpl.invoke(DelegatingMethodAccessorImpl.java:25)
	at java.lang.reflect.Method.invoke(Method.java:597)
	at java.io.ObjectStreamClass.invokeReadObject(ObjectStreamClass.java:974)
	at java.io.ObjectInputStream.readSerialData(ObjectInputStream.java:1848)
	at java.io.ObjectInputStream.readOrdinaryObject(ObjectInputStream.java:1752)
	at java.io.ObjectInputStream.readObject0(ObjectInputStream.java:1328)
	at java.io.ObjectInputStream.defaultReadFields(ObjectInputStream.java:1946)
	at java.io.ObjectInputStream.defaultReadObject(ObjectInputStream.java:479)
	at org.jfree.chart.plot.CategoryPlot.readObject(CategoryPlot.java:3888)
	at sun.reflect.GeneratedMethodAccessor93.invoke(Unknown Source)
	at sun.reflect.DelegatingMethodAccessorImpl.invoke(DelegatingMethodAccessorImpl.java:25)
	at java.lang.reflect.Method.invoke(Method.java:597)
	at java.io.ObjectStreamClass.invokeReadObject(ObjectStreamClass.java:974)
	at java.io.ObjectInputStream.readSerialData(ObjectInputStream.java:1848)
	at java.io.ObjectInputStream.readOrdinaryObject(ObjectInputStream.java:1752)
	at java.io.ObjectInputStream.readObject0(ObjectInputStream.java:1328)
	at java.io.ObjectInputStream.readObject(ObjectInputStream.java:350)
	at org.jfree.chart.plot.junit.CombinedRangeCategoryPlotTests.testSerialization(CombinedRangeCategoryPlotTests.java:127)
	at sun.reflect.NativeMethodAccessorImpl.invoke0(Native Method)
	at sun.reflect.NativeMethodAccessorImpl.invoke(NativeMethodAccessorImpl.java:39)
	at sun.reflect.DelegatingMethodAccessorImpl.invoke(DelegatingMethodAccessorImpl.java:25)
	at java.lang.reflect.Method.invoke(Method.java:597)
	at junit.framework.TestCase.runTest(TestCase.java:168)
	at junit.framework.TestCase.runBare(TestCase.java:134)
	at junit.framework.TestResult$1.protect(TestResult.java:110)
	at junit.framework.TestResult.runProtected(TestResult.java:128)
	at junit.framework.TestResult.run(TestResult.java:113)
	at junit.framework.TestCase.run(TestCase.java:124)
	at junit.framework.TestSuite.runTest(TestSuite.java:243)
	at junit.framework.TestSuite.run(TestSuite.java:238)
	at org.junit.internal.runners.JUnit38ClassRunner.run(JUnit38ClassRunner.java:101)
	at de.unisb.cs.st.javalanche.mutation.runtime.testDriver.junit.Junit4MutationTestDriver.runTest(Junit4MutationTestDriver.java:231)
	at de.unisb.cs.st.javalanche.mutation.runtime.testDriver.junit.Junit4MutationTestDriver.access$400(Junit4MutationTestDriver.java:59)
	at de.unisb.cs.st.javalanche.mutation.runtime.testDriver.junit.Junit4MutationTestDriver$1.run(Junit4MutationTestDriver.java:330)
	at java.util.concurrent.Executors$RunnableAdapter.call(Executors.java:441)
	at java.util.concurrent.FutureTask$Sync.innerRun(FutureTask.java:303)
	at java.util.concurrent.FutureTask.run(FutureTask.java:138)
	at java.lang.Thread.run(Thread.java:662)
java.io.OptionalDataException
	at java.io.ObjectInputStream.readObject0(ObjectInputStream.java:1348)
	at java.io.ObjectInputStream.readObject(ObjectInputStream.java:350)
	at org.jfree.util.AbstractObjectList.readObject(AbstractObjectList.java:277)
	at sun.reflect.GeneratedMethodAccessor13.invoke(Unknown Source)
	at sun.reflect.DelegatingMethodAccessorImpl.invoke(DelegatingMethodAccessorImpl.java:25)
	at java.lang.reflect.Method.invoke(Method.java:597)
	at java.io.ObjectStreamClass.invokeReadObject(ObjectStreamClass.java:974)
	at java.io.ObjectInputStream.readSerialData(ObjectInputStream.java:1848)
	at java.io.ObjectInputStream.readOrdinaryObject(ObjectInputStream.java:1752)
	at java.io.ObjectInputStream.readObject0(ObjectInputStream.java:1328)
	at java.io.ObjectInputStream.defaultReadFields(ObjectInputStream.java:1946)
	at java.io.ObjectInputStream.defaultReadObject(ObjectInputStream.java:479)
	at org.jfree.chart.plot.XYPlot.readObject(XYPlot.java:4865)
	at sun.reflect.GeneratedMethodAccessor87.invoke(Unknown Source)
	at sun.reflect.DelegatingMethodAccessorImpl.invoke(DelegatingMethodAccessorImpl.java:25)
	at java.lang.reflect.Method.invoke(Method.java:597)
	at java.io.ObjectStreamClass.invokeReadObject(ObjectStreamClass.java:974)
	at java.io.ObjectInputStream.readSerialData(ObjectInputStream.java:1848)
	at java.io.ObjectInputStream.readOrdinaryObject(ObjectInputStream.java:1752)
	at java.io.ObjectInputStream.readObject0(ObjectInputStream.java:1328)
	at java.io.ObjectInputStream.readObject(ObjectInputStream.java:350)
	at org.jfree.chart.plot.junit.CombinedRangeXYPlotTests.testSerialization(CombinedRangeXYPlotTests.java:150)
	at sun.reflect.NativeMethodAccessorImpl.invoke0(Native Method)
	at sun.reflect.NativeMethodAccessorImpl.invoke(NativeMethodAccessorImpl.java:39)
	at sun.reflect.DelegatingMethodAccessorImpl.invoke(DelegatingMethodAccessorImpl.java:25)
	at java.lang.reflect.Method.invoke(Method.java:597)
	at junit.framework.TestCase.runTest(TestCase.java:168)
	at junit.framework.TestCase.runBare(TestCase.java:134)
	at junit.framework.TestResult$1.protect(TestResult.java:110)
	at junit.framework.TestResult.runProtected(TestResult.java:128)
	at junit.framework.TestResult.run(TestResult.java:113)
	at junit.framework.TestCase.run(TestCase.java:124)
	at junit.framework.TestSuite.runTest(TestSuite.java:243)
	at junit.framework.TestSuite.run(TestSuite.java:238)
	at org.junit.internal.runners.JUnit38ClassRunner.run(JUnit38ClassRunner.java:101)
	at de.unisb.cs.st.javalanche.mutation.runtime.testDriver.junit.Junit4MutationTestDriver.runTest(Junit4MutationTestDriver.java:231)
	at de.unisb.cs.st.javalanche.mutation.runtime.testDriver.junit.Junit4MutationTestDriver.access$400(Junit4MutationTestDriver.java:59)
	at de.unisb.cs.st.javalanche.mutation.runtime.testDriver.junit.Junit4MutationTestDriver$1.run(Junit4MutationTestDriver.java:330)
	at java.util.concurrent.Executors$RunnableAdapter.call(Executors.java:441)
	at java.util.concurrent.FutureTask$Sync.innerRun(FutureTask.java:303)
	at java.util.concurrent.FutureTask.run(FutureTask.java:138)
	at java.lang.Thread.run(Thread.java:662)
java.lang.ArrayIndexOutOfBoundsException
java.lang.ArrayIndexOutOfBoundsException
java.lang.ArrayIndexOutOfBoundsException
java.lang.ArrayIndexOutOfBoundsException
java.lang.ArrayIndexOutOfBoundsException
java.lang.ArrayIndexOutOfBoundsException
java.lang.ArrayIndexOutOfBoundsException
java.lang.ArrayIndexOutOfBoundsException
java.lang.ArrayIndexOutOfBoundsException
java.lang.ArrayIndexOutOfBoundsException
java.lang.ArrayIndexOutOfBoundsException
java.lang.ArrayIndexOutOfBoundsException
java.lang.ArrayIndexOutOfBoundsException
java.lang.ArrayIndexOutOfBoundsException
java.lang.ArrayIndexOutOfBoundsException
java.lang.ArrayIndexOutOfBoundsException: -1
	at org.jfree.chart.plot.DefaultDrawingSupplier.writeObject(DefaultDrawingSupplier.java:444)
	at sun.reflect.GeneratedMethodAccessor59.invoke(Unknown Source)
	at sun.reflect.DelegatingMethodAccessorImpl.invoke(DelegatingMethodAccessorImpl.java:25)
	at java.lang.reflect.Method.invoke(Method.java:597)
	at java.io.ObjectStreamClass.invokeWriteObject(ObjectStreamClass.java:945)
	at java.io.ObjectOutputStream.writeSerialData(ObjectOutputStream.java:1469)
	at java.io.ObjectOutputStream.writeOrdinaryObject(ObjectOutputStream.java:1400)
	at java.io.ObjectOutputStream.writeObject0(ObjectOutputStream.java:1158)
	at java.io.ObjectOutputStream.defaultWriteFields(ObjectOutputStream.java:1518)
	at java.io.ObjectOutputStream.defaultWriteObject(ObjectOutputStream.java:422)
	at org.jfree.chart.plot.Plot.writeObject(Plot.java:1266)
	at sun.reflect.GeneratedMethodAccessor58.invoke(Unknown Source)
	at sun.reflect.DelegatingMethodAccessorImpl.invoke(DelegatingMethodAccessorImpl.java:25)
	at java.lang.reflect.Method.invoke(Method.java:597)
	at java.io.ObjectStreamClass.invokeWriteObject(ObjectStreamClass.java:945)
	at java.io.ObjectOutputStream.writeSerialData(ObjectOutputStream.java:1469)
	at java.io.ObjectOutputStream.writeOrdinaryObject(ObjectOutputStream.java:1400)
	at java.io.ObjectOutputStream.writeObject0(ObjectOutputStream.java:1158)
	at java.io.ObjectOutputStream.writeObject(ObjectOutputStream.java:330)
	at org.jfree.chart.plot.junit.ThermometerPlotTests.testSerialization(ThermometerPlotTests.java:226)
	at sun.reflect.NativeMethodAccessorImpl.invoke0(Native Method)
	at sun.reflect.NativeMethodAccessorImpl.invoke(NativeMethodAccessorImpl.java:39)
	at sun.reflect.DelegatingMethodAccessorImpl.invoke(DelegatingMethodAccessorImpl.java:25)
	at java.lang.reflect.Method.invoke(Method.java:597)
	at junit.framework.TestCase.runTest(TestCase.java:168)
	at junit.framework.TestCase.runBare(TestCase.java:134)
	at junit.framework.TestResult$1.protect(TestResult.java:110)
	at junit.framework.TestResult.runProtected(TestResult.java:128)
	at junit.framework.TestResult.run(TestResult.java:113)
	at junit.framework.TestCase.run(TestCase.java:124)
	at junit.framework.TestSuite.runTest(TestSuite.java:243)
	at junit.framework.TestSuite.run(TestSuite.java:238)
	at org.junit.internal.runners.JUnit38ClassRunner.run(JUnit38ClassRunner.java:101)
	at de.unisb.cs.st.javalanche.mutation.runtime.testDriver.junit.Junit4MutationTestDriver.runTest(Junit4MutationTestDriver.java:231)
	at de.unisb.cs.st.javalanche.mutation.runtime.testDriver.junit.Junit4MutationTestDriver.access$400(Junit4MutationTestDriver.java:59)
	at de.unisb.cs.st.javalanche.mutation.runtime.testDriver.junit.Junit4MutationTestDriver$1.run(Junit4MutationTestDriver.java:330)
	at java.util.concurrent.Executors$RunnableAdapter.call(Executors.java:441)
	at java.util.concurrent.FutureTask$Sync.innerRun(FutureTask.java:303)
	at java.util.concurrent.FutureTask.run(FutureTask.java:138)
	at java.lang.Thread.run(Thread.java:662)
java.lang.ArrayIndexOutOfBoundsException: -1
	at org.jfree.chart.plot.DefaultDrawingSupplier.writeObject(DefaultDrawingSupplier.java:444)
	at sun.reflect.GeneratedMethodAccessor59.invoke(Unknown Source)
	at sun.reflect.DelegatingMethodAccessorImpl.invoke(DelegatingMethodAccessorImpl.java:25)
	at java.lang.reflect.Method.invoke(Method.java:597)
	at java.io.ObjectStreamClass.invokeWriteObject(ObjectStreamClass.java:945)
	at java.io.ObjectOutputStream.writeSerialData(ObjectOutputStream.java:1469)
	at java.io.ObjectOutputStream.writeOrdinaryObject(ObjectOutputStream.java:1400)
	at java.io.ObjectOutputStream.writeObject0(ObjectOutputStream.java:1158)
	at java.io.ObjectOutputStream.defaultWriteFields(ObjectOutputStream.java:1518)
	at java.io.ObjectOutputStream.defaultWriteObject(ObjectOutputStream.java:422)
	at org.jfree.chart.plot.Plot.writeObject(Plot.java:1266)
	at sun.reflect.GeneratedMethodAccessor58.invoke(Unknown Source)
	at sun.reflect.DelegatingMethodAccessorImpl.invoke(DelegatingMethodAccessorImpl.java:25)
	at java.lang.reflect.Method.invoke(Method.java:597)
	at java.io.ObjectStreamClass.invokeWriteObject(ObjectStreamClass.java:945)
	at java.io.ObjectOutputStream.writeSerialData(ObjectOutputStream.java:1469)
	at java.io.ObjectOutputStream.writeOrdinaryObject(ObjectOutputStream.java:1400)
	at java.io.ObjectOutputStream.writeObject0(ObjectOutputStream.java:1158)
	at java.io.ObjectOutputStream.writeObject(ObjectOutputStream.java:330)
	at org.jfree.chart.plot.junit.CategoryPlotTests.testSerialization(CategoryPlotTests.java:431)
	at sun.reflect.NativeMethodAccessorImpl.invoke0(Native Method)
	at sun.reflect.NativeMethodAccessorImpl.invoke(NativeMethodAccessorImpl.java:39)
	at sun.reflect.DelegatingMethodAccessorImpl.invoke(DelegatingMethodAccessorImpl.java:25)
	at java.lang.reflect.Method.invoke(Method.java:597)
	at junit.framework.TestCase.runTest(TestCase.java:168)
	at junit.framework.TestCase.runBare(TestCase.java:134)
	at junit.framework.TestResult$1.protect(TestResult.java:110)
	at junit.framework.TestResult.runProtected(TestResult.java:128)
	at junit.framework.TestResult.run(TestResult.java:113)
	at junit.framework.TestCase.run(TestCase.java:124)
	at junit.framework.TestSuite.runTest(TestSuite.java:243)
	at junit.framework.TestSuite.run(TestSuite.java:238)
	at org.junit.internal.runners.JUnit38ClassRunner.run(JUnit38ClassRunner.java:101)
	at de.unisb.cs.st.javalanche.mutation.runtime.testDriver.junit.Junit4MutationTestDriver.runTest(Junit4MutationTestDriver.java:231)
	at de.unisb.cs.st.javalanche.mutation.runtime.testDriver.junit.Junit4MutationTestDriver.access$400(Junit4MutationTestDriver.java:59)
	at de.unisb.cs.st.javalanche.mutation.runtime.testDriver.junit.Junit4MutationTestDriver$1.run(Junit4MutationTestDriver.java:330)
	at java.util.concurrent.Executors$RunnableAdapter.call(Executors.java:441)
	at java.util.concurrent.FutureTask$Sync.innerRun(FutureTask.java:303)
	at java.util.concurrent.FutureTask.run(FutureTask.java:138)
	at java.lang.Thread.run(Thread.java:662)
java.lang.ArrayIndexOutOfBoundsException: -1
	at org.jfree.chart.plot.DefaultDrawingSupplier.writeObject(DefaultDrawingSupplier.java:444)
	at sun.reflect.GeneratedMethodAccessor59.invoke(Unknown Source)
	at sun.reflect.DelegatingMethodAccessorImpl.invoke(DelegatingMethodAccessorImpl.java:25)
	at java.lang.reflect.Method.invoke(Method.java:597)
	at java.io.ObjectStreamClass.invokeWriteObject(ObjectStreamClass.java:945)
	at java.io.ObjectOutputStream.writeSerialData(ObjectOutputStream.java:1469)
	at java.io.ObjectOutputStream.writeOrdinaryObject(ObjectOutputStream.java:1400)
	at java.io.ObjectOutputStream.writeObject0(ObjectOutputStream.java:1158)
	at java.io.ObjectOutputStream.defaultWriteFields(ObjectOutputStream.java:1518)
	at java.io.ObjectOutputStream.defaultWriteObject(ObjectOutputStream.java:422)
	at org.jfree.chart.plot.Plot.writeObject(Plot.java:1266)
	at sun.reflect.GeneratedMethodAccessor58.invoke(Unknown Source)
	at sun.reflect.DelegatingMethodAccessorImpl.invoke(DelegatingMethodAccessorImpl.java:25)
	at java.lang.reflect.Method.invoke(Method.java:597)
	at java.io.ObjectStreamClass.invokeWriteObject(ObjectStreamClass.java:945)
	at java.io.ObjectOutputStream.writeSerialData(ObjectOutputStream.java:1469)
	at java.io.ObjectOutputStream.writeOrdinaryObject(ObjectOutputStream.java:1400)
	at java.io.ObjectOutputStream.writeObject0(ObjectOutputStream.java:1158)
	at java.io.ObjectOutputStream.writeObject(ObjectOutputStream.java:330)
	at org.jfree.chart.plot.junit.RingPlotTests.testSerialization(RingPlotTests.java:168)
	at sun.reflect.NativeMethodAccessorImpl.invoke0(Native Method)
	at sun.reflect.NativeMethodAccessorImpl.invoke(NativeMethodAccessorImpl.java:39)
	at sun.reflect.DelegatingMethodAccessorImpl.invoke(DelegatingMethodAccessorImpl.java:25)
	at java.lang.reflect.Method.invoke(Method.java:597)
	at junit.framework.TestCase.runTest(TestCase.java:168)
	at junit.framework.TestCase.runBare(TestCase.java:134)
	at junit.framework.TestResult$1.protect(TestResult.java:110)
	at junit.framework.TestResult.runProtected(TestResult.java:128)
	at junit.framework.TestResult.run(TestResult.java:113)
	at junit.framework.TestCase.run(TestCase.java:124)
	at junit.framework.TestSuite.runTest(TestSuite.java:243)
	at junit.framework.TestSuite.run(TestSuite.java:238)
	at org.junit.internal.runners.JUnit38ClassRunner.run(JUnit38ClassRunner.java:101)
	at de.unisb.cs.st.javalanche.mutation.runtime.testDriver.junit.Junit4MutationTestDriver.runTest(Junit4MutationTestDriver.java:231)
	at de.unisb.cs.st.javalanche.mutation.runtime.testDriver.junit.Junit4MutationTestDriver.access$400(Junit4MutationTestDriver.java:59)
	at de.unisb.cs.st.javalanche.mutation.runtime.testDriver.junit.Junit4MutationTestDriver$1.run(Junit4MutationTestDriver.java:330)
	at java.util.concurrent.Executors$RunnableAdapter.call(Executors.java:441)
	at java.util.concurrent.FutureTask$Sync.innerRun(FutureTask.java:303)
	at java.util.concurrent.FutureTask.run(FutureTask.java:138)
	at java.lang.Thread.run(Thread.java:662)
java.lang.ArrayIndexOutOfBoundsException: -1
	at org.jfree.chart.plot.DefaultDrawingSupplier.writeObject(DefaultDrawingSupplier.java:444)
	at sun.reflect.GeneratedMethodAccessor59.invoke(Unknown Source)
	at sun.reflect.DelegatingMethodAccessorImpl.invoke(DelegatingMethodAccessorImpl.java:25)
	at java.lang.reflect.Method.invoke(Method.java:597)
	at java.io.ObjectStreamClass.invokeWriteObject(ObjectStreamClass.java:945)
	at java.io.ObjectOutputStream.writeSerialData(ObjectOutputStream.java:1469)
	at java.io.ObjectOutputStream.writeOrdinaryObject(ObjectOutputStream.java:1400)
	at java.io.ObjectOutputStream.writeObject0(ObjectOutputStream.java:1158)
	at java.io.ObjectOutputStream.defaultWriteFields(ObjectOutputStream.java:1518)
	at java.io.ObjectOutputStream.defaultWriteObject(ObjectOutputStream.java:422)
	at org.jfree.chart.plot.Plot.writeObject(Plot.java:1266)
	at sun.reflect.GeneratedMethodAccessor58.invoke(Unknown Source)
	at sun.reflect.DelegatingMethodAccessorImpl.invoke(DelegatingMethodAccessorImpl.java:25)
	at java.lang.reflect.Method.invoke(Method.java:597)
	at java.io.ObjectStreamClass.invokeWriteObject(ObjectStreamClass.java:945)
	at java.io.ObjectOutputStream.writeSerialData(ObjectOutputStream.java:1469)
	at java.io.ObjectOutputStream.writeOrdinaryObject(ObjectOutputStream.java:1400)
	at java.io.ObjectOutputStream.writeObject0(ObjectOutputStream.java:1158)
	at java.io.ObjectOutputStream.writeObject(ObjectOutputStream.java:330)
	at org.jfree.chart.plot.junit.CompassPlotTests.testSerialization(CompassPlotTests.java:152)
	at sun.reflect.NativeMethodAccessorImpl.invoke0(Native Method)
	at sun.reflect.NativeMethodAccessorImpl.invoke(NativeMethodAccessorImpl.java:39)
	at sun.reflect.DelegatingMethodAccessorImpl.invoke(DelegatingMethodAccessorImpl.java:25)
	at java.lang.reflect.Method.invoke(Method.java:597)
	at junit.framework.TestCase.runTest(TestCase.java:168)
	at junit.framework.TestCase.runBare(TestCase.java:134)
	at junit.framework.TestResult$1.protect(TestResult.java:110)
	at junit.framework.TestResult.runProtected(TestResult.java:128)
	at junit.framework.TestResult.run(TestResult.java:113)
	at junit.framework.TestCase.run(TestCase.java:124)
	at junit.framework.TestSuite.runTest(TestSuite.java:243)
	at junit.framework.TestSuite.run(TestSuite.java:238)
	at org.junit.internal.runners.JUnit38ClassRunner.run(JUnit38ClassRunner.java:101)
	at de.unisb.cs.st.javalanche.mutation.runtime.testDriver.junit.Junit4MutationTestDriver.runTest(Junit4MutationTestDriver.java:231)
	at de.unisb.cs.st.javalanche.mutation.runtime.testDriver.junit.Junit4MutationTestDriver.access$400(Junit4MutationTestDriver.java:59)
	at de.unisb.cs.st.javalanche.mutation.runtime.testDriver.junit.Junit4MutationTestDriver$1.run(Junit4MutationTestDriver.java:330)
	at java.util.concurrent.Executors$RunnableAdapter.call(Executors.java:441)
	at java.util.concurrent.FutureTask$Sync.innerRun(FutureTask.java:303)
	at java.util.concurrent.FutureTask.run(FutureTask.java:138)
	at java.lang.Thread.run(Thread.java:662)
java.lang.ArrayIndexOutOfBoundsException: -1
	at org.jfree.chart.plot.DefaultDrawingSupplier.writeObject(DefaultDrawingSupplier.java:444)
	at sun.reflect.GeneratedMethodAccessor59.invoke(Unknown Source)
	at sun.reflect.DelegatingMethodAccessorImpl.invoke(DelegatingMethodAccessorImpl.java:25)
	at java.lang.reflect.Method.invoke(Method.java:597)
	at java.io.ObjectStreamClass.invokeWriteObject(ObjectStreamClass.java:945)
	at java.io.ObjectOutputStream.writeSerialData(ObjectOutputStream.java:1469)
	at java.io.ObjectOutputStream.writeOrdinaryObject(ObjectOutputStream.java:1400)
	at java.io.ObjectOutputStream.writeObject0(ObjectOutputStream.java:1158)
	at java.io.ObjectOutputStream.defaultWriteFields(ObjectOutputStream.java:1518)
	at java.io.ObjectOutputStream.defaultWriteObject(ObjectOutputStream.java:422)
	at org.jfree.chart.plot.Plot.writeObject(Plot.java:1266)
	at sun.reflect.GeneratedMethodAccessor58.invoke(Unknown Source)
	at sun.reflect.DelegatingMethodAccessorImpl.invoke(DelegatingMethodAccessorImpl.java:25)
	at java.lang.reflect.Method.invoke(Method.java:597)
	at java.io.ObjectStreamClass.invokeWriteObject(ObjectStreamClass.java:945)
	at java.io.ObjectOutputStream.writeSerialData(ObjectOutputStream.java:1469)
	at java.io.ObjectOutputStream.writeOrdinaryObject(ObjectOutputStream.java:1400)
	at java.io.ObjectOutputStream.writeObject0(ObjectOutputStream.java:1158)
	at java.io.ObjectOutputStream.writeObject(ObjectOutputStream.java:330)
	at org.jfree.chart.plot.junit.MeterPlotTests.testSerialization2(MeterPlotTests.java:284)
	at sun.reflect.NativeMethodAccessorImpl.invoke0(Native Method)
	at sun.reflect.NativeMethodAccessorImpl.invoke(NativeMethodAccessorImpl.java:39)
	at sun.reflect.DelegatingMethodAccessorImpl.invoke(DelegatingMethodAccessorImpl.java:25)
	at java.lang.reflect.Method.invoke(Method.java:597)
	at junit.framework.TestCase.runTest(TestCase.java:168)
	at junit.framework.TestCase.runBare(TestCase.java:134)
	at junit.framework.TestResult$1.protect(TestResult.java:110)
	at junit.framework.TestResult.runProtected(TestResult.java:128)
	at junit.framework.TestResult.run(TestResult.java:113)
	at junit.framework.TestCase.run(TestCase.java:124)
	at junit.framework.TestSuite.runTest(TestSuite.java:243)
	at junit.framework.TestSuite.run(TestSuite.java:238)
	at org.junit.internal.runners.JUnit38ClassRunner.run(JUnit38ClassRunner.java:101)
	at de.unisb.cs.st.javalanche.mutation.runtime.testDriver.junit.Junit4MutationTestDriver.runTest(Junit4MutationTestDriver.java:231)
	at de.unisb.cs.st.javalanche.mutation.runtime.testDriver.junit.Junit4MutationTestDriver.access$400(Junit4MutationTestDriver.java:59)
	at de.unisb.cs.st.javalanche.mutation.runtime.testDriver.junit.Junit4MutationTestDriver$1.run(Junit4MutationTestDriver.java:330)
	at java.util.concurrent.Executors$RunnableAdapter.call(Executors.java:441)
	at java.util.concurrent.FutureTask$Sync.innerRun(FutureTask.java:303)
	at java.util.concurrent.FutureTask.run(FutureTask.java:138)
	at java.lang.Thread.run(Thread.java:662)
java.lang.ArrayIndexOutOfBoundsException: -1
	at org.jfree.chart.plot.DefaultDrawingSupplier.writeObject(DefaultDrawingSupplier.java:444)
	at sun.reflect.GeneratedMethodAccessor59.invoke(Unknown Source)
	at sun.reflect.DelegatingMethodAccessorImpl.invoke(DelegatingMethodAccessorImpl.java:25)
	at java.lang.reflect.Method.invoke(Method.java:597)
	at java.io.ObjectStreamClass.invokeWriteObject(ObjectStreamClass.java:945)
	at java.io.ObjectOutputStream.writeSerialData(ObjectOutputStream.java:1469)
	at java.io.ObjectOutputStream.writeOrdinaryObject(ObjectOutputStream.java:1400)
	at java.io.ObjectOutputStream.writeObject0(ObjectOutputStream.java:1158)
	at java.io.ObjectOutputStream.defaultWriteFields(ObjectOutputStream.java:1518)
	at java.io.ObjectOutputStream.defaultWriteObject(ObjectOutputStream.java:422)
	at org.jfree.chart.plot.Plot.writeObject(Plot.java:1266)
	at sun.reflect.GeneratedMethodAccessor58.invoke(Unknown Source)
	at sun.reflect.DelegatingMethodAccessorImpl.invoke(DelegatingMethodAccessorImpl.java:25)
	at java.lang.reflect.Method.invoke(Method.java:597)
	at java.io.ObjectStreamClass.invokeWriteObject(ObjectStreamClass.java:945)
	at java.io.ObjectOutputStream.writeSerialData(ObjectOutputStream.java:1469)
	at java.io.ObjectOutputStream.writeOrdinaryObject(ObjectOutputStream.java:1400)
	at java.io.ObjectOutputStream.writeObject0(ObjectOutputStream.java:1158)
	at java.io.ObjectOutputStream.writeObject(ObjectOutputStream.java:330)
	at org.jfree.chart.plot.junit.CombinedDomainCategoryPlotTests.testSerialization(CombinedDomainCategoryPlotTests.java:139)
	at sun.reflect.NativeMethodAccessorImpl.invoke0(Native Method)
	at sun.reflect.NativeMethodAccessorImpl.invoke(NativeMethodAccessorImpl.java:39)
	at sun.reflect.DelegatingMethodAccessorImpl.invoke(DelegatingMethodAccessorImpl.java:25)
	at java.lang.reflect.Method.invoke(Method.java:597)
	at junit.framework.TestCase.runTest(TestCase.java:168)
	at junit.framework.TestCase.runBare(TestCase.java:134)
	at junit.framework.TestResult$1.protect(TestResult.java:110)
	at junit.framework.TestResult.runProtected(TestResult.java:128)
	at junit.framework.TestResult.run(TestResult.java:113)
	at junit.framework.TestCase.run(TestCase.java:124)
	at junit.framework.TestSuite.runTest(TestSuite.java:243)
	at junit.framework.TestSuite.run(TestSuite.java:238)
	at org.junit.internal.runners.JUnit38ClassRunner.run(JUnit38ClassRunner.java:101)
	at de.unisb.cs.st.javalanche.mutation.runtime.testDriver.junit.Junit4MutationTestDriver.runTest(Junit4MutationTestDriver.java:231)
	at de.unisb.cs.st.javalanche.mutation.runtime.testDriver.junit.Junit4MutationTestDriver.access$400(Junit4MutationTestDriver.java:59)
	at de.unisb.cs.st.javalanche.mutation.runtime.testDriver.junit.Junit4MutationTestDriver$1.run(Junit4MutationTestDriver.java:330)
	at java.util.concurrent.Executors$RunnableAdapter.call(Executors.java:441)
	at java.util.concurrent.FutureTask$Sync.innerRun(FutureTask.java:303)
	at java.util.concurrent.FutureTask.run(FutureTask.java:138)
	at java.lang.Thread.run(Thread.java:662)
java.lang.ArrayIndexOutOfBoundsException: -1
	at org.jfree.chart.plot.DefaultDrawingSupplier.writeObject(DefaultDrawingSupplier.java:444)
	at sun.reflect.GeneratedMethodAccessor59.invoke(Unknown Source)
	at sun.reflect.DelegatingMethodAccessorImpl.invoke(DelegatingMethodAccessorImpl.java:25)
	at java.lang.reflect.Method.invoke(Method.java:597)
	at java.io.ObjectStreamClass.invokeWriteObject(ObjectStreamClass.java:945)
	at java.io.ObjectOutputStream.writeSerialData(ObjectOutputStream.java:1469)
	at java.io.ObjectOutputStream.writeOrdinaryObject(ObjectOutputStream.java:1400)
	at java.io.ObjectOutputStream.writeObject0(ObjectOutputStream.java:1158)
	at java.io.ObjectOutputStream.defaultWriteFields(ObjectOutputStream.java:1518)
	at java.io.ObjectOutputStream.defaultWriteObject(ObjectOutputStream.java:422)
	at org.jfree.chart.plot.Plot.writeObject(Plot.java:1266)
	at sun.reflect.GeneratedMethodAccessor58.invoke(Unknown Source)
	at sun.reflect.DelegatingMethodAccessorImpl.invoke(DelegatingMethodAccessorImpl.java:25)
	at java.lang.reflect.Method.invoke(Method.java:597)
	at java.io.ObjectStreamClass.invokeWriteObject(ObjectStreamClass.java:945)
	at java.io.ObjectOutputStream.writeSerialData(ObjectOutputStream.java:1469)
	at java.io.ObjectOutputStream.writeOrdinaryObject(ObjectOutputStream.java:1400)
	at java.io.ObjectOutputStream.writeObject0(ObjectOutputStream.java:1158)
	at java.io.ObjectOutputStream.writeObject(ObjectOutputStream.java:330)
	at org.jfree.chart.plot.junit.PolarPlotTests.testSerialization(PolarPlotTests.java:222)
	at sun.reflect.NativeMethodAccessorImpl.invoke0(Native Method)
	at sun.reflect.NativeMethodAccessorImpl.invoke(NativeMethodAccessorImpl.java:39)
	at sun.reflect.DelegatingMethodAccessorImpl.invoke(DelegatingMethodAccessorImpl.java:25)
	at java.lang.reflect.Method.invoke(Method.java:597)
	at junit.framework.TestCase.runTest(TestCase.java:168)
	at junit.framework.TestCase.runBare(TestCase.java:134)
	at junit.framework.TestResult$1.protect(TestResult.java:110)
	at junit.framework.TestResult.runProtected(TestResult.java:128)
	at junit.framework.TestResult.run(TestResult.java:113)
	at junit.framework.TestCase.run(TestCase.java:124)
	at junit.framework.TestSuite.runTest(TestSuite.java:243)
	at junit.framework.TestSuite.run(TestSuite.java:238)
	at org.junit.internal.runners.JUnit38ClassRunner.run(JUnit38ClassRunner.java:101)
	at de.unisb.cs.st.javalanche.mutation.runtime.testDriver.junit.Junit4MutationTestDriver.runTest(Junit4MutationTestDriver.java:231)
	at de.unisb.cs.st.javalanche.mutation.runtime.testDriver.junit.Junit4MutationTestDriver.access$400(Junit4MutationTestDriver.java:59)
	at de.unisb.cs.st.javalanche.mutation.runtime.testDriver.junit.Junit4MutationTestDriver$1.run(Junit4MutationTestDriver.java:330)
	at java.util.concurrent.Executors$RunnableAdapter.call(Executors.java:441)
	at java.util.concurrent.FutureTask$Sync.innerRun(FutureTask.java:303)
	at java.util.concurrent.FutureTask.run(FutureTask.java:138)
	at java.lang.Thread.run(Thread.java:662)
java.lang.ArrayIndexOutOfBoundsException: -1
	at org.jfree.chart.plot.DefaultDrawingSupplier.writeObject(DefaultDrawingSupplier.java:444)
	at sun.reflect.GeneratedMethodAccessor59.invoke(Unknown Source)
	at sun.reflect.DelegatingMethodAccessorImpl.invoke(DelegatingMethodAccessorImpl.java:25)
	at java.lang.reflect.Method.invoke(Method.java:597)
	at java.io.ObjectStreamClass.invokeWriteObject(ObjectStreamClass.java:945)
	at java.io.ObjectOutputStream.writeSerialData(ObjectOutputStream.java:1469)
	at java.io.ObjectOutputStream.writeOrdinaryObject(ObjectOutputStream.java:1400)
	at java.io.ObjectOutputStream.writeObject0(ObjectOutputStream.java:1158)
	at java.io.ObjectOutputStream.defaultWriteFields(ObjectOutputStream.java:1518)
	at java.io.ObjectOutputStream.defaultWriteObject(ObjectOutputStream.java:422)
	at org.jfree.chart.plot.Plot.writeObject(Plot.java:1266)
	at sun.reflect.GeneratedMethodAccessor58.invoke(Unknown Source)
	at sun.reflect.DelegatingMethodAccessorImpl.invoke(DelegatingMethodAccessorImpl.java:25)
	at java.lang.reflect.Method.invoke(Method.java:597)
	at java.io.ObjectStreamClass.invokeWriteObject(ObjectStreamClass.java:945)
	at java.io.ObjectOutputStream.writeSerialData(ObjectOutputStream.java:1469)
	at java.io.ObjectOutputStream.writeOrdinaryObject(ObjectOutputStream.java:1400)
	at java.io.ObjectOutputStream.writeObject0(ObjectOutputStream.java:1158)
	at java.io.ObjectOutputStream.writeObject(ObjectOutputStream.java:330)
	at org.jfree.chart.plot.junit.MultiplePiePlotTests.testSerialization(MultiplePiePlotTests.java:152)
	at sun.reflect.NativeMethodAccessorImpl.invoke0(Native Method)
	at sun.reflect.NativeMethodAccessorImpl.invoke(NativeMethodAccessorImpl.java:39)
	at sun.reflect.DelegatingMethodAccessorImpl.invoke(DelegatingMethodAccessorImpl.java:25)
	at java.lang.reflect.Method.invoke(Method.java:597)
	at junit.framework.TestCase.runTest(TestCase.java:168)
	at junit.framework.TestCase.runBare(TestCase.java:134)
	at junit.framework.TestResult$1.protect(TestResult.java:110)
	at junit.framework.TestResult.runProtected(TestResult.java:128)
	at junit.framework.TestResult.run(TestResult.java:113)
	at junit.framework.TestCase.run(TestCase.java:124)
	at junit.framework.TestSuite.runTest(TestSuite.java:243)
	at junit.framework.TestSuite.run(TestSuite.java:238)
	at org.junit.internal.runners.JUnit38ClassRunner.run(JUnit38ClassRunner.java:101)
	at de.unisb.cs.st.javalanche.mutation.runtime.testDriver.junit.Junit4MutationTestDriver.runTest(Junit4MutationTestDriver.java:231)
	at de.unisb.cs.st.javalanche.mutation.runtime.testDriver.junit.Junit4MutationTestDriver.access$400(Junit4MutationTestDriver.java:59)
	at de.unisb.cs.st.javalanche.mutation.runtime.testDriver.junit.Junit4MutationTestDriver$1.run(Junit4MutationTestDriver.java:330)
	at java.util.concurrent.Executors$RunnableAdapter.call(Executors.java:441)
	at java.util.concurrent.FutureTask$Sync.innerRun(FutureTask.java:303)
	at java.util.concurrent.FutureTask.run(FutureTask.java:138)
	at java.lang.Thread.run(Thread.java:662)
java.lang.ArrayIndexOutOfBoundsException: -1
	at org.jfree.chart.plot.DefaultDrawingSupplier.writeObject(DefaultDrawingSupplier.java:444)
	at sun.reflect.GeneratedMethodAccessor59.invoke(Unknown Source)
	at sun.reflect.DelegatingMethodAccessorImpl.invoke(DelegatingMethodAccessorImpl.java:25)
	at java.lang.reflect.Method.invoke(Method.java:597)
	at java.io.ObjectStreamClass.invokeWriteObject(ObjectStreamClass.java:945)
	at java.io.ObjectOutputStream.writeSerialData(ObjectOutputStream.java:1469)
	at java.io.ObjectOutputStream.writeOrdinaryObject(ObjectOutputStream.java:1400)
	at java.io.ObjectOutputStream.writeObject0(ObjectOutputStream.java:1158)
	at java.io.ObjectOutputStream.defaultWriteFields(ObjectOutputStream.java:1518)
	at java.io.ObjectOutputStream.defaultWriteObject(ObjectOutputStream.java:422)
	at org.jfree.chart.plot.Plot.writeObject(Plot.java:1266)
	at sun.reflect.GeneratedMethodAccessor58.invoke(Unknown Source)
	at sun.reflect.DelegatingMethodAccessorImpl.invoke(DelegatingMethodAccessorImpl.java:25)
	at java.lang.reflect.Method.invoke(Method.java:597)
	at java.io.ObjectStreamClass.invokeWriteObject(ObjectStreamClass.java:945)
	at java.io.ObjectOutputStream.writeSerialData(ObjectOutputStream.java:1469)
	at java.io.ObjectOutputStream.writeOrdinaryObject(ObjectOutputStream.java:1400)
	at java.io.ObjectOutputStream.writeObject0(ObjectOutputStream.java:1158)
	at java.io.ObjectOutputStream.writeObject(ObjectOutputStream.java:330)
	at org.jfree.chart.plot.junit.ThermometerPlotTests.testSerialization2(ThermometerPlotTests.java:253)
	at sun.reflect.NativeMethodAccessorImpl.invoke0(Native Method)
	at sun.reflect.NativeMethodAccessorImpl.invoke(NativeMethodAccessorImpl.java:39)
	at sun.reflect.DelegatingMethodAccessorImpl.invoke(DelegatingMethodAccessorImpl.java:25)
	at java.lang.reflect.Method.invoke(Method.java:597)
	at junit.framework.TestCase.runTest(TestCase.java:168)
	at junit.framework.TestCase.runBare(TestCase.java:134)
	at junit.framework.TestResult$1.protect(TestResult.java:110)
	at junit.framework.TestResult.runProtected(TestResult.java:128)
	at junit.framework.TestResult.run(TestResult.java:113)
	at junit.framework.TestCase.run(TestCase.java:124)
	at junit.framework.TestSuite.runTest(TestSuite.java:243)
	at junit.framework.TestSuite.run(TestSuite.java:238)
	at org.junit.internal.runners.JUnit38ClassRunner.run(JUnit38ClassRunner.java:101)
	at de.unisb.cs.st.javalanche.mutation.runtime.testDriver.junit.Junit4MutationTestDriver.runTest(Junit4MutationTestDriver.java:231)
	at de.unisb.cs.st.javalanche.mutation.runtime.testDriver.junit.Junit4MutationTestDriver.access$400(Junit4MutationTestDriver.java:59)
	at de.unisb.cs.st.javalanche.mutation.runtime.testDriver.junit.Junit4MutationTestDriver$1.run(Junit4MutationTestDriver.java:330)
	at java.util.concurrent.Executors$RunnableAdapter.call(Executors.java:441)
	at java.util.concurrent.FutureTask$Sync.innerRun(FutureTask.java:303)
	at java.util.concurrent.FutureTask.run(FutureTask.java:138)
	at java.lang.Thread.run(Thread.java:662)
java.lang.ArrayIndexOutOfBoundsException: -1
	at org.jfree.chart.plot.DefaultDrawingSupplier.writeObject(DefaultDrawingSupplier.java:444)
	at sun.reflect.GeneratedMethodAccessor59.invoke(Unknown Source)
	at sun.reflect.DelegatingMethodAccessorImpl.invoke(DelegatingMethodAccessorImpl.java:25)
	at java.lang.reflect.Method.invoke(Method.java:597)
	at java.io.ObjectStreamClass.invokeWriteObject(ObjectStreamClass.java:945)
	at java.io.ObjectOutputStream.writeSerialData(ObjectOutputStream.java:1469)
	at java.io.ObjectOutputStream.writeOrdinaryObject(ObjectOutputStream.java:1400)
	at java.io.ObjectOutputStream.writeObject0(ObjectOutputStream.java:1158)
	at java.io.ObjectOutputStream.defaultWriteFields(ObjectOutputStream.java:1518)
	at java.io.ObjectOutputStream.defaultWriteObject(ObjectOutputStream.java:422)
	at org.jfree.chart.plot.Plot.writeObject(Plot.java:1266)
	at sun.reflect.GeneratedMethodAccessor58.invoke(Unknown Source)
	at sun.reflect.DelegatingMethodAccessorImpl.invoke(DelegatingMethodAccessorImpl.java:25)
	at java.lang.reflect.Method.invoke(Method.java:597)
	at java.io.ObjectStreamClass.invokeWriteObject(ObjectStreamClass.java:945)
	at java.io.ObjectOutputStream.writeSerialData(ObjectOutputStream.java:1469)
	at java.io.ObjectOutputStream.writeOrdinaryObject(ObjectOutputStream.java:1400)
	at java.io.ObjectOutputStream.writeObject0(ObjectOutputStream.java:1158)
	at java.io.ObjectOutputStream.writeObject(ObjectOutputStream.java:330)
	at org.jfree.chart.plot.junit.MeterPlotTests.testSerialization1(MeterPlotTests.java:261)
	at sun.reflect.NativeMethodAccessorImpl.invoke0(Native Method)
	at sun.reflect.NativeMethodAccessorImpl.invoke(NativeMethodAccessorImpl.java:39)
	at sun.reflect.DelegatingMethodAccessorImpl.invoke(DelegatingMethodAccessorImpl.java:25)
	at java.lang.reflect.Method.invoke(Method.java:597)
	at junit.framework.TestCase.runTest(TestCase.java:168)
	at junit.framework.TestCase.runBare(TestCase.java:134)
	at junit.framework.TestResult$1.protect(TestResult.java:110)
	at junit.framework.TestResult.runProtected(TestResult.java:128)
	at junit.framework.TestResult.run(TestResult.java:113)
	at junit.framework.TestCase.run(TestCase.java:124)
	at junit.framework.TestSuite.runTest(TestSuite.java:243)
	at junit.framework.TestSuite.run(TestSuite.java:238)
	at org.junit.internal.runners.JUnit38ClassRunner.run(JUnit38ClassRunner.java:101)
	at de.unisb.cs.st.javalanche.mutation.runtime.testDriver.junit.Junit4MutationTestDriver.runTest(Junit4MutationTestDriver.java:231)
	at de.unisb.cs.st.javalanche.mutation.runtime.testDriver.junit.Junit4MutationTestDriver.access$400(Junit4MutationTestDriver.java:59)
	at de.unisb.cs.st.javalanche.mutation.runtime.testDriver.junit.Junit4MutationTestDriver$1.run(Junit4MutationTestDriver.java:330)
	at java.util.concurrent.Executors$RunnableAdapter.call(Executors.java:441)
	at java.util.concurrent.FutureTask$Sync.innerRun(FutureTask.java:303)
	at java.util.concurrent.FutureTask.run(FutureTask.java:138)
	at java.lang.Thread.run(Thread.java:662)
java.lang.ArrayIndexOutOfBoundsException: -1
	at org.jfree.chart.plot.DefaultDrawingSupplier.writeObject(DefaultDrawingSupplier.java:444)
	at sun.reflect.GeneratedMethodAccessor59.invoke(Unknown Source)
	at sun.reflect.DelegatingMethodAccessorImpl.invoke(DelegatingMethodAccessorImpl.java:25)
	at java.lang.reflect.Method.invoke(Method.java:597)
	at java.io.ObjectStreamClass.invokeWriteObject(ObjectStreamClass.java:945)
	at java.io.ObjectOutputStream.writeSerialData(ObjectOutputStream.java:1469)
	at java.io.ObjectOutputStream.writeOrdinaryObject(ObjectOutputStream.java:1400)
	at java.io.ObjectOutputStream.writeObject0(ObjectOutputStream.java:1158)
	at java.io.ObjectOutputStream.defaultWriteFields(ObjectOutputStream.java:1518)
	at java.io.ObjectOutputStream.defaultWriteObject(ObjectOutputStream.java:422)
	at org.jfree.chart.plot.Plot.writeObject(Plot.java:1266)
	at sun.reflect.GeneratedMethodAccessor58.invoke(Unknown Source)
	at sun.reflect.DelegatingMethodAccessorImpl.invoke(DelegatingMethodAccessorImpl.java:25)
	at java.lang.reflect.Method.invoke(Method.java:597)
	at java.io.ObjectStreamClass.invokeWriteObject(ObjectStreamClass.java:945)
	at java.io.ObjectOutputStream.writeSerialData(ObjectOutputStream.java:1469)
	at java.io.ObjectOutputStream.writeOrdinaryObject(ObjectOutputStream.java:1400)
	at java.io.ObjectOutputStream.writeObject0(ObjectOutputStream.java:1158)
	at java.io.ObjectOutputStream.writeObject(ObjectOutputStream.java:330)
	at org.jfree.chart.plot.junit.PiePlotTests.testSerialization(PiePlotTests.java:558)
	at sun.reflect.NativeMethodAccessorImpl.invoke0(Native Method)
	at sun.reflect.NativeMethodAccessorImpl.invoke(NativeMethodAccessorImpl.java:39)
	at sun.reflect.DelegatingMethodAccessorImpl.invoke(DelegatingMethodAccessorImpl.java:25)
	at java.lang.reflect.Method.invoke(Method.java:597)
	at junit.framework.TestCase.runTest(TestCase.java:168)
	at junit.framework.TestCase.runBare(TestCase.java:134)
	at junit.framework.TestResult$1.protect(TestResult.java:110)
	at junit.framework.TestResult.runProtected(TestResult.java:128)
	at junit.framework.TestResult.run(TestResult.java:113)
	at junit.framework.TestCase.run(TestCase.java:124)
	at junit.framework.TestSuite.runTest(TestSuite.java:243)
	at junit.framework.TestSuite.run(TestSuite.java:238)
	at org.junit.internal.runners.JUnit38ClassRunner.run(JUnit38ClassRunner.java:101)
	at de.unisb.cs.st.javalanche.mutation.runtime.testDriver.junit.Junit4MutationTestDriver.runTest(Junit4MutationTestDriver.java:231)
	at de.unisb.cs.st.javalanche.mutation.runtime.testDriver.junit.Junit4MutationTestDriver.access$400(Junit4MutationTestDriver.java:59)
	at de.unisb.cs.st.javalanche.mutation.runtime.testDriver.junit.Junit4MutationTestDriver$1.run(Junit4MutationTestDriver.java:330)
	at java.util.concurrent.Executors$RunnableAdapter.call(Executors.java:441)
	at java.util.concurrent.FutureTask$Sync.innerRun(FutureTask.java:303)
	at java.util.concurrent.FutureTask.run(FutureTask.java:138)
	at java.lang.Thread.run(Thread.java:662)
java.lang.ArrayIndexOutOfBoundsException: -1
	at org.jfree.chart.plot.DefaultDrawingSupplier.writeObject(DefaultDrawingSupplier.java:444)
	at sun.reflect.GeneratedMethodAccessor59.invoke(Unknown Source)
	at sun.reflect.DelegatingMethodAccessorImpl.invoke(DelegatingMethodAccessorImpl.java:25)
	at java.lang.reflect.Method.invoke(Method.java:597)
	at java.io.ObjectStreamClass.invokeWriteObject(ObjectStreamClass.java:945)
	at java.io.ObjectOutputStream.writeSerialData(ObjectOutputStream.java:1469)
	at java.io.ObjectOutputStream.writeOrdinaryObject(ObjectOutputStream.java:1400)
	at java.io.ObjectOutputStream.writeObject0(ObjectOutputStream.java:1158)
	at java.io.ObjectOutputStream.defaultWriteFields(ObjectOutputStream.java:1518)
	at java.io.ObjectOutputStream.defaultWriteObject(ObjectOutputStream.java:422)
	at org.jfree.chart.plot.Plot.writeObject(Plot.java:1266)
	at sun.reflect.GeneratedMethodAccessor58.invoke(Unknown Source)
	at sun.reflect.DelegatingMethodAccessorImpl.invoke(DelegatingMethodAccessorImpl.java:25)
	at java.lang.reflect.Method.invoke(Method.java:597)
	at java.io.ObjectStreamClass.invokeWriteObject(ObjectStreamClass.java:945)
	at java.io.ObjectOutputStream.writeSerialData(ObjectOutputStream.java:1469)
	at java.io.ObjectOutputStream.writeOrdinaryObject(ObjectOutputStream.java:1400)
	at java.io.ObjectOutputStream.writeObject0(ObjectOutputStream.java:1158)
	at java.io.ObjectOutputStream.defaultWriteFields(ObjectOutputStream.java:1518)
	at java.io.ObjectOutputStream.defaultWriteObject(ObjectOutputStream.java:422)
	at org.jfree.chart.JFreeChart.writeObject(JFreeChart.java:1631)
	at sun.reflect.GeneratedMethodAccessor100.invoke(Unknown Source)
	at sun.reflect.DelegatingMethodAccessorImpl.invoke(DelegatingMethodAccessorImpl.java:25)
	at java.lang.reflect.Method.invoke(Method.java:597)
	at java.io.ObjectStreamClass.invokeWriteObject(ObjectStreamClass.java:945)
	at java.io.ObjectOutputStream.writeSerialData(ObjectOutputStream.java:1469)
	at java.io.ObjectOutputStream.writeOrdinaryObject(ObjectOutputStream.java:1400)
	at java.io.ObjectOutputStream.writeObject0(ObjectOutputStream.java:1158)
	at java.io.ObjectOutputStream.writeObject(ObjectOutputStream.java:330)
	at org.jfree.chart.junit.JFreeChartTests.testSerialization2(JFreeChartTests.java:337)
	at sun.reflect.NativeMethodAccessorImpl.invoke0(Native Method)
	at sun.reflect.NativeMethodAccessorImpl.invoke(NativeMethodAccessorImpl.java:39)
	at sun.reflect.DelegatingMethodAccessorImpl.invoke(DelegatingMethodAccessorImpl.java:25)
	at java.lang.reflect.Method.invoke(Method.java:597)
	at junit.framework.TestCase.runTest(TestCase.java:168)
	at junit.framework.TestCase.runBare(TestCase.java:134)
	at junit.framework.TestResult$1.protect(TestResult.java:110)
	at junit.framework.TestResult.runProtected(TestResult.java:128)
	at junit.framework.TestResult.run(TestResult.java:113)
	at junit.framework.TestCase.run(TestCase.java:124)
	at junit.framework.TestSuite.runTest(TestSuite.java:243)
	at junit.framework.TestSuite.run(TestSuite.java:238)
	at org.junit.internal.runners.JUnit38ClassRunner.run(JUnit38ClassRunner.java:101)
	at de.unisb.cs.st.javalanche.mutation.runtime.testDriver.junit.Junit4MutationTestDriver.runTest(Junit4MutationTestDriver.java:231)
	at de.unisb.cs.st.javalanche.mutation.runtime.testDriver.junit.Junit4MutationTestDriver.access$400(Junit4MutationTestDriver.java:59)
	at de.unisb.cs.st.javalanche.mutation.runtime.testDriver.junit.Junit4MutationTestDriver$1.run(Junit4MutationTestDriver.java:330)
	at java.util.concurrent.Executors$RunnableAdapter.call(Executors.java:441)
	at java.util.concurrent.FutureTask$Sync.innerRun(FutureTask.java:303)
	at java.util.concurrent.FutureTask.run(FutureTask.java:138)
	at java.lang.Thread.run(Thread.java:662)
java.lang.ArrayIndexOutOfBoundsException: -1
	at org.jfree.chart.plot.DefaultDrawingSupplier.writeObject(DefaultDrawingSupplier.java:444)
	at sun.reflect.GeneratedMethodAccessor59.invoke(Unknown Source)
	at sun.reflect.DelegatingMethodAccessorImpl.invoke(DelegatingMethodAccessorImpl.java:25)
	at java.lang.reflect.Method.invoke(Method.java:597)
	at java.io.ObjectStreamClass.invokeWriteObject(ObjectStreamClass.java:945)
	at java.io.ObjectOutputStream.writeSerialData(ObjectOutputStream.java:1469)
	at java.io.ObjectOutputStream.writeOrdinaryObject(ObjectOutputStream.java:1400)
	at java.io.ObjectOutputStream.writeObject0(ObjectOutputStream.java:1158)
	at java.io.ObjectOutputStream.defaultWriteFields(ObjectOutputStream.java:1518)
	at java.io.ObjectOutputStream.defaultWriteObject(ObjectOutputStream.java:422)
	at org.jfree.chart.plot.Plot.writeObject(Plot.java:1266)
	at sun.reflect.GeneratedMethodAccessor58.invoke(Unknown Source)
	at sun.reflect.DelegatingMethodAccessorImpl.invoke(DelegatingMethodAccessorImpl.java:25)
	at java.lang.reflect.Method.invoke(Method.java:597)
	at java.io.ObjectStreamClass.invokeWriteObject(ObjectStreamClass.java:945)
	at java.io.ObjectOutputStream.writeSerialData(ObjectOutputStream.java:1469)
	at java.io.ObjectOutputStream.writeOrdinaryObject(ObjectOutputStream.java:1400)
	at java.io.ObjectOutputStream.writeObject0(ObjectOutputStream.java:1158)
	at java.io.ObjectOutputStream.defaultWriteFields(ObjectOutputStream.java:1518)
	at java.io.ObjectOutputStream.defaultWriteObject(ObjectOutputStream.java:422)
	at org.jfree.chart.JFreeChart.writeObject(JFreeChart.java:1631)
	at sun.reflect.GeneratedMethodAccessor100.invoke(Unknown Source)
	at sun.reflect.DelegatingMethodAccessorImpl.invoke(DelegatingMethodAccessorImpl.java:25)
	at java.lang.reflect.Method.invoke(Method.java:597)
	at java.io.ObjectStreamClass.invokeWriteObject(ObjectStreamClass.java:945)
	at java.io.ObjectOutputStream.writeSerialData(ObjectOutputStream.java:1469)
	at java.io.ObjectOutputStream.writeOrdinaryObject(ObjectOutputStream.java:1400)
	at java.io.ObjectOutputStream.writeObject0(ObjectOutputStream.java:1158)
	at java.io.ObjectOutputStream.writeObject(ObjectOutputStream.java:330)
	at org.jfree.chart.junit.JFreeChartTests.testSerialization1(JFreeChartTests.java:304)
	at sun.reflect.NativeMethodAccessorImpl.invoke0(Native Method)
	at sun.reflect.NativeMethodAccessorImpl.invoke(NativeMethodAccessorImpl.java:39)
	at sun.reflect.DelegatingMethodAccessorImpl.invoke(DelegatingMethodAccessorImpl.java:25)
	at java.lang.reflect.Method.invoke(Method.java:597)
	at junit.framework.TestCase.runTest(TestCase.java:168)
	at junit.framework.TestCase.runBare(TestCase.java:134)
	at junit.framework.TestResult$1.protect(TestResult.java:110)
	at junit.framework.TestResult.runProtected(TestResult.java:128)
	at junit.framework.TestResult.run(TestResult.java:113)
	at junit.framework.TestCase.run(TestCase.java:124)
	at junit.framework.TestSuite.runTest(TestSuite.java:243)
	at junit.framework.TestSuite.run(TestSuite.java:238)
	at org.junit.internal.runners.JUnit38ClassRunner.run(JUnit38ClassRunner.java:101)
	at de.unisb.cs.st.javalanche.mutation.runtime.testDriver.junit.Junit4MutationTestDriver.runTest(Junit4MutationTestDriver.java:231)
	at de.unisb.cs.st.javalanche.mutation.runtime.testDriver.junit.Junit4MutationTestDriver.access$400(Junit4MutationTestDriver.java:59)
	at de.unisb.cs.st.javalanche.mutation.runtime.testDriver.junit.Junit4MutationTestDriver$1.run(Junit4MutationTestDriver.java:330)
	at java.util.concurrent.Executors$RunnableAdapter.call(Executors.java:441)
	at java.util.concurrent.FutureTask$Sync.innerRun(FutureTask.java:303)
	at java.util.concurrent.FutureTask.run(FutureTask.java:138)
	at java.lang.Thread.run(Thread.java:662)
java.lang.ArrayIndexOutOfBoundsException: -1
	at org.jfree.chart.plot.DefaultDrawingSupplier.writeObject(DefaultDrawingSupplier.java:444)
	at sun.reflect.GeneratedMethodAccessor59.invoke(Unknown Source)
	at sun.reflect.DelegatingMethodAccessorImpl.invoke(DelegatingMethodAccessorImpl.java:25)
	at java.lang.reflect.Method.invoke(Method.java:597)
	at java.io.ObjectStreamClass.invokeWriteObject(ObjectStreamClass.java:945)
	at java.io.ObjectOutputStream.writeSerialData(ObjectOutputStream.java:1469)
	at java.io.ObjectOutputStream.writeOrdinaryObject(ObjectOutputStream.java:1400)
	at java.io.ObjectOutputStream.writeObject0(ObjectOutputStream.java:1158)
	at java.io.ObjectOutputStream.defaultWriteFields(ObjectOutputStream.java:1518)
	at java.io.ObjectOutputStream.defaultWriteObject(ObjectOutputStream.java:422)
	at org.jfree.chart.plot.Plot.writeObject(Plot.java:1266)
	at sun.reflect.GeneratedMethodAccessor58.invoke(Unknown Source)
	at sun.reflect.DelegatingMethodAccessorImpl.invoke(DelegatingMethodAccessorImpl.java:25)
	at java.lang.reflect.Method.invoke(Method.java:597)
	at java.io.ObjectStreamClass.invokeWriteObject(ObjectStreamClass.java:945)
	at java.io.ObjectOutputStream.writeSerialData(ObjectOutputStream.java:1469)
	at java.io.ObjectOutputStream.writeOrdinaryObject(ObjectOutputStream.java:1400)
	at java.io.ObjectOutputStream.writeObject0(ObjectOutputStream.java:1158)
	at java.io.ObjectOutputStream.writeObject(ObjectOutputStream.java:330)
	at org.jfree.chart.plot.junit.CombinedDomainXYPlotTests.testSerialization(CombinedDomainXYPlotTests.java:152)
	at sun.reflect.NativeMethodAccessorImpl.invoke0(Native Method)
	at sun.reflect.NativeMethodAccessorImpl.invoke(NativeMethodAccessorImpl.java:39)
	at sun.reflect.DelegatingMethodAccessorImpl.invoke(DelegatingMethodAccessorImpl.java:25)
	at java.lang.reflect.Method.invoke(Method.java:597)
	at junit.framework.TestCase.runTest(TestCase.java:168)
	at junit.framework.TestCase.runBare(TestCase.java:134)
	at junit.framework.TestResult$1.protect(TestResult.java:110)
	at junit.framework.TestResult.runProtected(TestResult.java:128)
	at junit.framework.TestResult.run(TestResult.java:113)
	at junit.framework.TestCase.run(TestCase.java:124)
	at junit.framework.TestSuite.runTest(TestSuite.java:243)
	at junit.framework.TestSuite.run(TestSuite.java:238)
	at org.junit.internal.runners.JUnit38ClassRunner.run(JUnit38ClassRunner.java:101)
	at de.unisb.cs.st.javalanche.mutation.runtime.testDriver.junit.Junit4MutationTestDriver.runTest(Junit4MutationTestDriver.java:231)
	at de.unisb.cs.st.javalanche.mutation.runtime.testDriver.junit.Junit4MutationTestDriver.access$400(Junit4MutationTestDriver.java:59)
	at de.unisb.cs.st.javalanche.mutation.runtime.testDriver.junit.Junit4MutationTestDriver$1.run(Junit4MutationTestDriver.java:330)
	at java.util.concurrent.Executors$RunnableAdapter.call(Executors.java:441)
	at java.util.concurrent.FutureTask$Sync.innerRun(FutureTask.java:303)
	at java.util.concurrent.FutureTask.run(FutureTask.java:138)
	at java.lang.Thread.run(Thread.java:662)
java.lang.ArrayIndexOutOfBoundsException: -1
	at org.jfree.chart.plot.DefaultDrawingSupplier.writeObject(DefaultDrawingSupplier.java:444)
	at sun.reflect.GeneratedMethodAccessor59.invoke(Unknown Source)
	at sun.reflect.DelegatingMethodAccessorImpl.invoke(DelegatingMethodAccessorImpl.java:25)
	at java.lang.reflect.Method.invoke(Method.java:597)
	at java.io.ObjectStreamClass.invokeWriteObject(ObjectStreamClass.java:945)
	at java.io.ObjectOutputStream.writeSerialData(ObjectOutputStream.java:1469)
	at java.io.ObjectOutputStream.writeOrdinaryObject(ObjectOutputStream.java:1400)
	at java.io.ObjectOutputStream.writeObject0(ObjectOutputStream.java:1158)
	at java.io.ObjectOutputStream.defaultWriteFields(ObjectOutputStream.java:1518)
	at java.io.ObjectOutputStream.defaultWriteObject(ObjectOutputStream.java:422)
	at org.jfree.chart.plot.Plot.writeObject(Plot.java:1266)
	at sun.reflect.GeneratedMethodAccessor58.invoke(Unknown Source)
	at sun.reflect.DelegatingMethodAccessorImpl.invoke(DelegatingMethodAccessorImpl.java:25)
	at java.lang.reflect.Method.invoke(Method.java:597)
	at java.io.ObjectStreamClass.invokeWriteObject(ObjectStreamClass.java:945)
	at java.io.ObjectOutputStream.writeSerialData(ObjectOutputStream.java:1469)
	at java.io.ObjectOutputStream.writeOrdinaryObject(ObjectOutputStream.java:1400)
	at java.io.ObjectOutputStream.writeObject0(ObjectOutputStream.java:1158)
	at java.io.ObjectOutputStream.defaultWriteFields(ObjectOutputStream.java:1518)
	at java.io.ObjectOutputStream.defaultWriteObject(ObjectOutputStream.java:422)
	at org.jfree.chart.JFreeChart.writeObject(JFreeChart.java:1631)
	at sun.reflect.GeneratedMethodAccessor100.invoke(Unknown Source)
	at sun.reflect.DelegatingMethodAccessorImpl.invoke(DelegatingMethodAccessorImpl.java:25)
	at java.lang.reflect.Method.invoke(Method.java:597)
	at java.io.ObjectStreamClass.invokeWriteObject(ObjectStreamClass.java:945)
	at java.io.ObjectOutputStream.writeSerialData(ObjectOutputStream.java:1469)
	at java.io.ObjectOutputStream.writeOrdinaryObject(ObjectOutputStream.java:1400)
	at java.io.ObjectOutputStream.writeObject0(ObjectOutputStream.java:1158)
	at java.io.ObjectOutputStream.writeObject(ObjectOutputStream.java:330)
	at org.jfree.chart.junit.JFreeChartTests.testSerialization4(JFreeChartTests.java:454)
	at sun.reflect.GeneratedMethodAccessor184.invoke(Unknown Source)
	at sun.reflect.DelegatingMethodAccessorImpl.invoke(DelegatingMethodAccessorImpl.java:25)
	at java.lang.reflect.Method.invoke(Method.java:597)
	at junit.framework.TestCase.runTest(TestCase.java:168)
	at junit.framework.TestCase.runBare(TestCase.java:134)
	at junit.framework.TestResult$1.protect(TestResult.java:110)
	at junit.framework.TestResult.runProtected(TestResult.java:128)
	at junit.framework.TestResult.run(TestResult.java:113)
	at junit.framework.TestCase.run(TestCase.java:124)
	at junit.framework.TestSuite.runTest(TestSuite.java:243)
	at junit.framework.TestSuite.run(TestSuite.java:238)
	at org.junit.internal.runners.JUnit38ClassRunner.run(JUnit38ClassRunner.java:101)
	at de.unisb.cs.st.javalanche.mutation.runtime.testDriver.junit.Junit4MutationTestDriver.runTest(Junit4MutationTestDriver.java:231)
	at de.unisb.cs.st.javalanche.mutation.runtime.testDriver.junit.Junit4MutationTestDriver.access$400(Junit4MutationTestDriver.java:59)
	at de.unisb.cs.st.javalanche.mutation.runtime.testDriver.junit.Junit4MutationTestDriver$1.run(Junit4MutationTestDriver.java:330)
	at java.util.concurrent.Executors$RunnableAdapter.call(Executors.java:441)
	at java.util.concurrent.FutureTask$Sync.innerRun(FutureTask.java:303)
	at java.util.concurrent.FutureTask.run(FutureTask.java:138)
	at java.lang.Thread.run(Thread.java:662)
java.lang.ArrayIndexOutOfBoundsException: -1
	at org.jfree.chart.plot.DefaultDrawingSupplier.writeObject(DefaultDrawingSupplier.java:444)
	at sun.reflect.GeneratedMethodAccessor59.invoke(Unknown Source)
	at sun.reflect.DelegatingMethodAccessorImpl.invoke(DelegatingMethodAccessorImpl.java:25)
	at java.lang.reflect.Method.invoke(Method.java:597)
	at java.io.ObjectStreamClass.invokeWriteObject(ObjectStreamClass.java:945)
	at java.io.ObjectOutputStream.writeSerialData(ObjectOutputStream.java:1469)
	at java.io.ObjectOutputStream.writeOrdinaryObject(ObjectOutputStream.java:1400)
	at java.io.ObjectOutputStream.writeObject0(ObjectOutputStream.java:1158)
	at java.io.ObjectOutputStream.defaultWriteFields(ObjectOutputStream.java:1518)
	at java.io.ObjectOutputStream.defaultWriteObject(ObjectOutputStream.java:422)
	at org.jfree.chart.plot.Plot.writeObject(Plot.java:1266)
	at sun.reflect.GeneratedMethodAccessor58.invoke(Unknown Source)
	at sun.reflect.DelegatingMethodAccessorImpl.invoke(DelegatingMethodAccessorImpl.java:25)
	at java.lang.reflect.Method.invoke(Method.java:597)
	at java.io.ObjectStreamClass.invokeWriteObject(ObjectStreamClass.java:945)
	at java.io.ObjectOutputStream.writeSerialData(ObjectOutputStream.java:1469)
	at java.io.ObjectOutputStream.writeOrdinaryObject(ObjectOutputStream.java:1400)
	at java.io.ObjectOutputStream.writeObject0(ObjectOutputStream.java:1158)
	at java.io.ObjectOutputStream.defaultWriteFields(ObjectOutputStream.java:1518)
	at java.io.ObjectOutputStream.defaultWriteObject(ObjectOutputStream.java:422)
	at org.jfree.chart.JFreeChart.writeObject(JFreeChart.java:1631)
	at sun.reflect.GeneratedMethodAccessor100.invoke(Unknown Source)
	at sun.reflect.DelegatingMethodAccessorImpl.invoke(DelegatingMethodAccessorImpl.java:25)
	at java.lang.reflect.Method.invoke(Method.java:597)
	at java.io.ObjectStreamClass.invokeWriteObject(ObjectStreamClass.java:945)
	at java.io.ObjectOutputStream.writeSerialData(ObjectOutputStream.java:1469)
	at java.io.ObjectOutputStream.writeOrdinaryObject(ObjectOutputStream.java:1400)
	at java.io.ObjectOutputStream.writeObject0(ObjectOutputStream.java:1158)
	at java.io.ObjectOutputStream.writeObject(ObjectOutputStream.java:330)
	at org.jfree.chart.junit.JFreeChartTests.testSerialization3(JFreeChartTests.java:419)
	at sun.reflect.NativeMethodAccessorImpl.invoke0(Native Method)
	at sun.reflect.NativeMethodAccessorImpl.invoke(NativeMethodAccessorImpl.java:39)
	at sun.reflect.DelegatingMethodAccessorImpl.invoke(DelegatingMethodAccessorImpl.java:25)
	at java.lang.reflect.Method.invoke(Method.java:597)
	at junit.framework.TestCase.runTest(TestCase.java:168)
	at junit.framework.TestCase.runBare(TestCase.java:134)
	at junit.framework.TestResult$1.protect(TestResult.java:110)
	at junit.framework.TestResult.runProtected(TestResult.java:128)
	at junit.framework.TestResult.run(TestResult.java:113)
	at junit.framework.TestCase.run(TestCase.java:124)
	at junit.framework.TestSuite.runTest(TestSuite.java:243)
	at junit.framework.TestSuite.run(TestSuite.java:238)
	at org.junit.internal.runners.JUnit38ClassRunner.run(JUnit38ClassRunner.java:101)
	at de.unisb.cs.st.javalanche.mutation.runtime.testDriver.junit.Junit4MutationTestDriver.runTest(Junit4MutationTestDriver.java:231)
	at de.unisb.cs.st.javalanche.mutation.runtime.testDriver.junit.Junit4MutationTestDriver.access$400(Junit4MutationTestDriver.java:59)
	at de.unisb.cs.st.javalanche.mutation.runtime.testDriver.junit.Junit4MutationTestDriver$1.run(Junit4MutationTestDriver.java:330)
	at java.util.concurrent.Executors$RunnableAdapter.call(Executors.java:441)
	at java.util.concurrent.FutureTask$Sync.innerRun(FutureTask.java:303)
	at java.util.concurrent.FutureTask.run(FutureTask.java:138)
	at java.lang.Thread.run(Thread.java:662)
java.lang.ArrayIndexOutOfBoundsException: -1
	at org.jfree.chart.plot.DefaultDrawingSupplier.writeObject(DefaultDrawingSupplier.java:444)
	at sun.reflect.GeneratedMethodAccessor59.invoke(Unknown Source)
	at sun.reflect.DelegatingMethodAccessorImpl.invoke(DelegatingMethodAccessorImpl.java:25)
	at java.lang.reflect.Method.invoke(Method.java:597)
	at java.io.ObjectStreamClass.invokeWriteObject(ObjectStreamClass.java:945)
	at java.io.ObjectOutputStream.writeSerialData(ObjectOutputStream.java:1469)
	at java.io.ObjectOutputStream.writeOrdinaryObject(ObjectOutputStream.java:1400)
	at java.io.ObjectOutputStream.writeObject0(ObjectOutputStream.java:1158)
	at java.io.ObjectOutputStream.defaultWriteFields(ObjectOutputStream.java:1518)
	at java.io.ObjectOutputStream.defaultWriteObject(ObjectOutputStream.java:422)
	at org.jfree.chart.plot.Plot.writeObject(Plot.java:1266)
	at sun.reflect.GeneratedMethodAccessor58.invoke(Unknown Source)
	at sun.reflect.DelegatingMethodAccessorImpl.invoke(DelegatingMethodAccessorImpl.java:25)
	at java.lang.reflect.Method.invoke(Method.java:597)
	at java.io.ObjectStreamClass.invokeWriteObject(ObjectStreamClass.java:945)
	at java.io.ObjectOutputStream.writeSerialData(ObjectOutputStream.java:1469)
	at java.io.ObjectOutputStream.writeOrdinaryObject(ObjectOutputStream.java:1400)
	at java.io.ObjectOutputStream.writeObject0(ObjectOutputStream.java:1158)
	at java.io.ObjectOutputStream.writeObject(ObjectOutputStream.java:330)
	at org.jfree.chart.plot.dial.junit.DialPlotTests.testSerialization(DialPlotTests.java:200)
	at sun.reflect.NativeMethodAccessorImpl.invoke0(Native Method)
	at sun.reflect.NativeMethodAccessorImpl.invoke(NativeMethodAccessorImpl.java:39)
	at sun.reflect.DelegatingMethodAccessorImpl.invoke(DelegatingMethodAccessorImpl.java:25)
	at java.lang.reflect.Method.invoke(Method.java:597)
	at junit.framework.TestCase.runTest(TestCase.java:168)
	at junit.framework.TestCase.runBare(TestCase.java:134)
	at junit.framework.TestResult$1.protect(TestResult.java:110)
	at junit.framework.TestResult.runProtected(TestResult.java:128)
	at junit.framework.TestResult.run(TestResult.java:113)
	at junit.framework.TestCase.run(TestCase.java:124)
	at junit.framework.TestSuite.runTest(TestSuite.java:243)
	at junit.framework.TestSuite.run(TestSuite.java:238)
	at org.junit.internal.runners.JUnit38ClassRunner.run(JUnit38ClassRunner.java:101)
	at de.unisb.cs.st.javalanche.mutation.runtime.testDriver.junit.Junit4MutationTestDriver.runTest(Junit4MutationTestDriver.java:231)
	at de.unisb.cs.st.javalanche.mutation.runtime.testDriver.junit.Junit4MutationTestDriver.access$400(Junit4MutationTestDriver.java:59)
	at de.unisb.cs.st.javalanche.mutation.runtime.testDriver.junit.Junit4MutationTestDriver$1.run(Junit4MutationTestDriver.java:330)
	at java.util.concurrent.Executors$RunnableAdapter.call(Executors.java:441)
	at java.util.concurrent.FutureTask$Sync.innerRun(FutureTask.java:303)
	at java.util.concurrent.FutureTask.run(FutureTask.java:138)
	at java.lang.Thread.run(Thread.java:662)
java.lang.ArrayIndexOutOfBoundsException: -1
	at org.jfree.chart.plot.DefaultDrawingSupplier.writeObject(DefaultDrawingSupplier.java:444)
	at sun.reflect.GeneratedMethodAccessor59.invoke(Unknown Source)
	at sun.reflect.DelegatingMethodAccessorImpl.invoke(DelegatingMethodAccessorImpl.java:25)
	at java.lang.reflect.Method.invoke(Method.java:597)
	at java.io.ObjectStreamClass.invokeWriteObject(ObjectStreamClass.java:945)
	at java.io.ObjectOutputStream.writeSerialData(ObjectOutputStream.java:1469)
	at java.io.ObjectOutputStream.writeOrdinaryObject(ObjectOutputStream.java:1400)
	at java.io.ObjectOutputStream.writeObject0(ObjectOutputStream.java:1158)
	at java.io.ObjectOutputStream.defaultWriteFields(ObjectOutputStream.java:1518)
	at java.io.ObjectOutputStream.defaultWriteObject(ObjectOutputStream.java:422)
	at org.jfree.chart.plot.Plot.writeObject(Plot.java:1266)
	at sun.reflect.GeneratedMethodAccessor58.invoke(Unknown Source)
	at sun.reflect.DelegatingMethodAccessorImpl.invoke(DelegatingMethodAccessorImpl.java:25)
	at java.lang.reflect.Method.invoke(Method.java:597)
	at java.io.ObjectStreamClass.invokeWriteObject(ObjectStreamClass.java:945)
	at java.io.ObjectOutputStream.writeSerialData(ObjectOutputStream.java:1469)
	at java.io.ObjectOutputStream.writeOrdinaryObject(ObjectOutputStream.java:1400)
	at java.io.ObjectOutputStream.writeObject0(ObjectOutputStream.java:1158)
	at java.io.ObjectOutputStream.writeObject(ObjectOutputStream.java:330)
	at org.jfree.chart.plot.junit.SpiderWebPlotTests.testSerialization(SpiderWebPlotTests.java:329)
	at sun.reflect.NativeMethodAccessorImpl.invoke0(Native Method)
	at sun.reflect.NativeMethodAccessorImpl.invoke(NativeMethodAccessorImpl.java:39)
	at sun.reflect.DelegatingMethodAccessorImpl.invoke(DelegatingMethodAccessorImpl.java:25)
	at java.lang.reflect.Method.invoke(Method.java:597)
	at junit.framework.TestCase.runTest(TestCase.java:168)
	at junit.framework.TestCase.runBare(TestCase.java:134)
	at junit.framework.TestResult$1.protect(TestResult.java:110)
	at junit.framework.TestResult.runProtected(TestResult.java:128)
	at junit.framework.TestResult.run(TestResult.java:113)
	at junit.framework.TestCase.run(TestCase.java:124)
	at junit.framework.TestSuite.runTest(TestSuite.java:243)
	at junit.framework.TestSuite.run(TestSuite.java:238)
	at org.junit.internal.runners.JUnit38ClassRunner.run(JUnit38ClassRunner.java:101)
	at de.unisb.cs.st.javalanche.mutation.runtime.testDriver.junit.Junit4MutationTestDriver.runTest(Junit4MutationTestDriver.java:231)
	at de.unisb.cs.st.javalanche.mutation.runtime.testDriver.junit.Junit4MutationTestDriver.access$400(Junit4MutationTestDriver.java:59)
	at de.unisb.cs.st.javalanche.mutation.runtime.testDriver.junit.Junit4MutationTestDriver$1.run(Junit4MutationTestDriver.java:330)
	at java.util.concurrent.Executors$RunnableAdapter.call(Executors.java:441)
	at java.util.concurrent.FutureTask$Sync.innerRun(FutureTask.java:303)
	at java.util.concurrent.FutureTask.run(FutureTask.java:138)
	at java.lang.Thread.run(Thread.java:662)
java.lang.ArrayIndexOutOfBoundsException: -1
	at org.jfree.chart.plot.DefaultDrawingSupplier.writeObject(DefaultDrawingSupplier.java:444)
	at sun.reflect.GeneratedMethodAccessor59.invoke(Unknown Source)
	at sun.reflect.DelegatingMethodAccessorImpl.invoke(DelegatingMethodAccessorImpl.java:25)
	at java.lang.reflect.Method.invoke(Method.java:597)
	at java.io.ObjectStreamClass.invokeWriteObject(ObjectStreamClass.java:945)
	at java.io.ObjectOutputStream.writeSerialData(ObjectOutputStream.java:1469)
	at java.io.ObjectOutputStream.writeOrdinaryObject(ObjectOutputStream.java:1400)
	at java.io.ObjectOutputStream.writeObject0(ObjectOutputStream.java:1158)
	at java.io.ObjectOutputStream.defaultWriteFields(ObjectOutputStream.java:1518)
	at java.io.ObjectOutputStream.defaultWriteObject(ObjectOutputStream.java:422)
	at org.jfree.chart.plot.Plot.writeObject(Plot.java:1266)
	at sun.reflect.GeneratedMethodAccessor58.invoke(Unknown Source)
	at sun.reflect.DelegatingMethodAccessorImpl.invoke(DelegatingMethodAccessorImpl.java:25)
	at java.lang.reflect.Method.invoke(Method.java:597)
	at java.io.ObjectStreamClass.invokeWriteObject(ObjectStreamClass.java:945)
	at java.io.ObjectOutputStream.writeSerialData(ObjectOutputStream.java:1469)
	at java.io.ObjectOutputStream.writeOrdinaryObject(ObjectOutputStream.java:1400)
	at java.io.ObjectOutputStream.writeObject0(ObjectOutputStream.java:1158)
	at java.io.ObjectOutputStream.writeObject(ObjectOutputStream.java:330)
	at org.jfree.chart.plot.junit.PiePlot3DTests.testSerialization(PiePlot3DTests.java:112)
	at sun.reflect.NativeMethodAccessorImpl.invoke0(Native Method)
	at sun.reflect.NativeMethodAccessorImpl.invoke(NativeMethodAccessorImpl.java:39)
	at sun.reflect.DelegatingMethodAccessorImpl.invoke(DelegatingMethodAccessorImpl.java:25)
	at java.lang.reflect.Method.invoke(Method.java:597)
	at junit.framework.TestCase.runTest(TestCase.java:168)
	at junit.framework.TestCase.runBare(TestCase.java:134)
	at junit.framework.TestResult$1.protect(TestResult.java:110)
	at junit.framework.TestResult.runProtected(TestResult.java:128)
	at junit.framework.TestResult.run(TestResult.java:113)
	at junit.framework.TestCase.run(TestCase.java:124)
	at junit.framework.TestSuite.runTest(TestSuite.java:243)
	at junit.framework.TestSuite.run(TestSuite.java:238)
	at org.junit.internal.runners.JUnit38ClassRunner.run(JUnit38ClassRunner.java:101)
	at de.unisb.cs.st.javalanche.mutation.runtime.testDriver.junit.Junit4MutationTestDriver.runTest(Junit4MutationTestDriver.java:231)
	at de.unisb.cs.st.javalanche.mutation.runtime.testDriver.junit.Junit4MutationTestDriver.access$400(Junit4MutationTestDriver.java:59)
	at de.unisb.cs.st.javalanche.mutation.runtime.testDriver.junit.Junit4MutationTestDriver$1.run(Junit4MutationTestDriver.java:330)
	at java.util.concurrent.Executors$RunnableAdapter.call(Executors.java:441)
	at java.util.concurrent.FutureTask$Sync.innerRun(FutureTask.java:303)
	at java.util.concurrent.FutureTask.run(FutureTask.java:138)
	at java.lang.Thread.run(Thread.java:662)
java.lang.ArrayIndexOutOfBoundsException: -1
	at org.jfree.chart.plot.DefaultDrawingSupplier.writeObject(DefaultDrawingSupplier.java:444)
	at sun.reflect.GeneratedMethodAccessor59.invoke(Unknown Source)
	at sun.reflect.DelegatingMethodAccessorImpl.invoke(DelegatingMethodAccessorImpl.java:25)
	at java.lang.reflect.Method.invoke(Method.java:597)
	at java.io.ObjectStreamClass.invokeWriteObject(ObjectStreamClass.java:945)
	at java.io.ObjectOutputStream.writeSerialData(ObjectOutputStream.java:1469)
	at java.io.ObjectOutputStream.writeOrdinaryObject(ObjectOutputStream.java:1400)
	at java.io.ObjectOutputStream.writeObject0(ObjectOutputStream.java:1158)
	at java.io.ObjectOutputStream.defaultWriteFields(ObjectOutputStream.java:1518)
	at java.io.ObjectOutputStream.defaultWriteObject(ObjectOutputStream.java:422)
	at org.jfree.chart.plot.Plot.writeObject(Plot.java:1266)
	at sun.reflect.GeneratedMethodAccessor58.invoke(Unknown Source)
	at sun.reflect.DelegatingMethodAccessorImpl.invoke(DelegatingMethodAccessorImpl.java:25)
	at java.lang.reflect.Method.invoke(Method.java:597)
	at java.io.ObjectStreamClass.invokeWriteObject(ObjectStreamClass.java:945)
	at java.io.ObjectOutputStream.writeSerialData(ObjectOutputStream.java:1469)
	at java.io.ObjectOutputStream.writeOrdinaryObject(ObjectOutputStream.java:1400)
	at java.io.ObjectOutputStream.writeObject0(ObjectOutputStream.java:1158)
	at java.io.ObjectOutputStream.writeObject(ObjectOutputStream.java:330)
	at org.jfree.chart.plot.junit.CombinedRangeCategoryPlotTests.testSerialization(CombinedRangeCategoryPlotTests.java:122)
	at sun.reflect.NativeMethodAccessorImpl.invoke0(Native Method)
	at sun.reflect.NativeMethodAccessorImpl.invoke(NativeMethodAccessorImpl.java:39)
	at sun.reflect.DelegatingMethodAccessorImpl.invoke(DelegatingMethodAccessorImpl.java:25)
	at java.lang.reflect.Method.invoke(Method.java:597)
	at junit.framework.TestCase.runTest(TestCase.java:168)
	at junit.framework.TestCase.runBare(TestCase.java:134)
	at junit.framework.TestResult$1.protect(TestResult.java:110)
	at junit.framework.TestResult.runProtected(TestResult.java:128)
	at junit.framework.TestResult.run(TestResult.java:113)
	at junit.framework.TestCase.run(TestCase.java:124)
	at junit.framework.TestSuite.runTest(TestSuite.java:243)
	at junit.framework.TestSuite.run(TestSuite.java:238)
	at org.junit.internal.runners.JUnit38ClassRunner.run(JUnit38ClassRunner.java:101)
	at de.unisb.cs.st.javalanche.mutation.runtime.testDriver.junit.Junit4MutationTestDriver.runTest(Junit4MutationTestDriver.java:231)
	at de.unisb.cs.st.javalanche.mutation.runtime.testDriver.junit.Junit4MutationTestDriver.access$400(Junit4MutationTestDriver.java:59)
	at de.unisb.cs.st.javalanche.mutation.runtime.testDriver.junit.Junit4MutationTestDriver$1.run(Junit4MutationTestDriver.java:330)
	at java.util.concurrent.Executors$RunnableAdapter.call(Executors.java:441)
	at java.util.concurrent.FutureTask$Sync.innerRun(FutureTask.java:303)
	at java.util.concurrent.FutureTask.run(FutureTask.java:138)
	at java.lang.Thread.run(Thread.java:662)
java.lang.ArrayIndexOutOfBoundsException: -1
	at org.jfree.chart.plot.DefaultDrawingSupplier.writeObject(DefaultDrawingSupplier.java:444)
	at sun.reflect.GeneratedMethodAccessor59.invoke(Unknown Source)
	at sun.reflect.DelegatingMethodAccessorImpl.invoke(DelegatingMethodAccessorImpl.java:25)
	at java.lang.reflect.Method.invoke(Method.java:597)
	at java.io.ObjectStreamClass.invokeWriteObject(ObjectStreamClass.java:945)
	at java.io.ObjectOutputStream.writeSerialData(ObjectOutputStream.java:1469)
	at java.io.ObjectOutputStream.writeOrdinaryObject(ObjectOutputStream.java:1400)
	at java.io.ObjectOutputStream.writeObject0(ObjectOutputStream.java:1158)
	at java.io.ObjectOutputStream.defaultWriteFields(ObjectOutputStream.java:1518)
	at java.io.ObjectOutputStream.defaultWriteObject(ObjectOutputStream.java:422)
	at org.jfree.chart.plot.Plot.writeObject(Plot.java:1266)
	at sun.reflect.GeneratedMethodAccessor58.invoke(Unknown Source)
	at sun.reflect.DelegatingMethodAccessorImpl.invoke(DelegatingMethodAccessorImpl.java:25)
	at java.lang.reflect.Method.invoke(Method.java:597)
	at java.io.ObjectStreamClass.invokeWriteObject(ObjectStreamClass.java:945)
	at java.io.ObjectOutputStream.writeSerialData(ObjectOutputStream.java:1469)
	at java.io.ObjectOutputStream.writeOrdinaryObject(ObjectOutputStream.java:1400)
	at java.io.ObjectOutputStream.writeObject0(ObjectOutputStream.java:1158)
	at java.io.ObjectOutputStream.writeObject(ObjectOutputStream.java:330)
	at org.jfree.chart.plot.junit.CombinedRangeXYPlotTests.testSerialization(CombinedRangeXYPlotTests.java:144)
	at sun.reflect.NativeMethodAccessorImpl.invoke0(Native Method)
	at sun.reflect.NativeMethodAccessorImpl.invoke(NativeMethodAccessorImpl.java:39)
	at sun.reflect.DelegatingMethodAccessorImpl.invoke(DelegatingMethodAccessorImpl.java:25)
	at java.lang.reflect.Method.invoke(Method.java:597)
	at junit.framework.TestCase.runTest(TestCase.java:168)
	at junit.framework.TestCase.runBare(TestCase.java:134)
	at junit.framework.TestResult$1.protect(TestResult.java:110)
	at junit.framework.TestResult.runProtected(TestResult.java:128)
	at junit.framework.TestResult.run(TestResult.java:113)
	at junit.framework.TestCase.run(TestCase.java:124)
	at junit.framework.TestSuite.runTest(TestSuite.java:243)
	at junit.framework.TestSuite.run(TestSuite.java:238)
	at org.junit.internal.runners.JUnit38ClassRunner.run(JUnit38ClassRunner.java:101)
	at de.unisb.cs.st.javalanche.mutation.runtime.testDriver.junit.Junit4MutationTestDriver.runTest(Junit4MutationTestDriver.java:231)
	at de.unisb.cs.st.javalanche.mutation.runtime.testDriver.junit.Junit4MutationTestDriver.access$400(Junit4MutationTestDriver.java:59)
	at de.unisb.cs.st.javalanche.mutation.runtime.testDriver.junit.Junit4MutationTestDriver$1.run(Junit4MutationTestDriver.java:330)
	at java.util.concurrent.Executors$RunnableAdapter.call(Executors.java:441)
	at java.util.concurrent.FutureTask$Sync.innerRun(FutureTask.java:303)
	at java.util.concurrent.FutureTask.run(FutureTask.java:138)
	at java.lang.Thread.run(Thread.java:662)
java.io.StreamCorruptedException: invalid type code: 2E
	at java.io.ObjectInputStream.readObject0(ObjectInputStream.java:1355)
	at java.io.ObjectInputStream.defaultReadFields(ObjectInputStream.java:1946)
	at java.io.ObjectInputStream.defaultReadObject(ObjectInputStream.java:479)
	at org.jfree.chart.LegendItem.readObject(LegendItem.java:870)
	at sun.reflect.NativeMethodAccessorImpl.invoke0(Native Method)
	at sun.reflect.NativeMethodAccessorImpl.invoke(NativeMethodAccessorImpl.java:39)
	at sun.reflect.DelegatingMethodAccessorImpl.invoke(DelegatingMethodAccessorImpl.java:25)
	at java.lang.reflect.Method.invoke(Method.java:597)
	at java.io.ObjectStreamClass.invokeReadObject(ObjectStreamClass.java:974)
	at java.io.ObjectInputStream.readSerialData(ObjectInputStream.java:1848)
	at java.io.ObjectInputStream.readOrdinaryObject(ObjectInputStream.java:1752)
	at java.io.ObjectInputStream.readObject0(ObjectInputStream.java:1328)
	at java.io.ObjectInputStream.readObject(ObjectInputStream.java:350)
	at java.util.ArrayList.readObject(ArrayList.java:593)
	at sun.reflect.GeneratedMethodAccessor11.invoke(Unknown Source)
	at sun.reflect.DelegatingMethodAccessorImpl.invoke(DelegatingMethodAccessorImpl.java:25)
	at java.lang.reflect.Method.invoke(Method.java:597)
	at java.io.ObjectStreamClass.invokeReadObject(ObjectStreamClass.java:974)
	at java.io.ObjectInputStream.readSerialData(ObjectInputStream.java:1848)
	at java.io.ObjectInputStream.readOrdinaryObject(ObjectInputStream.java:1752)
	at java.io.ObjectInputStream.readObject0(ObjectInputStream.java:1328)
	at java.io.ObjectInputStream.defaultReadFields(ObjectInputStream.java:1946)
	at java.io.ObjectInputStream.readSerialData(ObjectInputStream.java:1870)
	at java.io.ObjectInputStream.readOrdinaryObject(ObjectInputStream.java:1752)
	at java.io.ObjectInputStream.readObject0(ObjectInputStream.java:1328)
	at java.io.ObjectInputStream.readObject(ObjectInputStream.java:350)
	at org.jfree.chart.junit.LegendItemCollectionTests.testSerialization(LegendItemCollectionTests.java:129)
	at sun.reflect.NativeMethodAccessorImpl.invoke0(Native Method)
	at sun.reflect.NativeMethodAccessorImpl.invoke(NativeMethodAccessorImpl.java:39)
	at sun.reflect.DelegatingMethodAccessorImpl.invoke(DelegatingMethodAccessorImpl.java:25)
	at java.lang.reflect.Method.invoke(Method.java:597)
	at junit.framework.TestCase.runTest(TestCase.java:168)
	at junit.framework.TestCase.runBare(TestCase.java:134)
	at junit.framework.TestResult$1.protect(TestResult.java:110)
	at junit.framework.TestResult.runProtected(TestResult.java:128)
	at junit.framework.TestResult.run(TestResult.java:113)
	at junit.framework.TestCase.run(TestCase.java:124)
	at junit.framework.TestSuite.runTest(TestSuite.java:243)
	at junit.framework.TestSuite.run(TestSuite.java:238)
	at org.junit.internal.runners.JUnit38ClassRunner.run(JUnit38ClassRunner.java:101)
	at de.unisb.cs.st.javalanche.mutation.runtime.testDriver.junit.Junit4MutationTestDriver.runTest(Junit4MutationTestDriver.java:231)
	at de.unisb.cs.st.javalanche.mutation.runtime.testDriver.junit.Junit4MutationTestDriver.access$400(Junit4MutationTestDriver.java:59)
	at de.unisb.cs.st.javalanche.mutation.runtime.testDriver.junit.Junit4MutationTestDriver$1.run(Junit4MutationTestDriver.java:330)
	at java.util.concurrent.Executors$RunnableAdapter.call(Executors.java:441)
	at java.util.concurrent.FutureTask$Sync.innerRun(FutureTask.java:303)
	at java.util.concurrent.FutureTask.run(FutureTask.java:138)
	at java.lang.Thread.run(Thread.java:662)
java.io.StreamCorruptedException: invalid type code: 2E
	at java.io.ObjectInputStream.readObject0(ObjectInputStream.java:1355)
	at java.io.ObjectInputStream.defaultReadFields(ObjectInputStream.java:1946)
	at java.io.ObjectInputStream.defaultReadObject(ObjectInputStream.java:479)
	at org.jfree.chart.LegendItem.readObject(LegendItem.java:870)
	at sun.reflect.NativeMethodAccessorImpl.invoke0(Native Method)
	at sun.reflect.NativeMethodAccessorImpl.invoke(NativeMethodAccessorImpl.java:39)
	at sun.reflect.DelegatingMethodAccessorImpl.invoke(DelegatingMethodAccessorImpl.java:25)
	at java.lang.reflect.Method.invoke(Method.java:597)
	at java.io.ObjectStreamClass.invokeReadObject(ObjectStreamClass.java:974)
	at java.io.ObjectInputStream.readSerialData(ObjectInputStream.java:1848)
	at java.io.ObjectInputStream.readOrdinaryObject(ObjectInputStream.java:1752)
	at java.io.ObjectInputStream.readObject0(ObjectInputStream.java:1328)
	at java.io.ObjectInputStream.readObject(ObjectInputStream.java:350)
	at org.jfree.chart.junit.LegendItemTests.testSerialization(LegendItemTests.java:307)
	at sun.reflect.NativeMethodAccessorImpl.invoke0(Native Method)
	at sun.reflect.NativeMethodAccessorImpl.invoke(NativeMethodAccessorImpl.java:39)
	at sun.reflect.DelegatingMethodAccessorImpl.invoke(DelegatingMethodAccessorImpl.java:25)
	at java.lang.reflect.Method.invoke(Method.java:597)
	at junit.framework.TestCase.runTest(TestCase.java:168)
	at junit.framework.TestCase.runBare(TestCase.java:134)
	at junit.framework.TestResult$1.protect(TestResult.java:110)
	at junit.framework.TestResult.runProtected(TestResult.java:128)
	at junit.framework.TestResult.run(TestResult.java:113)
	at junit.framework.TestCase.run(TestCase.java:124)
	at junit.framework.TestSuite.runTest(TestSuite.java:243)
	at junit.framework.TestSuite.run(TestSuite.java:238)
	at org.junit.internal.runners.JUnit38ClassRunner.run(JUnit38ClassRunner.java:101)
	at de.unisb.cs.st.javalanche.mutation.runtime.testDriver.junit.Junit4MutationTestDriver.runTest(Junit4MutationTestDriver.java:231)
	at de.unisb.cs.st.javalanche.mutation.runtime.testDriver.junit.Junit4MutationTestDriver.access$400(Junit4MutationTestDriver.java:59)
	at de.unisb.cs.st.javalanche.mutation.runtime.testDriver.junit.Junit4MutationTestDriver$1.run(Junit4MutationTestDriver.java:330)
	at java.util.concurrent.Executors$RunnableAdapter.call(Executors.java:441)
	at java.util.concurrent.FutureTask$Sync.innerRun(FutureTask.java:303)
	at java.util.concurrent.FutureTask.run(FutureTask.java:138)
	at java.lang.Thread.run(Thread.java:662)
java.io.EOFException
	at java.io.ObjectInputStream$PeekInputStream.readFully(ObjectInputStream.java:2280)
	at java.io.ObjectInputStream$BlockDataInputStream.readUTFBody(ObjectInputStream.java:3018)
	at java.io.ObjectInputStream$BlockDataInputStream.readUTF(ObjectInputStream.java:2819)
	at java.io.ObjectInputStream.readString(ObjectInputStream.java:1598)
	at java.io.ObjectInputStream.readObject0(ObjectInputStream.java:1319)
	at java.io.ObjectInputStream.defaultReadFields(ObjectInputStream.java:1946)
	at java.io.ObjectInputStream.defaultReadObject(ObjectInputStream.java:479)
	at org.jfree.chart.LegendItem.readObject(LegendItem.java:870)
	at sun.reflect.NativeMethodAccessorImpl.invoke0(Native Method)
	at sun.reflect.NativeMethodAccessorImpl.invoke(NativeMethodAccessorImpl.java:39)
	at sun.reflect.DelegatingMethodAccessorImpl.invoke(DelegatingMethodAccessorImpl.java:25)
	at java.lang.reflect.Method.invoke(Method.java:597)
	at java.io.ObjectStreamClass.invokeReadObject(ObjectStreamClass.java:974)
	at java.io.ObjectInputStream.readSerialData(ObjectInputStream.java:1848)
	at java.io.ObjectInputStream.readOrdinaryObject(ObjectInputStream.java:1752)
	at java.io.ObjectInputStream.readObject0(ObjectInputStream.java:1328)
	at java.io.ObjectInputStream.readObject(ObjectInputStream.java:350)
	at org.jfree.chart.junit.LegendItemTests.testSerialization2(LegendItemTests.java:333)
	at sun.reflect.NativeMethodAccessorImpl.invoke0(Native Method)
	at sun.reflect.NativeMethodAccessorImpl.invoke(NativeMethodAccessorImpl.java:39)
	at sun.reflect.DelegatingMethodAccessorImpl.invoke(DelegatingMethodAccessorImpl.java:25)
	at java.lang.reflect.Method.invoke(Method.java:597)
	at junit.framework.TestCase.runTest(TestCase.java:168)
	at junit.framework.TestCase.runBare(TestCase.java:134)
	at junit.framework.TestResult$1.protect(TestResult.java:110)
	at junit.framework.TestResult.runProtected(TestResult.java:128)
	at junit.framework.TestResult.run(TestResult.java:113)
	at junit.framework.TestCase.run(TestCase.java:124)
	at junit.framework.TestSuite.runTest(TestSuite.java:243)
	at junit.framework.TestSuite.run(TestSuite.java:238)
	at org.junit.internal.runners.JUnit38ClassRunner.run(JUnit38ClassRunner.java:101)
	at de.unisb.cs.st.javalanche.mutation.runtime.testDriver.junit.Junit4MutationTestDriver.runTest(Junit4MutationTestDriver.java:231)
	at de.unisb.cs.st.javalanche.mutation.runtime.testDriver.junit.Junit4MutationTestDriver.access$400(Junit4MutationTestDriver.java:59)
	at de.unisb.cs.st.javalanche.mutation.runtime.testDriver.junit.Junit4MutationTestDriver$1.run(Junit4MutationTestDriver.java:330)
	at java.util.concurrent.Executors$RunnableAdapter.call(Executors.java:441)
	at java.util.concurrent.FutureTask$Sync.innerRun(FutureTask.java:303)
	at java.util.concurrent.FutureTask.run(FutureTask.java:138)
	at java.lang.Thread.run(Thread.java:662)
java.lang.IllegalArgumentException: Null 'type' argument.
	at org.jfree.ui.StandardGradientPaintTransformer.<init>(StandardGradientPaintTransformer.java:85)
	at org.jfree.ui.StandardGradientPaintTransformer.<init>(StandardGradientPaintTransformer.java:74)
	at org.jfree.chart.LegendItem.<init>(LegendItem.java:314)
	at org.jfree.chart.renderer.xy.XYLineAndShapeRenderer.getLegendItem(XYLineAndShapeRenderer.java:1239)
	at org.jfree.chart.plot.XYPlot.getLegendItems(XYPlot.java:4544)
	at org.jfree.chart.title.LegendTitle.fetchLegendItems(LegendTitle.java:404)
	at org.jfree.chart.title.LegendTitle.arrange(LegendTitle.java:477)
	at org.jfree.chart.JFreeChart.drawTitle(JFreeChart.java:1307)
	at org.jfree.chart.JFreeChart.draw(JFreeChart.java:1198)
	at org.jfree.chart.junit.TimeSeriesChartTests.testDrawWithNullInfo(TimeSeriesChartTests.java:109)
	at sun.reflect.GeneratedMethodAccessor122.invoke(Unknown Source)
	at sun.reflect.DelegatingMethodAccessorImpl.invoke(DelegatingMethodAccessorImpl.java:25)
	at java.lang.reflect.Method.invoke(Method.java:597)
	at junit.framework.TestCase.runTest(TestCase.java:168)
	at junit.framework.TestCase.runBare(TestCase.java:134)
	at junit.framework.TestResult$1.protect(TestResult.java:110)
	at junit.framework.TestResult.runProtected(TestResult.java:128)
	at junit.framework.TestResult.run(TestResult.java:113)
	at junit.framework.TestCase.run(TestCase.java:124)
	at junit.framework.TestSuite.runTest(TestSuite.java:243)
	at junit.framework.TestSuite.run(TestSuite.java:238)
	at org.junit.internal.runners.JUnit38ClassRunner.run(JUnit38ClassRunner.java:101)
	at de.unisb.cs.st.javalanche.mutation.runtime.testDriver.junit.Junit4MutationTestDriver.runTest(Junit4MutationTestDriver.java:231)
	at de.unisb.cs.st.javalanche.mutation.runtime.testDriver.junit.Junit4MutationTestDriver.access$400(Junit4MutationTestDriver.java:59)
	at de.unisb.cs.st.javalanche.mutation.runtime.testDriver.junit.Junit4MutationTestDriver$1.run(Junit4MutationTestDriver.java:330)
	at java.util.concurrent.Executors$RunnableAdapter.call(Executors.java:441)
	at java.util.concurrent.FutureTask$Sync.innerRun(FutureTask.java:303)
	at java.util.concurrent.FutureTask.run(FutureTask.java:138)
	at java.lang.Thread.run(Thread.java:662)
java.lang.IllegalArgumentException: Null 'type' argument.
	at org.jfree.ui.StandardGradientPaintTransformer.<init>(StandardGradientPaintTransformer.java:85)
	at org.jfree.ui.StandardGradientPaintTransformer.<init>(StandardGradientPaintTransformer.java:74)
	at org.jfree.chart.LegendItem.<init>(LegendItem.java:314)
	at org.jfree.chart.LegendItem.<init>(LegendItem.java:226)
	at org.jfree.chart.renderer.xy.AbstractXYItemRenderer.getLegendItem(AbstractXYItemRenderer.java:797)
	at org.jfree.chart.plot.XYPlot.getLegendItems(XYPlot.java:4544)
	at org.jfree.chart.title.LegendTitle.fetchLegendItems(LegendTitle.java:404)
	at org.jfree.chart.title.LegendTitle.arrange(LegendTitle.java:477)
	at org.jfree.chart.JFreeChart.drawTitle(JFreeChart.java:1307)
	at org.jfree.chart.JFreeChart.draw(JFreeChart.java:1198)
	at org.jfree.chart.junit.XYStepAreaChartTests.testDrawWithNullInfo(XYStepAreaChartTests.java:110)
	at sun.reflect.GeneratedMethodAccessor130.invoke(Unknown Source)
	at sun.reflect.DelegatingMethodAccessorImpl.invoke(DelegatingMethodAccessorImpl.java:25)
	at java.lang.reflect.Method.invoke(Method.java:597)
	at junit.framework.TestCase.runTest(TestCase.java:168)
	at junit.framework.TestCase.runBare(TestCase.java:134)
	at junit.framework.TestResult$1.protect(TestResult.java:110)
	at junit.framework.TestResult.runProtected(TestResult.java:128)
	at junit.framework.TestResult.run(TestResult.java:113)
	at junit.framework.TestCase.run(TestCase.java:124)
	at junit.framework.TestSuite.runTest(TestSuite.java:243)
	at junit.framework.TestSuite.run(TestSuite.java:238)
	at org.junit.internal.runners.JUnit38ClassRunner.run(JUnit38ClassRunner.java:101)
	at de.unisb.cs.st.javalanche.mutation.runtime.testDriver.junit.Junit4MutationTestDriver.runTest(Junit4MutationTestDriver.java:231)
	at de.unisb.cs.st.javalanche.mutation.runtime.testDriver.junit.Junit4MutationTestDriver.access$400(Junit4MutationTestDriver.java:59)
	at de.unisb.cs.st.javalanche.mutation.runtime.testDriver.junit.Junit4MutationTestDriver$1.run(Junit4MutationTestDriver.java:330)
	at java.util.concurrent.Executors$RunnableAdapter.call(Executors.java:441)
	at java.util.concurrent.FutureTask$Sync.innerRun(FutureTask.java:303)
	at java.util.concurrent.FutureTask.run(FutureTask.java:138)
	at java.lang.Thread.run(Thread.java:662)
java.lang.IllegalArgumentException: Null 'type' argument.
	at org.jfree.ui.StandardGradientPaintTransformer.<init>(StandardGradientPaintTransformer.java:85)
	at org.jfree.ui.StandardGradientPaintTransformer.<init>(StandardGradientPaintTransformer.java:74)
	at org.jfree.chart.LegendItem.<init>(LegendItem.java:314)
	at org.jfree.chart.LegendItem.<init>(LegendItem.java:197)
	at org.jfree.chart.renderer.xy.XYAreaRenderer.getLegendItem(XYAreaRenderer.java:375)
	at org.jfree.chart.plot.XYPlot.getLegendItems(XYPlot.java:4544)
	at org.jfree.chart.title.LegendTitle.fetchLegendItems(LegendTitle.java:404)
	at org.jfree.chart.title.LegendTitle.arrange(LegendTitle.java:477)
	at org.jfree.chart.JFreeChart.drawTitle(JFreeChart.java:1307)
	at org.jfree.chart.JFreeChart.draw(JFreeChart.java:1198)
	at org.jfree.chart.junit.XYAreaChartTests.testDrawWithNullInfo(XYAreaChartTests.java:110)
	at sun.reflect.GeneratedMethodAccessor115.invoke(Unknown Source)
	at sun.reflect.DelegatingMethodAccessorImpl.invoke(DelegatingMethodAccessorImpl.java:25)
	at java.lang.reflect.Method.invoke(Method.java:597)
	at junit.framework.TestCase.runTest(TestCase.java:168)
	at junit.framework.TestCase.runBare(TestCase.java:134)
	at junit.framework.TestResult$1.protect(TestResult.java:110)
	at junit.framework.TestResult.runProtected(TestResult.java:128)
	at junit.framework.TestResult.run(TestResult.java:113)
	at junit.framework.TestCase.run(TestCase.java:124)
	at junit.framework.TestSuite.runTest(TestSuite.java:243)
	at junit.framework.TestSuite.run(TestSuite.java:238)
	at org.junit.internal.runners.JUnit38ClassRunner.run(JUnit38ClassRunner.java:101)
	at de.unisb.cs.st.javalanche.mutation.runtime.testDriver.junit.Junit4MutationTestDriver.runTest(Junit4MutationTestDriver.java:231)
	at de.unisb.cs.st.javalanche.mutation.runtime.testDriver.junit.Junit4MutationTestDriver.access$400(Junit4MutationTestDriver.java:59)
	at de.unisb.cs.st.javalanche.mutation.runtime.testDriver.junit.Junit4MutationTestDriver$1.run(Junit4MutationTestDriver.java:330)
	at java.util.concurrent.Executors$RunnableAdapter.call(Executors.java:441)
	at java.util.concurrent.FutureTask$Sync.innerRun(FutureTask.java:303)
	at java.util.concurrent.FutureTask.run(FutureTask.java:138)
	at java.lang.Thread.run(Thread.java:662)
java.lang.IllegalArgumentException: Null 'type' argument.
	at org.jfree.ui.StandardGradientPaintTransformer.<init>(StandardGradientPaintTransformer.java:85)
	at org.jfree.ui.StandardGradientPaintTransformer.<init>(StandardGradientPaintTransformer.java:74)
	at org.jfree.chart.LegendItem.<init>(LegendItem.java:314)
	at org.jfree.chart.renderer.xy.XYLineAndShapeRenderer.getLegendItem(XYLineAndShapeRenderer.java:1239)
	at org.jfree.chart.plot.XYPlot.getLegendItems(XYPlot.java:4544)
	at org.jfree.chart.title.LegendTitle.fetchLegendItems(LegendTitle.java:404)
	at org.jfree.chart.title.LegendTitle.arrange(LegendTitle.java:477)
	at org.jfree.chart.JFreeChart.drawTitle(JFreeChart.java:1307)
	at org.jfree.chart.JFreeChart.draw(JFreeChart.java:1198)
	at org.jfree.chart.junit.ScatterPlotTests.testDrawWithNullInfo(ScatterPlotTests.java:113)
	at sun.reflect.GeneratedMethodAccessor116.invoke(Unknown Source)
	at sun.reflect.DelegatingMethodAccessorImpl.invoke(DelegatingMethodAccessorImpl.java:25)
	at java.lang.reflect.Method.invoke(Method.java:597)
	at junit.framework.TestCase.runTest(TestCase.java:168)
	at junit.framework.TestCase.runBare(TestCase.java:134)
	at junit.framework.TestResult$1.protect(TestResult.java:110)
	at junit.framework.TestResult.runProtected(TestResult.java:128)
	at junit.framework.TestResult.run(TestResult.java:113)
	at junit.framework.TestCase.run(TestCase.java:124)
	at junit.framework.TestSuite.runTest(TestSuite.java:243)
	at junit.framework.TestSuite.run(TestSuite.java:238)
	at org.junit.internal.runners.JUnit38ClassRunner.run(JUnit38ClassRunner.java:101)
	at de.unisb.cs.st.javalanche.mutation.runtime.testDriver.junit.Junit4MutationTestDriver.runTest(Junit4MutationTestDriver.java:231)
	at de.unisb.cs.st.javalanche.mutation.runtime.testDriver.junit.Junit4MutationTestDriver.access$400(Junit4MutationTestDriver.java:59)
	at de.unisb.cs.st.javalanche.mutation.runtime.testDriver.junit.Junit4MutationTestDriver$1.run(Junit4MutationTestDriver.java:330)
	at java.util.concurrent.Executors$RunnableAdapter.call(Executors.java:441)
	at java.util.concurrent.FutureTask$Sync.innerRun(FutureTask.java:303)
	at java.util.concurrent.FutureTask.run(FutureTask.java:138)
	at java.lang.Thread.run(Thread.java:662)
java.lang.IllegalArgumentException: Null 'type' argument.
	at org.jfree.ui.StandardGradientPaintTransformer.<init>(StandardGradientPaintTransformer.java:85)
	at org.jfree.ui.StandardGradientPaintTransformer.<init>(StandardGradientPaintTransformer.java:74)
	at org.jfree.chart.LegendItem.<init>(LegendItem.java:314)
	at org.jfree.chart.renderer.xy.XYLineAndShapeRenderer.getLegendItem(XYLineAndShapeRenderer.java:1239)
	at org.jfree.chart.plot.XYPlot.getLegendItems(XYPlot.java:4544)
	at org.jfree.chart.title.LegendTitle.fetchLegendItems(LegendTitle.java:404)
	at org.jfree.chart.title.LegendTitle.arrange(LegendTitle.java:477)
	at org.jfree.chart.JFreeChart.drawTitle(JFreeChart.java:1307)
	at org.jfree.chart.JFreeChart.draw(JFreeChart.java:1198)
	at org.jfree.chart.plot.junit.XYPlotTests.testDrawSeriesWithZeroItems(XYPlotTests.java:1010)
	at sun.reflect.GeneratedMethodAccessor127.invoke(Unknown Source)
	at sun.reflect.DelegatingMethodAccessorImpl.invoke(DelegatingMethodAccessorImpl.java:25)
	at java.lang.reflect.Method.invoke(Method.java:597)
	at junit.framework.TestCase.runTest(TestCase.java:168)
	at junit.framework.TestCase.runBare(TestCase.java:134)
	at junit.framework.TestResult$1.protect(TestResult.java:110)
	at junit.framework.TestResult.runProtected(TestResult.java:128)
	at junit.framework.TestResult.run(TestResult.java:113)
	at junit.framework.TestCase.run(TestCase.java:124)
	at junit.framework.TestSuite.runTest(TestSuite.java:243)
	at junit.framework.TestSuite.run(TestSuite.java:238)
	at org.junit.internal.runners.JUnit38ClassRunner.run(JUnit38ClassRunner.java:101)
	at de.unisb.cs.st.javalanche.mutation.runtime.testDriver.junit.Junit4MutationTestDriver.runTest(Junit4MutationTestDriver.java:231)
	at de.unisb.cs.st.javalanche.mutation.runtime.testDriver.junit.Junit4MutationTestDriver.access$400(Junit4MutationTestDriver.java:59)
	at de.unisb.cs.st.javalanche.mutation.runtime.testDriver.junit.Junit4MutationTestDriver$1.run(Junit4MutationTestDriver.java:330)
	at java.util.concurrent.Executors$RunnableAdapter.call(Executors.java:441)
	at java.util.concurrent.FutureTask$Sync.innerRun(FutureTask.java:303)
	at java.util.concurrent.FutureTask.run(FutureTask.java:138)
	at java.lang.Thread.run(Thread.java:662)
java.lang.IllegalArgumentException: Null 'type' argument.
	at org.jfree.ui.StandardGradientPaintTransformer.<init>(StandardGradientPaintTransformer.java:85)
	at org.jfree.ui.StandardGradientPaintTransformer.<init>(StandardGradientPaintTransformer.java:74)
	at org.jfree.chart.LegendItem.<init>(LegendItem.java:314)
	at org.jfree.chart.renderer.xy.XYLineAndShapeRenderer.getLegendItem(XYLineAndShapeRenderer.java:1239)
	at org.jfree.chart.plot.XYPlot.getLegendItems(XYPlot.java:4544)
	at org.jfree.chart.title.LegendTitle.fetchLegendItems(LegendTitle.java:404)
	at org.jfree.chart.title.LegendTitle.arrange(LegendTitle.java:477)
	at org.jfree.chart.JFreeChart.drawTitle(JFreeChart.java:1307)
	at org.jfree.chart.JFreeChart.draw(JFreeChart.java:1198)
	at org.jfree.chart.junit.XYLineChartTests.testDrawWithNullInfo(XYLineChartTests.java:110)
	at sun.reflect.GeneratedMethodAccessor120.invoke(Unknown Source)
	at sun.reflect.DelegatingMethodAccessorImpl.invoke(DelegatingMethodAccessorImpl.java:25)
	at java.lang.reflect.Method.invoke(Method.java:597)
	at junit.framework.TestCase.runTest(TestCase.java:168)
	at junit.framework.TestCase.runBare(TestCase.java:134)
	at junit.framework.TestResult$1.protect(TestResult.java:110)
	at junit.framework.TestResult.runProtected(TestResult.java:128)
	at junit.framework.TestResult.run(TestResult.java:113)
	at junit.framework.TestCase.run(TestCase.java:124)
	at junit.framework.TestSuite.runTest(TestSuite.java:243)
	at junit.framework.TestSuite.run(TestSuite.java:238)
	at org.junit.internal.runners.JUnit38ClassRunner.run(JUnit38ClassRunner.java:101)
	at de.unisb.cs.st.javalanche.mutation.runtime.testDriver.junit.Junit4MutationTestDriver.runTest(Junit4MutationTestDriver.java:231)
	at de.unisb.cs.st.javalanche.mutation.runtime.testDriver.junit.Junit4MutationTestDriver.access$400(Junit4MutationTestDriver.java:59)
	at de.unisb.cs.st.javalanche.mutation.runtime.testDriver.junit.Junit4MutationTestDriver$1.run(Junit4MutationTestDriver.java:330)
	at java.util.concurrent.Executors$RunnableAdapter.call(Executors.java:441)
	at java.util.concurrent.FutureTask$Sync.innerRun(FutureTask.java:303)
	at java.util.concurrent.FutureTask.run(FutureTask.java:138)
	at java.lang.Thread.run(Thread.java:662)
java.lang.IllegalArgumentException: Null 'type' argument.
	at org.jfree.ui.StandardGradientPaintTransformer.<init>(StandardGradientPaintTransformer.java:85)
	at org.jfree.ui.StandardGradientPaintTransformer.<init>(StandardGradientPaintTransformer.java:74)
	at org.jfree.chart.LegendItem.<init>(LegendItem.java:314)
	at org.jfree.chart.renderer.xy.XYLineAndShapeRenderer.getLegendItem(XYLineAndShapeRenderer.java:1239)
	at org.jfree.chart.plot.XYPlot.getLegendItems(XYPlot.java:4544)
	at org.jfree.chart.title.LegendTitle.fetchLegendItems(LegendTitle.java:404)
	at org.jfree.chart.title.LegendTitle.arrange(LegendTitle.java:477)
	at org.jfree.chart.JFreeChart.drawTitle(JFreeChart.java:1307)
	at org.jfree.chart.JFreeChart.draw(JFreeChart.java:1198)
	at org.jfree.chart.junit.XYStepChartTests.testDrawWithNullInfo(XYStepChartTests.java:110)
	at sun.reflect.GeneratedMethodAccessor112.invoke(Unknown Source)
	at sun.reflect.DelegatingMethodAccessorImpl.invoke(DelegatingMethodAccessorImpl.java:25)
	at java.lang.reflect.Method.invoke(Method.java:597)
	at junit.framework.TestCase.runTest(TestCase.java:168)
	at junit.framework.TestCase.runBare(TestCase.java:134)
	at junit.framework.TestResult$1.protect(TestResult.java:110)
	at junit.framework.TestResult.runProtected(TestResult.java:128)
	at junit.framework.TestResult.run(TestResult.java:113)
	at junit.framework.TestCase.run(TestCase.java:124)
	at junit.framework.TestSuite.runTest(TestSuite.java:243)
	at junit.framework.TestSuite.run(TestSuite.java:238)
	at org.junit.internal.runners.JUnit38ClassRunner.run(JUnit38ClassRunner.java:101)
	at de.unisb.cs.st.javalanche.mutation.runtime.testDriver.junit.Junit4MutationTestDriver.runTest(Junit4MutationTestDriver.java:231)
	at de.unisb.cs.st.javalanche.mutation.runtime.testDriver.junit.Junit4MutationTestDriver.access$400(Junit4MutationTestDriver.java:59)
	at de.unisb.cs.st.javalanche.mutation.runtime.testDriver.junit.Junit4MutationTestDriver$1.run(Junit4MutationTestDriver.java:330)
	at java.util.concurrent.Executors$RunnableAdapter.call(Executors.java:441)
	at java.util.concurrent.FutureTask$Sync.innerRun(FutureTask.java:303)
	at java.util.concurrent.FutureTask.run(FutureTask.java:138)
	at java.lang.Thread.run(Thread.java:662)
java.lang.NullPointerException
	at org.jfree.chart.renderer.category.AbstractCategoryItemRenderer.drawRangeMarker(AbstractCategoryItemRenderer.java:963)
	at org.jfree.chart.plot.CategoryPlot.drawRangeMarkers(CategoryPlot.java:3142)
	at org.jfree.chart.plot.CategoryPlot.draw(CategoryPlot.java:2755)
	at org.jfree.chart.JFreeChart.draw(JFreeChart.java:1212)
	at org.jfree.chart.JFreeChart.createBufferedImage(JFreeChart.java:1386)
	at org.jfree.chart.JFreeChart.createBufferedImage(JFreeChart.java:1366)
	at org.jfree.chart.JFreeChart.createBufferedImage(JFreeChart.java:1351)
	at org.jfree.chart.plot.junit.CategoryPlotTests.testSerialization4(CategoryPlotTests.java:562)
	at sun.reflect.GeneratedMethodAccessor140.invoke(Unknown Source)
	at sun.reflect.DelegatingMethodAccessorImpl.invoke(DelegatingMethodAccessorImpl.java:25)
	at java.lang.reflect.Method.invoke(Method.java:597)
	at junit.framework.TestCase.runTest(TestCase.java:168)
	at junit.framework.TestCase.runBare(TestCase.java:134)
	at junit.framework.TestResult$1.protect(TestResult.java:110)
	at junit.framework.TestResult.runProtected(TestResult.java:128)
	at junit.framework.TestResult.run(TestResult.java:113)
	at junit.framework.TestCase.run(TestCase.java:124)
	at junit.framework.TestSuite.runTest(TestSuite.java:243)
	at junit.framework.TestSuite.run(TestSuite.java:238)
	at org.junit.internal.runners.JUnit38ClassRunner.run(JUnit38ClassRunner.java:101)
	at de.unisb.cs.st.javalanche.mutation.runtime.testDriver.junit.Junit4MutationTestDriver.runTest(Junit4MutationTestDriver.java:231)
	at de.unisb.cs.st.javalanche.mutation.runtime.testDriver.junit.Junit4MutationTestDriver.access$400(Junit4MutationTestDriver.java:59)
	at de.unisb.cs.st.javalanche.mutation.runtime.testDriver.junit.Junit4MutationTestDriver$1.run(Junit4MutationTestDriver.java:330)
	at java.util.concurrent.Executors$RunnableAdapter.call(Executors.java:441)
	at java.util.concurrent.FutureTask$Sync.innerRun(FutureTask.java:303)
	at java.util.concurrent.FutureTask.run(FutureTask.java:138)
	at java.lang.Thread.run(Thread.java:662)
java.lang.NullPointerException
	at org.jfree.text.TextBlock.calculateDimensions(TextBlock.java:172)
	at org.jfree.chart.block.LabelBlock.arrange(LabelBlock.java:249)
	at org.jfree.chart.block.BorderArrangement.arrangeNN(BorderArrangement.java:219)
	at org.jfree.chart.block.BorderArrangement.arrange(BorderArrangement.java:135)
	at org.jfree.chart.block.BlockContainer.arrange(BlockContainer.java:181)
	at org.jfree.chart.block.CenterArrangement.arrangeNN(CenterArrangement.java:284)
	at org.jfree.chart.block.CenterArrangement.arrange(CenterArrangement.java:98)
	at org.jfree.chart.block.BlockContainer.arrange(BlockContainer.java:181)
	at org.jfree.chart.block.FlowArrangement.arrangeNN(FlowArrangement.java:365)
	at org.jfree.chart.block.FlowArrangement.arrangeRR(FlowArrangement.java:283)
	at org.jfree.chart.block.FlowArrangement.arrange(FlowArrangement.java:158)
	at org.jfree.chart.block.BlockContainer.arrange(BlockContainer.java:181)
	at org.jfree.chart.title.LegendTitle.arrange(LegendTitle.java:486)
	at org.jfree.chart.JFreeChart.drawTitle(JFreeChart.java:1307)
	at org.jfree.chart.JFreeChart.draw(JFreeChart.java:1198)
	at org.jfree.chart.JFreeChart.createBufferedImage(JFreeChart.java:1386)
	at org.jfree.chart.JFreeChart.createBufferedImage(JFreeChart.java:1366)
	at org.jfree.chart.renderer.category.junit.StatisticalBarRendererTests.testDrawWithNullMeanHorizontal(StatisticalBarRendererTests.java:233)
	at sun.reflect.GeneratedMethodAccessor158.invoke(Unknown Source)
	at sun.reflect.DelegatingMethodAccessorImpl.invoke(DelegatingMethodAccessorImpl.java:25)
	at java.lang.reflect.Method.invoke(Method.java:597)
	at junit.framework.TestCase.runTest(TestCase.java:168)
	at junit.framework.TestCase.runBare(TestCase.java:134)
	at junit.framework.TestResult$1.protect(TestResult.java:110)
	at junit.framework.TestResult.runProtected(TestResult.java:128)
	at junit.framework.TestResult.run(TestResult.java:113)
	at junit.framework.TestCase.run(TestCase.java:124)
	at junit.framework.TestSuite.runTest(TestSuite.java:243)
	at junit.framework.TestSuite.run(TestSuite.java:238)
	at org.junit.internal.runners.JUnit38ClassRunner.run(JUnit38ClassRunner.java:101)
	at de.unisb.cs.st.javalanche.mutation.runtime.testDriver.junit.Junit4MutationTestDriver.runTest(Junit4MutationTestDriver.java:231)
	at de.unisb.cs.st.javalanche.mutation.runtime.testDriver.junit.Junit4MutationTestDriver.access$400(Junit4MutationTestDriver.java:59)
	at de.unisb.cs.st.javalanche.mutation.runtime.testDriver.junit.Junit4MutationTestDriver$1.run(Junit4MutationTestDriver.java:330)
	at java.util.concurrent.Executors$RunnableAdapter.call(Executors.java:441)
	at java.util.concurrent.FutureTask$Sync.innerRun(FutureTask.java:303)
	at java.util.concurrent.FutureTask.run(FutureTask.java:138)
	at java.lang.Thread.run(Thread.java:662)
java.lang.NullPointerException
	at org.jfree.text.TextBlock.calculateDimensions(TextBlock.java:172)
	at org.jfree.chart.block.LabelBlock.arrange(LabelBlock.java:249)
	at org.jfree.chart.block.BorderArrangement.arrangeNN(BorderArrangement.java:219)
	at org.jfree.chart.block.BorderArrangement.arrange(BorderArrangement.java:135)
	at org.jfree.chart.block.BlockContainer.arrange(BlockContainer.java:181)
	at org.jfree.chart.block.CenterArrangement.arrangeNN(CenterArrangement.java:284)
	at org.jfree.chart.block.CenterArrangement.arrange(CenterArrangement.java:98)
	at org.jfree.chart.block.BlockContainer.arrange(BlockContainer.java:181)
	at org.jfree.chart.block.FlowArrangement.arrangeNN(FlowArrangement.java:365)
	at org.jfree.chart.block.FlowArrangement.arrangeRR(FlowArrangement.java:283)
	at org.jfree.chart.block.FlowArrangement.arrange(FlowArrangement.java:158)
	at org.jfree.chart.block.BlockContainer.arrange(BlockContainer.java:181)
	at org.jfree.chart.title.LegendTitle.arrange(LegendTitle.java:486)
	at org.jfree.chart.JFreeChart.drawTitle(JFreeChart.java:1307)
	at org.jfree.chart.JFreeChart.draw(JFreeChart.java:1198)
	at org.jfree.chart.JFreeChart.createBufferedImage(JFreeChart.java:1386)
	at org.jfree.chart.JFreeChart.createBufferedImage(JFreeChart.java:1366)
	at org.jfree.chart.renderer.xy.junit.XYAreaRendererTests.testDrawWithNullInfo(XYAreaRendererTests.java:224)
	at sun.reflect.GeneratedMethodAccessor121.invoke(Unknown Source)
	at sun.reflect.DelegatingMethodAccessorImpl.invoke(DelegatingMethodAccessorImpl.java:25)
	at java.lang.reflect.Method.invoke(Method.java:597)
	at junit.framework.TestCase.runTest(TestCase.java:168)
	at junit.framework.TestCase.runBare(TestCase.java:134)
	at junit.framework.TestResult$1.protect(TestResult.java:110)
	at junit.framework.TestResult.runProtected(TestResult.java:128)
	at junit.framework.TestResult.run(TestResult.java:113)
	at junit.framework.TestCase.run(TestCase.java:124)
	at junit.framework.TestSuite.runTest(TestSuite.java:243)
	at junit.framework.TestSuite.run(TestSuite.java:238)
	at org.junit.internal.runners.JUnit38ClassRunner.run(JUnit38ClassRunner.java:101)
	at de.unisb.cs.st.javalanche.mutation.runtime.testDriver.junit.Junit4MutationTestDriver.runTest(Junit4MutationTestDriver.java:231)
	at de.unisb.cs.st.javalanche.mutation.runtime.testDriver.junit.Junit4MutationTestDriver.access$400(Junit4MutationTestDriver.java:59)
	at de.unisb.cs.st.javalanche.mutation.runtime.testDriver.junit.Junit4MutationTestDriver$1.run(Junit4MutationTestDriver.java:330)
	at java.util.concurrent.Executors$RunnableAdapter.call(Executors.java:441)
	at java.util.concurrent.FutureTask$Sync.innerRun(FutureTask.java:303)
	at java.util.concurrent.FutureTask.run(FutureTask.java:138)
	at java.lang.Thread.run(Thread.java:662)
java.lang.NullPointerException
	at org.jfree.text.TextBlock.calculateDimensions(TextBlock.java:172)
	at org.jfree.chart.title.TextTitle.arrangeRR(TextTitle.java:500)
	at org.jfree.chart.title.TextTitle.arrange(TextTitle.java:458)
	at org.jfree.chart.JFreeChart.drawTitle(JFreeChart.java:1298)
	at org.jfree.chart.JFreeChart.draw(JFreeChart.java:1188)
	at org.jfree.chart.junit.TimeSeriesChartTests.testDrawWithNullInfo(TimeSeriesChartTests.java:109)
	at sun.reflect.GeneratedMethodAccessor122.invoke(Unknown Source)
	at sun.reflect.DelegatingMethodAccessorImpl.invoke(DelegatingMethodAccessorImpl.java:25)
	at java.lang.reflect.Method.invoke(Method.java:597)
	at junit.framework.TestCase.runTest(TestCase.java:168)
	at junit.framework.TestCase.runBare(TestCase.java:134)
	at junit.framework.TestResult$1.protect(TestResult.java:110)
	at junit.framework.TestResult.runProtected(TestResult.java:128)
	at junit.framework.TestResult.run(TestResult.java:113)
	at junit.framework.TestCase.run(TestCase.java:124)
	at junit.framework.TestSuite.runTest(TestSuite.java:243)
	at junit.framework.TestSuite.run(TestSuite.java:238)
	at org.junit.internal.runners.JUnit38ClassRunner.run(JUnit38ClassRunner.java:101)
	at de.unisb.cs.st.javalanche.mutation.runtime.testDriver.junit.Junit4MutationTestDriver.runTest(Junit4MutationTestDriver.java:231)
	at de.unisb.cs.st.javalanche.mutation.runtime.testDriver.junit.Junit4MutationTestDriver.access$400(Junit4MutationTestDriver.java:59)
	at de.unisb.cs.st.javalanche.mutation.runtime.testDriver.junit.Junit4MutationTestDriver$1.run(Junit4MutationTestDriver.java:330)
	at java.util.concurrent.Executors$RunnableAdapter.call(Executors.java:441)
	at java.util.concurrent.FutureTask$Sync.innerRun(FutureTask.java:303)
	at java.util.concurrent.FutureTask.run(FutureTask.java:138)
	at java.lang.Thread.run(Thread.java:662)
java.lang.NullPointerException
	at org.jfree.text.TextBlock.calculateDimensions(TextBlock.java:172)
	at org.jfree.chart.title.TextTitle.arrangeRR(TextTitle.java:500)
	at org.jfree.chart.title.TextTitle.arrange(TextTitle.java:458)
	at org.jfree.chart.JFreeChart.drawTitle(JFreeChart.java:1298)
	at org.jfree.chart.JFreeChart.draw(JFreeChart.java:1188)
	at org.jfree.chart.JFreeChart.createBufferedImage(JFreeChart.java:1386)
	at org.jfree.chart.JFreeChart.createBufferedImage(JFreeChart.java:1366)
	at org.jfree.chart.JFreeChart.createBufferedImage(JFreeChart.java:1351)
	at org.jfree.chart.plot.junit.XYPlotTests.testSerialization3(XYPlotTests.java:670)
	at sun.reflect.GeneratedMethodAccessor129.invoke(Unknown Source)
	at sun.reflect.DelegatingMethodAccessorImpl.invoke(DelegatingMethodAccessorImpl.java:25)
	at java.lang.reflect.Method.invoke(Method.java:597)
	at junit.framework.TestCase.runTest(TestCase.java:168)
	at junit.framework.TestCase.runBare(TestCase.java:134)
	at junit.framework.TestResult$1.protect(TestResult.java:110)
	at junit.framework.TestResult.runProtected(TestResult.java:128)
	at junit.framework.TestResult.run(TestResult.java:113)
	at junit.framework.TestCase.run(TestCase.java:124)
	at junit.framework.TestSuite.runTest(TestSuite.java:243)
	at junit.framework.TestSuite.run(TestSuite.java:238)
	at org.junit.internal.runners.JUnit38ClassRunner.run(JUnit38ClassRunner.java:101)
	at de.unisb.cs.st.javalanche.mutation.runtime.testDriver.junit.Junit4MutationTestDriver.runTest(Junit4MutationTestDriver.java:231)
	at de.unisb.cs.st.javalanche.mutation.runtime.testDriver.junit.Junit4MutationTestDriver.access$400(Junit4MutationTestDriver.java:59)
	at de.unisb.cs.st.javalanche.mutation.runtime.testDriver.junit.Junit4MutationTestDriver$1.run(Junit4MutationTestDriver.java:330)
	at java.util.concurrent.Executors$RunnableAdapter.call(Executors.java:441)
	at java.util.concurrent.FutureTask$Sync.innerRun(FutureTask.java:303)
	at java.util.concurrent.FutureTask.run(FutureTask.java:138)
	at java.lang.Thread.run(Thread.java:662)
java.lang.NullPointerException
	at org.jfree.text.TextBlock.calculateDimensions(TextBlock.java:172)
	at org.jfree.chart.block.LabelBlock.arrange(LabelBlock.java:249)
	at org.jfree.chart.block.BorderArrangement.arrangeNN(BorderArrangement.java:219)
	at org.jfree.chart.block.BorderArrangement.arrange(BorderArrangement.java:135)
	at org.jfree.chart.block.BlockContainer.arrange(BlockContainer.java:181)
	at org.jfree.chart.block.CenterArrangement.arrangeNN(CenterArrangement.java:284)
	at org.jfree.chart.block.CenterArrangement.arrange(CenterArrangement.java:98)
	at org.jfree.chart.block.BlockContainer.arrange(BlockContainer.java:181)
	at org.jfree.chart.block.FlowArrangement.arrangeNN(FlowArrangement.java:365)
	at org.jfree.chart.block.FlowArrangement.arrangeRR(FlowArrangement.java:283)
	at org.jfree.chart.block.FlowArrangement.arrange(FlowArrangement.java:158)
	at org.jfree.chart.block.BlockContainer.arrange(BlockContainer.java:181)
	at org.jfree.chart.title.LegendTitle.arrange(LegendTitle.java:486)
	at org.jfree.chart.JFreeChart.drawTitle(JFreeChart.java:1307)
	at org.jfree.chart.JFreeChart.draw(JFreeChart.java:1198)
	at org.jfree.chart.JFreeChart.createBufferedImage(JFreeChart.java:1386)
	at org.jfree.chart.JFreeChart.createBufferedImage(JFreeChart.java:1366)
	at org.jfree.chart.renderer.category.junit.LevelRendererTests.testDrawWithNullInfo(LevelRendererTests.java:203)
	at sun.reflect.GeneratedMethodAccessor147.invoke(Unknown Source)
	at sun.reflect.DelegatingMethodAccessorImpl.invoke(DelegatingMethodAccessorImpl.java:25)
	at java.lang.reflect.Method.invoke(Method.java:597)
	at junit.framework.TestCase.runTest(TestCase.java:168)
	at junit.framework.TestCase.runBare(TestCase.java:134)
	at junit.framework.TestResult$1.protect(TestResult.java:110)
	at junit.framework.TestResult.runProtected(TestResult.java:128)
	at junit.framework.TestResult.run(TestResult.java:113)
	at junit.framework.TestCase.run(TestCase.java:124)
	at junit.framework.TestSuite.runTest(TestSuite.java:243)
	at junit.framework.TestSuite.run(TestSuite.java:238)
	at org.junit.internal.runners.JUnit38ClassRunner.run(JUnit38ClassRunner.java:101)
	at de.unisb.cs.st.javalanche.mutation.runtime.testDriver.junit.Junit4MutationTestDriver.runTest(Junit4MutationTestDriver.java:231)
	at de.unisb.cs.st.javalanche.mutation.runtime.testDriver.junit.Junit4MutationTestDriver.access$400(Junit4MutationTestDriver.java:59)
	at de.unisb.cs.st.javalanche.mutation.runtime.testDriver.junit.Junit4MutationTestDriver$1.run(Junit4MutationTestDriver.java:330)
	at java.util.concurrent.Executors$RunnableAdapter.call(Executors.java:441)
	at java.util.concurrent.FutureTask$Sync.innerRun(FutureTask.java:303)
	at java.util.concurrent.FutureTask.run(FutureTask.java:138)
	at java.lang.Thread.run(Thread.java:662)
java.lang.NullPointerException
	at org.jfree.text.TextBlock.calculateDimensions(TextBlock.java:172)
	at org.jfree.chart.title.TextTitle.arrangeRR(TextTitle.java:500)
	at org.jfree.chart.title.TextTitle.arrange(TextTitle.java:458)
	at org.jfree.chart.JFreeChart.drawTitle(JFreeChart.java:1298)
	at org.jfree.chart.JFreeChart.draw(JFreeChart.java:1188)
	at org.jfree.chart.junit.XYStepAreaChartTests.testDrawWithNullInfo(XYStepAreaChartTests.java:110)
	at sun.reflect.GeneratedMethodAccessor130.invoke(Unknown Source)
	at sun.reflect.DelegatingMethodAccessorImpl.invoke(DelegatingMethodAccessorImpl.java:25)
	at java.lang.reflect.Method.invoke(Method.java:597)
	at junit.framework.TestCase.runTest(TestCase.java:168)
	at junit.framework.TestCase.runBare(TestCase.java:134)
	at junit.framework.TestResult$1.protect(TestResult.java:110)
	at junit.framework.TestResult.runProtected(TestResult.java:128)
	at junit.framework.TestResult.run(TestResult.java:113)
	at junit.framework.TestCase.run(TestCase.java:124)
	at junit.framework.TestSuite.runTest(TestSuite.java:243)
	at junit.framework.TestSuite.run(TestSuite.java:238)
	at org.junit.internal.runners.JUnit38ClassRunner.run(JUnit38ClassRunner.java:101)
	at de.unisb.cs.st.javalanche.mutation.runtime.testDriver.junit.Junit4MutationTestDriver.runTest(Junit4MutationTestDriver.java:231)
	at de.unisb.cs.st.javalanche.mutation.runtime.testDriver.junit.Junit4MutationTestDriver.access$400(Junit4MutationTestDriver.java:59)
	at de.unisb.cs.st.javalanche.mutation.runtime.testDriver.junit.Junit4MutationTestDriver$1.run(Junit4MutationTestDriver.java:330)
	at java.util.concurrent.Executors$RunnableAdapter.call(Executors.java:441)
	at java.util.concurrent.FutureTask$Sync.innerRun(FutureTask.java:303)
	at java.util.concurrent.FutureTask.run(FutureTask.java:138)
	at java.lang.Thread.run(Thread.java:662)
java.lang.NullPointerException
	at org.jfree.text.TextBlock.calculateDimensions(TextBlock.java:172)
	at org.jfree.chart.block.LabelBlock.arrange(LabelBlock.java:249)
	at org.jfree.chart.block.BorderArrangement.arrangeNN(BorderArrangement.java:219)
	at org.jfree.chart.block.BorderArrangement.arrange(BorderArrangement.java:135)
	at org.jfree.chart.block.BlockContainer.arrange(BlockContainer.java:181)
	at org.jfree.chart.block.CenterArrangement.arrangeNN(CenterArrangement.java:284)
	at org.jfree.chart.block.CenterArrangement.arrange(CenterArrangement.java:98)
	at org.jfree.chart.block.BlockContainer.arrange(BlockContainer.java:181)
	at org.jfree.chart.block.FlowArrangement.arrangeNN(FlowArrangement.java:365)
	at org.jfree.chart.block.FlowArrangement.arrangeRR(FlowArrangement.java:283)
	at org.jfree.chart.block.FlowArrangement.arrange(FlowArrangement.java:158)
	at org.jfree.chart.block.BlockContainer.arrange(BlockContainer.java:181)
	at org.jfree.chart.title.LegendTitle.arrange(LegendTitle.java:486)
	at org.jfree.chart.JFreeChart.drawTitle(JFreeChart.java:1307)
	at org.jfree.chart.JFreeChart.draw(JFreeChart.java:1198)
	at org.jfree.chart.JFreeChart.createBufferedImage(JFreeChart.java:1386)
	at org.jfree.chart.JFreeChart.createBufferedImage(JFreeChart.java:1366)
	at org.jfree.chart.renderer.category.junit.IntervalBarRendererTests.testDrawWithNullInfo(IntervalBarRendererTests.java:166)
	at sun.reflect.GeneratedMethodAccessor149.invoke(Unknown Source)
	at sun.reflect.DelegatingMethodAccessorImpl.invoke(DelegatingMethodAccessorImpl.java:25)
	at java.lang.reflect.Method.invoke(Method.java:597)
	at junit.framework.TestCase.runTest(TestCase.java:168)
	at junit.framework.TestCase.runBare(TestCase.java:134)
	at junit.framework.TestResult$1.protect(TestResult.java:110)
	at junit.framework.TestResult.runProtected(TestResult.java:128)
	at junit.framework.TestResult.run(TestResult.java:113)
	at junit.framework.TestCase.run(TestCase.java:124)
	at junit.framework.TestSuite.runTest(TestSuite.java:243)
	at junit.framework.TestSuite.run(TestSuite.java:238)
	at org.junit.internal.runners.JUnit38ClassRunner.run(JUnit38ClassRunner.java:101)
	at de.unisb.cs.st.javalanche.mutation.runtime.testDriver.junit.Junit4MutationTestDriver.runTest(Junit4MutationTestDriver.java:231)
	at de.unisb.cs.st.javalanche.mutation.runtime.testDriver.junit.Junit4MutationTestDriver.access$400(Junit4MutationTestDriver.java:59)
	at de.unisb.cs.st.javalanche.mutation.runtime.testDriver.junit.Junit4MutationTestDriver$1.run(Junit4MutationTestDriver.java:330)
	at java.util.concurrent.Executors$RunnableAdapter.call(Executors.java:441)
	at java.util.concurrent.FutureTask$Sync.innerRun(FutureTask.java:303)
	at java.util.concurrent.FutureTask.run(FutureTask.java:138)
	at java.lang.Thread.run(Thread.java:662)
java.lang.NullPointerException
	at org.jfree.text.TextBlock.calculateDimensions(TextBlock.java:172)
	at org.jfree.chart.block.LabelBlock.arrange(LabelBlock.java:249)
	at org.jfree.chart.block.BorderArrangement.arrangeNN(BorderArrangement.java:219)
	at org.jfree.chart.block.BorderArrangement.arrange(BorderArrangement.java:135)
	at org.jfree.chart.block.BlockContainer.arrange(BlockContainer.java:181)
	at org.jfree.chart.block.CenterArrangement.arrangeNN(CenterArrangement.java:284)
	at org.jfree.chart.block.CenterArrangement.arrange(CenterArrangement.java:98)
	at org.jfree.chart.block.BlockContainer.arrange(BlockContainer.java:181)
	at org.jfree.chart.block.FlowArrangement.arrangeNN(FlowArrangement.java:365)
	at org.jfree.chart.block.FlowArrangement.arrangeRR(FlowArrangement.java:283)
	at org.jfree.chart.block.FlowArrangement.arrange(FlowArrangement.java:158)
	at org.jfree.chart.block.BlockContainer.arrange(BlockContainer.java:181)
	at org.jfree.chart.title.LegendTitle.arrange(LegendTitle.java:486)
	at org.jfree.chart.JFreeChart.drawTitle(JFreeChart.java:1307)
	at org.jfree.chart.JFreeChart.draw(JFreeChart.java:1198)
	at org.jfree.chart.JFreeChart.createBufferedImage(JFreeChart.java:1386)
	at org.jfree.chart.JFreeChart.createBufferedImage(JFreeChart.java:1366)
	at org.jfree.chart.renderer.category.junit.StatisticalBarRendererTests.testDrawWithNullInfo(StatisticalBarRendererTests.java:178)
	at sun.reflect.GeneratedMethodAccessor166.invoke(Unknown Source)
	at sun.reflect.DelegatingMethodAccessorImpl.invoke(DelegatingMethodAccessorImpl.java:25)
	at java.lang.reflect.Method.invoke(Method.java:597)
	at junit.framework.TestCase.runTest(TestCase.java:168)
	at junit.framework.TestCase.runBare(TestCase.java:134)
	at junit.framework.TestResult$1.protect(TestResult.java:110)
	at junit.framework.TestResult.runProtected(TestResult.java:128)
	at junit.framework.TestResult.run(TestResult.java:113)
	at junit.framework.TestCase.run(TestCase.java:124)
	at junit.framework.TestSuite.runTest(TestSuite.java:243)
	at junit.framework.TestSuite.run(TestSuite.java:238)
	at org.junit.internal.runners.JUnit38ClassRunner.run(JUnit38ClassRunner.java:101)
	at de.unisb.cs.st.javalanche.mutation.runtime.testDriver.junit.Junit4MutationTestDriver.runTest(Junit4MutationTestDriver.java:231)
	at de.unisb.cs.st.javalanche.mutation.runtime.testDriver.junit.Junit4MutationTestDriver.access$400(Junit4MutationTestDriver.java:59)
	at de.unisb.cs.st.javalanche.mutation.runtime.testDriver.junit.Junit4MutationTestDriver$1.run(Junit4MutationTestDriver.java:330)
	at java.util.concurrent.Executors$RunnableAdapter.call(Executors.java:441)
	at java.util.concurrent.FutureTask$Sync.innerRun(FutureTask.java:303)
	at java.util.concurrent.FutureTask.run(FutureTask.java:138)
	at java.lang.Thread.run(Thread.java:662)
java.lang.NullPointerException
	at org.jfree.text.TextBlock.calculateDimensions(TextBlock.java:172)
	at org.jfree.chart.title.TextTitle.arrangeRR(TextTitle.java:500)
	at org.jfree.chart.title.TextTitle.arrange(TextTitle.java:458)
	at org.jfree.chart.JFreeChart.drawTitle(JFreeChart.java:1298)
	at org.jfree.chart.JFreeChart.draw(JFreeChart.java:1188)
	at org.jfree.chart.junit.XYAreaChartTests.testDrawWithNullInfo(XYAreaChartTests.java:110)
	at sun.reflect.GeneratedMethodAccessor115.invoke(Unknown Source)
	at sun.reflect.DelegatingMethodAccessorImpl.invoke(DelegatingMethodAccessorImpl.java:25)
	at java.lang.reflect.Method.invoke(Method.java:597)
	at junit.framework.TestCase.runTest(TestCase.java:168)
	at junit.framework.TestCase.runBare(TestCase.java:134)
	at junit.framework.TestResult$1.protect(TestResult.java:110)
	at junit.framework.TestResult.runProtected(TestResult.java:128)
	at junit.framework.TestResult.run(TestResult.java:113)
	at junit.framework.TestCase.run(TestCase.java:124)
	at junit.framework.TestSuite.runTest(TestSuite.java:243)
	at junit.framework.TestSuite.run(TestSuite.java:238)
	at org.junit.internal.runners.JUnit38ClassRunner.run(JUnit38ClassRunner.java:101)
	at de.unisb.cs.st.javalanche.mutation.runtime.testDriver.junit.Junit4MutationTestDriver.runTest(Junit4MutationTestDriver.java:231)
	at de.unisb.cs.st.javalanche.mutation.runtime.testDriver.junit.Junit4MutationTestDriver.access$400(Junit4MutationTestDriver.java:59)
	at de.unisb.cs.st.javalanche.mutation.runtime.testDriver.junit.Junit4MutationTestDriver$1.run(Junit4MutationTestDriver.java:330)
	at java.util.concurrent.Executors$RunnableAdapter.call(Executors.java:441)
	at java.util.concurrent.FutureTask$Sync.innerRun(FutureTask.java:303)
	at java.util.concurrent.FutureTask.run(FutureTask.java:138)
	at java.lang.Thread.run(Thread.java:662)
java.lang.NullPointerException
	at org.jfree.text.TextBlock.calculateDimensions(TextBlock.java:172)
	at org.jfree.chart.title.TextTitle.arrangeRR(TextTitle.java:500)
	at org.jfree.chart.title.TextTitle.arrange(TextTitle.java:458)
	at org.jfree.chart.JFreeChart.drawTitle(JFreeChart.java:1298)
	at org.jfree.chart.JFreeChart.draw(JFreeChart.java:1188)
	at org.jfree.chart.junit.XYBarChartTests.testDrawWithNullInfo(XYBarChartTests.java:112)
	at sun.reflect.GeneratedMethodAccessor117.invoke(Unknown Source)
	at sun.reflect.DelegatingMethodAccessorImpl.invoke(DelegatingMethodAccessorImpl.java:25)
	at java.lang.reflect.Method.invoke(Method.java:597)
	at junit.framework.TestCase.runTest(TestCase.java:168)
	at junit.framework.TestCase.runBare(TestCase.java:134)
	at junit.framework.TestResult$1.protect(TestResult.java:110)
	at junit.framework.TestResult.runProtected(TestResult.java:128)
	at junit.framework.TestResult.run(TestResult.java:113)
	at junit.framework.TestCase.run(TestCase.java:124)
	at junit.framework.TestSuite.runTest(TestSuite.java:243)
	at junit.framework.TestSuite.run(TestSuite.java:238)
	at org.junit.internal.runners.JUnit38ClassRunner.run(JUnit38ClassRunner.java:101)
	at de.unisb.cs.st.javalanche.mutation.runtime.testDriver.junit.Junit4MutationTestDriver.runTest(Junit4MutationTestDriver.java:231)
	at de.unisb.cs.st.javalanche.mutation.runtime.testDriver.junit.Junit4MutationTestDriver.access$400(Junit4MutationTestDriver.java:59)
	at de.unisb.cs.st.javalanche.mutation.runtime.testDriver.junit.Junit4MutationTestDriver$1.run(Junit4MutationTestDriver.java:330)
	at java.util.concurrent.Executors$RunnableAdapter.call(Executors.java:441)
	at java.util.concurrent.FutureTask$Sync.innerRun(FutureTask.java:303)
	at java.util.concurrent.FutureTask.run(FutureTask.java:138)
	at java.lang.Thread.run(Thread.java:662)
java.lang.NullPointerException
	at org.jfree.text.TextBlock.calculateDimensions(TextBlock.java:172)
	at org.jfree.chart.block.LabelBlock.arrange(LabelBlock.java:249)
	at org.jfree.chart.block.BorderArrangement.arrangeNN(BorderArrangement.java:219)
	at org.jfree.chart.block.BorderArrangement.arrange(BorderArrangement.java:135)
	at org.jfree.chart.block.BlockContainer.arrange(BlockContainer.java:181)
	at org.jfree.chart.block.CenterArrangement.arrangeNN(CenterArrangement.java:284)
	at org.jfree.chart.block.CenterArrangement.arrange(CenterArrangement.java:98)
	at org.jfree.chart.block.BlockContainer.arrange(BlockContainer.java:181)
	at org.jfree.chart.block.FlowArrangement.arrangeNN(FlowArrangement.java:365)
	at org.jfree.chart.block.FlowArrangement.arrangeRR(FlowArrangement.java:283)
	at org.jfree.chart.block.FlowArrangement.arrange(FlowArrangement.java:158)
	at org.jfree.chart.block.BlockContainer.arrange(BlockContainer.java:181)
	at org.jfree.chart.title.LegendTitle.arrange(LegendTitle.java:486)
	at org.jfree.chart.JFreeChart.drawTitle(JFreeChart.java:1307)
	at org.jfree.chart.JFreeChart.draw(JFreeChart.java:1198)
	at org.jfree.chart.JFreeChart.createBufferedImage(JFreeChart.java:1386)
	at org.jfree.chart.JFreeChart.createBufferedImage(JFreeChart.java:1366)
	at org.jfree.chart.renderer.xy.junit.XYStepAreaRendererTests.testDrawWithNullInfo(XYStepAreaRendererTests.java:201)
	at sun.reflect.GeneratedMethodAccessor118.invoke(Unknown Source)
	at sun.reflect.DelegatingMethodAccessorImpl.invoke(DelegatingMethodAccessorImpl.java:25)
	at java.lang.reflect.Method.invoke(Method.java:597)
	at junit.framework.TestCase.runTest(TestCase.java:168)
	at junit.framework.TestCase.runBare(TestCase.java:134)
	at junit.framework.TestResult$1.protect(TestResult.java:110)
	at junit.framework.TestResult.runProtected(TestResult.java:128)
	at junit.framework.TestResult.run(TestResult.java:113)
	at junit.framework.TestCase.run(TestCase.java:124)
	at junit.framework.TestSuite.runTest(TestSuite.java:243)
	at junit.framework.TestSuite.run(TestSuite.java:238)
	at org.junit.internal.runners.JUnit38ClassRunner.run(JUnit38ClassRunner.java:101)
	at de.unisb.cs.st.javalanche.mutation.runtime.testDriver.junit.Junit4MutationTestDriver.runTest(Junit4MutationTestDriver.java:231)
	at de.unisb.cs.st.javalanche.mutation.runtime.testDriver.junit.Junit4MutationTestDriver.access$400(Junit4MutationTestDriver.java:59)
	at de.unisb.cs.st.javalanche.mutation.runtime.testDriver.junit.Junit4MutationTestDriver$1.run(Junit4MutationTestDriver.java:330)
	at java.util.concurrent.Executors$RunnableAdapter.call(Executors.java:441)
	at java.util.concurrent.FutureTask$Sync.innerRun(FutureTask.java:303)
	at java.util.concurrent.FutureTask.run(FutureTask.java:138)
	at java.lang.Thread.run(Thread.java:662)
java.lang.NullPointerException
	at org.jfree.text.TextBlock.calculateDimensions(TextBlock.java:172)
	at org.jfree.chart.title.TextTitle.arrangeRR(TextTitle.java:500)
	at org.jfree.chart.title.TextTitle.arrange(TextTitle.java:458)
	at org.jfree.chart.JFreeChart.drawTitle(JFreeChart.java:1298)
	at org.jfree.chart.JFreeChart.draw(JFreeChart.java:1188)
	at org.jfree.chart.plot.junit.CategoryPlotTests.test1654215(CategoryPlotTests.java:702)
	at sun.reflect.GeneratedMethodAccessor141.invoke(Unknown Source)
	at sun.reflect.DelegatingMethodAccessorImpl.invoke(DelegatingMethodAccessorImpl.java:25)
	at java.lang.reflect.Method.invoke(Method.java:597)
	at junit.framework.TestCase.runTest(TestCase.java:168)
	at junit.framework.TestCase.runBare(TestCase.java:134)
	at junit.framework.TestResult$1.protect(TestResult.java:110)
	at junit.framework.TestResult.runProtected(TestResult.java:128)
	at junit.framework.TestResult.run(TestResult.java:113)
	at junit.framework.TestCase.run(TestCase.java:124)
	at junit.framework.TestSuite.runTest(TestSuite.java:243)
	at junit.framework.TestSuite.run(TestSuite.java:238)
	at org.junit.internal.runners.JUnit38ClassRunner.run(JUnit38ClassRunner.java:101)
	at de.unisb.cs.st.javalanche.mutation.runtime.testDriver.junit.Junit4MutationTestDriver.runTest(Junit4MutationTestDriver.java:231)
	at de.unisb.cs.st.javalanche.mutation.runtime.testDriver.junit.Junit4MutationTestDriver.access$400(Junit4MutationTestDriver.java:59)
	at de.unisb.cs.st.javalanche.mutation.runtime.testDriver.junit.Junit4MutationTestDriver$1.run(Junit4MutationTestDriver.java:330)
	at java.util.concurrent.Executors$RunnableAdapter.call(Executors.java:441)
	at java.util.concurrent.FutureTask$Sync.innerRun(FutureTask.java:303)
	at java.util.concurrent.FutureTask.run(FutureTask.java:138)
	at java.lang.Thread.run(Thread.java:662)
java.lang.NullPointerException
	at org.jfree.text.TextBlock.calculateDimensions(TextBlock.java:172)
	at org.jfree.chart.title.TextTitle.arrangeRR(TextTitle.java:500)
	at org.jfree.chart.title.TextTitle.arrange(TextTitle.java:458)
	at org.jfree.chart.JFreeChart.drawTitle(JFreeChart.java:1298)
	at org.jfree.chart.JFreeChart.draw(JFreeChart.java:1188)
	at org.jfree.chart.junit.XYStepChartTests.testDrawWithNullInfo(XYStepChartTests.java:110)
	at sun.reflect.GeneratedMethodAccessor112.invoke(Unknown Source)
	at sun.reflect.DelegatingMethodAccessorImpl.invoke(DelegatingMethodAccessorImpl.java:25)
	at java.lang.reflect.Method.invoke(Method.java:597)
	at junit.framework.TestCase.runTest(TestCase.java:168)
	at junit.framework.TestCase.runBare(TestCase.java:134)
	at junit.framework.TestResult$1.protect(TestResult.java:110)
	at junit.framework.TestResult.runProtected(TestResult.java:128)
	at junit.framework.TestResult.run(TestResult.java:113)
	at junit.framework.TestCase.run(TestCase.java:124)
	at junit.framework.TestSuite.runTest(TestSuite.java:243)
	at junit.framework.TestSuite.run(TestSuite.java:238)
	at org.junit.internal.runners.JUnit38ClassRunner.run(JUnit38ClassRunner.java:101)
	at de.unisb.cs.st.javalanche.mutation.runtime.testDriver.junit.Junit4MutationTestDriver.runTest(Junit4MutationTestDriver.java:231)
	at de.unisb.cs.st.javalanche.mutation.runtime.testDriver.junit.Junit4MutationTestDriver.access$400(Junit4MutationTestDriver.java:59)
	at de.unisb.cs.st.javalanche.mutation.runtime.testDriver.junit.Junit4MutationTestDriver$1.run(Junit4MutationTestDriver.java:330)
	at java.util.concurrent.Executors$RunnableAdapter.call(Executors.java:441)
	at java.util.concurrent.FutureTask$Sync.innerRun(FutureTask.java:303)
	at java.util.concurrent.FutureTask.run(FutureTask.java:138)
	at java.lang.Thread.run(Thread.java:662)
java.lang.NullPointerException
	at org.jfree.text.TextBlock.calculateDimensions(TextBlock.java:172)
	at org.jfree.chart.block.LabelBlock.arrange(LabelBlock.java:249)
	at org.jfree.chart.block.BorderArrangement.arrangeNN(BorderArrangement.java:219)
	at org.jfree.chart.block.BorderArrangement.arrange(BorderArrangement.java:135)
	at org.jfree.chart.block.BlockContainer.arrange(BlockContainer.java:181)
	at org.jfree.chart.block.CenterArrangement.arrangeNN(CenterArrangement.java:284)
	at org.jfree.chart.block.CenterArrangement.arrange(CenterArrangement.java:98)
	at org.jfree.chart.block.BlockContainer.arrange(BlockContainer.java:181)
	at org.jfree.chart.block.FlowArrangement.arrangeNN(FlowArrangement.java:365)
	at org.jfree.chart.block.FlowArrangement.arrangeRR(FlowArrangement.java:283)
	at org.jfree.chart.block.FlowArrangement.arrange(FlowArrangement.java:158)
	at org.jfree.chart.block.BlockContainer.arrange(BlockContainer.java:181)
	at org.jfree.chart.title.LegendTitle.arrange(LegendTitle.java:486)
	at org.jfree.chart.JFreeChart.drawTitle(JFreeChart.java:1307)
	at org.jfree.chart.JFreeChart.draw(JFreeChart.java:1198)
	at org.jfree.chart.JFreeChart.createBufferedImage(JFreeChart.java:1386)
	at org.jfree.chart.JFreeChart.createBufferedImage(JFreeChart.java:1366)
	at org.jfree.chart.renderer.xy.junit.XYStepRendererTests.testDrawWithNullInfo(XYStepRendererTests.java:175)
	at sun.reflect.GeneratedMethodAccessor125.invoke(Unknown Source)
	at sun.reflect.DelegatingMethodAccessorImpl.invoke(DelegatingMethodAccessorImpl.java:25)
	at java.lang.reflect.Method.invoke(Method.java:597)
	at junit.framework.TestCase.runTest(TestCase.java:168)
	at junit.framework.TestCase.runBare(TestCase.java:134)
	at junit.framework.TestResult$1.protect(TestResult.java:110)
	at junit.framework.TestResult.runProtected(TestResult.java:128)
	at junit.framework.TestResult.run(TestResult.java:113)
	at junit.framework.TestCase.run(TestCase.java:124)
	at junit.framework.TestSuite.runTest(TestSuite.java:243)
	at junit.framework.TestSuite.run(TestSuite.java:238)
	at org.junit.internal.runners.JUnit38ClassRunner.run(JUnit38ClassRunner.java:101)
	at de.unisb.cs.st.javalanche.mutation.runtime.testDriver.junit.Junit4MutationTestDriver.runTest(Junit4MutationTestDriver.java:231)
	at de.unisb.cs.st.javalanche.mutation.runtime.testDriver.junit.Junit4MutationTestDriver.access$400(Junit4MutationTestDriver.java:59)
	at de.unisb.cs.st.javalanche.mutation.runtime.testDriver.junit.Junit4MutationTestDriver$1.run(Junit4MutationTestDriver.java:330)
	at java.util.concurrent.Executors$RunnableAdapter.call(Executors.java:441)
	at java.util.concurrent.FutureTask$Sync.innerRun(FutureTask.java:303)
	at java.util.concurrent.FutureTask.run(FutureTask.java:138)
	at java.lang.Thread.run(Thread.java:662)
java.lang.NullPointerException
	at org.jfree.text.TextBlock.calculateDimensions(TextBlock.java:172)
	at org.jfree.chart.block.LabelBlock.arrange(LabelBlock.java:249)
	at org.jfree.chart.block.BorderArrangement.arrangeNN(BorderArrangement.java:219)
	at org.jfree.chart.block.BorderArrangement.arrange(BorderArrangement.java:135)
	at org.jfree.chart.block.BlockContainer.arrange(BlockContainer.java:181)
	at org.jfree.chart.block.CenterArrangement.arrangeNN(CenterArrangement.java:284)
	at org.jfree.chart.block.CenterArrangement.arrange(CenterArrangement.java:98)
	at org.jfree.chart.block.BlockContainer.arrange(BlockContainer.java:181)
	at org.jfree.chart.block.FlowArrangement.arrangeNN(FlowArrangement.java:365)
	at org.jfree.chart.block.FlowArrangement.arrangeRR(FlowArrangement.java:283)
	at org.jfree.chart.block.FlowArrangement.arrange(FlowArrangement.java:158)
	at org.jfree.chart.block.BlockContainer.arrange(BlockContainer.java:181)
	at org.jfree.chart.title.LegendTitle.arrange(LegendTitle.java:486)
	at org.jfree.chart.JFreeChart.drawTitle(JFreeChart.java:1307)
	at org.jfree.chart.JFreeChart.draw(JFreeChart.java:1198)
	at org.jfree.chart.JFreeChart.createBufferedImage(JFreeChart.java:1386)
	at org.jfree.chart.JFreeChart.createBufferedImage(JFreeChart.java:1366)
	at org.jfree.chart.renderer.category.junit.GroupedStackedBarRendererTests.testDrawWithNullInfo(GroupedStackedBarRendererTests.java:166)
	at sun.reflect.GeneratedMethodAccessor142.invoke(Unknown Source)
	at sun.reflect.DelegatingMethodAccessorImpl.invoke(DelegatingMethodAccessorImpl.java:25)
	at java.lang.reflect.Method.invoke(Method.java:597)
	at junit.framework.TestCase.runTest(TestCase.java:168)
	at junit.framework.TestCase.runBare(TestCase.java:134)
	at junit.framework.TestResult$1.protect(TestResult.java:110)
	at junit.framework.TestResult.runProtected(TestResult.java:128)
	at junit.framework.TestResult.run(TestResult.java:113)
	at junit.framework.TestCase.run(TestCase.java:124)
	at junit.framework.TestSuite.runTest(TestSuite.java:243)
	at junit.framework.TestSuite.run(TestSuite.java:238)
	at org.junit.internal.runners.JUnit38ClassRunner.run(JUnit38ClassRunner.java:101)
	at de.unisb.cs.st.javalanche.mutation.runtime.testDriver.junit.Junit4MutationTestDriver.runTest(Junit4MutationTestDriver.java:231)
	at de.unisb.cs.st.javalanche.mutation.runtime.testDriver.junit.Junit4MutationTestDriver.access$400(Junit4MutationTestDriver.java:59)
	at de.unisb.cs.st.javalanche.mutation.runtime.testDriver.junit.Junit4MutationTestDriver$1.run(Junit4MutationTestDriver.java:330)
	at java.util.concurrent.Executors$RunnableAdapter.call(Executors.java:441)
	at java.util.concurrent.FutureTask$Sync.innerRun(FutureTask.java:303)
	at java.util.concurrent.FutureTask.run(FutureTask.java:138)
	at java.lang.Thread.run(Thread.java:662)
java.lang.NullPointerException
	at org.jfree.text.TextBlock.calculateDimensions(TextBlock.java:172)
	at org.jfree.chart.title.TextTitle.arrangeRR(TextTitle.java:500)
	at org.jfree.chart.title.TextTitle.arrange(TextTitle.java:458)
	at org.jfree.chart.JFreeChart.drawTitle(JFreeChart.java:1298)
	at org.jfree.chart.JFreeChart.draw(JFreeChart.java:1188)
	at org.jfree.chart.JFreeChart.createBufferedImage(JFreeChart.java:1386)
	at org.jfree.chart.JFreeChart.createBufferedImage(JFreeChart.java:1366)
	at org.jfree.chart.JFreeChart.createBufferedImage(JFreeChart.java:1351)
	at org.jfree.chart.plot.junit.CategoryPlotTests.testSerialization3(CategoryPlotTests.java:513)
	at sun.reflect.GeneratedMethodAccessor139.invoke(Unknown Source)
	at sun.reflect.DelegatingMethodAccessorImpl.invoke(DelegatingMethodAccessorImpl.java:25)
	at java.lang.reflect.Method.invoke(Method.java:597)
	at junit.framework.TestCase.runTest(TestCase.java:168)
	at junit.framework.TestCase.runBare(TestCase.java:134)
	at junit.framework.TestResult$1.protect(TestResult.java:110)
	at junit.framework.TestResult.runProtected(TestResult.java:128)
	at junit.framework.TestResult.run(TestResult.java:113)
	at junit.framework.TestCase.run(TestCase.java:124)
	at junit.framework.TestSuite.runTest(TestSuite.java:243)
	at junit.framework.TestSuite.run(TestSuite.java:238)
	at org.junit.internal.runners.JUnit38ClassRunner.run(JUnit38ClassRunner.java:101)
	at de.unisb.cs.st.javalanche.mutation.runtime.testDriver.junit.Junit4MutationTestDriver.runTest(Junit4MutationTestDriver.java:231)
	at de.unisb.cs.st.javalanche.mutation.runtime.testDriver.junit.Junit4MutationTestDriver.access$400(Junit4MutationTestDriver.java:59)
	at de.unisb.cs.st.javalanche.mutation.runtime.testDriver.junit.Junit4MutationTestDriver$1.run(Junit4MutationTestDriver.java:330)
	at java.util.concurrent.Executors$RunnableAdapter.call(Executors.java:441)
	at java.util.concurrent.FutureTask$Sync.innerRun(FutureTask.java:303)
	at java.util.concurrent.FutureTask.run(FutureTask.java:138)
	at java.lang.Thread.run(Thread.java:662)
java.lang.NullPointerException
	at org.jfree.text.TextBlock.calculateDimensions(TextBlock.java:172)
	at org.jfree.chart.title.TextTitle.arrangeRR(TextTitle.java:500)
	at org.jfree.chart.title.TextTitle.arrange(TextTitle.java:458)
	at org.jfree.chart.JFreeChart.drawTitle(JFreeChart.java:1298)
	at org.jfree.chart.JFreeChart.draw(JFreeChart.java:1188)
	at org.jfree.chart.JFreeChart.createBufferedImage(JFreeChart.java:1386)
	at org.jfree.chart.JFreeChart.createBufferedImage(JFreeChart.java:1366)
	at org.jfree.chart.JFreeChart.createBufferedImage(JFreeChart.java:1351)
	at org.jfree.chart.plot.junit.CategoryPlotTests.testSerialization4(CategoryPlotTests.java:562)
	at sun.reflect.GeneratedMethodAccessor140.invoke(Unknown Source)
	at sun.reflect.DelegatingMethodAccessorImpl.invoke(DelegatingMethodAccessorImpl.java:25)
	at java.lang.reflect.Method.invoke(Method.java:597)
	at junit.framework.TestCase.runTest(TestCase.java:168)
	at junit.framework.TestCase.runBare(TestCase.java:134)
	at junit.framework.TestResult$1.protect(TestResult.java:110)
	at junit.framework.TestResult.runProtected(TestResult.java:128)
	at junit.framework.TestResult.run(TestResult.java:113)
	at junit.framework.TestCase.run(TestCase.java:124)
	at junit.framework.TestSuite.runTest(TestSuite.java:243)
	at junit.framework.TestSuite.run(TestSuite.java:238)
	at org.junit.internal.runners.JUnit38ClassRunner.run(JUnit38ClassRunner.java:101)
	at de.unisb.cs.st.javalanche.mutation.runtime.testDriver.junit.Junit4MutationTestDriver.runTest(Junit4MutationTestDriver.java:231)
	at de.unisb.cs.st.javalanche.mutation.runtime.testDriver.junit.Junit4MutationTestDriver.access$400(Junit4MutationTestDriver.java:59)
	at de.unisb.cs.st.javalanche.mutation.runtime.testDriver.junit.Junit4MutationTestDriver$1.run(Junit4MutationTestDriver.java:330)
	at java.util.concurrent.Executors$RunnableAdapter.call(Executors.java:441)
	at java.util.concurrent.FutureTask$Sync.innerRun(FutureTask.java:303)
	at java.util.concurrent.FutureTask.run(FutureTask.java:138)
	at java.lang.Thread.run(Thread.java:662)
java.lang.NullPointerException
	at org.jfree.text.TextBlock.calculateDimensions(TextBlock.java:172)
	at org.jfree.chart.title.TextTitle.arrangeRR(TextTitle.java:500)
	at org.jfree.chart.title.TextTitle.arrange(TextTitle.java:458)
	at org.jfree.chart.JFreeChart.drawTitle(JFreeChart.java:1298)
	at org.jfree.chart.JFreeChart.draw(JFreeChart.java:1188)
	at org.jfree.chart.junit.ScatterPlotTests.testDrawWithNullInfo(ScatterPlotTests.java:113)
	at sun.reflect.GeneratedMethodAccessor116.invoke(Unknown Source)
	at sun.reflect.DelegatingMethodAccessorImpl.invoke(DelegatingMethodAccessorImpl.java:25)
	at java.lang.reflect.Method.invoke(Method.java:597)
	at junit.framework.TestCase.runTest(TestCase.java:168)
	at junit.framework.TestCase.runBare(TestCase.java:134)
	at junit.framework.TestResult$1.protect(TestResult.java:110)
	at junit.framework.TestResult.runProtected(TestResult.java:128)
	at junit.framework.TestResult.run(TestResult.java:113)
	at junit.framework.TestCase.run(TestCase.java:124)
	at junit.framework.TestSuite.runTest(TestSuite.java:243)
	at junit.framework.TestSuite.run(TestSuite.java:238)
	at org.junit.internal.runners.JUnit38ClassRunner.run(JUnit38ClassRunner.java:101)
	at de.unisb.cs.st.javalanche.mutation.runtime.testDriver.junit.Junit4MutationTestDriver.runTest(Junit4MutationTestDriver.java:231)
	at de.unisb.cs.st.javalanche.mutation.runtime.testDriver.junit.Junit4MutationTestDriver.access$400(Junit4MutationTestDriver.java:59)
	at de.unisb.cs.st.javalanche.mutation.runtime.testDriver.junit.Junit4MutationTestDriver$1.run(Junit4MutationTestDriver.java:330)
	at java.util.concurrent.Executors$RunnableAdapter.call(Executors.java:441)
	at java.util.concurrent.FutureTask$Sync.innerRun(FutureTask.java:303)
	at java.util.concurrent.FutureTask.run(FutureTask.java:138)
	at java.lang.Thread.run(Thread.java:662)
java.lang.NullPointerException
	at org.jfree.text.TextBlock.calculateDimensions(TextBlock.java:172)
	at org.jfree.chart.block.LabelBlock.arrange(LabelBlock.java:249)
	at org.jfree.chart.block.BorderArrangement.arrangeNN(BorderArrangement.java:219)
	at org.jfree.chart.block.BorderArrangement.arrange(BorderArrangement.java:135)
	at org.jfree.chart.block.BlockContainer.arrange(BlockContainer.java:181)
	at org.jfree.chart.block.CenterArrangement.arrangeNN(CenterArrangement.java:284)
	at org.jfree.chart.block.CenterArrangement.arrange(CenterArrangement.java:98)
	at org.jfree.chart.block.BlockContainer.arrange(BlockContainer.java:181)
	at org.jfree.chart.block.FlowArrangement.arrangeNN(FlowArrangement.java:365)
	at org.jfree.chart.block.FlowArrangement.arrangeRR(FlowArrangement.java:283)
	at org.jfree.chart.block.FlowArrangement.arrange(FlowArrangement.java:158)
	at org.jfree.chart.block.BlockContainer.arrange(BlockContainer.java:181)
	at org.jfree.chart.title.LegendTitle.arrange(LegendTitle.java:486)
	at org.jfree.chart.JFreeChart.drawTitle(JFreeChart.java:1307)
	at org.jfree.chart.JFreeChart.draw(JFreeChart.java:1198)
	at org.jfree.chart.JFreeChart.createBufferedImage(JFreeChart.java:1386)
	at org.jfree.chart.JFreeChart.createBufferedImage(JFreeChart.java:1366)
	at org.jfree.chart.renderer.category.junit.StatisticalBarRendererTests.testDrawWithNullDeviationVertical(StatisticalBarRendererTests.java:260)
	at sun.reflect.GeneratedMethodAccessor160.invoke(Unknown Source)
	at sun.reflect.DelegatingMethodAccessorImpl.invoke(DelegatingMethodAccessorImpl.java:25)
	at java.lang.reflect.Method.invoke(Method.java:597)
	at junit.framework.TestCase.runTest(TestCase.java:168)
	at junit.framework.TestCase.runBare(TestCase.java:134)
	at junit.framework.TestResult$1.protect(TestResult.java:110)
	at junit.framework.TestResult.runProtected(TestResult.java:128)
	at junit.framework.TestResult.run(TestResult.java:113)
	at junit.framework.TestCase.run(TestCase.java:124)
	at junit.framework.TestSuite.runTest(TestSuite.java:243)
	at junit.framework.TestSuite.run(TestSuite.java:238)
	at org.junit.internal.runners.JUnit38ClassRunner.run(JUnit38ClassRunner.java:101)
	at de.unisb.cs.st.javalanche.mutation.runtime.testDriver.junit.Junit4MutationTestDriver.runTest(Junit4MutationTestDriver.java:231)
	at de.unisb.cs.st.javalanche.mutation.runtime.testDriver.junit.Junit4MutationTestDriver.access$400(Junit4MutationTestDriver.java:59)
	at de.unisb.cs.st.javalanche.mutation.runtime.testDriver.junit.Junit4MutationTestDriver$1.run(Junit4MutationTestDriver.java:330)
	at java.util.concurrent.Executors$RunnableAdapter.call(Executors.java:441)
	at java.util.concurrent.FutureTask$Sync.innerRun(FutureTask.java:303)
	at java.util.concurrent.FutureTask.run(FutureTask.java:138)
	at java.lang.Thread.run(Thread.java:662)
java.lang.NullPointerException
	at org.jfree.text.TextBlock.calculateDimensions(TextBlock.java:172)
	at org.jfree.chart.title.TextTitle.arrangeRR(TextTitle.java:500)
	at org.jfree.chart.title.TextTitle.arrange(TextTitle.java:458)
	at org.jfree.chart.JFreeChart.drawTitle(JFreeChart.java:1298)
	at org.jfree.chart.JFreeChart.draw(JFreeChart.java:1188)
	at org.jfree.chart.junit.XYLineChartTests.testDrawWithNullInfo(XYLineChartTests.java:110)
	at sun.reflect.GeneratedMethodAccessor120.invoke(Unknown Source)
	at sun.reflect.DelegatingMethodAccessorImpl.invoke(DelegatingMethodAccessorImpl.java:25)
	at java.lang.reflect.Method.invoke(Method.java:597)
	at junit.framework.TestCase.runTest(TestCase.java:168)
	at junit.framework.TestCase.runBare(TestCase.java:134)
	at junit.framework.TestResult$1.protect(TestResult.java:110)
	at junit.framework.TestResult.runProtected(TestResult.java:128)
	at junit.framework.TestResult.run(TestResult.java:113)
	at junit.framework.TestCase.run(TestCase.java:124)
	at junit.framework.TestSuite.runTest(TestSuite.java:243)
	at junit.framework.TestSuite.run(TestSuite.java:238)
	at org.junit.internal.runners.JUnit38ClassRunner.run(JUnit38ClassRunner.java:101)
	at de.unisb.cs.st.javalanche.mutation.runtime.testDriver.junit.Junit4MutationTestDriver.runTest(Junit4MutationTestDriver.java:231)
	at de.unisb.cs.st.javalanche.mutation.runtime.testDriver.junit.Junit4MutationTestDriver.access$400(Junit4MutationTestDriver.java:59)
	at de.unisb.cs.st.javalanche.mutation.runtime.testDriver.junit.Junit4MutationTestDriver$1.run(Junit4MutationTestDriver.java:330)
	at java.util.concurrent.Executors$RunnableAdapter.call(Executors.java:441)
	at java.util.concurrent.FutureTask$Sync.innerRun(FutureTask.java:303)
	at java.util.concurrent.FutureTask.run(FutureTask.java:138)
	at java.lang.Thread.run(Thread.java:662)
java.lang.NullPointerException
	at org.jfree.text.TextBlock.calculateDimensions(TextBlock.java:172)
	at org.jfree.chart.block.LabelBlock.arrange(LabelBlock.java:249)
	at org.jfree.chart.block.BorderArrangement.arrangeNN(BorderArrangement.java:219)
	at org.jfree.chart.block.BorderArrangement.arrange(BorderArrangement.java:135)
	at org.jfree.chart.block.BlockContainer.arrange(BlockContainer.java:181)
	at org.jfree.chart.block.CenterArrangement.arrangeNN(CenterArrangement.java:284)
	at org.jfree.chart.block.CenterArrangement.arrange(CenterArrangement.java:98)
	at org.jfree.chart.block.BlockContainer.arrange(BlockContainer.java:181)
	at org.jfree.chart.block.FlowArrangement.arrangeNN(FlowArrangement.java:365)
	at org.jfree.chart.block.FlowArrangement.arrangeRR(FlowArrangement.java:283)
	at org.jfree.chart.block.FlowArrangement.arrange(FlowArrangement.java:158)
	at org.jfree.chart.block.BlockContainer.arrange(BlockContainer.java:181)
	at org.jfree.chart.title.LegendTitle.arrange(LegendTitle.java:486)
	at org.jfree.chart.JFreeChart.drawTitle(JFreeChart.java:1307)
	at org.jfree.chart.JFreeChart.draw(JFreeChart.java:1198)
	at org.jfree.chart.JFreeChart.createBufferedImage(JFreeChart.java:1386)
	at org.jfree.chart.JFreeChart.createBufferedImage(JFreeChart.java:1366)
	at org.jfree.chart.renderer.category.junit.StatisticalBarRendererTests.testDrawWithNullDeviationHorizontal(StatisticalBarRendererTests.java:288)
	at sun.reflect.GeneratedMethodAccessor163.invoke(Unknown Source)
	at sun.reflect.DelegatingMethodAccessorImpl.invoke(DelegatingMethodAccessorImpl.java:25)
	at java.lang.reflect.Method.invoke(Method.java:597)
	at junit.framework.TestCase.runTest(TestCase.java:168)
	at junit.framework.TestCase.runBare(TestCase.java:134)
	at junit.framework.TestResult$1.protect(TestResult.java:110)
	at junit.framework.TestResult.runProtected(TestResult.java:128)
	at junit.framework.TestResult.run(TestResult.java:113)
	at junit.framework.TestCase.run(TestCase.java:124)
	at junit.framework.TestSuite.runTest(TestSuite.java:243)
	at junit.framework.TestSuite.run(TestSuite.java:238)
	at org.junit.internal.runners.JUnit38ClassRunner.run(JUnit38ClassRunner.java:101)
	at de.unisb.cs.st.javalanche.mutation.runtime.testDriver.junit.Junit4MutationTestDriver.runTest(Junit4MutationTestDriver.java:231)
	at de.unisb.cs.st.javalanche.mutation.runtime.testDriver.junit.Junit4MutationTestDriver.access$400(Junit4MutationTestDriver.java:59)
	at de.unisb.cs.st.javalanche.mutation.runtime.testDriver.junit.Junit4MutationTestDriver$1.run(Junit4MutationTestDriver.java:330)
	at java.util.concurrent.Executors$RunnableAdapter.call(Executors.java:441)
	at java.util.concurrent.FutureTask$Sync.innerRun(FutureTask.java:303)
	at java.util.concurrent.FutureTask.run(FutureTask.java:138)
	at java.lang.Thread.run(Thread.java:662)
java.lang.NullPointerException
	at org.jfree.text.TextBlock.calculateDimensions(TextBlock.java:172)
	at org.jfree.chart.block.LabelBlock.arrange(LabelBlock.java:249)
	at org.jfree.chart.block.BorderArrangement.arrangeNN(BorderArrangement.java:219)
	at org.jfree.chart.block.BorderArrangement.arrange(BorderArrangement.java:135)
	at org.jfree.chart.block.BlockContainer.arrange(BlockContainer.java:181)
	at org.jfree.chart.block.CenterArrangement.arrangeNN(CenterArrangement.java:284)
	at org.jfree.chart.block.CenterArrangement.arrange(CenterArrangement.java:98)
	at org.jfree.chart.block.BlockContainer.arrange(BlockContainer.java:181)
	at org.jfree.chart.block.FlowArrangement.arrangeNN(FlowArrangement.java:365)
	at org.jfree.chart.block.FlowArrangement.arrangeRR(FlowArrangement.java:283)
	at org.jfree.chart.block.FlowArrangement.arrange(FlowArrangement.java:158)
	at org.jfree.chart.block.BlockContainer.arrange(BlockContainer.java:181)
	at org.jfree.chart.title.LegendTitle.arrange(LegendTitle.java:486)
	at org.jfree.chart.JFreeChart.drawTitle(JFreeChart.java:1307)
	at org.jfree.chart.JFreeChart.draw(JFreeChart.java:1198)
	at org.jfree.chart.JFreeChart.createBufferedImage(JFreeChart.java:1386)
	at org.jfree.chart.JFreeChart.createBufferedImage(JFreeChart.java:1366)
	at org.jfree.chart.renderer.category.junit.StatisticalBarRendererTests.testDrawWithNullMeanVertical(StatisticalBarRendererTests.java:205)
	at sun.reflect.GeneratedMethodAccessor162.invoke(Unknown Source)
	at sun.reflect.DelegatingMethodAccessorImpl.invoke(DelegatingMethodAccessorImpl.java:25)
	at java.lang.reflect.Method.invoke(Method.java:597)
	at junit.framework.TestCase.runTest(TestCase.java:168)
	at junit.framework.TestCase.runBare(TestCase.java:134)
	at junit.framework.TestResult$1.protect(TestResult.java:110)
	at junit.framework.TestResult.runProtected(TestResult.java:128)
	at junit.framework.TestResult.run(TestResult.java:113)
	at junit.framework.TestCase.run(TestCase.java:124)
	at junit.framework.TestSuite.runTest(TestSuite.java:243)
	at junit.framework.TestSuite.run(TestSuite.java:238)
	at org.junit.internal.runners.JUnit38ClassRunner.run(JUnit38ClassRunner.java:101)
	at de.unisb.cs.st.javalanche.mutation.runtime.testDriver.junit.Junit4MutationTestDriver.runTest(Junit4MutationTestDriver.java:231)
	at de.unisb.cs.st.javalanche.mutation.runtime.testDriver.junit.Junit4MutationTestDriver.access$400(Junit4MutationTestDriver.java:59)
	at de.unisb.cs.st.javalanche.mutation.runtime.testDriver.junit.Junit4MutationTestDriver$1.run(Junit4MutationTestDriver.java:330)
	at java.util.concurrent.Executors$RunnableAdapter.call(Executors.java:441)
	at java.util.concurrent.FutureTask$Sync.innerRun(FutureTask.java:303)
	at java.util.concurrent.FutureTask.run(FutureTask.java:138)
	at java.lang.Thread.run(Thread.java:662)
java.lang.NullPointerException
	at org.jfree.text.TextBlock.calculateDimensions(TextBlock.java:172)
	at org.jfree.chart.block.LabelBlock.arrange(LabelBlock.java:249)
	at org.jfree.chart.block.BorderArrangement.arrangeNN(BorderArrangement.java:219)
	at org.jfree.chart.block.BorderArrangement.arrange(BorderArrangement.java:135)
	at org.jfree.chart.block.BlockContainer.arrange(BlockContainer.java:181)
	at org.jfree.chart.block.CenterArrangement.arrangeNN(CenterArrangement.java:284)
	at org.jfree.chart.block.CenterArrangement.arrange(CenterArrangement.java:98)
	at org.jfree.chart.block.BlockContainer.arrange(BlockContainer.java:181)
	at org.jfree.chart.block.FlowArrangement.arrangeNN(FlowArrangement.java:365)
	at org.jfree.chart.block.FlowArrangement.arrangeRR(FlowArrangement.java:283)
	at org.jfree.chart.block.FlowArrangement.arrange(FlowArrangement.java:158)
	at org.jfree.chart.block.BlockContainer.arrange(BlockContainer.java:181)
	at org.jfree.chart.title.LegendTitle.arrange(LegendTitle.java:486)
	at org.jfree.chart.JFreeChart.drawTitle(JFreeChart.java:1307)
	at org.jfree.chart.JFreeChart.draw(JFreeChart.java:1198)
	at org.jfree.chart.JFreeChart.createBufferedImage(JFreeChart.java:1386)
	at org.jfree.chart.JFreeChart.createBufferedImage(JFreeChart.java:1366)
	at org.jfree.chart.renderer.xy.junit.StackedXYAreaRendererTests.testDrawWithNullInfo(StackedXYAreaRendererTests.java:216)
	at sun.reflect.GeneratedMethodAccessor123.invoke(Unknown Source)
	at sun.reflect.DelegatingMethodAccessorImpl.invoke(DelegatingMethodAccessorImpl.java:25)
	at java.lang.reflect.Method.invoke(Method.java:597)
	at junit.framework.TestCase.runTest(TestCase.java:168)
	at junit.framework.TestCase.runBare(TestCase.java:134)
	at junit.framework.TestResult$1.protect(TestResult.java:110)
	at junit.framework.TestResult.runProtected(TestResult.java:128)
	at junit.framework.TestResult.run(TestResult.java:113)
	at junit.framework.TestCase.run(TestCase.java:124)
	at junit.framework.TestSuite.runTest(TestSuite.java:243)
	at junit.framework.TestSuite.run(TestSuite.java:238)
	at org.junit.internal.runners.JUnit38ClassRunner.run(JUnit38ClassRunner.java:101)
	at de.unisb.cs.st.javalanche.mutation.runtime.testDriver.junit.Junit4MutationTestDriver.runTest(Junit4MutationTestDriver.java:231)
	at de.unisb.cs.st.javalanche.mutation.runtime.testDriver.junit.Junit4MutationTestDriver.access$400(Junit4MutationTestDriver.java:59)
	at de.unisb.cs.st.javalanche.mutation.runtime.testDriver.junit.Junit4MutationTestDriver$1.run(Junit4MutationTestDriver.java:330)
	at java.util.concurrent.Executors$RunnableAdapter.call(Executors.java:441)
	at java.util.concurrent.FutureTask$Sync.innerRun(FutureTask.java:303)
	at java.util.concurrent.FutureTask.run(FutureTask.java:138)
	at java.lang.Thread.run(Thread.java:662)
java.lang.NullPointerException
	at org.jfree.text.TextBlock.calculateDimensions(TextBlock.java:172)
	at org.jfree.chart.block.LabelBlock.arrange(LabelBlock.java:249)
	at org.jfree.chart.block.BorderArrangement.arrangeNN(BorderArrangement.java:219)
	at org.jfree.chart.block.BorderArrangement.arrange(BorderArrangement.java:135)
	at org.jfree.chart.block.BlockContainer.arrange(BlockContainer.java:181)
	at org.jfree.chart.block.CenterArrangement.arrangeNN(CenterArrangement.java:284)
	at org.jfree.chart.block.CenterArrangement.arrange(CenterArrangement.java:98)
	at org.jfree.chart.block.BlockContainer.arrange(BlockContainer.java:181)
	at org.jfree.chart.block.FlowArrangement.arrangeNN(FlowArrangement.java:365)
	at org.jfree.chart.block.FlowArrangement.arrangeRR(FlowArrangement.java:283)
	at org.jfree.chart.block.FlowArrangement.arrange(FlowArrangement.java:158)
	at org.jfree.chart.block.BlockContainer.arrange(BlockContainer.java:181)
	at org.jfree.chart.title.LegendTitle.arrange(LegendTitle.java:486)
	at org.jfree.chart.JFreeChart.drawTitle(JFreeChart.java:1307)
	at org.jfree.chart.JFreeChart.draw(JFreeChart.java:1198)
	at org.jfree.chart.JFreeChart.createBufferedImage(JFreeChart.java:1386)
	at org.jfree.chart.JFreeChart.createBufferedImage(JFreeChart.java:1366)
	at org.jfree.chart.renderer.category.junit.StatisticalLineAndShapeRendererTests.testDrawWithNullInfo(StatisticalLineAndShapeRendererTests.java:177)
	at sun.reflect.GeneratedMethodAccessor164.invoke(Unknown Source)
	at sun.reflect.DelegatingMethodAccessorImpl.invoke(DelegatingMethodAccessorImpl.java:25)
	at java.lang.reflect.Method.invoke(Method.java:597)
	at junit.framework.TestCase.runTest(TestCase.java:168)
	at junit.framework.TestCase.runBare(TestCase.java:134)
	at junit.framework.TestResult$1.protect(TestResult.java:110)
	at junit.framework.TestResult.runProtected(TestResult.java:128)
	at junit.framework.TestResult.run(TestResult.java:113)
	at junit.framework.TestCase.run(TestCase.java:124)
	at junit.framework.TestSuite.runTest(TestSuite.java:243)
	at junit.framework.TestSuite.run(TestSuite.java:238)
	at org.junit.internal.runners.JUnit38ClassRunner.run(JUnit38ClassRunner.java:101)
	at de.unisb.cs.st.javalanche.mutation.runtime.testDriver.junit.Junit4MutationTestDriver.runTest(Junit4MutationTestDriver.java:231)
	at de.unisb.cs.st.javalanche.mutation.runtime.testDriver.junit.Junit4MutationTestDriver.access$400(Junit4MutationTestDriver.java:59)
	at de.unisb.cs.st.javalanche.mutation.runtime.testDriver.junit.Junit4MutationTestDriver$1.run(Junit4MutationTestDriver.java:330)
	at java.util.concurrent.Executors$RunnableAdapter.call(Executors.java:441)
	at java.util.concurrent.FutureTask$Sync.innerRun(FutureTask.java:303)
	at java.util.concurrent.FutureTask.run(FutureTask.java:138)
	at java.lang.Thread.run(Thread.java:662)
java.lang.NullPointerException
	at org.jfree.text.TextBlock.calculateDimensions(TextBlock.java:172)
	at org.jfree.chart.block.LabelBlock.arrange(LabelBlock.java:249)
	at org.jfree.chart.block.BorderArrangement.arrangeNN(BorderArrangement.java:219)
	at org.jfree.chart.block.BorderArrangement.arrange(BorderArrangement.java:135)
	at org.jfree.chart.block.BlockContainer.arrange(BlockContainer.java:181)
	at org.jfree.chart.block.CenterArrangement.arrangeNN(CenterArrangement.java:284)
	at org.jfree.chart.block.CenterArrangement.arrange(CenterArrangement.java:98)
	at org.jfree.chart.block.BlockContainer.arrange(BlockContainer.java:181)
	at org.jfree.chart.block.FlowArrangement.arrangeNN(FlowArrangement.java:365)
	at org.jfree.chart.block.FlowArrangement.arrangeRR(FlowArrangement.java:283)
	at org.jfree.chart.block.FlowArrangement.arrange(FlowArrangement.java:158)
	at org.jfree.chart.block.BlockContainer.arrange(BlockContainer.java:181)
	at org.jfree.chart.title.LegendTitle.arrange(LegendTitle.java:486)
	at org.jfree.chart.JFreeChart.drawTitle(JFreeChart.java:1307)
	at org.jfree.chart.JFreeChart.draw(JFreeChart.java:1198)
	at org.jfree.chart.JFreeChart.createBufferedImage(JFreeChart.java:1386)
	at org.jfree.chart.JFreeChart.createBufferedImage(JFreeChart.java:1366)
	at org.jfree.chart.renderer.xy.junit.XYAreaRenderer2Tests.testDrawWithNullInfo(XYAreaRenderer2Tests.java:196)
	at sun.reflect.GeneratedMethodAccessor124.invoke(Unknown Source)
	at sun.reflect.DelegatingMethodAccessorImpl.invoke(DelegatingMethodAccessorImpl.java:25)
	at java.lang.reflect.Method.invoke(Method.java:597)
	at junit.framework.TestCase.runTest(TestCase.java:168)
	at junit.framework.TestCase.runBare(TestCase.java:134)
	at junit.framework.TestResult$1.protect(TestResult.java:110)
	at junit.framework.TestResult.runProtected(TestResult.java:128)
	at junit.framework.TestResult.run(TestResult.java:113)
	at junit.framework.TestCase.run(TestCase.java:124)
	at junit.framework.TestSuite.runTest(TestSuite.java:243)
	at junit.framework.TestSuite.run(TestSuite.java:238)
	at org.junit.internal.runners.JUnit38ClassRunner.run(JUnit38ClassRunner.java:101)
	at de.unisb.cs.st.javalanche.mutation.runtime.testDriver.junit.Junit4MutationTestDriver.runTest(Junit4MutationTestDriver.java:231)
	at de.unisb.cs.st.javalanche.mutation.runtime.testDriver.junit.Junit4MutationTestDriver.access$400(Junit4MutationTestDriver.java:59)
	at de.unisb.cs.st.javalanche.mutation.runtime.testDriver.junit.Junit4MutationTestDriver$1.run(Junit4MutationTestDriver.java:330)
	at java.util.concurrent.Executors$RunnableAdapter.call(Executors.java:441)
	at java.util.concurrent.FutureTask$Sync.innerRun(FutureTask.java:303)
	at java.util.concurrent.FutureTask.run(FutureTask.java:138)
	at java.lang.Thread.run(Thread.java:662)
java.lang.NullPointerException
	at org.jfree.text.TextBlock.calculateDimensions(TextBlock.java:172)
	at org.jfree.chart.title.TextTitle.arrangeRR(TextTitle.java:500)
	at org.jfree.chart.title.TextTitle.arrange(TextTitle.java:458)
	at org.jfree.chart.JFreeChart.drawTitle(JFreeChart.java:1298)
	at org.jfree.chart.JFreeChart.draw(JFreeChart.java:1188)
	at org.jfree.chart.plot.junit.XYPlotTests.test1654215(XYPlotTests.java:958)
	at sun.reflect.GeneratedMethodAccessor126.invoke(Unknown Source)
	at sun.reflect.DelegatingMethodAccessorImpl.invoke(DelegatingMethodAccessorImpl.java:25)
	at java.lang.reflect.Method.invoke(Method.java:597)
	at junit.framework.TestCase.runTest(TestCase.java:168)
	at junit.framework.TestCase.runBare(TestCase.java:134)
	at junit.framework.TestResult$1.protect(TestResult.java:110)
	at junit.framework.TestResult.runProtected(TestResult.java:128)
	at junit.framework.TestResult.run(TestResult.java:113)
	at junit.framework.TestCase.run(TestCase.java:124)
	at junit.framework.TestSuite.runTest(TestSuite.java:243)
	at junit.framework.TestSuite.run(TestSuite.java:238)
	at org.junit.internal.runners.JUnit38ClassRunner.run(JUnit38ClassRunner.java:101)
	at de.unisb.cs.st.javalanche.mutation.runtime.testDriver.junit.Junit4MutationTestDriver.runTest(Junit4MutationTestDriver.java:231)
	at de.unisb.cs.st.javalanche.mutation.runtime.testDriver.junit.Junit4MutationTestDriver.access$400(Junit4MutationTestDriver.java:59)
	at de.unisb.cs.st.javalanche.mutation.runtime.testDriver.junit.Junit4MutationTestDriver$1.run(Junit4MutationTestDriver.java:330)
	at java.util.concurrent.Executors$RunnableAdapter.call(Executors.java:441)
	at java.util.concurrent.FutureTask$Sync.innerRun(FutureTask.java:303)
	at java.util.concurrent.FutureTask.run(FutureTask.java:138)
	at java.lang.Thread.run(Thread.java:662)
java.lang.NullPointerException
	at org.jfree.text.TextBlock.calculateDimensions(TextBlock.java:172)
	at org.jfree.chart.block.LabelBlock.arrange(LabelBlock.java:249)
	at org.jfree.chart.block.BorderArrangement.arrangeNN(BorderArrangement.java:219)
	at org.jfree.chart.block.BorderArrangement.arrange(BorderArrangement.java:135)
	at org.jfree.chart.block.BlockContainer.arrange(BlockContainer.java:181)
	at org.jfree.chart.block.CenterArrangement.arrangeNN(CenterArrangement.java:284)
	at org.jfree.chart.block.CenterArrangement.arrange(CenterArrangement.java:98)
	at org.jfree.chart.block.BlockContainer.arrange(BlockContainer.java:181)
	at org.jfree.chart.block.FlowArrangement.arrangeNN(FlowArrangement.java:365)
	at org.jfree.chart.block.FlowArrangement.arrangeRR(FlowArrangement.java:283)
	at org.jfree.chart.block.FlowArrangement.arrange(FlowArrangement.java:158)
	at org.jfree.chart.block.BlockContainer.arrange(BlockContainer.java:181)
	at org.jfree.chart.title.LegendTitle.arrange(LegendTitle.java:486)
	at org.jfree.chart.JFreeChart.drawTitle(JFreeChart.java:1307)
	at org.jfree.chart.JFreeChart.draw(JFreeChart.java:1198)
	at org.jfree.chart.JFreeChart.createBufferedImage(JFreeChart.java:1386)
	at org.jfree.chart.JFreeChart.createBufferedImage(JFreeChart.java:1366)
	at org.jfree.chart.renderer.category.junit.MinMaxCategoryRendererTests.testDrawWithNullInfo(MinMaxCategoryRendererTests.java:182)
	at sun.reflect.GeneratedMethodAccessor145.invoke(Unknown Source)
	at sun.reflect.DelegatingMethodAccessorImpl.invoke(DelegatingMethodAccessorImpl.java:25)
	at java.lang.reflect.Method.invoke(Method.java:597)
	at junit.framework.TestCase.runTest(TestCase.java:168)
	at junit.framework.TestCase.runBare(TestCase.java:134)
	at junit.framework.TestResult$1.protect(TestResult.java:110)
	at junit.framework.TestResult.runProtected(TestResult.java:128)
	at junit.framework.TestResult.run(TestResult.java:113)
	at junit.framework.TestCase.run(TestCase.java:124)
	at junit.framework.TestSuite.runTest(TestSuite.java:243)
	at junit.framework.TestSuite.run(TestSuite.java:238)
	at org.junit.internal.runners.JUnit38ClassRunner.run(JUnit38ClassRunner.java:101)
	at de.unisb.cs.st.javalanche.mutation.runtime.testDriver.junit.Junit4MutationTestDriver.runTest(Junit4MutationTestDriver.java:231)
	at de.unisb.cs.st.javalanche.mutation.runtime.testDriver.junit.Junit4MutationTestDriver.access$400(Junit4MutationTestDriver.java:59)
	at de.unisb.cs.st.javalanche.mutation.runtime.testDriver.junit.Junit4MutationTestDriver$1.run(Junit4MutationTestDriver.java:330)
	at java.util.concurrent.Executors$RunnableAdapter.call(Executors.java:441)
	at java.util.concurrent.FutureTask$Sync.innerRun(FutureTask.java:303)
	at java.util.concurrent.FutureTask.run(FutureTask.java:138)
	at java.lang.Thread.run(Thread.java:662)
java.lang.NullPointerException
	at org.jfree.text.TextBlock.calculateDimensions(TextBlock.java:172)
	at org.jfree.chart.block.LabelBlock.arrange(LabelBlock.java:249)
	at org.jfree.chart.block.BorderArrangement.arrangeNN(BorderArrangement.java:219)
	at org.jfree.chart.block.BorderArrangement.arrange(BorderArrangement.java:135)
	at org.jfree.chart.block.BlockContainer.arrange(BlockContainer.java:181)
	at org.jfree.chart.block.CenterArrangement.arrangeNN(CenterArrangement.java:284)
	at org.jfree.chart.block.CenterArrangement.arrange(CenterArrangement.java:98)
	at org.jfree.chart.block.BlockContainer.arrange(BlockContainer.java:181)
	at org.jfree.chart.block.FlowArrangement.arrangeNN(FlowArrangement.java:365)
	at org.jfree.chart.block.FlowArrangement.arrangeRR(FlowArrangement.java:283)
	at org.jfree.chart.block.FlowArrangement.arrange(FlowArrangement.java:158)
	at org.jfree.chart.block.BlockContainer.arrange(BlockContainer.java:181)
	at org.jfree.chart.title.LegendTitle.arrange(LegendTitle.java:486)
	at org.jfree.chart.JFreeChart.drawTitle(JFreeChart.java:1307)
	at org.jfree.chart.JFreeChart.draw(JFreeChart.java:1198)
	at org.jfree.chart.JFreeChart.createBufferedImage(JFreeChart.java:1386)
	at org.jfree.chart.JFreeChart.createBufferedImage(JFreeChart.java:1366)
	at org.jfree.chart.renderer.xy.junit.StackedXYAreaRendererTests.testBug1593156(StackedXYAreaRendererTests.java:254)
	at sun.reflect.GeneratedMethodAccessor128.invoke(Unknown Source)
	at sun.reflect.DelegatingMethodAccessorImpl.invoke(DelegatingMethodAccessorImpl.java:25)
	at java.lang.reflect.Method.invoke(Method.java:597)
	at junit.framework.TestCase.runTest(TestCase.java:168)
	at junit.framework.TestCase.runBare(TestCase.java:134)
	at junit.framework.TestResult$1.protect(TestResult.java:110)
	at junit.framework.TestResult.runProtected(TestResult.java:128)
	at junit.framework.TestResult.run(TestResult.java:113)
	at junit.framework.TestCase.run(TestCase.java:124)
	at junit.framework.TestSuite.runTest(TestSuite.java:243)
	at junit.framework.TestSuite.run(TestSuite.java:238)
	at org.junit.internal.runners.JUnit38ClassRunner.run(JUnit38ClassRunner.java:101)
	at de.unisb.cs.st.javalanche.mutation.runtime.testDriver.junit.Junit4MutationTestDriver.runTest(Junit4MutationTestDriver.java:231)
	at de.unisb.cs.st.javalanche.mutation.runtime.testDriver.junit.Junit4MutationTestDriver.access$400(Junit4MutationTestDriver.java:59)
	at de.unisb.cs.st.javalanche.mutation.runtime.testDriver.junit.Junit4MutationTestDriver$1.run(Junit4MutationTestDriver.java:330)
	at java.util.concurrent.Executors$RunnableAdapter.call(Executors.java:441)
	at java.util.concurrent.FutureTask$Sync.innerRun(FutureTask.java:303)
	at java.util.concurrent.FutureTask.run(FutureTask.java:138)
	at java.lang.Thread.run(Thread.java:662)
java.lang.NullPointerException
	at org.jfree.text.TextBlock.calculateDimensions(TextBlock.java:172)
	at org.jfree.chart.title.TextTitle.arrangeRR(TextTitle.java:500)
	at org.jfree.chart.title.TextTitle.arrange(TextTitle.java:458)
	at org.jfree.chart.JFreeChart.drawTitle(JFreeChart.java:1298)
	at org.jfree.chart.JFreeChart.draw(JFreeChart.java:1188)
	at org.jfree.chart.plot.junit.XYPlotTests.testDrawSeriesWithZeroItems(XYPlotTests.java:1010)
	at sun.reflect.GeneratedMethodAccessor127.invoke(Unknown Source)
	at sun.reflect.DelegatingMethodAccessorImpl.invoke(DelegatingMethodAccessorImpl.java:25)
	at java.lang.reflect.Method.invoke(Method.java:597)
	at junit.framework.TestCase.runTest(TestCase.java:168)
	at junit.framework.TestCase.runBare(TestCase.java:134)
	at junit.framework.TestResult$1.protect(TestResult.java:110)
	at junit.framework.TestResult.runProtected(TestResult.java:128)
	at junit.framework.TestResult.run(TestResult.java:113)
	at junit.framework.TestCase.run(TestCase.java:124)
	at junit.framework.TestSuite.runTest(TestSuite.java:243)
	at junit.framework.TestSuite.run(TestSuite.java:238)
	at org.junit.internal.runners.JUnit38ClassRunner.run(JUnit38ClassRunner.java:101)
	at de.unisb.cs.st.javalanche.mutation.runtime.testDriver.junit.Junit4MutationTestDriver.runTest(Junit4MutationTestDriver.java:231)
	at de.unisb.cs.st.javalanche.mutation.runtime.testDriver.junit.Junit4MutationTestDriver.access$400(Junit4MutationTestDriver.java:59)
	at de.unisb.cs.st.javalanche.mutation.runtime.testDriver.junit.Junit4MutationTestDriver$1.run(Junit4MutationTestDriver.java:330)
	at java.util.concurrent.Executors$RunnableAdapter.call(Executors.java:441)
	at java.util.concurrent.FutureTask$Sync.innerRun(FutureTask.java:303)
	at java.util.concurrent.FutureTask.run(FutureTask.java:138)
	at java.lang.Thread.run(Thread.java:662)
java.lang.NullPointerException
	at org.jfree.text.TextBlock.calculateDimensions(TextBlock.java:172)
	at org.jfree.chart.title.TextTitle.arrangeRR(TextTitle.java:500)
	at org.jfree.chart.title.TextTitle.arrange(TextTitle.java:458)
	at org.jfree.chart.JFreeChart.drawTitle(JFreeChart.java:1298)
	at org.jfree.chart.JFreeChart.draw(JFreeChart.java:1188)
	at org.jfree.chart.plot.junit.XYPlotTests.testDrawRangeGridlines(XYPlotTests.java:984)
	at sun.reflect.GeneratedMethodAccessor113.invoke(Unknown Source)
	at sun.reflect.DelegatingMethodAccessorImpl.invoke(DelegatingMethodAccessorImpl.java:25)
	at java.lang.reflect.Method.invoke(Method.java:597)
	at junit.framework.TestCase.runTest(TestCase.java:168)
	at junit.framework.TestCase.runBare(TestCase.java:134)
	at junit.framework.TestResult$1.protect(TestResult.java:110)
	at junit.framework.TestResult.runProtected(TestResult.java:128)
	at junit.framework.TestResult.run(TestResult.java:113)
	at junit.framework.TestCase.run(TestCase.java:124)
	at junit.framework.TestSuite.runTest(TestSuite.java:243)
	at junit.framework.TestSuite.run(TestSuite.java:238)
	at org.junit.internal.runners.JUnit38ClassRunner.run(JUnit38ClassRunner.java:101)
	at de.unisb.cs.st.javalanche.mutation.runtime.testDriver.junit.Junit4MutationTestDriver.runTest(Junit4MutationTestDriver.java:231)
	at de.unisb.cs.st.javalanche.mutation.runtime.testDriver.junit.Junit4MutationTestDriver.access$400(Junit4MutationTestDriver.java:59)
	at de.unisb.cs.st.javalanche.mutation.runtime.testDriver.junit.Junit4MutationTestDriver$1.run(Junit4MutationTestDriver.java:330)
	at java.util.concurrent.Executors$RunnableAdapter.call(Executors.java:441)
	at java.util.concurrent.FutureTask$Sync.innerRun(FutureTask.java:303)
	at java.util.concurrent.FutureTask.run(FutureTask.java:138)
	at java.lang.Thread.run(Thread.java:662)
java.lang.NullPointerException
	at org.jfree.text.TextBlock.calculateDimensions(TextBlock.java:172)
	at org.jfree.chart.title.TextTitle.arrangeRR(TextTitle.java:500)
	at org.jfree.chart.title.TextTitle.arrange(TextTitle.java:458)
	at org.jfree.chart.JFreeChart.drawTitle(JFreeChart.java:1298)
	at org.jfree.chart.JFreeChart.draw(JFreeChart.java:1188)
	at org.jfree.chart.JFreeChart.createBufferedImage(JFreeChart.java:1386)
	at org.jfree.chart.JFreeChart.createBufferedImage(JFreeChart.java:1366)
	at org.jfree.chart.JFreeChart.createBufferedImage(JFreeChart.java:1351)
	at org.jfree.chart.plot.junit.XYPlotTests.testSerialization4(XYPlotTests.java:723)
	at sun.reflect.GeneratedMethodAccessor111.invoke(Unknown Source)
	at sun.reflect.DelegatingMethodAccessorImpl.invoke(DelegatingMethodAccessorImpl.java:25)
	at java.lang.reflect.Method.invoke(Method.java:597)
	at junit.framework.TestCase.runTest(TestCase.java:168)
	at junit.framework.TestCase.runBare(TestCase.java:134)
	at junit.framework.TestResult$1.protect(TestResult.java:110)
	at junit.framework.TestResult.runProtected(TestResult.java:128)
	at junit.framework.TestResult.run(TestResult.java:113)
	at junit.framework.TestCase.run(TestCase.java:124)
	at junit.framework.TestSuite.runTest(TestSuite.java:243)
	at junit.framework.TestSuite.run(TestSuite.java:238)
	at org.junit.internal.runners.JUnit38ClassRunner.run(JUnit38ClassRunner.java:101)
	at de.unisb.cs.st.javalanche.mutation.runtime.testDriver.junit.Junit4MutationTestDriver.runTest(Junit4MutationTestDriver.java:231)
	at de.unisb.cs.st.javalanche.mutation.runtime.testDriver.junit.Junit4MutationTestDriver.access$400(Junit4MutationTestDriver.java:59)
	at de.unisb.cs.st.javalanche.mutation.runtime.testDriver.junit.Junit4MutationTestDriver$1.run(Junit4MutationTestDriver.java:330)
	at java.util.concurrent.Executors$RunnableAdapter.call(Executors.java:441)
	at java.util.concurrent.FutureTask$Sync.innerRun(FutureTask.java:303)
	at java.util.concurrent.FutureTask.run(FutureTask.java:138)
	at java.lang.Thread.run(Thread.java:662)
java.lang.NullPointerException
	at org.jfree.text.TextBlock.calculateDimensions(TextBlock.java:172)
	at org.jfree.chart.block.LabelBlock.arrange(LabelBlock.java:249)
	at org.jfree.chart.block.BorderArrangement.arrangeNN(BorderArrangement.java:219)
	at org.jfree.chart.block.BorderArrangement.arrange(BorderArrangement.java:135)
	at org.jfree.chart.block.BlockContainer.arrange(BlockContainer.java:181)
	at org.jfree.chart.block.CenterArrangement.arrangeNN(CenterArrangement.java:284)
	at org.jfree.chart.block.CenterArrangement.arrange(CenterArrangement.java:98)
	at org.jfree.chart.block.BlockContainer.arrange(BlockContainer.java:181)
	at org.jfree.chart.block.FlowArrangement.arrangeNN(FlowArrangement.java:365)
	at org.jfree.chart.block.FlowArrangement.arrangeRR(FlowArrangement.java:283)
	at org.jfree.chart.block.FlowArrangement.arrange(FlowArrangement.java:158)
	at org.jfree.chart.block.BlockContainer.arrange(BlockContainer.java:181)
	at org.jfree.chart.title.LegendTitle.arrange(LegendTitle.java:486)
	at org.jfree.chart.JFreeChart.drawTitle(JFreeChart.java:1307)
	at org.jfree.chart.JFreeChart.draw(JFreeChart.java:1198)
	at org.jfree.chart.JFreeChart.createBufferedImage(JFreeChart.java:1386)
	at org.jfree.chart.JFreeChart.createBufferedImage(JFreeChart.java:1366)
	at org.jfree.chart.renderer.category.junit.LayeredBarRendererTests.testDrawWithNullInfo(LayeredBarRendererTests.java:162)
	at sun.reflect.GeneratedMethodAccessor150.invoke(Unknown Source)
	at sun.reflect.DelegatingMethodAccessorImpl.invoke(DelegatingMethodAccessorImpl.java:25)
	at java.lang.reflect.Method.invoke(Method.java:597)
	at junit.framework.TestCase.runTest(TestCase.java:168)
	at junit.framework.TestCase.runBare(TestCase.java:134)
	at junit.framework.TestResult$1.protect(TestResult.java:110)
	at junit.framework.TestResult.runProtected(TestResult.java:128)
	at junit.framework.TestResult.run(TestResult.java:113)
	at junit.framework.TestCase.run(TestCase.java:124)
	at junit.framework.TestSuite.runTest(TestSuite.java:243)
	at junit.framework.TestSuite.run(TestSuite.java:238)
	at org.junit.internal.runners.JUnit38ClassRunner.run(JUnit38ClassRunner.java:101)
	at de.unisb.cs.st.javalanche.mutation.runtime.testDriver.junit.Junit4MutationTestDriver.runTest(Junit4MutationTestDriver.java:231)
	at de.unisb.cs.st.javalanche.mutation.runtime.testDriver.junit.Junit4MutationTestDriver.access$400(Junit4MutationTestDriver.java:59)
	at de.unisb.cs.st.javalanche.mutation.runtime.testDriver.junit.Junit4MutationTestDriver$1.run(Junit4MutationTestDriver.java:330)
	at java.util.concurrent.Executors$RunnableAdapter.call(Executors.java:441)
	at java.util.concurrent.FutureTask$Sync.innerRun(FutureTask.java:303)
	at java.util.concurrent.FutureTask.run(FutureTask.java:138)
	at java.lang.Thread.run(Thread.java:662)
java.lang.StringIndexOutOfBoundsException: String index out of range: -1
	at java.lang.String.substring(String.java:1937)
	at org.jfree.text.TextUtilities.createTextBlock(TextUtilities.java:232)
	at org.jfree.text.TextUtilities.createTextBlock(TextUtilities.java:197)
	at org.jfree.chart.title.TextTitle.arrangeRR(TextTitle.java:497)
	at org.jfree.chart.title.TextTitle.arrange(TextTitle.java:458)
	at org.jfree.chart.JFreeChart.drawTitle(JFreeChart.java:1298)
	at org.jfree.chart.JFreeChart.draw(JFreeChart.java:1188)
	at org.jfree.chart.junit.TimeSeriesChartTests.testDrawWithNullInfo(TimeSeriesChartTests.java:109)
	at sun.reflect.GeneratedMethodAccessor122.invoke(Unknown Source)
	at sun.reflect.DelegatingMethodAccessorImpl.invoke(DelegatingMethodAccessorImpl.java:25)
	at java.lang.reflect.Method.invoke(Method.java:597)
	at junit.framework.TestCase.runTest(TestCase.java:168)
	at junit.framework.TestCase.runBare(TestCase.java:134)
	at junit.framework.TestResult$1.protect(TestResult.java:110)
	at junit.framework.TestResult.runProtected(TestResult.java:128)
	at junit.framework.TestResult.run(TestResult.java:113)
	at junit.framework.TestCase.run(TestCase.java:124)
	at junit.framework.TestSuite.runTest(TestSuite.java:243)
	at junit.framework.TestSuite.run(TestSuite.java:238)
	at org.junit.internal.runners.JUnit38ClassRunner.run(JUnit38ClassRunner.java:101)
	at de.unisb.cs.st.javalanche.mutation.runtime.testDriver.junit.Junit4MutationTestDriver.runTest(Junit4MutationTestDriver.java:231)
	at de.unisb.cs.st.javalanche.mutation.runtime.testDriver.junit.Junit4MutationTestDriver.access$400(Junit4MutationTestDriver.java:59)
	at de.unisb.cs.st.javalanche.mutation.runtime.testDriver.junit.Junit4MutationTestDriver$1.run(Junit4MutationTestDriver.java:330)
	at java.util.concurrent.Executors$RunnableAdapter.call(Executors.java:441)
	at java.util.concurrent.FutureTask$Sync.innerRun(FutureTask.java:303)
	at java.util.concurrent.FutureTask.run(FutureTask.java:138)
	at java.lang.Thread.run(Thread.java:662)
java.lang.StringIndexOutOfBoundsException: String index out of range: -1
	at java.lang.String.substring(String.java:1937)
	at org.jfree.text.TextUtilities.createTextBlock(TextUtilities.java:232)
	at org.jfree.text.TextUtilities.createTextBlock(TextUtilities.java:197)
	at org.jfree.chart.title.TextTitle.arrangeRR(TextTitle.java:497)
	at org.jfree.chart.title.TextTitle.arrange(TextTitle.java:458)
	at org.jfree.chart.JFreeChart.drawTitle(JFreeChart.java:1298)
	at org.jfree.chart.JFreeChart.draw(JFreeChart.java:1188)
	at org.jfree.chart.JFreeChart.createBufferedImage(JFreeChart.java:1386)
	at org.jfree.chart.JFreeChart.createBufferedImage(JFreeChart.java:1366)
	at org.jfree.chart.JFreeChart.createBufferedImage(JFreeChart.java:1351)
	at org.jfree.chart.plot.junit.XYPlotTests.testSerialization3(XYPlotTests.java:670)
	at sun.reflect.GeneratedMethodAccessor129.invoke(Unknown Source)
	at sun.reflect.DelegatingMethodAccessorImpl.invoke(DelegatingMethodAccessorImpl.java:25)
	at java.lang.reflect.Method.invoke(Method.java:597)
	at junit.framework.TestCase.runTest(TestCase.java:168)
	at junit.framework.TestCase.runBare(TestCase.java:134)
	at junit.framework.TestResult$1.protect(TestResult.java:110)
	at junit.framework.TestResult.runProtected(TestResult.java:128)
	at junit.framework.TestResult.run(TestResult.java:113)
	at junit.framework.TestCase.run(TestCase.java:124)
	at junit.framework.TestSuite.runTest(TestSuite.java:243)
	at junit.framework.TestSuite.run(TestSuite.java:238)
	at org.junit.internal.runners.JUnit38ClassRunner.run(JUnit38ClassRunner.java:101)
	at de.unisb.cs.st.javalanche.mutation.runtime.testDriver.junit.Junit4MutationTestDriver.runTest(Junit4MutationTestDriver.java:231)
	at de.unisb.cs.st.javalanche.mutation.runtime.testDriver.junit.Junit4MutationTestDriver.access$400(Junit4MutationTestDriver.java:59)
	at de.unisb.cs.st.javalanche.mutation.runtime.testDriver.junit.Junit4MutationTestDriver$1.run(Junit4MutationTestDriver.java:330)
	at java.util.concurrent.Executors$RunnableAdapter.call(Executors.java:441)
	at java.util.concurrent.FutureTask$Sync.innerRun(FutureTask.java:303)
	at java.util.concurrent.FutureTask.run(FutureTask.java:138)
	at java.lang.Thread.run(Thread.java:662)
java.lang.StringIndexOutOfBoundsException: String index out of range: -1
	at java.lang.String.substring(String.java:1937)
	at org.jfree.text.TextUtilities.createTextBlock(TextUtilities.java:232)
	at org.jfree.text.TextUtilities.createTextBlock(TextUtilities.java:197)
	at org.jfree.chart.title.TextTitle.arrangeRR(TextTitle.java:497)
	at org.jfree.chart.title.TextTitle.arrange(TextTitle.java:458)
	at org.jfree.chart.JFreeChart.drawTitle(JFreeChart.java:1298)
	at org.jfree.chart.JFreeChart.draw(JFreeChart.java:1188)
	at org.jfree.chart.junit.XYStepAreaChartTests.testDrawWithNullInfo(XYStepAreaChartTests.java:110)
	at sun.reflect.GeneratedMethodAccessor130.invoke(Unknown Source)
	at sun.reflect.DelegatingMethodAccessorImpl.invoke(DelegatingMethodAccessorImpl.java:25)
	at java.lang.reflect.Method.invoke(Method.java:597)
	at junit.framework.TestCase.runTest(TestCase.java:168)
	at junit.framework.TestCase.runBare(TestCase.java:134)
	at junit.framework.TestResult$1.protect(TestResult.java:110)
	at junit.framework.TestResult.runProtected(TestResult.java:128)
	at junit.framework.TestResult.run(TestResult.java:113)
	at junit.framework.TestCase.run(TestCase.java:124)
	at junit.framework.TestSuite.runTest(TestSuite.java:243)
	at junit.framework.TestSuite.run(TestSuite.java:238)
	at org.junit.internal.runners.JUnit38ClassRunner.run(JUnit38ClassRunner.java:101)
	at de.unisb.cs.st.javalanche.mutation.runtime.testDriver.junit.Junit4MutationTestDriver.runTest(Junit4MutationTestDriver.java:231)
	at de.unisb.cs.st.javalanche.mutation.runtime.testDriver.junit.Junit4MutationTestDriver.access$400(Junit4MutationTestDriver.java:59)
	at de.unisb.cs.st.javalanche.mutation.runtime.testDriver.junit.Junit4MutationTestDriver$1.run(Junit4MutationTestDriver.java:330)
	at java.util.concurrent.Executors$RunnableAdapter.call(Executors.java:441)
	at java.util.concurrent.FutureTask$Sync.innerRun(FutureTask.java:303)
	at java.util.concurrent.FutureTask.run(FutureTask.java:138)
	at java.lang.Thread.run(Thread.java:662)
java.lang.StringIndexOutOfBoundsException: String index out of range: -1
	at java.lang.String.substring(String.java:1937)
	at org.jfree.text.TextUtilities.createTextBlock(TextUtilities.java:232)
	at org.jfree.text.TextUtilities.createTextBlock(TextUtilities.java:197)
	at org.jfree.chart.title.TextTitle.arrangeRR(TextTitle.java:497)
	at org.jfree.chart.title.TextTitle.arrange(TextTitle.java:458)
	at org.jfree.chart.JFreeChart.drawTitle(JFreeChart.java:1298)
	at org.jfree.chart.JFreeChart.draw(JFreeChart.java:1188)
	at org.jfree.chart.junit.XYAreaChartTests.testDrawWithNullInfo(XYAreaChartTests.java:110)
	at sun.reflect.GeneratedMethodAccessor115.invoke(Unknown Source)
	at sun.reflect.DelegatingMethodAccessorImpl.invoke(DelegatingMethodAccessorImpl.java:25)
	at java.lang.reflect.Method.invoke(Method.java:597)
	at junit.framework.TestCase.runTest(TestCase.java:168)
	at junit.framework.TestCase.runBare(TestCase.java:134)
	at junit.framework.TestResult$1.protect(TestResult.java:110)
	at junit.framework.TestResult.runProtected(TestResult.java:128)
	at junit.framework.TestResult.run(TestResult.java:113)
	at junit.framework.TestCase.run(TestCase.java:124)
	at junit.framework.TestSuite.runTest(TestSuite.java:243)
	at junit.framework.TestSuite.run(TestSuite.java:238)
	at org.junit.internal.runners.JUnit38ClassRunner.run(JUnit38ClassRunner.java:101)
	at de.unisb.cs.st.javalanche.mutation.runtime.testDriver.junit.Junit4MutationTestDriver.runTest(Junit4MutationTestDriver.java:231)
	at de.unisb.cs.st.javalanche.mutation.runtime.testDriver.junit.Junit4MutationTestDriver.access$400(Junit4MutationTestDriver.java:59)
	at de.unisb.cs.st.javalanche.mutation.runtime.testDriver.junit.Junit4MutationTestDriver$1.run(Junit4MutationTestDriver.java:330)
	at java.util.concurrent.Executors$RunnableAdapter.call(Executors.java:441)
	at java.util.concurrent.FutureTask$Sync.innerRun(FutureTask.java:303)
	at java.util.concurrent.FutureTask.run(FutureTask.java:138)
	at java.lang.Thread.run(Thread.java:662)
java.lang.StringIndexOutOfBoundsException: String index out of range: -1
	at java.lang.String.substring(String.java:1937)
	at org.jfree.text.TextUtilities.createTextBlock(TextUtilities.java:232)
	at org.jfree.text.TextUtilities.createTextBlock(TextUtilities.java:197)
	at org.jfree.chart.title.TextTitle.arrangeRR(TextTitle.java:497)
	at org.jfree.chart.title.TextTitle.arrange(TextTitle.java:458)
	at org.jfree.chart.JFreeChart.drawTitle(JFreeChart.java:1298)
	at org.jfree.chart.JFreeChart.draw(JFreeChart.java:1188)
	at org.jfree.chart.junit.XYBarChartTests.testDrawWithNullInfo(XYBarChartTests.java:112)
	at sun.reflect.GeneratedMethodAccessor117.invoke(Unknown Source)
	at sun.reflect.DelegatingMethodAccessorImpl.invoke(DelegatingMethodAccessorImpl.java:25)
	at java.lang.reflect.Method.invoke(Method.java:597)
	at junit.framework.TestCase.runTest(TestCase.java:168)
	at junit.framework.TestCase.runBare(TestCase.java:134)
	at junit.framework.TestResult$1.protect(TestResult.java:110)
	at junit.framework.TestResult.runProtected(TestResult.java:128)
	at junit.framework.TestResult.run(TestResult.java:113)
	at junit.framework.TestCase.run(TestCase.java:124)
	at junit.framework.TestSuite.runTest(TestSuite.java:243)
	at junit.framework.TestSuite.run(TestSuite.java:238)
	at org.junit.internal.runners.JUnit38ClassRunner.run(JUnit38ClassRunner.java:101)
	at de.unisb.cs.st.javalanche.mutation.runtime.testDriver.junit.Junit4MutationTestDriver.runTest(Junit4MutationTestDriver.java:231)
	at de.unisb.cs.st.javalanche.mutation.runtime.testDriver.junit.Junit4MutationTestDriver.access$400(Junit4MutationTestDriver.java:59)
	at de.unisb.cs.st.javalanche.mutation.runtime.testDriver.junit.Junit4MutationTestDriver$1.run(Junit4MutationTestDriver.java:330)
	at java.util.concurrent.Executors$RunnableAdapter.call(Executors.java:441)
	at java.util.concurrent.FutureTask$Sync.innerRun(FutureTask.java:303)
	at java.util.concurrent.FutureTask.run(FutureTask.java:138)
	at java.lang.Thread.run(Thread.java:662)
java.lang.StringIndexOutOfBoundsException: String index out of range: -1
	at java.lang.String.substring(String.java:1937)
	at org.jfree.text.TextUtilities.createTextBlock(TextUtilities.java:232)
	at org.jfree.text.TextUtilities.createTextBlock(TextUtilities.java:197)
	at org.jfree.chart.title.TextTitle.arrangeRR(TextTitle.java:497)
	at org.jfree.chart.title.TextTitle.arrange(TextTitle.java:458)
	at org.jfree.chart.JFreeChart.drawTitle(JFreeChart.java:1298)
	at org.jfree.chart.JFreeChart.draw(JFreeChart.java:1188)
	at org.jfree.chart.plot.junit.CategoryPlotTests.test1654215(CategoryPlotTests.java:702)
	at sun.reflect.GeneratedMethodAccessor141.invoke(Unknown Source)
	at sun.reflect.DelegatingMethodAccessorImpl.invoke(DelegatingMethodAccessorImpl.java:25)
	at java.lang.reflect.Method.invoke(Method.java:597)
	at junit.framework.TestCase.runTest(TestCase.java:168)
	at junit.framework.TestCase.runBare(TestCase.java:134)
	at junit.framework.TestResult$1.protect(TestResult.java:110)
	at junit.framework.TestResult.runProtected(TestResult.java:128)
	at junit.framework.TestResult.run(TestResult.java:113)
	at junit.framework.TestCase.run(TestCase.java:124)
	at junit.framework.TestSuite.runTest(TestSuite.java:243)
	at junit.framework.TestSuite.run(TestSuite.java:238)
	at org.junit.internal.runners.JUnit38ClassRunner.run(JUnit38ClassRunner.java:101)
	at de.unisb.cs.st.javalanche.mutation.runtime.testDriver.junit.Junit4MutationTestDriver.runTest(Junit4MutationTestDriver.java:231)
	at de.unisb.cs.st.javalanche.mutation.runtime.testDriver.junit.Junit4MutationTestDriver.access$400(Junit4MutationTestDriver.java:59)
	at de.unisb.cs.st.javalanche.mutation.runtime.testDriver.junit.Junit4MutationTestDriver$1.run(Junit4MutationTestDriver.java:330)
	at java.util.concurrent.Executors$RunnableAdapter.call(Executors.java:441)
	at java.util.concurrent.FutureTask$Sync.innerRun(FutureTask.java:303)
	at java.util.concurrent.FutureTask.run(FutureTask.java:138)
	at java.lang.Thread.run(Thread.java:662)
java.lang.StringIndexOutOfBoundsException: String index out of range: -1
	at java.lang.String.substring(String.java:1937)
	at org.jfree.text.TextUtilities.createTextBlock(TextUtilities.java:232)
	at org.jfree.text.TextUtilities.createTextBlock(TextUtilities.java:197)
	at org.jfree.chart.title.TextTitle.arrangeRR(TextTitle.java:497)
	at org.jfree.chart.title.TextTitle.arrange(TextTitle.java:458)
	at org.jfree.chart.JFreeChart.drawTitle(JFreeChart.java:1298)
	at org.jfree.chart.JFreeChart.draw(JFreeChart.java:1188)
	at org.jfree.chart.junit.XYStepChartTests.testDrawWithNullInfo(XYStepChartTests.java:110)
	at sun.reflect.GeneratedMethodAccessor112.invoke(Unknown Source)
	at sun.reflect.DelegatingMethodAccessorImpl.invoke(DelegatingMethodAccessorImpl.java:25)
	at java.lang.reflect.Method.invoke(Method.java:597)
	at junit.framework.TestCase.runTest(TestCase.java:168)
	at junit.framework.TestCase.runBare(TestCase.java:134)
	at junit.framework.TestResult$1.protect(TestResult.java:110)
	at junit.framework.TestResult.runProtected(TestResult.java:128)
	at junit.framework.TestResult.run(TestResult.java:113)
	at junit.framework.TestCase.run(TestCase.java:124)
	at junit.framework.TestSuite.runTest(TestSuite.java:243)
	at junit.framework.TestSuite.run(TestSuite.java:238)
	at org.junit.internal.runners.JUnit38ClassRunner.run(JUnit38ClassRunner.java:101)
	at de.unisb.cs.st.javalanche.mutation.runtime.testDriver.junit.Junit4MutationTestDriver.runTest(Junit4MutationTestDriver.java:231)
	at de.unisb.cs.st.javalanche.mutation.runtime.testDriver.junit.Junit4MutationTestDriver.access$400(Junit4MutationTestDriver.java:59)
	at de.unisb.cs.st.javalanche.mutation.runtime.testDriver.junit.Junit4MutationTestDriver$1.run(Junit4MutationTestDriver.java:330)
	at java.util.concurrent.Executors$RunnableAdapter.call(Executors.java:441)
	at java.util.concurrent.FutureTask$Sync.innerRun(FutureTask.java:303)
	at java.util.concurrent.FutureTask.run(FutureTask.java:138)
	at java.lang.Thread.run(Thread.java:662)
java.lang.StringIndexOutOfBoundsException: String index out of range: -1
	at java.lang.String.substring(String.java:1937)
	at org.jfree.text.TextUtilities.createTextBlock(TextUtilities.java:232)
	at org.jfree.text.TextUtilities.createTextBlock(TextUtilities.java:197)
	at org.jfree.chart.title.TextTitle.arrangeRR(TextTitle.java:497)
	at org.jfree.chart.title.TextTitle.arrange(TextTitle.java:458)
	at org.jfree.chart.JFreeChart.drawTitle(JFreeChart.java:1298)
	at org.jfree.chart.JFreeChart.draw(JFreeChart.java:1188)
	at org.jfree.chart.JFreeChart.createBufferedImage(JFreeChart.java:1386)
	at org.jfree.chart.JFreeChart.createBufferedImage(JFreeChart.java:1366)
	at org.jfree.chart.JFreeChart.createBufferedImage(JFreeChart.java:1351)
	at org.jfree.chart.plot.junit.CategoryPlotTests.testSerialization3(CategoryPlotTests.java:513)
	at sun.reflect.GeneratedMethodAccessor139.invoke(Unknown Source)
	at sun.reflect.DelegatingMethodAccessorImpl.invoke(DelegatingMethodAccessorImpl.java:25)
	at java.lang.reflect.Method.invoke(Method.java:597)
	at junit.framework.TestCase.runTest(TestCase.java:168)
	at junit.framework.TestCase.runBare(TestCase.java:134)
	at junit.framework.TestResult$1.protect(TestResult.java:110)
	at junit.framework.TestResult.runProtected(TestResult.java:128)
	at junit.framework.TestResult.run(TestResult.java:113)
	at junit.framework.TestCase.run(TestCase.java:124)
	at junit.framework.TestSuite.runTest(TestSuite.java:243)
	at junit.framework.TestSuite.run(TestSuite.java:238)
	at org.junit.internal.runners.JUnit38ClassRunner.run(JUnit38ClassRunner.java:101)
	at de.unisb.cs.st.javalanche.mutation.runtime.testDriver.junit.Junit4MutationTestDriver.runTest(Junit4MutationTestDriver.java:231)
	at de.unisb.cs.st.javalanche.mutation.runtime.testDriver.junit.Junit4MutationTestDriver.access$400(Junit4MutationTestDriver.java:59)
	at de.unisb.cs.st.javalanche.mutation.runtime.testDriver.junit.Junit4MutationTestDriver$1.run(Junit4MutationTestDriver.java:330)
	at java.util.concurrent.Executors$RunnableAdapter.call(Executors.java:441)
	at java.util.concurrent.FutureTask$Sync.innerRun(FutureTask.java:303)
	at java.util.concurrent.FutureTask.run(FutureTask.java:138)
	at java.lang.Thread.run(Thread.java:662)
java.lang.StringIndexOutOfBoundsException: String index out of range: -1
	at java.lang.String.substring(String.java:1937)
	at org.jfree.text.TextUtilities.createTextBlock(TextUtilities.java:232)
	at org.jfree.text.TextUtilities.createTextBlock(TextUtilities.java:197)
	at org.jfree.chart.title.TextTitle.arrangeRR(TextTitle.java:497)
	at org.jfree.chart.title.TextTitle.arrange(TextTitle.java:458)
	at org.jfree.chart.JFreeChart.drawTitle(JFreeChart.java:1298)
	at org.jfree.chart.JFreeChart.draw(JFreeChart.java:1188)
	at org.jfree.chart.JFreeChart.createBufferedImage(JFreeChart.java:1386)
	at org.jfree.chart.JFreeChart.createBufferedImage(JFreeChart.java:1366)
	at org.jfree.chart.JFreeChart.createBufferedImage(JFreeChart.java:1351)
	at org.jfree.chart.plot.junit.CategoryPlotTests.testSerialization4(CategoryPlotTests.java:562)
	at sun.reflect.GeneratedMethodAccessor140.invoke(Unknown Source)
	at sun.reflect.DelegatingMethodAccessorImpl.invoke(DelegatingMethodAccessorImpl.java:25)
	at java.lang.reflect.Method.invoke(Method.java:597)
	at junit.framework.TestCase.runTest(TestCase.java:168)
	at junit.framework.TestCase.runBare(TestCase.java:134)
	at junit.framework.TestResult$1.protect(TestResult.java:110)
	at junit.framework.TestResult.runProtected(TestResult.java:128)
	at junit.framework.TestResult.run(TestResult.java:113)
	at junit.framework.TestCase.run(TestCase.java:124)
	at junit.framework.TestSuite.runTest(TestSuite.java:243)
	at junit.framework.TestSuite.run(TestSuite.java:238)
	at org.junit.internal.runners.JUnit38ClassRunner.run(JUnit38ClassRunner.java:101)
	at de.unisb.cs.st.javalanche.mutation.runtime.testDriver.junit.Junit4MutationTestDriver.runTest(Junit4MutationTestDriver.java:231)
	at de.unisb.cs.st.javalanche.mutation.runtime.testDriver.junit.Junit4MutationTestDriver.access$400(Junit4MutationTestDriver.java:59)
	at de.unisb.cs.st.javalanche.mutation.runtime.testDriver.junit.Junit4MutationTestDriver$1.run(Junit4MutationTestDriver.java:330)
	at java.util.concurrent.Executors$RunnableAdapter.call(Executors.java:441)
	at java.util.concurrent.FutureTask$Sync.innerRun(FutureTask.java:303)
	at java.util.concurrent.FutureTask.run(FutureTask.java:138)
	at java.lang.Thread.run(Thread.java:662)
java.lang.StringIndexOutOfBoundsException: String index out of range: -1
	at java.lang.String.substring(String.java:1937)
	at org.jfree.text.TextUtilities.createTextBlock(TextUtilities.java:232)
	at org.jfree.text.TextUtilities.createTextBlock(TextUtilities.java:197)
	at org.jfree.chart.title.TextTitle.arrangeRR(TextTitle.java:497)
	at org.jfree.chart.title.TextTitle.arrange(TextTitle.java:458)
	at org.jfree.chart.JFreeChart.drawTitle(JFreeChart.java:1298)
	at org.jfree.chart.JFreeChart.draw(JFreeChart.java:1188)
	at org.jfree.chart.junit.ScatterPlotTests.testDrawWithNullInfo(ScatterPlotTests.java:113)
	at sun.reflect.GeneratedMethodAccessor116.invoke(Unknown Source)
	at sun.reflect.DelegatingMethodAccessorImpl.invoke(DelegatingMethodAccessorImpl.java:25)
	at java.lang.reflect.Method.invoke(Method.java:597)
	at junit.framework.TestCase.runTest(TestCase.java:168)
	at junit.framework.TestCase.runBare(TestCase.java:134)
	at junit.framework.TestResult$1.protect(TestResult.java:110)
	at junit.framework.TestResult.runProtected(TestResult.java:128)
	at junit.framework.TestResult.run(TestResult.java:113)
	at junit.framework.TestCase.run(TestCase.java:124)
	at junit.framework.TestSuite.runTest(TestSuite.java:243)
	at junit.framework.TestSuite.run(TestSuite.java:238)
	at org.junit.internal.runners.JUnit38ClassRunner.run(JUnit38ClassRunner.java:101)
	at de.unisb.cs.st.javalanche.mutation.runtime.testDriver.junit.Junit4MutationTestDriver.runTest(Junit4MutationTestDriver.java:231)
	at de.unisb.cs.st.javalanche.mutation.runtime.testDriver.junit.Junit4MutationTestDriver.access$400(Junit4MutationTestDriver.java:59)
	at de.unisb.cs.st.javalanche.mutation.runtime.testDriver.junit.Junit4MutationTestDriver$1.run(Junit4MutationTestDriver.java:330)
	at java.util.concurrent.Executors$RunnableAdapter.call(Executors.java:441)
	at java.util.concurrent.FutureTask$Sync.innerRun(FutureTask.java:303)
	at java.util.concurrent.FutureTask.run(FutureTask.java:138)
	at java.lang.Thread.run(Thread.java:662)
java.lang.StringIndexOutOfBoundsException: String index out of range: -1
	at java.lang.String.substring(String.java:1937)
	at org.jfree.text.TextUtilities.createTextBlock(TextUtilities.java:232)
	at org.jfree.text.TextUtilities.createTextBlock(TextUtilities.java:197)
	at org.jfree.chart.title.TextTitle.arrangeRR(TextTitle.java:497)
	at org.jfree.chart.title.TextTitle.arrange(TextTitle.java:458)
	at org.jfree.chart.JFreeChart.drawTitle(JFreeChart.java:1298)
	at org.jfree.chart.JFreeChart.draw(JFreeChart.java:1188)
	at org.jfree.chart.junit.XYLineChartTests.testDrawWithNullInfo(XYLineChartTests.java:110)
	at sun.reflect.GeneratedMethodAccessor120.invoke(Unknown Source)
	at sun.reflect.DelegatingMethodAccessorImpl.invoke(DelegatingMethodAccessorImpl.java:25)
	at java.lang.reflect.Method.invoke(Method.java:597)
	at junit.framework.TestCase.runTest(TestCase.java:168)
	at junit.framework.TestCase.runBare(TestCase.java:134)
	at junit.framework.TestResult$1.protect(TestResult.java:110)
	at junit.framework.TestResult.runProtected(TestResult.java:128)
	at junit.framework.TestResult.run(TestResult.java:113)
	at junit.framework.TestCase.run(TestCase.java:124)
	at junit.framework.TestSuite.runTest(TestSuite.java:243)
	at junit.framework.TestSuite.run(TestSuite.java:238)
	at org.junit.internal.runners.JUnit38ClassRunner.run(JUnit38ClassRunner.java:101)
	at de.unisb.cs.st.javalanche.mutation.runtime.testDriver.junit.Junit4MutationTestDriver.runTest(Junit4MutationTestDriver.java:231)
	at de.unisb.cs.st.javalanche.mutation.runtime.testDriver.junit.Junit4MutationTestDriver.access$400(Junit4MutationTestDriver.java:59)
	at de.unisb.cs.st.javalanche.mutation.runtime.testDriver.junit.Junit4MutationTestDriver$1.run(Junit4MutationTestDriver.java:330)
	at java.util.concurrent.Executors$RunnableAdapter.call(Executors.java:441)
	at java.util.concurrent.FutureTask$Sync.innerRun(FutureTask.java:303)
	at java.util.concurrent.FutureTask.run(FutureTask.java:138)
	at java.lang.Thread.run(Thread.java:662)
java.lang.StringIndexOutOfBoundsException: String index out of range: -1
	at java.lang.String.substring(String.java:1937)
	at org.jfree.text.TextUtilities.createTextBlock(TextUtilities.java:232)
	at org.jfree.text.TextUtilities.createTextBlock(TextUtilities.java:197)
	at org.jfree.chart.title.TextTitle.arrangeRR(TextTitle.java:497)
	at org.jfree.chart.title.TextTitle.arrange(TextTitle.java:458)
	at org.jfree.chart.JFreeChart.drawTitle(JFreeChart.java:1298)
	at org.jfree.chart.JFreeChart.draw(JFreeChart.java:1188)
	at org.jfree.chart.plot.junit.XYPlotTests.test1654215(XYPlotTests.java:958)
	at sun.reflect.GeneratedMethodAccessor126.invoke(Unknown Source)
	at sun.reflect.DelegatingMethodAccessorImpl.invoke(DelegatingMethodAccessorImpl.java:25)
	at java.lang.reflect.Method.invoke(Method.java:597)
	at junit.framework.TestCase.runTest(TestCase.java:168)
	at junit.framework.TestCase.runBare(TestCase.java:134)
	at junit.framework.TestResult$1.protect(TestResult.java:110)
	at junit.framework.TestResult.runProtected(TestResult.java:128)
	at junit.framework.TestResult.run(TestResult.java:113)
	at junit.framework.TestCase.run(TestCase.java:124)
	at junit.framework.TestSuite.runTest(TestSuite.java:243)
	at junit.framework.TestSuite.run(TestSuite.java:238)
	at org.junit.internal.runners.JUnit38ClassRunner.run(JUnit38ClassRunner.java:101)
	at de.unisb.cs.st.javalanche.mutation.runtime.testDriver.junit.Junit4MutationTestDriver.runTest(Junit4MutationTestDriver.java:231)
	at de.unisb.cs.st.javalanche.mutation.runtime.testDriver.junit.Junit4MutationTestDriver.access$400(Junit4MutationTestDriver.java:59)
	at de.unisb.cs.st.javalanche.mutation.runtime.testDriver.junit.Junit4MutationTestDriver$1.run(Junit4MutationTestDriver.java:330)
	at java.util.concurrent.Executors$RunnableAdapter.call(Executors.java:441)
	at java.util.concurrent.FutureTask$Sync.innerRun(FutureTask.java:303)
	at java.util.concurrent.FutureTask.run(FutureTask.java:138)
	at java.lang.Thread.run(Thread.java:662)
java.lang.StringIndexOutOfBoundsException: String index out of range: -1
	at java.lang.String.substring(String.java:1937)
	at org.jfree.text.TextUtilities.createTextBlock(TextUtilities.java:232)
	at org.jfree.text.TextUtilities.createTextBlock(TextUtilities.java:197)
	at org.jfree.chart.title.TextTitle.arrangeRR(TextTitle.java:497)
	at org.jfree.chart.title.TextTitle.arrange(TextTitle.java:458)
	at org.jfree.chart.JFreeChart.drawTitle(JFreeChart.java:1298)
	at org.jfree.chart.JFreeChart.draw(JFreeChart.java:1188)
	at org.jfree.chart.plot.junit.XYPlotTests.testDrawSeriesWithZeroItems(XYPlotTests.java:1010)
	at sun.reflect.GeneratedMethodAccessor127.invoke(Unknown Source)
	at sun.reflect.DelegatingMethodAccessorImpl.invoke(DelegatingMethodAccessorImpl.java:25)
	at java.lang.reflect.Method.invoke(Method.java:597)
	at junit.framework.TestCase.runTest(TestCase.java:168)
	at junit.framework.TestCase.runBare(TestCase.java:134)
	at junit.framework.TestResult$1.protect(TestResult.java:110)
	at junit.framework.TestResult.runProtected(TestResult.java:128)
	at junit.framework.TestResult.run(TestResult.java:113)
	at junit.framework.TestCase.run(TestCase.java:124)
	at junit.framework.TestSuite.runTest(TestSuite.java:243)
	at junit.framework.TestSuite.run(TestSuite.java:238)
	at org.junit.internal.runners.JUnit38ClassRunner.run(JUnit38ClassRunner.java:101)
	at de.unisb.cs.st.javalanche.mutation.runtime.testDriver.junit.Junit4MutationTestDriver.runTest(Junit4MutationTestDriver.java:231)
	at de.unisb.cs.st.javalanche.mutation.runtime.testDriver.junit.Junit4MutationTestDriver.access$400(Junit4MutationTestDriver.java:59)
	at de.unisb.cs.st.javalanche.mutation.runtime.testDriver.junit.Junit4MutationTestDriver$1.run(Junit4MutationTestDriver.java:330)
	at java.util.concurrent.Executors$RunnableAdapter.call(Executors.java:441)
	at java.util.concurrent.FutureTask$Sync.innerRun(FutureTask.java:303)
	at java.util.concurrent.FutureTask.run(FutureTask.java:138)
	at java.lang.Thread.run(Thread.java:662)
java.lang.StringIndexOutOfBoundsException: String index out of range: -1
	at java.lang.String.substring(String.java:1937)
	at org.jfree.text.TextUtilities.createTextBlock(TextUtilities.java:232)
	at org.jfree.text.TextUtilities.createTextBlock(TextUtilities.java:197)
	at org.jfree.chart.title.TextTitle.arrangeRR(TextTitle.java:497)
	at org.jfree.chart.title.TextTitle.arrange(TextTitle.java:458)
	at org.jfree.chart.JFreeChart.drawTitle(JFreeChart.java:1298)
	at org.jfree.chart.JFreeChart.draw(JFreeChart.java:1188)
	at org.jfree.chart.plot.junit.XYPlotTests.testDrawRangeGridlines(XYPlotTests.java:984)
	at sun.reflect.GeneratedMethodAccessor113.invoke(Unknown Source)
	at sun.reflect.DelegatingMethodAccessorImpl.invoke(DelegatingMethodAccessorImpl.java:25)
	at java.lang.reflect.Method.invoke(Method.java:597)
	at junit.framework.TestCase.runTest(TestCase.java:168)
	at junit.framework.TestCase.runBare(TestCase.java:134)
	at junit.framework.TestResult$1.protect(TestResult.java:110)
	at junit.framework.TestResult.runProtected(TestResult.java:128)
	at junit.framework.TestResult.run(TestResult.java:113)
	at junit.framework.TestCase.run(TestCase.java:124)
	at junit.framework.TestSuite.runTest(TestSuite.java:243)
	at junit.framework.TestSuite.run(TestSuite.java:238)
	at org.junit.internal.runners.JUnit38ClassRunner.run(JUnit38ClassRunner.java:101)
	at de.unisb.cs.st.javalanche.mutation.runtime.testDriver.junit.Junit4MutationTestDriver.runTest(Junit4MutationTestDriver.java:231)
	at de.unisb.cs.st.javalanche.mutation.runtime.testDriver.junit.Junit4MutationTestDriver.access$400(Junit4MutationTestDriver.java:59)
	at de.unisb.cs.st.javalanche.mutation.runtime.testDriver.junit.Junit4MutationTestDriver$1.run(Junit4MutationTestDriver.java:330)
	at java.util.concurrent.Executors$RunnableAdapter.call(Executors.java:441)
	at java.util.concurrent.FutureTask$Sync.innerRun(FutureTask.java:303)
	at java.util.concurrent.FutureTask.run(FutureTask.java:138)
	at java.lang.Thread.run(Thread.java:662)
java.lang.StringIndexOutOfBoundsException: String index out of range: -1
	at java.lang.String.substring(String.java:1937)
	at org.jfree.text.TextUtilities.createTextBlock(TextUtilities.java:232)
	at org.jfree.text.TextUtilities.createTextBlock(TextUtilities.java:197)
	at org.jfree.chart.title.TextTitle.arrangeRR(TextTitle.java:497)
	at org.jfree.chart.title.TextTitle.arrange(TextTitle.java:458)
	at org.jfree.chart.JFreeChart.drawTitle(JFreeChart.java:1298)
	at org.jfree.chart.JFreeChart.draw(JFreeChart.java:1188)
	at org.jfree.chart.JFreeChart.createBufferedImage(JFreeChart.java:1386)
	at org.jfree.chart.JFreeChart.createBufferedImage(JFreeChart.java:1366)
	at org.jfree.chart.JFreeChart.createBufferedImage(JFreeChart.java:1351)
	at org.jfree.chart.plot.junit.XYPlotTests.testSerialization4(XYPlotTests.java:723)
	at sun.reflect.GeneratedMethodAccessor111.invoke(Unknown Source)
	at sun.reflect.DelegatingMethodAccessorImpl.invoke(DelegatingMethodAccessorImpl.java:25)
	at java.lang.reflect.Method.invoke(Method.java:597)
	at junit.framework.TestCase.runTest(TestCase.java:168)
	at junit.framework.TestCase.runBare(TestCase.java:134)
	at junit.framework.TestResult$1.protect(TestResult.java:110)
	at junit.framework.TestResult.runProtected(TestResult.java:128)
	at junit.framework.TestResult.run(TestResult.java:113)
	at junit.framework.TestCase.run(TestCase.java:124)
	at junit.framework.TestSuite.runTest(TestSuite.java:243)
	at junit.framework.TestSuite.run(TestSuite.java:238)
	at org.junit.internal.runners.JUnit38ClassRunner.run(JUnit38ClassRunner.java:101)
	at de.unisb.cs.st.javalanche.mutation.runtime.testDriver.junit.Junit4MutationTestDriver.runTest(Junit4MutationTestDriver.java:231)
	at de.unisb.cs.st.javalanche.mutation.runtime.testDriver.junit.Junit4MutationTestDriver.access$400(Junit4MutationTestDriver.java:59)
	at de.unisb.cs.st.javalanche.mutation.runtime.testDriver.junit.Junit4MutationTestDriver$1.run(Junit4MutationTestDriver.java:330)
	at java.util.concurrent.Executors$RunnableAdapter.call(Executors.java:441)
	at java.util.concurrent.FutureTask$Sync.innerRun(FutureTask.java:303)
	at java.util.concurrent.FutureTask.run(FutureTask.java:138)
	at java.lang.Thread.run(Thread.java:662)
java.io.EOFException
	at java.io.DataInputStream.readInt(DataInputStream.java:375)
	at java.io.ObjectInputStream$BlockDataInputStream.readInt(ObjectInputStream.java:2775)
	at java.io.ObjectInputStream.readInt(ObjectInputStream.java:949)
	at org.jfree.chart.plot.DefaultDrawingSupplier.readObject(DefaultDrawingSupplier.java:491)
	at sun.reflect.GeneratedMethodAccessor61.invoke(Unknown Source)
	at sun.reflect.DelegatingMethodAccessorImpl.invoke(DelegatingMethodAccessorImpl.java:25)
	at java.lang.reflect.Method.invoke(Method.java:597)
	at java.io.ObjectStreamClass.invokeReadObject(ObjectStreamClass.java:974)
	at java.io.ObjectInputStream.readSerialData(ObjectInputStream.java:1848)
	at java.io.ObjectInputStream.readOrdinaryObject(ObjectInputStream.java:1752)
	at java.io.ObjectInputStream.readObject0(ObjectInputStream.java:1328)
	at java.io.ObjectInputStream.defaultReadFields(ObjectInputStream.java:1946)
	at java.io.ObjectInputStream.defaultReadObject(ObjectInputStream.java:479)
	at org.jfree.chart.plot.Plot.readObject(Plot.java:1284)
	at sun.reflect.GeneratedMethodAccessor60.invoke(Unknown Source)
	at sun.reflect.DelegatingMethodAccessorImpl.invoke(DelegatingMethodAccessorImpl.java:25)
	at java.lang.reflect.Method.invoke(Method.java:597)
	at java.io.ObjectStreamClass.invokeReadObject(ObjectStreamClass.java:974)
	at java.io.ObjectInputStream.readSerialData(ObjectInputStream.java:1848)
	at java.io.ObjectInputStream.readOrdinaryObject(ObjectInputStream.java:1752)
	at java.io.ObjectInputStream.readObject0(ObjectInputStream.java:1328)
	at java.io.ObjectInputStream.readObject(ObjectInputStream.java:350)
	at org.jfree.chart.plot.junit.ThermometerPlotTests.testSerialization(ThermometerPlotTests.java:231)
	at sun.reflect.NativeMethodAccessorImpl.invoke0(Native Method)
	at sun.reflect.NativeMethodAccessorImpl.invoke(NativeMethodAccessorImpl.java:39)
	at sun.reflect.DelegatingMethodAccessorImpl.invoke(DelegatingMethodAccessorImpl.java:25)
	at java.lang.reflect.Method.invoke(Method.java:597)
	at junit.framework.TestCase.runTest(TestCase.java:168)
	at junit.framework.TestCase.runBare(TestCase.java:134)
	at junit.framework.TestResult$1.protect(TestResult.java:110)
	at junit.framework.TestResult.runProtected(TestResult.java:128)
	at junit.framework.TestResult.run(TestResult.java:113)
	at junit.framework.TestCase.run(TestCase.java:124)
	at junit.framework.TestSuite.runTest(TestSuite.java:243)
	at junit.framework.TestSuite.run(TestSuite.java:238)
	at org.junit.internal.runners.JUnit38ClassRunner.run(JUnit38ClassRunner.java:101)
	at de.unisb.cs.st.javalanche.mutation.runtime.testDriver.junit.Junit4MutationTestDriver.runTest(Junit4MutationTestDriver.java:231)
	at de.unisb.cs.st.javalanche.mutation.runtime.testDriver.junit.Junit4MutationTestDriver.access$400(Junit4MutationTestDriver.java:59)
	at de.unisb.cs.st.javalanche.mutation.runtime.testDriver.junit.Junit4MutationTestDriver$1.run(Junit4MutationTestDriver.java:330)
	at java.util.concurrent.Executors$RunnableAdapter.call(Executors.java:441)
	at java.util.concurrent.FutureTask$Sync.innerRun(FutureTask.java:303)
	at java.util.concurrent.FutureTask.run(FutureTask.java:138)
	at java.lang.Thread.run(Thread.java:662)
java.io.EOFException
	at java.io.DataInputStream.readInt(DataInputStream.java:375)
	at java.io.DataInputStream.readFloat(DataInputStream.java:429)
	at java.io.ObjectInputStream$BlockDataInputStream.readFloat(ObjectInputStream.java:2787)
	at java.io.ObjectInputStream.readFloat(ObjectInputStream.java:971)
	at org.jfree.io.SerialUtilities.readStroke(SerialUtilities.java:213)
	at org.jfree.chart.renderer.AbstractRenderer.readObject(AbstractRenderer.java:3615)
	at sun.reflect.GeneratedMethodAccessor34.invoke(Unknown Source)
	at sun.reflect.DelegatingMethodAccessorImpl.invoke(DelegatingMethodAccessorImpl.java:25)
	at java.lang.reflect.Method.invoke(Method.java:597)
	at java.io.ObjectStreamClass.invokeReadObject(ObjectStreamClass.java:974)
	at java.io.ObjectInputStream.readSerialData(ObjectInputStream.java:1848)
	at java.io.ObjectInputStream.readOrdinaryObject(ObjectInputStream.java:1752)
	at java.io.ObjectInputStream.readObject0(ObjectInputStream.java:1328)
	at java.io.ObjectInputStream.readObject(ObjectInputStream.java:350)
	at org.jfree.chart.renderer.category.junit.LineRenderer3DTests.testSerialization(LineRenderer3DTests.java:249)
	at sun.reflect.NativeMethodAccessorImpl.invoke0(Native Method)
	at sun.reflect.NativeMethodAccessorImpl.invoke(NativeMethodAccessorImpl.java:39)
	at sun.reflect.DelegatingMethodAccessorImpl.invoke(DelegatingMethodAccessorImpl.java:25)
	at java.lang.reflect.Method.invoke(Method.java:597)
	at junit.framework.TestCase.runTest(TestCase.java:168)
	at junit.framework.TestCase.runBare(TestCase.java:134)
	at junit.framework.TestResult$1.protect(TestResult.java:110)
	at junit.framework.TestResult.runProtected(TestResult.java:128)
	at junit.framework.TestResult.run(TestResult.java:113)
	at junit.framework.TestCase.run(TestCase.java:124)
	at junit.framework.TestSuite.runTest(TestSuite.java:243)
	at junit.framework.TestSuite.run(TestSuite.java:238)
	at org.junit.internal.runners.JUnit38ClassRunner.run(JUnit38ClassRunner.java:101)
	at de.unisb.cs.st.javalanche.mutation.runtime.testDriver.junit.Junit4MutationTestDriver.runTest(Junit4MutationTestDriver.java:231)
	at de.unisb.cs.st.javalanche.mutation.runtime.testDriver.junit.Junit4MutationTestDriver.access$400(Junit4MutationTestDriver.java:59)
	at de.unisb.cs.st.javalanche.mutation.runtime.testDriver.junit.Junit4MutationTestDriver$1.run(Junit4MutationTestDriver.java:330)
	at java.util.concurrent.Executors$RunnableAdapter.call(Executors.java:441)
	at java.util.concurrent.FutureTask$Sync.innerRun(FutureTask.java:303)
	at java.util.concurrent.FutureTask.run(FutureTask.java:138)
	at java.lang.Thread.run(Thread.java:662)
java.io.EOFException
	at java.io.DataInputStream.readInt(DataInputStream.java:375)
	at java.io.DataInputStream.readFloat(DataInputStream.java:429)
	at java.io.ObjectInputStream$BlockDataInputStream.readFloat(ObjectInputStream.java:2787)
	at java.io.ObjectInputStream.readFloat(ObjectInputStream.java:971)
	at org.jfree.io.SerialUtilities.readStroke(SerialUtilities.java:213)
	at org.jfree.chart.plot.Marker.readObject(Marker.java:673)
	at sun.reflect.GeneratedMethodAccessor80.invoke(Unknown Source)
	at sun.reflect.DelegatingMethodAccessorImpl.invoke(DelegatingMethodAccessorImpl.java:25)
	at java.lang.reflect.Method.invoke(Method.java:597)
	at java.io.ObjectStreamClass.invokeReadObject(ObjectStreamClass.java:974)
	at java.io.ObjectInputStream.readSerialData(ObjectInputStream.java:1848)
	at java.io.ObjectInputStream.readOrdinaryObject(ObjectInputStream.java:1752)
	at java.io.ObjectInputStream.readObject0(ObjectInputStream.java:1328)
	at java.io.ObjectInputStream.readObject(ObjectInputStream.java:350)
	at org.jfree.chart.plot.junit.ValueMarkerTests.test1802195(ValueMarkerTests.java:265)
	at sun.reflect.NativeMethodAccessorImpl.invoke0(Native Method)
	at sun.reflect.NativeMethodAccessorImpl.invoke(NativeMethodAccessorImpl.java:39)
	at sun.reflect.DelegatingMethodAccessorImpl.invoke(DelegatingMethodAccessorImpl.java:25)
	at java.lang.reflect.Method.invoke(Method.java:597)
	at junit.framework.TestCase.runTest(TestCase.java:168)
	at junit.framework.TestCase.runBare(TestCase.java:134)
	at junit.framework.TestResult$1.protect(TestResult.java:110)
	at junit.framework.TestResult.runProtected(TestResult.java:128)
	at junit.framework.TestResult.run(TestResult.java:113)
	at junit.framework.TestCase.run(TestCase.java:124)
	at junit.framework.TestSuite.runTest(TestSuite.java:243)
	at junit.framework.TestSuite.run(TestSuite.java:238)
	at org.junit.internal.runners.JUnit38ClassRunner.run(JUnit38ClassRunner.java:101)
	at de.unisb.cs.st.javalanche.mutation.runtime.testDriver.junit.Junit4MutationTestDriver.runTest(Junit4MutationTestDriver.java:231)
	at de.unisb.cs.st.javalanche.mutation.runtime.testDriver.junit.Junit4MutationTestDriver.access$400(Junit4MutationTestDriver.java:59)
	at de.unisb.cs.st.javalanche.mutation.runtime.testDriver.junit.Junit4MutationTestDriver$1.run(Junit4MutationTestDriver.java:330)
	at java.util.concurrent.Executors$RunnableAdapter.call(Executors.java:441)
	at java.util.concurrent.FutureTask$Sync.innerRun(FutureTask.java:303)
	at java.util.concurrent.FutureTask.run(FutureTask.java:138)
	at java.lang.Thread.run(Thread.java:662)
java.io.EOFException
	at java.io.DataInputStream.readInt(DataInputStream.java:375)
	at java.io.DataInputStream.readFloat(DataInputStream.java:429)
	at java.io.ObjectInputStream$BlockDataInputStream.readFloat(ObjectInputStream.java:2787)
	at java.io.ObjectInputStream.readFloat(ObjectInputStream.java:971)
	at org.jfree.io.SerialUtilities.readStroke(SerialUtilities.java:213)
	at org.jfree.chart.needle.MeterNeedle.readObject(MeterNeedle.java:429)
	at sun.reflect.GeneratedMethodAccessor138.invoke(Unknown Source)
	at sun.reflect.DelegatingMethodAccessorImpl.invoke(DelegatingMethodAccessorImpl.java:25)
	at java.lang.reflect.Method.invoke(Method.java:597)
	at java.io.ObjectStreamClass.invokeReadObject(ObjectStreamClass.java:974)
	at java.io.ObjectInputStream.readSerialData(ObjectInputStream.java:1848)
	at java.io.ObjectInputStream.readOrdinaryObject(ObjectInputStream.java:1752)
	at java.io.ObjectInputStream.readObject0(ObjectInputStream.java:1328)
	at java.io.ObjectInputStream.readObject(ObjectInputStream.java:350)
	at org.jfree.chart.needle.junit.PinNeedleTests.testSerialization(PinNeedleTests.java:120)
	at sun.reflect.NativeMethodAccessorImpl.invoke0(Native Method)
	at sun.reflect.NativeMethodAccessorImpl.invoke(NativeMethodAccessorImpl.java:39)
	at sun.reflect.DelegatingMethodAccessorImpl.invoke(DelegatingMethodAccessorImpl.java:25)
	at java.lang.reflect.Method.invoke(Method.java:597)
	at junit.framework.TestCase.runTest(TestCase.java:168)
	at junit.framework.TestCase.runBare(TestCase.java:134)
	at junit.framework.TestResult$1.protect(TestResult.java:110)
	at junit.framework.TestResult.runProtected(TestResult.java:128)
	at junit.framework.TestResult.run(TestResult.java:113)
	at junit.framework.TestCase.run(TestCase.java:124)
	at junit.framework.TestSuite.runTest(TestSuite.java:243)
	at junit.framework.TestSuite.run(TestSuite.java:238)
	at org.junit.internal.runners.JUnit38ClassRunner.run(JUnit38ClassRunner.java:101)
	at de.unisb.cs.st.javalanche.mutation.runtime.testDriver.junit.Junit4MutationTestDriver.runTest(Junit4MutationTestDriver.java:231)
	at de.unisb.cs.st.javalanche.mutation.runtime.testDriver.junit.Junit4MutationTestDriver.access$400(Junit4MutationTestDriver.java:59)
	at de.unisb.cs.st.javalanche.mutation.runtime.testDriver.junit.Junit4MutationTestDriver$1.run(Junit4MutationTestDriver.java:330)
	at java.util.concurrent.Executors$RunnableAdapter.call(Executors.java:441)
	at java.util.concurrent.FutureTask$Sync.innerRun(FutureTask.java:303)
	at java.util.concurrent.FutureTask.run(FutureTask.java:138)
	at java.lang.Thread.run(Thread.java:662)
java.io.EOFException
	at java.io.DataInputStream.readInt(DataInputStream.java:375)
	at java.io.ObjectInputStream$BlockDataInputStream.readInt(ObjectInputStream.java:2775)
	at java.io.ObjectInputStream.readInt(ObjectInputStream.java:949)
	at org.jfree.chart.plot.DefaultDrawingSupplier.readObject(DefaultDrawingSupplier.java:491)
	at sun.reflect.GeneratedMethodAccessor61.invoke(Unknown Source)
	at sun.reflect.DelegatingMethodAccessorImpl.invoke(DelegatingMethodAccessorImpl.java:25)
	at java.lang.reflect.Method.invoke(Method.java:597)
	at java.io.ObjectStreamClass.invokeReadObject(ObjectStreamClass.java:974)
	at java.io.ObjectInputStream.readSerialData(ObjectInputStream.java:1848)
	at java.io.ObjectInputStream.readOrdinaryObject(ObjectInputStream.java:1752)
	at java.io.ObjectInputStream.readObject0(ObjectInputStream.java:1328)
	at java.io.ObjectInputStream.defaultReadFields(ObjectInputStream.java:1946)
	at java.io.ObjectInputStream.defaultReadObject(ObjectInputStream.java:479)
	at org.jfree.chart.plot.Plot.readObject(Plot.java:1284)
	at sun.reflect.GeneratedMethodAccessor60.invoke(Unknown Source)
	at sun.reflect.DelegatingMethodAccessorImpl.invoke(DelegatingMethodAccessorImpl.java:25)
	at java.lang.reflect.Method.invoke(Method.java:597)
	at java.io.ObjectStreamClass.invokeReadObject(ObjectStreamClass.java:974)
	at java.io.ObjectInputStream.readSerialData(ObjectInputStream.java:1848)
	at java.io.ObjectInputStream.readOrdinaryObject(ObjectInputStream.java:1752)
	at java.io.ObjectInputStream.readObject0(ObjectInputStream.java:1328)
	at java.io.ObjectInputStream.readObject(ObjectInputStream.java:350)
	at org.jfree.chart.plot.junit.CombinedDomainCategoryPlotTests.testSerialization(CombinedDomainCategoryPlotTests.java:144)
	at sun.reflect.GeneratedMethodAccessor198.invoke(Unknown Source)
	at sun.reflect.DelegatingMethodAccessorImpl.invoke(DelegatingMethodAccessorImpl.java:25)
	at java.lang.reflect.Method.invoke(Method.java:597)
	at junit.framework.TestCase.runTest(TestCase.java:168)
	at junit.framework.TestCase.runBare(TestCase.java:134)
	at junit.framework.TestResult$1.protect(TestResult.java:110)
	at junit.framework.TestResult.runProtected(TestResult.java:128)
	at junit.framework.TestResult.run(TestResult.java:113)
	at junit.framework.TestCase.run(TestCase.java:124)
	at junit.framework.TestSuite.runTest(TestSuite.java:243)
	at junit.framework.TestSuite.run(TestSuite.java:238)
	at org.junit.internal.runners.JUnit38ClassRunner.run(JUnit38ClassRunner.java:101)
	at de.unisb.cs.st.javalanche.mutation.runtime.testDriver.junit.Junit4MutationTestDriver.runTest(Junit4MutationTestDriver.java:231)
	at de.unisb.cs.st.javalanche.mutation.runtime.testDriver.junit.Junit4MutationTestDriver.access$400(Junit4MutationTestDriver.java:59)
	at de.unisb.cs.st.javalanche.mutation.runtime.testDriver.junit.Junit4MutationTestDriver$1.run(Junit4MutationTestDriver.java:330)
	at java.util.concurrent.Executors$RunnableAdapter.call(Executors.java:441)
	at java.util.concurrent.FutureTask$Sync.innerRun(FutureTask.java:303)
	at java.util.concurrent.FutureTask.run(FutureTask.java:138)
	at java.lang.Thread.run(Thread.java:662)
java.io.EOFException
	at java.io.DataInputStream.readInt(DataInputStream.java:375)
	at java.io.DataInputStream.readFloat(DataInputStream.java:429)
	at java.io.ObjectInputStream$BlockDataInputStream.readFloat(ObjectInputStream.java:2787)
	at java.io.ObjectInputStream.readFloat(ObjectInputStream.java:971)
	at org.jfree.io.SerialUtilities.readStroke(SerialUtilities.java:213)
	at org.jfree.chart.LegendItem.readObject(LegendItem.java:874)
	at sun.reflect.NativeMethodAccessorImpl.invoke0(Native Method)
	at sun.reflect.NativeMethodAccessorImpl.invoke(NativeMethodAccessorImpl.java:39)
	at sun.reflect.DelegatingMethodAccessorImpl.invoke(DelegatingMethodAccessorImpl.java:25)
	at java.lang.reflect.Method.invoke(Method.java:597)
	at java.io.ObjectStreamClass.invokeReadObject(ObjectStreamClass.java:974)
	at java.io.ObjectInputStream.readSerialData(ObjectInputStream.java:1848)
	at java.io.ObjectInputStream.readOrdinaryObject(ObjectInputStream.java:1752)
	at java.io.ObjectInputStream.readObject0(ObjectInputStream.java:1328)
	at java.io.ObjectInputStream.readObject(ObjectInputStream.java:350)
	at java.util.ArrayList.readObject(ArrayList.java:593)
	at sun.reflect.GeneratedMethodAccessor11.invoke(Unknown Source)
	at sun.reflect.DelegatingMethodAccessorImpl.invoke(DelegatingMethodAccessorImpl.java:25)
	at java.lang.reflect.Method.invoke(Method.java:597)
	at java.io.ObjectStreamClass.invokeReadObject(ObjectStreamClass.java:974)
	at java.io.ObjectInputStream.readSerialData(ObjectInputStream.java:1848)
	at java.io.ObjectInputStream.readOrdinaryObject(ObjectInputStream.java:1752)
	at java.io.ObjectInputStream.readObject0(ObjectInputStream.java:1328)
	at java.io.ObjectInputStream.defaultReadFields(ObjectInputStream.java:1946)
	at java.io.ObjectInputStream.readSerialData(ObjectInputStream.java:1870)
	at java.io.ObjectInputStream.readOrdinaryObject(ObjectInputStream.java:1752)
	at java.io.ObjectInputStream.readObject0(ObjectInputStream.java:1328)
	at java.io.ObjectInputStream.readObject(ObjectInputStream.java:350)
	at org.jfree.chart.junit.LegendItemCollectionTests.testSerialization(LegendItemCollectionTests.java:129)
	at sun.reflect.NativeMethodAccessorImpl.invoke0(Native Method)
	at sun.reflect.NativeMethodAccessorImpl.invoke(NativeMethodAccessorImpl.java:39)
	at sun.reflect.DelegatingMethodAccessorImpl.invoke(DelegatingMethodAccessorImpl.java:25)
	at java.lang.reflect.Method.invoke(Method.java:597)
	at junit.framework.TestCase.runTest(TestCase.java:168)
	at junit.framework.TestCase.runBare(TestCase.java:134)
	at junit.framework.TestResult$1.protect(TestResult.java:110)
	at junit.framework.TestResult.runProtected(TestResult.java:128)
	at junit.framework.TestResult.run(TestResult.java:113)
	at junit.framework.TestCase.run(TestCase.java:124)
	at junit.framework.TestSuite.runTest(TestSuite.java:243)
	at junit.framework.TestSuite.run(TestSuite.java:238)
	at org.junit.internal.runners.JUnit38ClassRunner.run(JUnit38ClassRunner.java:101)
	at de.unisb.cs.st.javalanche.mutation.runtime.testDriver.junit.Junit4MutationTestDriver.runTest(Junit4MutationTestDriver.java:231)
	at de.unisb.cs.st.javalanche.mutation.runtime.testDriver.junit.Junit4MutationTestDriver.access$400(Junit4MutationTestDriver.java:59)
	at de.unisb.cs.st.javalanche.mutation.runtime.testDriver.junit.Junit4MutationTestDriver$1.run(Junit4MutationTestDriver.java:330)
	at java.util.concurrent.Executors$RunnableAdapter.call(Executors.java:441)
	at java.util.concurrent.FutureTask$Sync.innerRun(FutureTask.java:303)
	at java.util.concurrent.FutureTask.run(FutureTask.java:138)
	at java.lang.Thread.run(Thread.java:662)
java.io.EOFException
	at java.io.DataInputStream.readInt(DataInputStream.java:375)
	at java.io.DataInputStream.readFloat(DataInputStream.java:429)
	at java.io.ObjectInputStream$BlockDataInputStream.readFloat(ObjectInputStream.java:2787)
	at java.io.ObjectInputStream.readFloat(ObjectInputStream.java:971)
	at org.jfree.io.SerialUtilities.readStroke(SerialUtilities.java:213)
	at org.jfree.chart.plot.dial.ArcDialFrame.readObject(ArcDialFrame.java:518)
	at sun.reflect.NativeMethodAccessorImpl.invoke0(Native Method)
	at sun.reflect.NativeMethodAccessorImpl.invoke(NativeMethodAccessorImpl.java:39)
	at sun.reflect.DelegatingMethodAccessorImpl.invoke(DelegatingMethodAccessorImpl.java:25)
	at java.lang.reflect.Method.invoke(Method.java:597)
	at java.io.ObjectStreamClass.invokeReadObject(ObjectStreamClass.java:974)
	at java.io.ObjectInputStream.readSerialData(ObjectInputStream.java:1848)
	at java.io.ObjectInputStream.readOrdinaryObject(ObjectInputStream.java:1752)
	at java.io.ObjectInputStream.readObject0(ObjectInputStream.java:1328)
	at java.io.ObjectInputStream.readObject(ObjectInputStream.java:350)
	at org.jfree.chart.plot.dial.junit.ArcDialFrameTests.testSerialization(ArcDialFrameTests.java:194)
	at sun.reflect.NativeMethodAccessorImpl.invoke0(Native Method)
	at sun.reflect.NativeMethodAccessorImpl.invoke(NativeMethodAccessorImpl.java:39)
	at sun.reflect.DelegatingMethodAccessorImpl.invoke(DelegatingMethodAccessorImpl.java:25)
	at java.lang.reflect.Method.invoke(Method.java:597)
	at junit.framework.TestCase.runTest(TestCase.java:168)
	at junit.framework.TestCase.runBare(TestCase.java:134)
	at junit.framework.TestResult$1.protect(TestResult.java:110)
	at junit.framework.TestResult.runProtected(TestResult.java:128)
	at junit.framework.TestResult.run(TestResult.java:113)
	at junit.framework.TestCase.run(TestCase.java:124)
	at junit.framework.TestSuite.runTest(TestSuite.java:243)
	at junit.framework.TestSuite.run(TestSuite.java:238)
	at org.junit.internal.runners.JUnit38ClassRunner.run(JUnit38ClassRunner.java:101)
	at de.unisb.cs.st.javalanche.mutation.runtime.testDriver.junit.Junit4MutationTestDriver.runTest(Junit4MutationTestDriver.java:231)
	at de.unisb.cs.st.javalanche.mutation.runtime.testDriver.junit.Junit4MutationTestDriver.access$400(Junit4MutationTestDriver.java:59)
	at de.unisb.cs.st.javalanche.mutation.runtime.testDriver.junit.Junit4MutationTestDriver$1.run(Junit4MutationTestDriver.java:330)
	at java.util.concurrent.Executors$RunnableAdapter.call(Executors.java:441)
	at java.util.concurrent.FutureTask$Sync.innerRun(FutureTask.java:303)
	at java.util.concurrent.FutureTask.run(FutureTask.java:138)
	at java.lang.Thread.run(Thread.java:662)
java.io.EOFException
	at java.io.DataInputStream.readInt(DataInputStream.java:375)
	at java.io.DataInputStream.readFloat(DataInputStream.java:429)
	at java.io.ObjectInputStream$BlockDataInputStream.readFloat(ObjectInputStream.java:2787)
	at java.io.ObjectInputStream.readFloat(ObjectInputStream.java:971)
	at org.jfree.io.SerialUtilities.readStroke(SerialUtilities.java:213)
	at org.jfree.chart.renderer.AbstractRenderer.readObject(AbstractRenderer.java:3615)
	at sun.reflect.GeneratedMethodAccessor34.invoke(Unknown Source)
	at sun.reflect.DelegatingMethodAccessorImpl.invoke(DelegatingMethodAccessorImpl.java:25)
	at java.lang.reflect.Method.invoke(Method.java:597)
	at java.io.ObjectStreamClass.invokeReadObject(ObjectStreamClass.java:974)
	at java.io.ObjectInputStream.readSerialData(ObjectInputStream.java:1848)
	at java.io.ObjectInputStream.readOrdinaryObject(ObjectInputStream.java:1752)
	at java.io.ObjectInputStream.readObject0(ObjectInputStream.java:1328)
	at java.io.ObjectInputStream.readObject(ObjectInputStream.java:350)
	at org.jfree.chart.renderer.xy.junit.XYBlockRendererTests.testSerialization(XYBlockRendererTests.java:168)
	at sun.reflect.NativeMethodAccessorImpl.invoke0(Native Method)
	at sun.reflect.NativeMethodAccessorImpl.invoke(NativeMethodAccessorImpl.java:39)
	at sun.reflect.DelegatingMethodAccessorImpl.invoke(DelegatingMethodAccessorImpl.java:25)
	at java.lang.reflect.Method.invoke(Method.java:597)
	at junit.framework.TestCase.runTest(TestCase.java:168)
	at junit.framework.TestCase.runBare(TestCase.java:134)
	at junit.framework.TestResult$1.protect(TestResult.java:110)
	at junit.framework.TestResult.runProtected(TestResult.java:128)
	at junit.framework.TestResult.run(TestResult.java:113)
	at junit.framework.TestCase.run(TestCase.java:124)
	at junit.framework.TestSuite.runTest(TestSuite.java:243)
	at junit.framework.TestSuite.run(TestSuite.java:238)
	at org.junit.internal.runners.JUnit38ClassRunner.run(JUnit38ClassRunner.java:101)
	at de.unisb.cs.st.javalanche.mutation.runtime.testDriver.junit.Junit4MutationTestDriver.runTest(Junit4MutationTestDriver.java:231)
	at de.unisb.cs.st.javalanche.mutation.runtime.testDriver.junit.Junit4MutationTestDriver.access$400(Junit4MutationTestDriver.java:59)
	at de.unisb.cs.st.javalanche.mutation.runtime.testDriver.junit.Junit4MutationTestDriver$1.run(Junit4MutationTestDriver.java:330)
	at java.util.concurrent.Executors$RunnableAdapter.call(Executors.java:441)
	at java.util.concurrent.FutureTask$Sync.innerRun(FutureTask.java:303)
	at java.util.concurrent.FutureTask.run(FutureTask.java:138)
	at java.lang.Thread.run(Thread.java:662)
java.io.EOFException
	at java.io.DataInputStream.readInt(DataInputStream.java:375)
	at java.io.DataInputStream.readFloat(DataInputStream.java:429)
	at java.io.ObjectInputStream$BlockDataInputStream.readFloat(ObjectInputStream.java:2787)
	at java.io.ObjectInputStream.readFloat(ObjectInputStream.java:971)
	at org.jfree.io.SerialUtilities.readStroke(SerialUtilities.java:213)
	at org.jfree.chart.needle.MeterNeedle.readObject(MeterNeedle.java:429)
	at sun.reflect.GeneratedMethodAccessor138.invoke(Unknown Source)
	at sun.reflect.DelegatingMethodAccessorImpl.invoke(DelegatingMethodAccessorImpl.java:25)
	at java.lang.reflect.Method.invoke(Method.java:597)
	at java.io.ObjectStreamClass.invokeReadObject(ObjectStreamClass.java:974)
	at java.io.ObjectInputStream.readSerialData(ObjectInputStream.java:1848)
	at java.io.ObjectInputStream.readOrdinaryObject(ObjectInputStream.java:1752)
	at java.io.ObjectInputStream.readObject0(ObjectInputStream.java:1328)
	at java.io.ObjectInputStream.readObject(ObjectInputStream.java:350)
	at org.jfree.chart.needle.junit.MiddlePinNeedleTests.testSerialization(MiddlePinNeedleTests.java:120)
	at sun.reflect.NativeMethodAccessorImpl.invoke0(Native Method)
	at sun.reflect.NativeMethodAccessorImpl.invoke(NativeMethodAccessorImpl.java:39)
	at sun.reflect.DelegatingMethodAccessorImpl.invoke(DelegatingMethodAccessorImpl.java:25)
	at java.lang.reflect.Method.invoke(Method.java:597)
	at junit.framework.TestCase.runTest(TestCase.java:168)
	at junit.framework.TestCase.runBare(TestCase.java:134)
	at junit.framework.TestResult$1.protect(TestResult.java:110)
	at junit.framework.TestResult.runProtected(TestResult.java:128)
	at junit.framework.TestResult.run(TestResult.java:113)
	at junit.framework.TestCase.run(TestCase.java:124)
	at junit.framework.TestSuite.runTest(TestSuite.java:243)
	at junit.framework.TestSuite.run(TestSuite.java:238)
	at org.junit.internal.runners.JUnit38ClassRunner.run(JUnit38ClassRunner.java:101)
	at de.unisb.cs.st.javalanche.mutation.runtime.testDriver.junit.Junit4MutationTestDriver.runTest(Junit4MutationTestDriver.java:231)
	at de.unisb.cs.st.javalanche.mutation.runtime.testDriver.junit.Junit4MutationTestDriver.access$400(Junit4MutationTestDriver.java:59)
	at de.unisb.cs.st.javalanche.mutation.runtime.testDriver.junit.Junit4MutationTestDriver$1.run(Junit4MutationTestDriver.java:330)
	at java.util.concurrent.Executors$RunnableAdapter.call(Executors.java:441)
	at java.util.concurrent.FutureTask$Sync.innerRun(FutureTask.java:303)
	at java.util.concurrent.FutureTask.run(FutureTask.java:138)
	at java.lang.Thread.run(Thread.java:662)
java.io.EOFException
	at java.io.DataInputStream.readInt(DataInputStream.java:375)
	at java.io.DataInputStream.readFloat(DataInputStream.java:429)
	at java.io.ObjectInputStream$BlockDataInputStream.readFloat(ObjectInputStream.java:2787)
	at java.io.ObjectInputStream.readFloat(ObjectInputStream.java:971)
	at org.jfree.io.SerialUtilities.readStroke(SerialUtilities.java:213)
	at org.jfree.chart.renderer.AbstractRenderer.readObject(AbstractRenderer.java:3615)
	at sun.reflect.GeneratedMethodAccessor34.invoke(Unknown Source)
	at sun.reflect.DelegatingMethodAccessorImpl.invoke(DelegatingMethodAccessorImpl.java:25)
	at java.lang.reflect.Method.invoke(Method.java:597)
	at java.io.ObjectStreamClass.invokeReadObject(ObjectStreamClass.java:974)
	at java.io.ObjectInputStream.readSerialData(ObjectInputStream.java:1848)
	at java.io.ObjectInputStream.readOrdinaryObject(ObjectInputStream.java:1752)
	at java.io.ObjectInputStream.readObject0(ObjectInputStream.java:1328)
	at java.io.ObjectInputStream.readObject(ObjectInputStream.java:350)
	at org.jfree.chart.renderer.xy.junit.StackedXYAreaRenderer2Tests.testSerialization(StackedXYAreaRenderer2Tests.java:175)
	at sun.reflect.NativeMethodAccessorImpl.invoke0(Native Method)
	at sun.reflect.NativeMethodAccessorImpl.invoke(NativeMethodAccessorImpl.java:39)
	at sun.reflect.DelegatingMethodAccessorImpl.invoke(DelegatingMethodAccessorImpl.java:25)
	at java.lang.reflect.Method.invoke(Method.java:597)
	at junit.framework.TestCase.runTest(TestCase.java:168)
	at junit.framework.TestCase.runBare(TestCase.java:134)
	at junit.framework.TestResult$1.protect(TestResult.java:110)
	at junit.framework.TestResult.runProtected(TestResult.java:128)
	at junit.framework.TestResult.run(TestResult.java:113)
	at junit.framework.TestCase.run(TestCase.java:124)
	at junit.framework.TestSuite.runTest(TestSuite.java:243)
	at junit.framework.TestSuite.run(TestSuite.java:238)
	at org.junit.internal.runners.JUnit38ClassRunner.run(JUnit38ClassRunner.java:101)
	at de.unisb.cs.st.javalanche.mutation.runtime.testDriver.junit.Junit4MutationTestDriver.runTest(Junit4MutationTestDriver.java:231)
	at de.unisb.cs.st.javalanche.mutation.runtime.testDriver.junit.Junit4MutationTestDriver.access$400(Junit4MutationTestDriver.java:59)
	at de.unisb.cs.st.javalanche.mutation.runtime.testDriver.junit.Junit4MutationTestDriver$1.run(Junit4MutationTestDriver.java:330)
	at java.util.concurrent.Executors$RunnableAdapter.call(Executors.java:441)
	at java.util.concurrent.FutureTask$Sync.innerRun(FutureTask.java:303)
	at java.util.concurrent.FutureTask.run(FutureTask.java:138)
	at java.lang.Thread.run(Thread.java:662)
java.io.EOFException
	at java.io.DataInputStream.readInt(DataInputStream.java:375)
	at java.io.DataInputStream.readFloat(DataInputStream.java:429)
	at java.io.ObjectInputStream$BlockDataInputStream.readFloat(ObjectInputStream.java:2787)
	at java.io.ObjectInputStream.readFloat(ObjectInputStream.java:971)
	at org.jfree.io.SerialUtilities.readStroke(SerialUtilities.java:213)
	at org.jfree.chart.annotations.XYShapeAnnotation.readObject(XYShapeAnnotation.java:306)
	at sun.reflect.NativeMethodAccessorImpl.invoke0(Native Method)
	at sun.reflect.NativeMethodAccessorImpl.invoke(NativeMethodAccessorImpl.java:39)
	at sun.reflect.DelegatingMethodAccessorImpl.invoke(DelegatingMethodAccessorImpl.java:25)
	at java.lang.reflect.Method.invoke(Method.java:597)
	at java.io.ObjectStreamClass.invokeReadObject(ObjectStreamClass.java:974)
	at java.io.ObjectInputStream.readSerialData(ObjectInputStream.java:1848)
	at java.io.ObjectInputStream.readOrdinaryObject(ObjectInputStream.java:1752)
	at java.io.ObjectInputStream.readObject0(ObjectInputStream.java:1328)
	at java.io.ObjectInputStream.readObject(ObjectInputStream.java:350)
	at org.jfree.chart.annotations.junit.XYShapeAnnotationTests.testSerialization(XYShapeAnnotationTests.java:201)
	at sun.reflect.NativeMethodAccessorImpl.invoke0(Native Method)
	at sun.reflect.NativeMethodAccessorImpl.invoke(NativeMethodAccessorImpl.java:39)
	at sun.reflect.DelegatingMethodAccessorImpl.invoke(DelegatingMethodAccessorImpl.java:25)
	at java.lang.reflect.Method.invoke(Method.java:597)
	at junit.framework.TestCase.runTest(TestCase.java:168)
	at junit.framework.TestCase.runBare(TestCase.java:134)
	at junit.framework.TestResult$1.protect(TestResult.java:110)
	at junit.framework.TestResult.runProtected(TestResult.java:128)
	at junit.framework.TestResult.run(TestResult.java:113)
	at junit.framework.TestCase.run(TestCase.java:124)
	at junit.framework.TestSuite.runTest(TestSuite.java:243)
	at junit.framework.TestSuite.run(TestSuite.java:238)
	at org.junit.internal.runners.JUnit38ClassRunner.run(JUnit38ClassRunner.java:101)
	at de.unisb.cs.st.javalanche.mutation.runtime.testDriver.junit.Junit4MutationTestDriver.runTest(Junit4MutationTestDriver.java:231)
	at de.unisb.cs.st.javalanche.mutation.runtime.testDriver.junit.Junit4MutationTestDriver.access$400(Junit4MutationTestDriver.java:59)
	at de.unisb.cs.st.javalanche.mutation.runtime.testDriver.junit.Junit4MutationTestDriver$1.run(Junit4MutationTestDriver.java:330)
	at java.util.concurrent.Executors$RunnableAdapter.call(Executors.java:441)
	at java.util.concurrent.FutureTask$Sync.innerRun(FutureTask.java:303)
	at java.util.concurrent.FutureTask.run(FutureTask.java:138)
	at java.lang.Thread.run(Thread.java:662)
java.io.EOFException
	at java.io.DataInputStream.readInt(DataInputStream.java:375)
	at java.io.DataInputStream.readFloat(DataInputStream.java:429)
	at java.io.ObjectInputStream$BlockDataInputStream.readFloat(ObjectInputStream.java:2787)
	at java.io.ObjectInputStream.readFloat(ObjectInputStream.java:971)
	at org.jfree.io.SerialUtilities.readStroke(SerialUtilities.java:213)
	at org.jfree.chart.needle.MeterNeedle.readObject(MeterNeedle.java:429)
	at sun.reflect.GeneratedMethodAccessor138.invoke(Unknown Source)
	at sun.reflect.DelegatingMethodAccessorImpl.invoke(DelegatingMethodAccessorImpl.java:25)
	at java.lang.reflect.Method.invoke(Method.java:597)
	at java.io.ObjectStreamClass.invokeReadObject(ObjectStreamClass.java:974)
	at java.io.ObjectInputStream.readSerialData(ObjectInputStream.java:1848)
	at java.io.ObjectInputStream.readOrdinaryObject(ObjectInputStream.java:1752)
	at java.io.ObjectInputStream.readObject0(ObjectInputStream.java:1328)
	at java.io.ObjectInputStream.readObject(ObjectInputStream.java:350)
	at org.jfree.chart.needle.junit.ShipNeedleTests.testSerialization(ShipNeedleTests.java:121)
	at sun.reflect.NativeMethodAccessorImpl.invoke0(Native Method)
	at sun.reflect.NativeMethodAccessorImpl.invoke(NativeMethodAccessorImpl.java:39)
	at sun.reflect.DelegatingMethodAccessorImpl.invoke(DelegatingMethodAccessorImpl.java:25)
	at java.lang.reflect.Method.invoke(Method.java:597)
	at junit.framework.TestCase.runTest(TestCase.java:168)
	at junit.framework.TestCase.runBare(TestCase.java:134)
	at junit.framework.TestResult$1.protect(TestResult.java:110)
	at junit.framework.TestResult.runProtected(TestResult.java:128)
	at junit.framework.TestResult.run(TestResult.java:113)
	at junit.framework.TestCase.run(TestCase.java:124)
	at junit.framework.TestSuite.runTest(TestSuite.java:243)
	at junit.framework.TestSuite.run(TestSuite.java:238)
	at org.junit.internal.runners.JUnit38ClassRunner.run(JUnit38ClassRunner.java:101)
	at de.unisb.cs.st.javalanche.mutation.runtime.testDriver.junit.Junit4MutationTestDriver.runTest(Junit4MutationTestDriver.java:231)
	at de.unisb.cs.st.javalanche.mutation.runtime.testDriver.junit.Junit4MutationTestDriver.access$400(Junit4MutationTestDriver.java:59)
	at de.unisb.cs.st.javalanche.mutation.runtime.testDriver.junit.Junit4MutationTestDriver$1.run(Junit4MutationTestDriver.java:330)
	at java.util.concurrent.Executors$RunnableAdapter.call(Executors.java:441)
	at java.util.concurrent.FutureTask$Sync.innerRun(FutureTask.java:303)
	at java.util.concurrent.FutureTask.run(FutureTask.java:138)
	at java.lang.Thread.run(Thread.java:662)
java.io.EOFException
	at java.io.DataInputStream.readInt(DataInputStream.java:375)
	at java.io.ObjectInputStream$BlockDataInputStream.readInt(ObjectInputStream.java:2775)
	at java.io.ObjectInputStream.readInt(ObjectInputStream.java:949)
	at org.jfree.chart.plot.DefaultDrawingSupplier.readObject(DefaultDrawingSupplier.java:491)
	at sun.reflect.GeneratedMethodAccessor61.invoke(Unknown Source)
	at sun.reflect.DelegatingMethodAccessorImpl.invoke(DelegatingMethodAccessorImpl.java:25)
	at java.lang.reflect.Method.invoke(Method.java:597)
	at java.io.ObjectStreamClass.invokeReadObject(ObjectStreamClass.java:974)
	at java.io.ObjectInputStream.readSerialData(ObjectInputStream.java:1848)
	at java.io.ObjectInputStream.readOrdinaryObject(ObjectInputStream.java:1752)
	at java.io.ObjectInputStream.readObject0(ObjectInputStream.java:1328)
	at java.io.ObjectInputStream.defaultReadFields(ObjectInputStream.java:1946)
	at java.io.ObjectInputStream.defaultReadObject(ObjectInputStream.java:479)
	at org.jfree.chart.plot.Plot.readObject(Plot.java:1284)
	at sun.reflect.GeneratedMethodAccessor60.invoke(Unknown Source)
	at sun.reflect.DelegatingMethodAccessorImpl.invoke(DelegatingMethodAccessorImpl.java:25)
	at java.lang.reflect.Method.invoke(Method.java:597)
	at java.io.ObjectStreamClass.invokeReadObject(ObjectStreamClass.java:974)
	at java.io.ObjectInputStream.readSerialData(ObjectInputStream.java:1848)
	at java.io.ObjectInputStream.readOrdinaryObject(ObjectInputStream.java:1752)
	at java.io.ObjectInputStream.readObject0(ObjectInputStream.java:1328)
	at java.io.ObjectInputStream.defaultReadFields(ObjectInputStream.java:1946)
	at java.io.ObjectInputStream.defaultReadObject(ObjectInputStream.java:479)
	at org.jfree.chart.JFreeChart.readObject(JFreeChart.java:1647)
	at sun.reflect.GeneratedMethodAccessor103.invoke(Unknown Source)
	at sun.reflect.DelegatingMethodAccessorImpl.invoke(DelegatingMethodAccessorImpl.java:25)
	at java.lang.reflect.Method.invoke(Method.java:597)
	at java.io.ObjectStreamClass.invokeReadObject(ObjectStreamClass.java:974)
	at java.io.ObjectInputStream.readSerialData(ObjectInputStream.java:1848)
	at java.io.ObjectInputStream.readOrdinaryObject(ObjectInputStream.java:1752)
	at java.io.ObjectInputStream.readObject0(ObjectInputStream.java:1328)
	at java.io.ObjectInputStream.readObject(ObjectInputStream.java:350)
	at org.jfree.chart.junit.JFreeChartTests.testSerialization2(JFreeChartTests.java:342)
	at sun.reflect.NativeMethodAccessorImpl.invoke0(Native Method)
	at sun.reflect.NativeMethodAccessorImpl.invoke(NativeMethodAccessorImpl.java:39)
	at sun.reflect.DelegatingMethodAccessorImpl.invoke(DelegatingMethodAccessorImpl.java:25)
	at java.lang.reflect.Method.invoke(Method.java:597)
	at junit.framework.TestCase.runTest(TestCase.java:168)
	at junit.framework.TestCase.runBare(TestCase.java:134)
	at junit.framework.TestResult$1.protect(TestResult.java:110)
	at junit.framework.TestResult.runProtected(TestResult.java:128)
	at junit.framework.TestResult.run(TestResult.java:113)
	at junit.framework.TestCase.run(TestCase.java:124)
	at junit.framework.TestSuite.runTest(TestSuite.java:243)
	at junit.framework.TestSuite.run(TestSuite.java:238)
	at org.junit.internal.runners.JUnit38ClassRunner.run(JUnit38ClassRunner.java:101)
	at de.unisb.cs.st.javalanche.mutation.runtime.testDriver.junit.Junit4MutationTestDriver.runTest(Junit4MutationTestDriver.java:231)
	at de.unisb.cs.st.javalanche.mutation.runtime.testDriver.junit.Junit4MutationTestDriver.access$400(Junit4MutationTestDriver.java:59)
	at de.unisb.cs.st.javalanche.mutation.runtime.testDriver.junit.Junit4MutationTestDriver$1.run(Junit4MutationTestDriver.java:330)
	at java.util.concurrent.Executors$RunnableAdapter.call(Executors.java:441)
	at java.util.concurrent.FutureTask$Sync.innerRun(FutureTask.java:303)
	at java.util.concurrent.FutureTask.run(FutureTask.java:138)
	at java.lang.Thread.run(Thread.java:662)
java.io.EOFException
	at java.io.DataInputStream.readInt(DataInputStream.java:375)
	at java.io.ObjectInputStream$BlockDataInputStream.readInt(ObjectInputStream.java:2775)
	at java.io.ObjectInputStream.readInt(ObjectInputStream.java:949)
	at org.jfree.chart.plot.DefaultDrawingSupplier.readObject(DefaultDrawingSupplier.java:491)
	at sun.reflect.GeneratedMethodAccessor61.invoke(Unknown Source)
	at sun.reflect.DelegatingMethodAccessorImpl.invoke(DelegatingMethodAccessorImpl.java:25)
	at java.lang.reflect.Method.invoke(Method.java:597)
	at java.io.ObjectStreamClass.invokeReadObject(ObjectStreamClass.java:974)
	at java.io.ObjectInputStream.readSerialData(ObjectInputStream.java:1848)
	at java.io.ObjectInputStream.readOrdinaryObject(ObjectInputStream.java:1752)
	at java.io.ObjectInputStream.readObject0(ObjectInputStream.java:1328)
	at java.io.ObjectInputStream.defaultReadFields(ObjectInputStream.java:1946)
	at java.io.ObjectInputStream.defaultReadObject(ObjectInputStream.java:479)
	at org.jfree.chart.plot.Plot.readObject(Plot.java:1284)
	at sun.reflect.GeneratedMethodAccessor60.invoke(Unknown Source)
	at sun.reflect.DelegatingMethodAccessorImpl.invoke(DelegatingMethodAccessorImpl.java:25)
	at java.lang.reflect.Method.invoke(Method.java:597)
	at java.io.ObjectStreamClass.invokeReadObject(ObjectStreamClass.java:974)
	at java.io.ObjectInputStream.readSerialData(ObjectInputStream.java:1848)
	at java.io.ObjectInputStream.readOrdinaryObject(ObjectInputStream.java:1752)
	at java.io.ObjectInputStream.readObject0(ObjectInputStream.java:1328)
	at java.io.ObjectInputStream.defaultReadFields(ObjectInputStream.java:1946)
	at java.io.ObjectInputStream.defaultReadObject(ObjectInputStream.java:479)
	at org.jfree.chart.JFreeChart.readObject(JFreeChart.java:1647)
	at sun.reflect.GeneratedMethodAccessor103.invoke(Unknown Source)
	at sun.reflect.DelegatingMethodAccessorImpl.invoke(DelegatingMethodAccessorImpl.java:25)
	at java.lang.reflect.Method.invoke(Method.java:597)
	at java.io.ObjectStreamClass.invokeReadObject(ObjectStreamClass.java:974)
	at java.io.ObjectInputStream.readSerialData(ObjectInputStream.java:1848)
	at java.io.ObjectInputStream.readOrdinaryObject(ObjectInputStream.java:1752)
	at java.io.ObjectInputStream.readObject0(ObjectInputStream.java:1328)
	at java.io.ObjectInputStream.readObject(ObjectInputStream.java:350)
	at org.jfree.chart.junit.JFreeChartTests.testSerialization1(JFreeChartTests.java:309)
	at sun.reflect.NativeMethodAccessorImpl.invoke0(Native Method)
	at sun.reflect.NativeMethodAccessorImpl.invoke(NativeMethodAccessorImpl.java:39)
	at sun.reflect.DelegatingMethodAccessorImpl.invoke(DelegatingMethodAccessorImpl.java:25)
	at java.lang.reflect.Method.invoke(Method.java:597)
	at junit.framework.TestCase.runTest(TestCase.java:168)
	at junit.framework.TestCase.runBare(TestCase.java:134)
	at junit.framework.TestResult$1.protect(TestResult.java:110)
	at junit.framework.TestResult.runProtected(TestResult.java:128)
	at junit.framework.TestResult.run(TestResult.java:113)
	at junit.framework.TestCase.run(TestCase.java:124)
	at junit.framework.TestSuite.runTest(TestSuite.java:243)
	at junit.framework.TestSuite.run(TestSuite.java:238)
	at org.junit.internal.runners.JUnit38ClassRunner.run(JUnit38ClassRunner.java:101)
	at de.unisb.cs.st.javalanche.mutation.runtime.testDriver.junit.Junit4MutationTestDriver.runTest(Junit4MutationTestDriver.java:231)
	at de.unisb.cs.st.javalanche.mutation.runtime.testDriver.junit.Junit4MutationTestDriver.access$400(Junit4MutationTestDriver.java:59)
	at de.unisb.cs.st.javalanche.mutation.runtime.testDriver.junit.Junit4MutationTestDriver$1.run(Junit4MutationTestDriver.java:330)
	at java.util.concurrent.Executors$RunnableAdapter.call(Executors.java:441)
	at java.util.concurrent.FutureTask$Sync.innerRun(FutureTask.java:303)
	at java.util.concurrent.FutureTask.run(FutureTask.java:138)
	at java.lang.Thread.run(Thread.java:662)
java.io.EOFException
	at java.io.DataInputStream.readInt(DataInputStream.java:375)
	at java.io.ObjectInputStream$BlockDataInputStream.readInt(ObjectInputStream.java:2775)
	at java.io.ObjectInputStream.readInt(ObjectInputStream.java:949)
	at org.jfree.chart.plot.DefaultDrawingSupplier.readObject(DefaultDrawingSupplier.java:491)
	at sun.reflect.GeneratedMethodAccessor61.invoke(Unknown Source)
	at sun.reflect.DelegatingMethodAccessorImpl.invoke(DelegatingMethodAccessorImpl.java:25)
	at java.lang.reflect.Method.invoke(Method.java:597)
	at java.io.ObjectStreamClass.invokeReadObject(ObjectStreamClass.java:974)
	at java.io.ObjectInputStream.readSerialData(ObjectInputStream.java:1848)
	at java.io.ObjectInputStream.readOrdinaryObject(ObjectInputStream.java:1752)
	at java.io.ObjectInputStream.readObject0(ObjectInputStream.java:1328)
	at java.io.ObjectInputStream.defaultReadFields(ObjectInputStream.java:1946)
	at java.io.ObjectInputStream.defaultReadObject(ObjectInputStream.java:479)
	at org.jfree.chart.plot.Plot.readObject(Plot.java:1284)
	at sun.reflect.GeneratedMethodAccessor60.invoke(Unknown Source)
	at sun.reflect.DelegatingMethodAccessorImpl.invoke(DelegatingMethodAccessorImpl.java:25)
	at java.lang.reflect.Method.invoke(Method.java:597)
	at java.io.ObjectStreamClass.invokeReadObject(ObjectStreamClass.java:974)
	at java.io.ObjectInputStream.readSerialData(ObjectInputStream.java:1848)
	at java.io.ObjectInputStream.readOrdinaryObject(ObjectInputStream.java:1752)
	at java.io.ObjectInputStream.readObject0(ObjectInputStream.java:1328)
	at java.io.ObjectInputStream.defaultReadFields(ObjectInputStream.java:1946)
	at java.io.ObjectInputStream.defaultReadObject(ObjectInputStream.java:479)
	at org.jfree.chart.JFreeChart.readObject(JFreeChart.java:1647)
	at sun.reflect.GeneratedMethodAccessor103.invoke(Unknown Source)
	at sun.reflect.DelegatingMethodAccessorImpl.invoke(DelegatingMethodAccessorImpl.java:25)
	at java.lang.reflect.Method.invoke(Method.java:597)
	at java.io.ObjectStreamClass.invokeReadObject(ObjectStreamClass.java:974)
	at java.io.ObjectInputStream.readSerialData(ObjectInputStream.java:1848)
	at java.io.ObjectInputStream.readOrdinaryObject(ObjectInputStream.java:1752)
	at java.io.ObjectInputStream.readObject0(ObjectInputStream.java:1328)
	at java.io.ObjectInputStream.readObject(ObjectInputStream.java:350)
	at org.jfree.chart.junit.JFreeChartTests.testSerialization4(JFreeChartTests.java:459)
	at sun.reflect.GeneratedMethodAccessor184.invoke(Unknown Source)
	at sun.reflect.DelegatingMethodAccessorImpl.invoke(DelegatingMethodAccessorImpl.java:25)
	at java.lang.reflect.Method.invoke(Method.java:597)
	at junit.framework.TestCase.runTest(TestCase.java:168)
	at junit.framework.TestCase.runBare(TestCase.java:134)
	at junit.framework.TestResult$1.protect(TestResult.java:110)
	at junit.framework.TestResult.runProtected(TestResult.java:128)
	at junit.framework.TestResult.run(TestResult.java:113)
	at junit.framework.TestCase.run(TestCase.java:124)
	at junit.framework.TestSuite.runTest(TestSuite.java:243)
	at junit.framework.TestSuite.run(TestSuite.java:238)
	at org.junit.internal.runners.JUnit38ClassRunner.run(JUnit38ClassRunner.java:101)
	at de.unisb.cs.st.javalanche.mutation.runtime.testDriver.junit.Junit4MutationTestDriver.runTest(Junit4MutationTestDriver.java:231)
	at de.unisb.cs.st.javalanche.mutation.runtime.testDriver.junit.Junit4MutationTestDriver.access$400(Junit4MutationTestDriver.java:59)
	at de.unisb.cs.st.javalanche.mutation.runtime.testDriver.junit.Junit4MutationTestDriver$1.run(Junit4MutationTestDriver.java:330)
	at java.util.concurrent.Executors$RunnableAdapter.call(Executors.java:441)
	at java.util.concurrent.FutureTask$Sync.innerRun(FutureTask.java:303)
	at java.util.concurrent.FutureTask.run(FutureTask.java:138)
	at java.lang.Thread.run(Thread.java:662)
java.io.EOFException
	at java.io.DataInputStream.readInt(DataInputStream.java:375)
	at java.io.ObjectInputStream$BlockDataInputStream.readInt(ObjectInputStream.java:2775)
	at java.io.ObjectInputStream.readInt(ObjectInputStream.java:949)
	at org.jfree.chart.plot.DefaultDrawingSupplier.readObject(DefaultDrawingSupplier.java:491)
	at sun.reflect.GeneratedMethodAccessor61.invoke(Unknown Source)
	at sun.reflect.DelegatingMethodAccessorImpl.invoke(DelegatingMethodAccessorImpl.java:25)
	at java.lang.reflect.Method.invoke(Method.java:597)
	at java.io.ObjectStreamClass.invokeReadObject(ObjectStreamClass.java:974)
	at java.io.ObjectInputStream.readSerialData(ObjectInputStream.java:1848)
	at java.io.ObjectInputStream.readOrdinaryObject(ObjectInputStream.java:1752)
	at java.io.ObjectInputStream.readObject0(ObjectInputStream.java:1328)
	at java.io.ObjectInputStream.defaultReadFields(ObjectInputStream.java:1946)
	at java.io.ObjectInputStream.defaultReadObject(ObjectInputStream.java:479)
	at org.jfree.chart.plot.Plot.readObject(Plot.java:1284)
	at sun.reflect.GeneratedMethodAccessor60.invoke(Unknown Source)
	at sun.reflect.DelegatingMethodAccessorImpl.invoke(DelegatingMethodAccessorImpl.java:25)
	at java.lang.reflect.Method.invoke(Method.java:597)
	at java.io.ObjectStreamClass.invokeReadObject(ObjectStreamClass.java:974)
	at java.io.ObjectInputStream.readSerialData(ObjectInputStream.java:1848)
	at java.io.ObjectInputStream.readOrdinaryObject(ObjectInputStream.java:1752)
	at java.io.ObjectInputStream.readObject0(ObjectInputStream.java:1328)
	at java.io.ObjectInputStream.defaultReadFields(ObjectInputStream.java:1946)
	at java.io.ObjectInputStream.defaultReadObject(ObjectInputStream.java:479)
	at org.jfree.chart.JFreeChart.readObject(JFreeChart.java:1647)
	at sun.reflect.GeneratedMethodAccessor103.invoke(Unknown Source)
	at sun.reflect.DelegatingMethodAccessorImpl.invoke(DelegatingMethodAccessorImpl.java:25)
	at java.lang.reflect.Method.invoke(Method.java:597)
	at java.io.ObjectStreamClass.invokeReadObject(ObjectStreamClass.java:974)
	at java.io.ObjectInputStream.readSerialData(ObjectInputStream.java:1848)
	at java.io.ObjectInputStream.readOrdinaryObject(ObjectInputStream.java:1752)
	at java.io.ObjectInputStream.readObject0(ObjectInputStream.java:1328)
	at java.io.ObjectInputStream.readObject(ObjectInputStream.java:350)
	at org.jfree.chart.junit.JFreeChartTests.testSerialization3(JFreeChartTests.java:424)
	at sun.reflect.GeneratedMethodAccessor194.invoke(Unknown Source)
	at sun.reflect.DelegatingMethodAccessorImpl.invoke(DelegatingMethodAccessorImpl.java:25)
	at java.lang.reflect.Method.invoke(Method.java:597)
	at junit.framework.TestCase.runTest(TestCase.java:168)
	at junit.framework.TestCase.runBare(TestCase.java:134)
	at junit.framework.TestResult$1.protect(TestResult.java:110)
	at junit.framework.TestResult.runProtected(TestResult.java:128)
	at junit.framework.TestResult.run(TestResult.java:113)
	at junit.framework.TestCase.run(TestCase.java:124)
	at junit.framework.TestSuite.runTest(TestSuite.java:243)
	at junit.framework.TestSuite.run(TestSuite.java:238)
	at org.junit.internal.runners.JUnit38ClassRunner.run(JUnit38ClassRunner.java:101)
	at de.unisb.cs.st.javalanche.mutation.runtime.testDriver.junit.Junit4MutationTestDriver.runTest(Junit4MutationTestDriver.java:231)
	at de.unisb.cs.st.javalanche.mutation.runtime.testDriver.junit.Junit4MutationTestDriver.access$400(Junit4MutationTestDriver.java:59)
	at de.unisb.cs.st.javalanche.mutation.runtime.testDriver.junit.Junit4MutationTestDriver$1.run(Junit4MutationTestDriver.java:330)
	at java.util.concurrent.Executors$RunnableAdapter.call(Executors.java:441)
	at java.util.concurrent.FutureTask$Sync.innerRun(FutureTask.java:303)
	at java.util.concurrent.FutureTask.run(FutureTask.java:138)
	at java.lang.Thread.run(Thread.java:662)
java.io.EOFException
	at java.io.DataInputStream.readInt(DataInputStream.java:375)
	at java.io.DataInputStream.readFloat(DataInputStream.java:429)
	at java.io.ObjectInputStream$BlockDataInputStream.readFloat(ObjectInputStream.java:2787)
	at java.io.ObjectInputStream.readFloat(ObjectInputStream.java:971)
	at org.jfree.io.SerialUtilities.readStroke(SerialUtilities.java:213)
	at org.jfree.chart.renderer.AbstractRenderer.readObject(AbstractRenderer.java:3615)
	at sun.reflect.GeneratedMethodAccessor34.invoke(Unknown Source)
	at sun.reflect.DelegatingMethodAccessorImpl.invoke(DelegatingMethodAccessorImpl.java:25)
	at java.lang.reflect.Method.invoke(Method.java:597)
	at java.io.ObjectStreamClass.invokeReadObject(ObjectStreamClass.java:974)
	at java.io.ObjectInputStream.readSerialData(ObjectInputStream.java:1848)
	at java.io.ObjectInputStream.readOrdinaryObject(ObjectInputStream.java:1752)
	at java.io.ObjectInputStream.readObject0(ObjectInputStream.java:1328)
	at java.io.ObjectInputStream.readObject(ObjectInputStream.java:350)
	at org.jfree.chart.renderer.category.junit.CategoryStepRendererTests.testSerialization(CategoryStepRendererTests.java:134)
	at sun.reflect.NativeMethodAccessorImpl.invoke0(Native Method)
	at sun.reflect.NativeMethodAccessorImpl.invoke(NativeMethodAccessorImpl.java:39)
	at sun.reflect.DelegatingMethodAccessorImpl.invoke(DelegatingMethodAccessorImpl.java:25)
	at java.lang.reflect.Method.invoke(Method.java:597)
	at junit.framework.TestCase.runTest(TestCase.java:168)
	at junit.framework.TestCase.runBare(TestCase.java:134)
	at junit.framework.TestResult$1.protect(TestResult.java:110)
	at junit.framework.TestResult.runProtected(TestResult.java:128)
	at junit.framework.TestResult.run(TestResult.java:113)
	at junit.framework.TestCase.run(TestCase.java:124)
	at junit.framework.TestSuite.runTest(TestSuite.java:243)
	at junit.framework.TestSuite.run(TestSuite.java:238)
	at org.junit.internal.runners.JUnit38ClassRunner.run(JUnit38ClassRunner.java:101)
	at de.unisb.cs.st.javalanche.mutation.runtime.testDriver.junit.Junit4MutationTestDriver.runTest(Junit4MutationTestDriver.java:231)
	at de.unisb.cs.st.javalanche.mutation.runtime.testDriver.junit.Junit4MutationTestDriver.access$400(Junit4MutationTestDriver.java:59)
	at de.unisb.cs.st.javalanche.mutation.runtime.testDriver.junit.Junit4MutationTestDriver$1.run(Junit4MutationTestDriver.java:330)
	at java.util.concurrent.Executors$RunnableAdapter.call(Executors.java:441)
	at java.util.concurrent.FutureTask$Sync.innerRun(FutureTask.java:303)
	at java.util.concurrent.FutureTask.run(FutureTask.java:138)
	at java.lang.Thread.run(Thread.java:662)
java.io.EOFException
	at java.io.DataInputStream.readInt(DataInputStream.java:375)
	at java.io.DataInputStream.readFloat(DataInputStream.java:429)
	at java.io.ObjectInputStream$BlockDataInputStream.readFloat(ObjectInputStream.java:2787)
	at java.io.ObjectInputStream.readFloat(ObjectInputStream.java:971)
	at org.jfree.io.SerialUtilities.readStroke(SerialUtilities.java:213)
	at org.jfree.chart.axis.Axis.readObject(Axis.java:1264)
	at sun.reflect.GeneratedMethodAccessor48.invoke(Unknown Source)
	at sun.reflect.DelegatingMethodAccessorImpl.invoke(DelegatingMethodAccessorImpl.java:25)
	at java.lang.reflect.Method.invoke(Method.java:597)
	at java.io.ObjectStreamClass.invokeReadObject(ObjectStreamClass.java:974)
	at java.io.ObjectInputStream.readSerialData(ObjectInputStream.java:1848)
	at java.io.ObjectInputStream.readOrdinaryObject(ObjectInputStream.java:1752)
	at java.io.ObjectInputStream.readObject0(ObjectInputStream.java:1328)
	at java.io.ObjectInputStream.readObject(ObjectInputStream.java:350)
	at org.jfree.chart.axis.junit.DateAxisTests.testSerialization(DateAxisTests.java:311)
	at sun.reflect.NativeMethodAccessorImpl.invoke0(Native Method)
	at sun.reflect.NativeMethodAccessorImpl.invoke(NativeMethodAccessorImpl.java:39)
	at sun.reflect.DelegatingMethodAccessorImpl.invoke(DelegatingMethodAccessorImpl.java:25)
	at java.lang.reflect.Method.invoke(Method.java:597)
	at junit.framework.TestCase.runTest(TestCase.java:168)
	at junit.framework.TestCase.runBare(TestCase.java:134)
	at junit.framework.TestResult$1.protect(TestResult.java:110)
	at junit.framework.TestResult.runProtected(TestResult.java:128)
	at junit.framework.TestResult.run(TestResult.java:113)
	at junit.framework.TestCase.run(TestCase.java:124)
	at junit.framework.TestSuite.runTest(TestSuite.java:243)
	at junit.framework.TestSuite.run(TestSuite.java:238)
	at org.junit.internal.runners.JUnit38ClassRunner.run(JUnit38ClassRunner.java:101)
	at de.unisb.cs.st.javalanche.mutation.runtime.testDriver.junit.Junit4MutationTestDriver.runTest(Junit4MutationTestDriver.java:231)
	at de.unisb.cs.st.javalanche.mutation.runtime.testDriver.junit.Junit4MutationTestDriver.access$400(Junit4MutationTestDriver.java:59)
	at de.unisb.cs.st.javalanche.mutation.runtime.testDriver.junit.Junit4MutationTestDriver$1.run(Junit4MutationTestDriver.java:330)
	at java.util.concurrent.Executors$RunnableAdapter.call(Executors.java:441)
	at java.util.concurrent.FutureTask$Sync.innerRun(FutureTask.java:303)
	at java.util.concurrent.FutureTask.run(FutureTask.java:138)
	at java.lang.Thread.run(Thread.java:662)
java.io.EOFException
	at java.io.DataInputStream.readInt(DataInputStream.java:375)
	at java.io.DataInputStream.readFloat(DataInputStream.java:429)
	at java.io.ObjectInputStream$BlockDataInputStream.readFloat(ObjectInputStream.java:2787)
	at java.io.ObjectInputStream.readFloat(ObjectInputStream.java:971)
	at org.jfree.io.SerialUtilities.readStroke(SerialUtilities.java:213)
	at org.jfree.chart.renderer.AbstractRenderer.readObject(AbstractRenderer.java:3615)
	at sun.reflect.GeneratedMethodAccessor34.invoke(Unknown Source)
	at sun.reflect.DelegatingMethodAccessorImpl.invoke(DelegatingMethodAccessorImpl.java:25)
	at java.lang.reflect.Method.invoke(Method.java:597)
	at java.io.ObjectStreamClass.invokeReadObject(ObjectStreamClass.java:974)
	at java.io.ObjectInputStream.readSerialData(ObjectInputStream.java:1848)
	at java.io.ObjectInputStream.readOrdinaryObject(ObjectInputStream.java:1752)
	at java.io.ObjectInputStream.readObject0(ObjectInputStream.java:1328)
	at java.io.ObjectInputStream.readObject(ObjectInputStream.java:350)
	at org.jfree.chart.renderer.xy.junit.XYLineAndShapeRendererTests.testSerialization(XYLineAndShapeRendererTests.java:258)
	at sun.reflect.NativeMethodAccessorImpl.invoke0(Native Method)
	at sun.reflect.NativeMethodAccessorImpl.invoke(NativeMethodAccessorImpl.java:39)
	at sun.reflect.DelegatingMethodAccessorImpl.invoke(DelegatingMethodAccessorImpl.java:25)
	at java.lang.reflect.Method.invoke(Method.java:597)
	at junit.framework.TestCase.runTest(TestCase.java:168)
	at junit.framework.TestCase.runBare(TestCase.java:134)
	at junit.framework.TestResult$1.protect(TestResult.java:110)
	at junit.framework.TestResult.runProtected(TestResult.java:128)
	at junit.framework.TestResult.run(TestResult.java:113)
	at junit.framework.TestCase.run(TestCase.java:124)
	at junit.framework.TestSuite.runTest(TestSuite.java:243)
	at junit.framework.TestSuite.run(TestSuite.java:238)
	at org.junit.internal.runners.JUnit38ClassRunner.run(JUnit38ClassRunner.java:101)
	at de.unisb.cs.st.javalanche.mutation.runtime.testDriver.junit.Junit4MutationTestDriver.runTest(Junit4MutationTestDriver.java:231)
	at de.unisb.cs.st.javalanche.mutation.runtime.testDriver.junit.Junit4MutationTestDriver.access$400(Junit4MutationTestDriver.java:59)
	at de.unisb.cs.st.javalanche.mutation.runtime.testDriver.junit.Junit4MutationTestDriver$1.run(Junit4MutationTestDriver.java:330)
	at java.util.concurrent.Executors$RunnableAdapter.call(Executors.java:441)
	at java.util.concurrent.FutureTask$Sync.innerRun(FutureTask.java:303)
	at java.util.concurrent.FutureTask.run(FutureTask.java:138)
	at java.lang.Thread.run(Thread.java:662)
java.io.EOFException
	at java.io.DataInputStream.readInt(DataInputStream.java:375)
	at java.io.ObjectInputStream$BlockDataInputStream.readInt(ObjectInputStream.java:2775)
	at java.io.ObjectInputStream.readInt(ObjectInputStream.java:949)
	at org.jfree.chart.plot.DefaultDrawingSupplier.readObject(DefaultDrawingSupplier.java:491)
	at sun.reflect.GeneratedMethodAccessor61.invoke(Unknown Source)
	at sun.reflect.DelegatingMethodAccessorImpl.invoke(DelegatingMethodAccessorImpl.java:25)
	at java.lang.reflect.Method.invoke(Method.java:597)
	at java.io.ObjectStreamClass.invokeReadObject(ObjectStreamClass.java:974)
	at java.io.ObjectInputStream.readSerialData(ObjectInputStream.java:1848)
	at java.io.ObjectInputStream.readOrdinaryObject(ObjectInputStream.java:1752)
	at java.io.ObjectInputStream.readObject0(ObjectInputStream.java:1328)
	at java.io.ObjectInputStream.defaultReadFields(ObjectInputStream.java:1946)
	at java.io.ObjectInputStream.defaultReadObject(ObjectInputStream.java:479)
	at org.jfree.chart.plot.Plot.readObject(Plot.java:1284)
	at sun.reflect.GeneratedMethodAccessor60.invoke(Unknown Source)
	at sun.reflect.DelegatingMethodAccessorImpl.invoke(DelegatingMethodAccessorImpl.java:25)
	at java.lang.reflect.Method.invoke(Method.java:597)
	at java.io.ObjectStreamClass.invokeReadObject(ObjectStreamClass.java:974)
	at java.io.ObjectInputStream.readSerialData(ObjectInputStream.java:1848)
	at java.io.ObjectInputStream.readOrdinaryObject(ObjectInputStream.java:1752)
	at java.io.ObjectInputStream.readObject0(ObjectInputStream.java:1328)
	at java.io.ObjectInputStream.readObject(ObjectInputStream.java:350)
	at org.jfree.chart.plot.junit.PiePlot3DTests.testSerialization(PiePlot3DTests.java:117)
	at sun.reflect.NativeMethodAccessorImpl.invoke0(Native Method)
	at sun.reflect.NativeMethodAccessorImpl.invoke(NativeMethodAccessorImpl.java:39)
	at sun.reflect.DelegatingMethodAccessorImpl.invoke(DelegatingMethodAccessorImpl.java:25)
	at java.lang.reflect.Method.invoke(Method.java:597)
	at junit.framework.TestCase.runTest(TestCase.java:168)
	at junit.framework.TestCase.runBare(TestCase.java:134)
	at junit.framework.TestResult$1.protect(TestResult.java:110)
	at junit.framework.TestResult.runProtected(TestResult.java:128)
	at junit.framework.TestResult.run(TestResult.java:113)
	at junit.framework.TestCase.run(TestCase.java:124)
	at junit.framework.TestSuite.runTest(TestSuite.java:243)
	at junit.framework.TestSuite.run(TestSuite.java:238)
	at org.junit.internal.runners.JUnit38ClassRunner.run(JUnit38ClassRunner.java:101)
	at de.unisb.cs.st.javalanche.mutation.runtime.testDriver.junit.Junit4MutationTestDriver.runTest(Junit4MutationTestDriver.java:231)
	at de.unisb.cs.st.javalanche.mutation.runtime.testDriver.junit.Junit4MutationTestDriver.access$400(Junit4MutationTestDriver.java:59)
	at de.unisb.cs.st.javalanche.mutation.runtime.testDriver.junit.Junit4MutationTestDriver$1.run(Junit4MutationTestDriver.java:330)
	at java.util.concurrent.Executors$RunnableAdapter.call(Executors.java:441)
	at java.util.concurrent.FutureTask$Sync.innerRun(FutureTask.java:303)
	at java.util.concurrent.FutureTask.run(FutureTask.java:138)
	at java.lang.Thread.run(Thread.java:662)
java.io.EOFException
	at java.io.DataInputStream.readInt(DataInputStream.java:375)
	at java.io.ObjectInputStream$BlockDataInputStream.readInt(ObjectInputStream.java:2775)
	at java.io.ObjectInputStream.readInt(ObjectInputStream.java:949)
	at org.jfree.chart.plot.DefaultDrawingSupplier.readObject(DefaultDrawingSupplier.java:491)
	at sun.reflect.GeneratedMethodAccessor61.invoke(Unknown Source)
	at sun.reflect.DelegatingMethodAccessorImpl.invoke(DelegatingMethodAccessorImpl.java:25)
	at java.lang.reflect.Method.invoke(Method.java:597)
	at java.io.ObjectStreamClass.invokeReadObject(ObjectStreamClass.java:974)
	at java.io.ObjectInputStream.readSerialData(ObjectInputStream.java:1848)
	at java.io.ObjectInputStream.readOrdinaryObject(ObjectInputStream.java:1752)
	at java.io.ObjectInputStream.readObject0(ObjectInputStream.java:1328)
	at java.io.ObjectInputStream.defaultReadFields(ObjectInputStream.java:1946)
	at java.io.ObjectInputStream.defaultReadObject(ObjectInputStream.java:479)
	at org.jfree.chart.plot.Plot.readObject(Plot.java:1284)
	at sun.reflect.GeneratedMethodAccessor60.invoke(Unknown Source)
	at sun.reflect.DelegatingMethodAccessorImpl.invoke(DelegatingMethodAccessorImpl.java:25)
	at java.lang.reflect.Method.invoke(Method.java:597)
	at java.io.ObjectStreamClass.invokeReadObject(ObjectStreamClass.java:974)
	at java.io.ObjectInputStream.readSerialData(ObjectInputStream.java:1848)
	at java.io.ObjectInputStream.readOrdinaryObject(ObjectInputStream.java:1752)
	at java.io.ObjectInputStream.readObject0(ObjectInputStream.java:1328)
	at java.io.ObjectInputStream.readObject(ObjectInputStream.java:350)
	at org.jfree.chart.plot.junit.CombinedRangeXYPlotTests.testSerialization(CombinedRangeXYPlotTests.java:150)
	at sun.reflect.GeneratedMethodAccessor196.invoke(Unknown Source)
	at sun.reflect.DelegatingMethodAccessorImpl.invoke(DelegatingMethodAccessorImpl.java:25)
	at java.lang.reflect.Method.invoke(Method.java:597)
	at junit.framework.TestCase.runTest(TestCase.java:168)
	at junit.framework.TestCase.runBare(TestCase.java:134)
	at junit.framework.TestResult$1.protect(TestResult.java:110)
	at junit.framework.TestResult.runProtected(TestResult.java:128)
	at junit.framework.TestResult.run(TestResult.java:113)
	at junit.framework.TestCase.run(TestCase.java:124)
	at junit.framework.TestSuite.runTest(TestSuite.java:243)
	at junit.framework.TestSuite.run(TestSuite.java:238)
	at org.junit.internal.runners.JUnit38ClassRunner.run(JUnit38ClassRunner.java:101)
	at de.unisb.cs.st.javalanche.mutation.runtime.testDriver.junit.Junit4MutationTestDriver.runTest(Junit4MutationTestDriver.java:231)
	at de.unisb.cs.st.javalanche.mutation.runtime.testDriver.junit.Junit4MutationTestDriver.access$400(Junit4MutationTestDriver.java:59)
	at de.unisb.cs.st.javalanche.mutation.runtime.testDriver.junit.Junit4MutationTestDriver$1.run(Junit4MutationTestDriver.java:330)
	at java.util.concurrent.Executors$RunnableAdapter.call(Executors.java:441)
	at java.util.concurrent.FutureTask$Sync.innerRun(FutureTask.java:303)
	at java.util.concurrent.FutureTask.run(FutureTask.java:138)
	at java.lang.Thread.run(Thread.java:662)
java.io.EOFException
	at java.io.DataInputStream.readInt(DataInputStream.java:375)
	at java.io.ObjectInputStream$BlockDataInputStream.readInt(ObjectInputStream.java:2775)
	at java.io.ObjectInputStream.readInt(ObjectInputStream.java:949)
	at org.jfree.chart.plot.DefaultDrawingSupplier.readObject(DefaultDrawingSupplier.java:491)
	at sun.reflect.GeneratedMethodAccessor61.invoke(Unknown Source)
	at sun.reflect.DelegatingMethodAccessorImpl.invoke(DelegatingMethodAccessorImpl.java:25)
	at java.lang.reflect.Method.invoke(Method.java:597)
	at java.io.ObjectStreamClass.invokeReadObject(ObjectStreamClass.java:974)
	at java.io.ObjectInputStream.readSerialData(ObjectInputStream.java:1848)
	at java.io.ObjectInputStream.readOrdinaryObject(ObjectInputStream.java:1752)
	at java.io.ObjectInputStream.readObject0(ObjectInputStream.java:1328)
	at java.io.ObjectInputStream.defaultReadFields(ObjectInputStream.java:1946)
	at java.io.ObjectInputStream.defaultReadObject(ObjectInputStream.java:479)
	at org.jfree.chart.plot.Plot.readObject(Plot.java:1284)
	at sun.reflect.GeneratedMethodAccessor60.invoke(Unknown Source)
	at sun.reflect.DelegatingMethodAccessorImpl.invoke(DelegatingMethodAccessorImpl.java:25)
	at java.lang.reflect.Method.invoke(Method.java:597)
	at java.io.ObjectStreamClass.invokeReadObject(ObjectStreamClass.java:974)
	at java.io.ObjectInputStream.readSerialData(ObjectInputStream.java:1848)
	at java.io.ObjectInputStream.readOrdinaryObject(ObjectInputStream.java:1752)
	at java.io.ObjectInputStream.readObject0(ObjectInputStream.java:1328)
	at java.io.ObjectInputStream.readObject(ObjectInputStream.java:350)
	at org.jfree.chart.plot.junit.CategoryPlotTests.testSerialization(CategoryPlotTests.java:436)
	at sun.reflect.GeneratedMethodAccessor201.invoke(Unknown Source)
	at sun.reflect.DelegatingMethodAccessorImpl.invoke(DelegatingMethodAccessorImpl.java:25)
	at java.lang.reflect.Method.invoke(Method.java:597)
	at junit.framework.TestCase.runTest(TestCase.java:168)
	at junit.framework.TestCase.runBare(TestCase.java:134)
	at junit.framework.TestResult$1.protect(TestResult.java:110)
	at junit.framework.TestResult.runProtected(TestResult.java:128)
	at junit.framework.TestResult.run(TestResult.java:113)
	at junit.framework.TestCase.run(TestCase.java:124)
	at junit.framework.TestSuite.runTest(TestSuite.java:243)
	at junit.framework.TestSuite.run(TestSuite.java:238)
	at org.junit.internal.runners.JUnit38ClassRunner.run(JUnit38ClassRunner.java:101)
	at de.unisb.cs.st.javalanche.mutation.runtime.testDriver.junit.Junit4MutationTestDriver.runTest(Junit4MutationTestDriver.java:231)
	at de.unisb.cs.st.javalanche.mutation.runtime.testDriver.junit.Junit4MutationTestDriver.access$400(Junit4MutationTestDriver.java:59)
	at de.unisb.cs.st.javalanche.mutation.runtime.testDriver.junit.Junit4MutationTestDriver$1.run(Junit4MutationTestDriver.java:330)
	at java.util.concurrent.Executors$RunnableAdapter.call(Executors.java:441)
	at java.util.concurrent.FutureTask$Sync.innerRun(FutureTask.java:303)
	at java.util.concurrent.FutureTask.run(FutureTask.java:138)
	at java.lang.Thread.run(Thread.java:662)
java.io.EOFException
	at java.io.DataInputStream.readInt(DataInputStream.java:375)
	at java.io.DataInputStream.readFloat(DataInputStream.java:429)
	at java.io.ObjectInputStream$BlockDataInputStream.readFloat(ObjectInputStream.java:2787)
	at java.io.ObjectInputStream.readFloat(ObjectInputStream.java:971)
	at org.jfree.io.SerialUtilities.readStroke(SerialUtilities.java:213)
	at org.jfree.chart.renderer.AbstractRenderer.readObject(AbstractRenderer.java:3615)
	at sun.reflect.GeneratedMethodAccessor34.invoke(Unknown Source)
	at sun.reflect.DelegatingMethodAccessorImpl.invoke(DelegatingMethodAccessorImpl.java:25)
	at java.lang.reflect.Method.invoke(Method.java:597)
	at java.io.ObjectStreamClass.invokeReadObject(ObjectStreamClass.java:974)
	at java.io.ObjectInputStream.readSerialData(ObjectInputStream.java:1848)
	at java.io.ObjectInputStream.readOrdinaryObject(ObjectInputStream.java:1752)
	at java.io.ObjectInputStream.readObject0(ObjectInputStream.java:1328)
	at java.io.ObjectInputStream.readObject(ObjectInputStream.java:350)
	at org.jfree.chart.renderer.category.junit.BarRendererTests.testSerialization(BarRendererTests.java:209)
	at sun.reflect.NativeMethodAccessorImpl.invoke0(Native Method)
	at sun.reflect.NativeMethodAccessorImpl.invoke(NativeMethodAccessorImpl.java:39)
	at sun.reflect.DelegatingMethodAccessorImpl.invoke(DelegatingMethodAccessorImpl.java:25)
	at java.lang.reflect.Method.invoke(Method.java:597)
	at junit.framework.TestCase.runTest(TestCase.java:168)
	at junit.framework.TestCase.runBare(TestCase.java:134)
	at junit.framework.TestResult$1.protect(TestResult.java:110)
	at junit.framework.TestResult.runProtected(TestResult.java:128)
	at junit.framework.TestResult.run(TestResult.java:113)
	at junit.framework.TestCase.run(TestCase.java:124)
	at junit.framework.TestSuite.runTest(TestSuite.java:243)
	at junit.framework.TestSuite.run(TestSuite.java:238)
	at org.junit.internal.runners.JUnit38ClassRunner.run(JUnit38ClassRunner.java:101)
	at de.unisb.cs.st.javalanche.mutation.runtime.testDriver.junit.Junit4MutationTestDriver.runTest(Junit4MutationTestDriver.java:231)
	at de.unisb.cs.st.javalanche.mutation.runtime.testDriver.junit.Junit4MutationTestDriver.access$400(Junit4MutationTestDriver.java:59)
	at de.unisb.cs.st.javalanche.mutation.runtime.testDriver.junit.Junit4MutationTestDriver$1.run(Junit4MutationTestDriver.java:330)
	at java.util.concurrent.Executors$RunnableAdapter.call(Executors.java:441)
	at java.util.concurrent.FutureTask$Sync.innerRun(FutureTask.java:303)
	at java.util.concurrent.FutureTask.run(FutureTask.java:138)
	at java.lang.Thread.run(Thread.java:662)
java.io.EOFException
	at java.io.DataInputStream.readInt(DataInputStream.java:375)
	at java.io.DataInputStream.readFloat(DataInputStream.java:429)
	at java.io.ObjectInputStream$BlockDataInputStream.readFloat(ObjectInputStream.java:2787)
	at java.io.ObjectInputStream.readFloat(ObjectInputStream.java:971)
	at org.jfree.io.SerialUtilities.readStroke(SerialUtilities.java:213)
	at org.jfree.chart.renderer.AbstractRenderer.readObject(AbstractRenderer.java:3615)
	at sun.reflect.GeneratedMethodAccessor34.invoke(Unknown Source)
	at sun.reflect.DelegatingMethodAccessorImpl.invoke(DelegatingMethodAccessorImpl.java:25)
	at java.lang.reflect.Method.invoke(Method.java:597)
	at java.io.ObjectStreamClass.invokeReadObject(ObjectStreamClass.java:974)
	at java.io.ObjectInputStream.readSerialData(ObjectInputStream.java:1848)
	at java.io.ObjectInputStream.readOrdinaryObject(ObjectInputStream.java:1752)
	at java.io.ObjectInputStream.readObject0(ObjectInputStream.java:1328)
	at java.io.ObjectInputStream.readObject(ObjectInputStream.java:350)
	at org.jfree.chart.renderer.xy.junit.XYLine3DRendererTests.testSerialization(XYLine3DRendererTests.java:156)
	at sun.reflect.NativeMethodAccessorImpl.invoke0(Native Method)
	at sun.reflect.NativeMethodAccessorImpl.invoke(NativeMethodAccessorImpl.java:39)
	at sun.reflect.DelegatingMethodAccessorImpl.invoke(DelegatingMethodAccessorImpl.java:25)
	at java.lang.reflect.Method.invoke(Method.java:597)
	at junit.framework.TestCase.runTest(TestCase.java:168)
	at junit.framework.TestCase.runBare(TestCase.java:134)
	at junit.framework.TestResult$1.protect(TestResult.java:110)
	at junit.framework.TestResult.runProtected(TestResult.java:128)
	at junit.framework.TestResult.run(TestResult.java:113)
	at junit.framework.TestCase.run(TestCase.java:124)
	at junit.framework.TestSuite.runTest(TestSuite.java:243)
	at junit.framework.TestSuite.run(TestSuite.java:238)
	at org.junit.internal.runners.JUnit38ClassRunner.run(JUnit38ClassRunner.java:101)
	at de.unisb.cs.st.javalanche.mutation.runtime.testDriver.junit.Junit4MutationTestDriver.runTest(Junit4MutationTestDriver.java:231)
	at de.unisb.cs.st.javalanche.mutation.runtime.testDriver.junit.Junit4MutationTestDriver.access$400(Junit4MutationTestDriver.java:59)
	at de.unisb.cs.st.javalanche.mutation.runtime.testDriver.junit.Junit4MutationTestDriver$1.run(Junit4MutationTestDriver.java:330)
	at java.util.concurrent.Executors$RunnableAdapter.call(Executors.java:441)
	at java.util.concurrent.FutureTask$Sync.innerRun(FutureTask.java:303)
	at java.util.concurrent.FutureTask.run(FutureTask.java:138)
	at java.lang.Thread.run(Thread.java:662)
java.io.EOFException
	at java.io.DataInputStream.readInt(DataInputStream.java:375)
	at java.io.DataInputStream.readFloat(DataInputStream.java:429)
	at java.io.ObjectInputStream$BlockDataInputStream.readFloat(ObjectInputStream.java:2787)
	at java.io.ObjectInputStream.readFloat(ObjectInputStream.java:971)
	at org.jfree.io.SerialUtilities.readStroke(SerialUtilities.java:213)
	at org.jfree.chart.axis.Axis.readObject(Axis.java:1264)
	at sun.reflect.GeneratedMethodAccessor48.invoke(Unknown Source)
	at sun.reflect.DelegatingMethodAccessorImpl.invoke(DelegatingMethodAccessorImpl.java:25)
	at java.lang.reflect.Method.invoke(Method.java:597)
	at java.io.ObjectStreamClass.invokeReadObject(ObjectStreamClass.java:974)
	at java.io.ObjectInputStream.readSerialData(ObjectInputStream.java:1848)
	at java.io.ObjectInputStream.readOrdinaryObject(ObjectInputStream.java:1752)
	at java.io.ObjectInputStream.readObject0(ObjectInputStream.java:1328)
	at java.io.ObjectInputStream.readObject(ObjectInputStream.java:350)
	at org.jfree.chart.axis.junit.SymbolAxisTests.testSerialization(SymbolAxisTests.java:98)
	at sun.reflect.NativeMethodAccessorImpl.invoke0(Native Method)
	at sun.reflect.NativeMethodAccessorImpl.invoke(NativeMethodAccessorImpl.java:39)
	at sun.reflect.DelegatingMethodAccessorImpl.invoke(DelegatingMethodAccessorImpl.java:25)
	at java.lang.reflect.Method.invoke(Method.java:597)
	at junit.framework.TestCase.runTest(TestCase.java:168)
	at junit.framework.TestCase.runBare(TestCase.java:134)
	at junit.framework.TestResult$1.protect(TestResult.java:110)
	at junit.framework.TestResult.runProtected(TestResult.java:128)
	at junit.framework.TestResult.run(TestResult.java:113)
	at junit.framework.TestCase.run(TestCase.java:124)
	at junit.framework.TestSuite.runTest(TestSuite.java:243)
	at junit.framework.TestSuite.run(TestSuite.java:238)
	at org.junit.internal.runners.JUnit38ClassRunner.run(JUnit38ClassRunner.java:101)
	at de.unisb.cs.st.javalanche.mutation.runtime.testDriver.junit.Junit4MutationTestDriver.runTest(Junit4MutationTestDriver.java:231)
	at de.unisb.cs.st.javalanche.mutation.runtime.testDriver.junit.Junit4MutationTestDriver.access$400(Junit4MutationTestDriver.java:59)
	at de.unisb.cs.st.javalanche.mutation.runtime.testDriver.junit.Junit4MutationTestDriver$1.run(Junit4MutationTestDriver.java:330)
	at java.util.concurrent.Executors$RunnableAdapter.call(Executors.java:441)
	at java.util.concurrent.FutureTask$Sync.innerRun(FutureTask.java:303)
	at java.util.concurrent.FutureTask.run(FutureTask.java:138)
	at java.lang.Thread.run(Thread.java:662)
java.io.EOFException
	at java.io.DataInputStream.readInt(DataInputStream.java:375)
	at java.io.ObjectInputStream$BlockDataInputStream.readInt(ObjectInputStream.java:2775)
	at java.io.ObjectInputStream.readInt(ObjectInputStream.java:949)
	at org.jfree.chart.plot.DefaultDrawingSupplier.readObject(DefaultDrawingSupplier.java:491)
	at sun.reflect.GeneratedMethodAccessor61.invoke(Unknown Source)
	at sun.reflect.DelegatingMethodAccessorImpl.invoke(DelegatingMethodAccessorImpl.java:25)
	at java.lang.reflect.Method.invoke(Method.java:597)
	at java.io.ObjectStreamClass.invokeReadObject(ObjectStreamClass.java:974)
	at java.io.ObjectInputStream.readSerialData(ObjectInputStream.java:1848)
	at java.io.ObjectInputStream.readOrdinaryObject(ObjectInputStream.java:1752)
	at java.io.ObjectInputStream.readObject0(ObjectInputStream.java:1328)
	at java.io.ObjectInputStream.defaultReadFields(ObjectInputStream.java:1946)
	at java.io.ObjectInputStream.defaultReadObject(ObjectInputStream.java:479)
	at org.jfree.chart.plot.Plot.readObject(Plot.java:1284)
	at sun.reflect.GeneratedMethodAccessor60.invoke(Unknown Source)
	at sun.reflect.DelegatingMethodAccessorImpl.invoke(DelegatingMethodAccessorImpl.java:25)
	at java.lang.reflect.Method.invoke(Method.java:597)
	at java.io.ObjectStreamClass.invokeReadObject(ObjectStreamClass.java:974)
	at java.io.ObjectInputStream.readSerialData(ObjectInputStream.java:1848)
	at java.io.ObjectInputStream.readOrdinaryObject(ObjectInputStream.java:1752)
	at java.io.ObjectInputStream.readObject0(ObjectInputStream.java:1328)
	at java.io.ObjectInputStream.readObject(ObjectInputStream.java:350)
	at org.jfree.chart.plot.junit.PolarPlotTests.testSerialization(PolarPlotTests.java:227)
	at sun.reflect.NativeMethodAccessorImpl.invoke0(Native Method)
	at sun.reflect.NativeMethodAccessorImpl.invoke(NativeMethodAccessorImpl.java:39)
	at sun.reflect.DelegatingMethodAccessorImpl.invoke(DelegatingMethodAccessorImpl.java:25)
	at java.lang.reflect.Method.invoke(Method.java:597)
	at junit.framework.TestCase.runTest(TestCase.java:168)
	at junit.framework.TestCase.runBare(TestCase.java:134)
	at junit.framework.TestResult$1.protect(TestResult.java:110)
	at junit.framework.TestResult.runProtected(TestResult.java:128)
	at junit.framework.TestResult.run(TestResult.java:113)
	at junit.framework.TestCase.run(TestCase.java:124)
	at junit.framework.TestSuite.runTest(TestSuite.java:243)
	at junit.framework.TestSuite.run(TestSuite.java:238)
	at org.junit.internal.runners.JUnit38ClassRunner.run(JUnit38ClassRunner.java:101)
	at de.unisb.cs.st.javalanche.mutation.runtime.testDriver.junit.Junit4MutationTestDriver.runTest(Junit4MutationTestDriver.java:231)
	at de.unisb.cs.st.javalanche.mutation.runtime.testDriver.junit.Junit4MutationTestDriver.access$400(Junit4MutationTestDriver.java:59)
	at de.unisb.cs.st.javalanche.mutation.runtime.testDriver.junit.Junit4MutationTestDriver$1.run(Junit4MutationTestDriver.java:330)
	at java.util.concurrent.Executors$RunnableAdapter.call(Executors.java:441)
	at java.util.concurrent.FutureTask$Sync.innerRun(FutureTask.java:303)
	at java.util.concurrent.FutureTask.run(FutureTask.java:138)
	at java.lang.Thread.run(Thread.java:662)
java.io.EOFException
	at java.io.DataInputStream.readInt(DataInputStream.java:375)
	at java.io.DataInputStream.readFloat(DataInputStream.java:429)
	at java.io.ObjectInputStream$BlockDataInputStream.readFloat(ObjectInputStream.java:2787)
	at java.io.ObjectInputStream.readFloat(ObjectInputStream.java:971)
	at org.jfree.io.SerialUtilities.readStroke(SerialUtilities.java:213)
	at org.jfree.chart.plot.dial.DialCap.readObject(DialCap.java:338)
	at sun.reflect.NativeMethodAccessorImpl.invoke0(Native Method)
	at sun.reflect.NativeMethodAccessorImpl.invoke(NativeMethodAccessorImpl.java:39)
	at sun.reflect.DelegatingMethodAccessorImpl.invoke(DelegatingMethodAccessorImpl.java:25)
	at java.lang.reflect.Method.invoke(Method.java:597)
	at java.io.ObjectStreamClass.invokeReadObject(ObjectStreamClass.java:974)
	at java.io.ObjectInputStream.readSerialData(ObjectInputStream.java:1848)
	at java.io.ObjectInputStream.readOrdinaryObject(ObjectInputStream.java:1752)
	at java.io.ObjectInputStream.readObject0(ObjectInputStream.java:1328)
	at java.io.ObjectInputStream.readObject(ObjectInputStream.java:350)
	at org.jfree.chart.plot.dial.junit.AbstractDialLayerTests.testSerialization(AbstractDialLayerTests.java:135)
	at sun.reflect.NativeMethodAccessorImpl.invoke0(Native Method)
	at sun.reflect.NativeMethodAccessorImpl.invoke(NativeMethodAccessorImpl.java:39)
	at sun.reflect.DelegatingMethodAccessorImpl.invoke(DelegatingMethodAccessorImpl.java:25)
	at java.lang.reflect.Method.invoke(Method.java:597)
	at junit.framework.TestCase.runTest(TestCase.java:168)
	at junit.framework.TestCase.runBare(TestCase.java:134)
	at junit.framework.TestResult$1.protect(TestResult.java:110)
	at junit.framework.TestResult.runProtected(TestResult.java:128)
	at junit.framework.TestResult.run(TestResult.java:113)
	at junit.framework.TestCase.run(TestCase.java:124)
	at junit.framework.TestSuite.runTest(TestSuite.java:243)
	at junit.framework.TestSuite.run(TestSuite.java:238)
	at org.junit.internal.runners.JUnit38ClassRunner.run(JUnit38ClassRunner.java:101)
	at de.unisb.cs.st.javalanche.mutation.runtime.testDriver.junit.Junit4MutationTestDriver.runTest(Junit4MutationTestDriver.java:231)
	at de.unisb.cs.st.javalanche.mutation.runtime.testDriver.junit.Junit4MutationTestDriver.access$400(Junit4MutationTestDriver.java:59)
	at de.unisb.cs.st.javalanche.mutation.runtime.testDriver.junit.Junit4MutationTestDriver$1.run(Junit4MutationTestDriver.java:330)
	at java.util.concurrent.Executors$RunnableAdapter.call(Executors.java:441)
	at java.util.concurrent.FutureTask$Sync.innerRun(FutureTask.java:303)
	at java.util.concurrent.FutureTask.run(FutureTask.java:138)
	at java.lang.Thread.run(Thread.java:662)
java.io.EOFException
	at java.io.DataInputStream.readInt(DataInputStream.java:375)
	at java.io.DataInputStream.readFloat(DataInputStream.java:429)
	at java.io.ObjectInputStream$BlockDataInputStream.readFloat(ObjectInputStream.java:2787)
	at java.io.ObjectInputStream.readFloat(ObjectInputStream.java:971)
	at org.jfree.io.SerialUtilities.readStroke(SerialUtilities.java:213)
	at org.jfree.chart.needle.MeterNeedle.readObject(MeterNeedle.java:429)
	at sun.reflect.GeneratedMethodAccessor138.invoke(Unknown Source)
	at sun.reflect.DelegatingMethodAccessorImpl.invoke(DelegatingMethodAccessorImpl.java:25)
	at java.lang.reflect.Method.invoke(Method.java:597)
	at java.io.ObjectStreamClass.invokeReadObject(ObjectStreamClass.java:974)
	at java.io.ObjectInputStream.readSerialData(ObjectInputStream.java:1848)
	at java.io.ObjectInputStream.readOrdinaryObject(ObjectInputStream.java:1752)
	at java.io.ObjectInputStream.readObject0(ObjectInputStream.java:1328)
	at java.io.ObjectInputStream.readObject(ObjectInputStream.java:350)
	at org.jfree.chart.needle.junit.PointerNeedleTests.testSerialization(PointerNeedleTests.java:120)
	at sun.reflect.NativeMethodAccessorImpl.invoke0(Native Method)
	at sun.reflect.NativeMethodAccessorImpl.invoke(NativeMethodAccessorImpl.java:39)
	at sun.reflect.DelegatingMethodAccessorImpl.invoke(DelegatingMethodAccessorImpl.java:25)
	at java.lang.reflect.Method.invoke(Method.java:597)
	at junit.framework.TestCase.runTest(TestCase.java:168)
	at junit.framework.TestCase.runBare(TestCase.java:134)
	at junit.framework.TestResult$1.protect(TestResult.java:110)
	at junit.framework.TestResult.runProtected(TestResult.java:128)
	at junit.framework.TestResult.run(TestResult.java:113)
	at junit.framework.TestCase.run(TestCase.java:124)
	at junit.framework.TestSuite.runTest(TestSuite.java:243)
	at junit.framework.TestSuite.run(TestSuite.java:238)
	at org.junit.internal.runners.JUnit38ClassRunner.run(JUnit38ClassRunner.java:101)
	at de.unisb.cs.st.javalanche.mutation.runtime.testDriver.junit.Junit4MutationTestDriver.runTest(Junit4MutationTestDriver.java:231)
	at de.unisb.cs.st.javalanche.mutation.runtime.testDriver.junit.Junit4MutationTestDriver.access$400(Junit4MutationTestDriver.java:59)
	at de.unisb.cs.st.javalanche.mutation.runtime.testDriver.junit.Junit4MutationTestDriver$1.run(Junit4MutationTestDriver.java:330)
	at java.util.concurrent.Executors$RunnableAdapter.call(Executors.java:441)
	at java.util.concurrent.FutureTask$Sync.innerRun(FutureTask.java:303)
	at java.util.concurrent.FutureTask.run(FutureTask.java:138)
	at java.lang.Thread.run(Thread.java:662)
java.io.EOFException
	at java.io.DataInputStream.readInt(DataInputStream.java:375)
	at java.io.DataInputStream.readFloat(DataInputStream.java:429)
	at java.io.ObjectInputStream$BlockDataInputStream.readFloat(ObjectInputStream.java:2787)
	at java.io.ObjectInputStream.readFloat(ObjectInputStream.java:971)
	at org.jfree.io.SerialUtilities.readStroke(SerialUtilities.java:213)
	at org.jfree.chart.renderer.AbstractRenderer.readObject(AbstractRenderer.java:3615)
	at sun.reflect.GeneratedMethodAccessor34.invoke(Unknown Source)
	at sun.reflect.DelegatingMethodAccessorImpl.invoke(DelegatingMethodAccessorImpl.java:25)
	at java.lang.reflect.Method.invoke(Method.java:597)
	at java.io.ObjectStreamClass.invokeReadObject(ObjectStreamClass.java:974)
	at java.io.ObjectInputStream.readSerialData(ObjectInputStream.java:1848)
	at java.io.ObjectInputStream.readOrdinaryObject(ObjectInputStream.java:1752)
	at java.io.ObjectInputStream.readObject0(ObjectInputStream.java:1328)
	at java.io.ObjectInputStream.readObject(ObjectInputStream.java:350)
	at org.jfree.chart.renderer.category.junit.GanttRendererTests.testSerialization(GanttRendererTests.java:160)
	at sun.reflect.NativeMethodAccessorImpl.invoke0(Native Method)
	at sun.reflect.NativeMethodAccessorImpl.invoke(NativeMethodAccessorImpl.java:39)
	at sun.reflect.DelegatingMethodAccessorImpl.invoke(DelegatingMethodAccessorImpl.java:25)
	at java.lang.reflect.Method.invoke(Method.java:597)
	at junit.framework.TestCase.runTest(TestCase.java:168)
	at junit.framework.TestCase.runBare(TestCase.java:134)
	at junit.framework.TestResult$1.protect(TestResult.java:110)
	at junit.framework.TestResult.runProtected(TestResult.java:128)
	at junit.framework.TestResult.run(TestResult.java:113)
	at junit.framework.TestCase.run(TestCase.java:124)
	at junit.framework.TestSuite.runTest(TestSuite.java:243)
	at junit.framework.TestSuite.run(TestSuite.java:238)
	at org.junit.internal.runners.JUnit38ClassRunner.run(JUnit38ClassRunner.java:101)
	at de.unisb.cs.st.javalanche.mutation.runtime.testDriver.junit.Junit4MutationTestDriver.runTest(Junit4MutationTestDriver.java:231)
	at de.unisb.cs.st.javalanche.mutation.runtime.testDriver.junit.Junit4MutationTestDriver.access$400(Junit4MutationTestDriver.java:59)
	at de.unisb.cs.st.javalanche.mutation.runtime.testDriver.junit.Junit4MutationTestDriver$1.run(Junit4MutationTestDriver.java:330)
	at java.util.concurrent.Executors$RunnableAdapter.call(Executors.java:441)
	at java.util.concurrent.FutureTask$Sync.innerRun(FutureTask.java:303)
	at java.util.concurrent.FutureTask.run(FutureTask.java:138)
	at java.lang.Thread.run(Thread.java:662)
java.io.EOFException
	at java.io.DataInputStream.readInt(DataInputStream.java:375)
	at java.io.ObjectInputStream$BlockDataInputStream.readInt(ObjectInputStream.java:2775)
	at java.io.ObjectInputStream.readInt(ObjectInputStream.java:949)
	at org.jfree.chart.plot.DefaultDrawingSupplier.readObject(DefaultDrawingSupplier.java:491)
	at sun.reflect.GeneratedMethodAccessor61.invoke(Unknown Source)
	at sun.reflect.DelegatingMethodAccessorImpl.invoke(DelegatingMethodAccessorImpl.java:25)
	at java.lang.reflect.Method.invoke(Method.java:597)
	at java.io.ObjectStreamClass.invokeReadObject(ObjectStreamClass.java:974)
	at java.io.ObjectInputStream.readSerialData(ObjectInputStream.java:1848)
	at java.io.ObjectInputStream.readOrdinaryObject(ObjectInputStream.java:1752)
	at java.io.ObjectInputStream.readObject0(ObjectInputStream.java:1328)
	at java.io.ObjectInputStream.defaultReadFields(ObjectInputStream.java:1946)
	at java.io.ObjectInputStream.defaultReadObject(ObjectInputStream.java:479)
	at org.jfree.chart.plot.Plot.readObject(Plot.java:1284)
	at sun.reflect.GeneratedMethodAccessor60.invoke(Unknown Source)
	at sun.reflect.DelegatingMethodAccessorImpl.invoke(DelegatingMethodAccessorImpl.java:25)
	at java.lang.reflect.Method.invoke(Method.java:597)
	at java.io.ObjectStreamClass.invokeReadObject(ObjectStreamClass.java:974)
	at java.io.ObjectInputStream.readSerialData(ObjectInputStream.java:1848)
	at java.io.ObjectInputStream.readOrdinaryObject(ObjectInputStream.java:1752)
	at java.io.ObjectInputStream.readObject0(ObjectInputStream.java:1328)
	at java.io.ObjectInputStream.readObject(ObjectInputStream.java:350)
	at org.jfree.chart.plot.junit.ThermometerPlotTests.testSerialization2(ThermometerPlotTests.java:258)
	at sun.reflect.NativeMethodAccessorImpl.invoke0(Native Method)
	at sun.reflect.NativeMethodAccessorImpl.invoke(NativeMethodAccessorImpl.java:39)
	at sun.reflect.DelegatingMethodAccessorImpl.invoke(DelegatingMethodAccessorImpl.java:25)
	at java.lang.reflect.Method.invoke(Method.java:597)
	at junit.framework.TestCase.runTest(TestCase.java:168)
	at junit.framework.TestCase.runBare(TestCase.java:134)
	at junit.framework.TestResult$1.protect(TestResult.java:110)
	at junit.framework.TestResult.runProtected(TestResult.java:128)
	at junit.framework.TestResult.run(TestResult.java:113)
	at junit.framework.TestCase.run(TestCase.java:124)
	at junit.framework.TestSuite.runTest(TestSuite.java:243)
	at junit.framework.TestSuite.run(TestSuite.java:238)
	at org.junit.internal.runners.JUnit38ClassRunner.run(JUnit38ClassRunner.java:101)
	at de.unisb.cs.st.javalanche.mutation.runtime.testDriver.junit.Junit4MutationTestDriver.runTest(Junit4MutationTestDriver.java:231)
	at de.unisb.cs.st.javalanche.mutation.runtime.testDriver.junit.Junit4MutationTestDriver.access$400(Junit4MutationTestDriver.java:59)
	at de.unisb.cs.st.javalanche.mutation.runtime.testDriver.junit.Junit4MutationTestDriver$1.run(Junit4MutationTestDriver.java:330)
	at java.util.concurrent.Executors$RunnableAdapter.call(Executors.java:441)
	at java.util.concurrent.FutureTask$Sync.innerRun(FutureTask.java:303)
	at java.util.concurrent.FutureTask.run(FutureTask.java:138)
	at java.lang.Thread.run(Thread.java:662)
java.io.EOFException
	at java.io.DataInputStream.readInt(DataInputStream.java:375)
	at java.io.ObjectInputStream$BlockDataInputStream.readInt(ObjectInputStream.java:2775)
	at java.io.ObjectInputStream.readInt(ObjectInputStream.java:949)
	at org.jfree.chart.plot.DefaultDrawingSupplier.readObject(DefaultDrawingSupplier.java:491)
	at sun.reflect.GeneratedMethodAccessor61.invoke(Unknown Source)
	at sun.reflect.DelegatingMethodAccessorImpl.invoke(DelegatingMethodAccessorImpl.java:25)
	at java.lang.reflect.Method.invoke(Method.java:597)
	at java.io.ObjectStreamClass.invokeReadObject(ObjectStreamClass.java:974)
	at java.io.ObjectInputStream.readSerialData(ObjectInputStream.java:1848)
	at java.io.ObjectInputStream.readOrdinaryObject(ObjectInputStream.java:1752)
	at java.io.ObjectInputStream.readObject0(ObjectInputStream.java:1328)
	at java.io.ObjectInputStream.defaultReadFields(ObjectInputStream.java:1946)
	at java.io.ObjectInputStream.defaultReadObject(ObjectInputStream.java:479)
	at org.jfree.chart.plot.Plot.readObject(Plot.java:1284)
	at sun.reflect.GeneratedMethodAccessor60.invoke(Unknown Source)
	at sun.reflect.DelegatingMethodAccessorImpl.invoke(DelegatingMethodAccessorImpl.java:25)
	at java.lang.reflect.Method.invoke(Method.java:597)
	at java.io.ObjectStreamClass.invokeReadObject(ObjectStreamClass.java:974)
	at java.io.ObjectInputStream.readSerialData(ObjectInputStream.java:1848)
	at java.io.ObjectInputStream.readOrdinaryObject(ObjectInputStream.java:1752)
	at java.io.ObjectInputStream.readObject0(ObjectInputStream.java:1328)
	at java.io.ObjectInputStream.readObject(ObjectInputStream.java:350)
	at org.jfree.chart.plot.junit.MultiplePiePlotTests.testSerialization(MultiplePiePlotTests.java:158)
	at sun.reflect.NativeMethodAccessorImpl.invoke0(Native Method)
	at sun.reflect.NativeMethodAccessorImpl.invoke(NativeMethodAccessorImpl.java:39)
	at sun.reflect.DelegatingMethodAccessorImpl.invoke(DelegatingMethodAccessorImpl.java:25)
	at java.lang.reflect.Method.invoke(Method.java:597)
	at junit.framework.TestCase.runTest(TestCase.java:168)
	at junit.framework.TestCase.runBare(TestCase.java:134)
	at junit.framework.TestResult$1.protect(TestResult.java:110)
	at junit.framework.TestResult.runProtected(TestResult.java:128)
	at junit.framework.TestResult.run(TestResult.java:113)
	at junit.framework.TestCase.run(TestCase.java:124)
	at junit.framework.TestSuite.runTest(TestSuite.java:243)
	at junit.framework.TestSuite.run(TestSuite.java:238)
	at org.junit.internal.runners.JUnit38ClassRunner.run(JUnit38ClassRunner.java:101)
	at de.unisb.cs.st.javalanche.mutation.runtime.testDriver.junit.Junit4MutationTestDriver.runTest(Junit4MutationTestDriver.java:231)
	at de.unisb.cs.st.javalanche.mutation.runtime.testDriver.junit.Junit4MutationTestDriver.access$400(Junit4MutationTestDriver.java:59)
	at de.unisb.cs.st.javalanche.mutation.runtime.testDriver.junit.Junit4MutationTestDriver$1.run(Junit4MutationTestDriver.java:330)
	at java.util.concurrent.Executors$RunnableAdapter.call(Executors.java:441)
	at java.util.concurrent.FutureTask$Sync.innerRun(FutureTask.java:303)
	at java.util.concurrent.FutureTask.run(FutureTask.java:138)
	at java.lang.Thread.run(Thread.java:662)
java.io.EOFException
	at java.io.DataInputStream.readInt(DataInputStream.java:375)
	at java.io.DataInputStream.readFloat(DataInputStream.java:429)
	at java.io.ObjectInputStream$BlockDataInputStream.readFloat(ObjectInputStream.java:2787)
	at java.io.ObjectInputStream.readFloat(ObjectInputStream.java:971)
	at org.jfree.io.SerialUtilities.readStroke(SerialUtilities.java:213)
	at org.jfree.chart.renderer.AbstractRenderer.readObject(AbstractRenderer.java:3615)
	at sun.reflect.GeneratedMethodAccessor34.invoke(Unknown Source)
	at sun.reflect.DelegatingMethodAccessorImpl.invoke(DelegatingMethodAccessorImpl.java:25)
	at java.lang.reflect.Method.invoke(Method.java:597)
	at java.io.ObjectStreamClass.invokeReadObject(ObjectStreamClass.java:974)
	at java.io.ObjectInputStream.readSerialData(ObjectInputStream.java:1848)
	at java.io.ObjectInputStream.readOrdinaryObject(ObjectInputStream.java:1752)
	at java.io.ObjectInputStream.readObject0(ObjectInputStream.java:1328)
	at java.io.ObjectInputStream.readObject(ObjectInputStream.java:350)
	at org.jfree.chart.renderer.category.junit.BoxAndWhiskerRendererTests.testSerialization(BoxAndWhiskerRendererTests.java:173)
	at sun.reflect.NativeMethodAccessorImpl.invoke0(Native Method)
	at sun.reflect.NativeMethodAccessorImpl.invoke(NativeMethodAccessorImpl.java:39)
	at sun.reflect.DelegatingMethodAccessorImpl.invoke(DelegatingMethodAccessorImpl.java:25)
	at java.lang.reflect.Method.invoke(Method.java:597)
	at junit.framework.TestCase.runTest(TestCase.java:168)
	at junit.framework.TestCase.runBare(TestCase.java:134)
	at junit.framework.TestResult$1.protect(TestResult.java:110)
	at junit.framework.TestResult.runProtected(TestResult.java:128)
	at junit.framework.TestResult.run(TestResult.java:113)
	at junit.framework.TestCase.run(TestCase.java:124)
	at junit.framework.TestSuite.runTest(TestSuite.java:243)
	at junit.framework.TestSuite.run(TestSuite.java:238)
	at org.junit.internal.runners.JUnit38ClassRunner.run(JUnit38ClassRunner.java:101)
	at de.unisb.cs.st.javalanche.mutation.runtime.testDriver.junit.Junit4MutationTestDriver.runTest(Junit4MutationTestDriver.java:231)
	at de.unisb.cs.st.javalanche.mutation.runtime.testDriver.junit.Junit4MutationTestDriver.access$400(Junit4MutationTestDriver.java:59)
	at de.unisb.cs.st.javalanche.mutation.runtime.testDriver.junit.Junit4MutationTestDriver$1.run(Junit4MutationTestDriver.java:330)
	at java.util.concurrent.Executors$RunnableAdapter.call(Executors.java:441)
	at java.util.concurrent.FutureTask$Sync.innerRun(FutureTask.java:303)
	at java.util.concurrent.FutureTask.run(FutureTask.java:138)
	at java.lang.Thread.run(Thread.java:662)
java.io.EOFException
	at java.io.DataInputStream.readInt(DataInputStream.java:375)
	at java.io.DataInputStream.readFloat(DataInputStream.java:429)
	at java.io.ObjectInputStream$BlockDataInputStream.readFloat(ObjectInputStream.java:2787)
	at java.io.ObjectInputStream.readFloat(ObjectInputStream.java:971)
	at org.jfree.io.SerialUtilities.readStroke(SerialUtilities.java:213)
	at org.jfree.chart.needle.MeterNeedle.readObject(MeterNeedle.java:429)
	at sun.reflect.GeneratedMethodAccessor138.invoke(Unknown Source)
	at sun.reflect.DelegatingMethodAccessorImpl.invoke(DelegatingMethodAccessorImpl.java:25)
	at java.lang.reflect.Method.invoke(Method.java:597)
	at java.io.ObjectStreamClass.invokeReadObject(ObjectStreamClass.java:974)
	at java.io.ObjectInputStream.readSerialData(ObjectInputStream.java:1848)
	at java.io.ObjectInputStream.readOrdinaryObject(ObjectInputStream.java:1752)
	at java.io.ObjectInputStream.readObject0(ObjectInputStream.java:1328)
	at java.io.ObjectInputStream.readObject(ObjectInputStream.java:350)
	at org.jfree.chart.needle.junit.PlumNeedleTests.testSerialization(PlumNeedleTests.java:121)
	at sun.reflect.NativeMethodAccessorImpl.invoke0(Native Method)
	at sun.reflect.NativeMethodAccessorImpl.invoke(NativeMethodAccessorImpl.java:39)
	at sun.reflect.DelegatingMethodAccessorImpl.invoke(DelegatingMethodAccessorImpl.java:25)
	at java.lang.reflect.Method.invoke(Method.java:597)
	at junit.framework.TestCase.runTest(TestCase.java:168)
	at junit.framework.TestCase.runBare(TestCase.java:134)
	at junit.framework.TestResult$1.protect(TestResult.java:110)
	at junit.framework.TestResult.runProtected(TestResult.java:128)
	at junit.framework.TestResult.run(TestResult.java:113)
	at junit.framework.TestCase.run(TestCase.java:124)
	at junit.framework.TestSuite.runTest(TestSuite.java:243)
	at junit.framework.TestSuite.run(TestSuite.java:238)
	at org.junit.internal.runners.JUnit38ClassRunner.run(JUnit38ClassRunner.java:101)
	at de.unisb.cs.st.javalanche.mutation.runtime.testDriver.junit.Junit4MutationTestDriver.runTest(Junit4MutationTestDriver.java:231)
	at de.unisb.cs.st.javalanche.mutation.runtime.testDriver.junit.Junit4MutationTestDriver.access$400(Junit4MutationTestDriver.java:59)
	at de.unisb.cs.st.javalanche.mutation.runtime.testDriver.junit.Junit4MutationTestDriver$1.run(Junit4MutationTestDriver.java:330)
	at java.util.concurrent.Executors$RunnableAdapter.call(Executors.java:441)
	at java.util.concurrent.FutureTask$Sync.innerRun(FutureTask.java:303)
	at java.util.concurrent.FutureTask.run(FutureTask.java:138)
	at java.lang.Thread.run(Thread.java:662)
java.io.EOFException
	at java.io.DataInputStream.readInt(DataInputStream.java:375)
	at java.io.DataInputStream.readFloat(DataInputStream.java:429)
	at java.io.ObjectInputStream$BlockDataInputStream.readFloat(ObjectInputStream.java:2787)
	at java.io.ObjectInputStream.readFloat(ObjectInputStream.java:971)
	at org.jfree.io.SerialUtilities.readStroke(SerialUtilities.java:213)
	at org.jfree.chart.renderer.AbstractRenderer.readObject(AbstractRenderer.java:3615)
	at sun.reflect.GeneratedMethodAccessor34.invoke(Unknown Source)
	at sun.reflect.DelegatingMethodAccessorImpl.invoke(DelegatingMethodAccessorImpl.java:25)
	at java.lang.reflect.Method.invoke(Method.java:597)
	at java.io.ObjectStreamClass.invokeReadObject(ObjectStreamClass.java:974)
	at java.io.ObjectInputStream.readSerialData(ObjectInputStream.java:1848)
	at java.io.ObjectInputStream.readOrdinaryObject(ObjectInputStream.java:1752)
	at java.io.ObjectInputStream.readObject0(ObjectInputStream.java:1328)
	at java.io.ObjectInputStream.readObject(ObjectInputStream.java:350)
	at org.jfree.chart.renderer.junit.AbstractRendererTests.testSerialization(AbstractRendererTests.java:825)
	at sun.reflect.NativeMethodAccessorImpl.invoke0(Native Method)
	at sun.reflect.NativeMethodAccessorImpl.invoke(NativeMethodAccessorImpl.java:39)
	at sun.reflect.DelegatingMethodAccessorImpl.invoke(DelegatingMethodAccessorImpl.java:25)
	at java.lang.reflect.Method.invoke(Method.java:597)
	at junit.framework.TestCase.runTest(TestCase.java:168)
	at junit.framework.TestCase.runBare(TestCase.java:134)
	at junit.framework.TestResult$1.protect(TestResult.java:110)
	at junit.framework.TestResult.runProtected(TestResult.java:128)
	at junit.framework.TestResult.run(TestResult.java:113)
	at junit.framework.TestCase.run(TestCase.java:124)
	at junit.framework.TestSuite.runTest(TestSuite.java:243)
	at junit.framework.TestSuite.run(TestSuite.java:238)
	at org.junit.internal.runners.JUnit38ClassRunner.run(JUnit38ClassRunner.java:101)
	at de.unisb.cs.st.javalanche.mutation.runtime.testDriver.junit.Junit4MutationTestDriver.runTest(Junit4MutationTestDriver.java:231)
	at de.unisb.cs.st.javalanche.mutation.runtime.testDriver.junit.Junit4MutationTestDriver.access$400(Junit4MutationTestDriver.java:59)
	at de.unisb.cs.st.javalanche.mutation.runtime.testDriver.junit.Junit4MutationTestDriver$1.run(Junit4MutationTestDriver.java:330)
	at java.util.concurrent.Executors$RunnableAdapter.call(Executors.java:441)
	at java.util.concurrent.FutureTask$Sync.innerRun(FutureTask.java:303)
	at java.util.concurrent.FutureTask.run(FutureTask.java:138)
	at java.lang.Thread.run(Thread.java:662)
java.io.EOFException
	at java.io.DataInputStream.readInt(DataInputStream.java:375)
	at java.io.DataInputStream.readFloat(DataInputStream.java:429)
	at java.io.ObjectInputStream$BlockDataInputStream.readFloat(ObjectInputStream.java:2787)
	at java.io.ObjectInputStream.readFloat(ObjectInputStream.java:971)
	at org.jfree.io.SerialUtilities.readStroke(SerialUtilities.java:213)
	at org.jfree.chart.renderer.AbstractRenderer.readObject(AbstractRenderer.java:3615)
	at sun.reflect.GeneratedMethodAccessor34.invoke(Unknown Source)
	at sun.reflect.DelegatingMethodAccessorImpl.invoke(DelegatingMethodAccessorImpl.java:25)
	at java.lang.reflect.Method.invoke(Method.java:597)
	at java.io.ObjectStreamClass.invokeReadObject(ObjectStreamClass.java:974)
	at java.io.ObjectInputStream.readSerialData(ObjectInputStream.java:1848)
	at java.io.ObjectInputStream.readOrdinaryObject(ObjectInputStream.java:1752)
	at java.io.ObjectInputStream.readObject0(ObjectInputStream.java:1328)
	at java.io.ObjectInputStream.readObject(ObjectInputStream.java:350)
	at org.jfree.chart.renderer.xy.junit.XYStepAreaRendererTests.testSerialization(XYStepAreaRendererTests.java:166)
	at sun.reflect.NativeMethodAccessorImpl.invoke0(Native Method)
	at sun.reflect.NativeMethodAccessorImpl.invoke(NativeMethodAccessorImpl.java:39)
	at sun.reflect.DelegatingMethodAccessorImpl.invoke(DelegatingMethodAccessorImpl.java:25)
	at java.lang.reflect.Method.invoke(Method.java:597)
	at junit.framework.TestCase.runTest(TestCase.java:168)
	at junit.framework.TestCase.runBare(TestCase.java:134)
	at junit.framework.TestResult$1.protect(TestResult.java:110)
	at junit.framework.TestResult.runProtected(TestResult.java:128)
	at junit.framework.TestResult.run(TestResult.java:113)
	at junit.framework.TestCase.run(TestCase.java:124)
	at junit.framework.TestSuite.runTest(TestSuite.java:243)
	at junit.framework.TestSuite.run(TestSuite.java:238)
	at org.junit.internal.runners.JUnit38ClassRunner.run(JUnit38ClassRunner.java:101)
	at de.unisb.cs.st.javalanche.mutation.runtime.testDriver.junit.Junit4MutationTestDriver.runTest(Junit4MutationTestDriver.java:231)
	at de.unisb.cs.st.javalanche.mutation.runtime.testDriver.junit.Junit4MutationTestDriver.access$400(Junit4MutationTestDriver.java:59)
	at de.unisb.cs.st.javalanche.mutation.runtime.testDriver.junit.Junit4MutationTestDriver$1.run(Junit4MutationTestDriver.java:330)
	at java.util.concurrent.Executors$RunnableAdapter.call(Executors.java:441)
	at java.util.concurrent.FutureTask$Sync.innerRun(FutureTask.java:303)
	at java.util.concurrent.FutureTask.run(FutureTask.java:138)
	at java.lang.Thread.run(Thread.java:662)
java.io.EOFException
	at java.io.DataInputStream.readInt(DataInputStream.java:375)
	at java.io.DataInputStream.readFloat(DataInputStream.java:429)
	at java.io.ObjectInputStream$BlockDataInputStream.readFloat(ObjectInputStream.java:2787)
	at java.io.ObjectInputStream.readFloat(ObjectInputStream.java:971)
	at org.jfree.io.SerialUtilities.readStroke(SerialUtilities.java:213)
	at org.jfree.chart.plot.Marker.readObject(Marker.java:673)
	at sun.reflect.GeneratedMethodAccessor80.invoke(Unknown Source)
	at sun.reflect.DelegatingMethodAccessorImpl.invoke(DelegatingMethodAccessorImpl.java:25)
	at java.lang.reflect.Method.invoke(Method.java:597)
	at java.io.ObjectStreamClass.invokeReadObject(ObjectStreamClass.java:974)
	at java.io.ObjectInputStream.readSerialData(ObjectInputStream.java:1848)
	at java.io.ObjectInputStream.readOrdinaryObject(ObjectInputStream.java:1752)
	at java.io.ObjectInputStream.readObject0(ObjectInputStream.java:1328)
	at java.io.ObjectInputStream.readObject(ObjectInputStream.java:350)
	at org.jfree.chart.plot.junit.ValueMarkerTests.testSerialization(ValueMarkerTests.java:219)
	at sun.reflect.NativeMethodAccessorImpl.invoke0(Native Method)
	at sun.reflect.NativeMethodAccessorImpl.invoke(NativeMethodAccessorImpl.java:39)
	at sun.reflect.DelegatingMethodAccessorImpl.invoke(DelegatingMethodAccessorImpl.java:25)
	at java.lang.reflect.Method.invoke(Method.java:597)
	at junit.framework.TestCase.runTest(TestCase.java:168)
	at junit.framework.TestCase.runBare(TestCase.java:134)
	at junit.framework.TestResult$1.protect(TestResult.java:110)
	at junit.framework.TestResult.runProtected(TestResult.java:128)
	at junit.framework.TestResult.run(TestResult.java:113)
	at junit.framework.TestCase.run(TestCase.java:124)
	at junit.framework.TestSuite.runTest(TestSuite.java:243)
	at junit.framework.TestSuite.run(TestSuite.java:238)
	at org.junit.internal.runners.JUnit38ClassRunner.run(JUnit38ClassRunner.java:101)
	at de.unisb.cs.st.javalanche.mutation.runtime.testDriver.junit.Junit4MutationTestDriver.runTest(Junit4MutationTestDriver.java:231)
	at de.unisb.cs.st.javalanche.mutation.runtime.testDriver.junit.Junit4MutationTestDriver.access$400(Junit4MutationTestDriver.java:59)
	at de.unisb.cs.st.javalanche.mutation.runtime.testDriver.junit.Junit4MutationTestDriver$1.run(Junit4MutationTestDriver.java:330)
	at java.util.concurrent.Executors$RunnableAdapter.call(Executors.java:441)
	at java.util.concurrent.FutureTask$Sync.innerRun(FutureTask.java:303)
	at java.util.concurrent.FutureTask.run(FutureTask.java:138)
	at java.lang.Thread.run(Thread.java:662)
java.io.EOFException
	at java.io.DataInputStream.readInt(DataInputStream.java:375)
	at java.io.DataInputStream.readFloat(DataInputStream.java:429)
	at java.io.ObjectInputStream$BlockDataInputStream.readFloat(ObjectInputStream.java:2787)
	at java.io.ObjectInputStream.readFloat(ObjectInputStream.java:971)
	at org.jfree.io.SerialUtilities.readStroke(SerialUtilities.java:213)
	at org.jfree.chart.needle.MeterNeedle.readObject(MeterNeedle.java:429)
	at sun.reflect.GeneratedMethodAccessor138.invoke(Unknown Source)
	at sun.reflect.DelegatingMethodAccessorImpl.invoke(DelegatingMethodAccessorImpl.java:25)
	at java.lang.reflect.Method.invoke(Method.java:597)
	at java.io.ObjectStreamClass.invokeReadObject(ObjectStreamClass.java:974)
	at java.io.ObjectInputStream.readSerialData(ObjectInputStream.java:1848)
	at java.io.ObjectInputStream.readOrdinaryObject(ObjectInputStream.java:1752)
	at java.io.ObjectInputStream.readObject0(ObjectInputStream.java:1328)
	at java.io.ObjectInputStream.readObject(ObjectInputStream.java:350)
	at org.jfree.chart.needle.junit.LongNeedleTests.testSerialization(LongNeedleTests.java:120)
	at sun.reflect.NativeMethodAccessorImpl.invoke0(Native Method)
	at sun.reflect.NativeMethodAccessorImpl.invoke(NativeMethodAccessorImpl.java:39)
	at sun.reflect.DelegatingMethodAccessorImpl.invoke(DelegatingMethodAccessorImpl.java:25)
	at java.lang.reflect.Method.invoke(Method.java:597)
	at junit.framework.TestCase.runTest(TestCase.java:168)
	at junit.framework.TestCase.runBare(TestCase.java:134)
	at junit.framework.TestResult$1.protect(TestResult.java:110)
	at junit.framework.TestResult.runProtected(TestResult.java:128)
	at junit.framework.TestResult.run(TestResult.java:113)
	at junit.framework.TestCase.run(TestCase.java:124)
	at junit.framework.TestSuite.runTest(TestSuite.java:243)
	at junit.framework.TestSuite.run(TestSuite.java:238)
	at org.junit.internal.runners.JUnit38ClassRunner.run(JUnit38ClassRunner.java:101)
	at de.unisb.cs.st.javalanche.mutation.runtime.testDriver.junit.Junit4MutationTestDriver.runTest(Junit4MutationTestDriver.java:231)
	at de.unisb.cs.st.javalanche.mutation.runtime.testDriver.junit.Junit4MutationTestDriver.access$400(Junit4MutationTestDriver.java:59)
	at de.unisb.cs.st.javalanche.mutation.runtime.testDriver.junit.Junit4MutationTestDriver$1.run(Junit4MutationTestDriver.java:330)
	at java.util.concurrent.Executors$RunnableAdapter.call(Executors.java:441)
	at java.util.concurrent.FutureTask$Sync.innerRun(FutureTask.java:303)
	at java.util.concurrent.FutureTask.run(FutureTask.java:138)
	at java.lang.Thread.run(Thread.java:662)
java.io.EOFException
	at java.io.DataInputStream.readInt(DataInputStream.java:375)
	at java.io.DataInputStream.readFloat(DataInputStream.java:429)
	at java.io.ObjectInputStream$BlockDataInputStream.readFloat(ObjectInputStream.java:2787)
	at java.io.ObjectInputStream.readFloat(ObjectInputStream.java:971)
	at org.jfree.io.SerialUtilities.readStroke(SerialUtilities.java:213)
	at org.jfree.chart.renderer.AbstractRenderer.readObject(AbstractRenderer.java:3615)
	at sun.reflect.GeneratedMethodAccessor34.invoke(Unknown Source)
	at sun.reflect.DelegatingMethodAccessorImpl.invoke(DelegatingMethodAccessorImpl.java:25)
	at java.lang.reflect.Method.invoke(Method.java:597)
	at java.io.ObjectStreamClass.invokeReadObject(ObjectStreamClass.java:974)
	at java.io.ObjectInputStream.readSerialData(ObjectInputStream.java:1848)
	at java.io.ObjectInputStream.readOrdinaryObject(ObjectInputStream.java:1752)
	at java.io.ObjectInputStream.readObject0(ObjectInputStream.java:1328)
	at java.io.ObjectInputStream.readObject(ObjectInputStream.java:350)
	at org.jfree.chart.renderer.xy.junit.XYErrorRendererTests.testSerialization(XYErrorRendererTests.java:165)
	at sun.reflect.NativeMethodAccessorImpl.invoke0(Native Method)
	at sun.reflect.NativeMethodAccessorImpl.invoke(NativeMethodAccessorImpl.java:39)
	at sun.reflect.DelegatingMethodAccessorImpl.invoke(DelegatingMethodAccessorImpl.java:25)
	at java.lang.reflect.Method.invoke(Method.java:597)
	at junit.framework.TestCase.runTest(TestCase.java:168)
	at junit.framework.TestCase.runBare(TestCase.java:134)
	at junit.framework.TestResult$1.protect(TestResult.java:110)
	at junit.framework.TestResult.runProtected(TestResult.java:128)
	at junit.framework.TestResult.run(TestResult.java:113)
	at junit.framework.TestCase.run(TestCase.java:124)
	at junit.framework.TestSuite.runTest(TestSuite.java:243)
	at junit.framework.TestSuite.run(TestSuite.java:238)
	at org.junit.internal.runners.JUnit38ClassRunner.run(JUnit38ClassRunner.java:101)
	at de.unisb.cs.st.javalanche.mutation.runtime.testDriver.junit.Junit4MutationTestDriver.runTest(Junit4MutationTestDriver.java:231)
	at de.unisb.cs.st.javalanche.mutation.runtime.testDriver.junit.Junit4MutationTestDriver.access$400(Junit4MutationTestDriver.java:59)
	at de.unisb.cs.st.javalanche.mutation.runtime.testDriver.junit.Junit4MutationTestDriver$1.run(Junit4MutationTestDriver.java:330)
	at java.util.concurrent.Executors$RunnableAdapter.call(Executors.java:441)
	at java.util.concurrent.FutureTask$Sync.innerRun(FutureTask.java:303)
	at java.util.concurrent.FutureTask.run(FutureTask.java:138)
	at java.lang.Thread.run(Thread.java:662)
java.io.EOFException
	at java.io.DataInputStream.readInt(DataInputStream.java:375)
	at java.io.DataInputStream.readFloat(DataInputStream.java:429)
	at java.io.ObjectInputStream$BlockDataInputStream.readFloat(ObjectInputStream.java:2787)
	at java.io.ObjectInputStream.readFloat(ObjectInputStream.java:971)
	at org.jfree.io.SerialUtilities.readStroke(SerialUtilities.java:213)
	at org.jfree.chart.renderer.AbstractRenderer.readObject(AbstractRenderer.java:3615)
	at sun.reflect.GeneratedMethodAccessor34.invoke(Unknown Source)
	at sun.reflect.DelegatingMethodAccessorImpl.invoke(DelegatingMethodAccessorImpl.java:25)
	at java.lang.reflect.Method.invoke(Method.java:597)
	at java.io.ObjectStreamClass.invokeReadObject(ObjectStreamClass.java:974)
	at java.io.ObjectInputStream.readSerialData(ObjectInputStream.java:1848)
	at java.io.ObjectInputStream.readOrdinaryObject(ObjectInputStream.java:1752)
	at java.io.ObjectInputStream.readObject0(ObjectInputStream.java:1328)
	at java.io.ObjectInputStream.readObject(ObjectInputStream.java:350)
	at org.jfree.chart.renderer.category.junit.StackedAreaRendererTests.testSerialization(StackedAreaRendererTests.java:139)
	at sun.reflect.NativeMethodAccessorImpl.invoke0(Native Method)
	at sun.reflect.NativeMethodAccessorImpl.invoke(NativeMethodAccessorImpl.java:39)
	at sun.reflect.DelegatingMethodAccessorImpl.invoke(DelegatingMethodAccessorImpl.java:25)
	at java.lang.reflect.Method.invoke(Method.java:597)
	at junit.framework.TestCase.runTest(TestCase.java:168)
	at junit.framework.TestCase.runBare(TestCase.java:134)
	at junit.framework.TestResult$1.protect(TestResult.java:110)
	at junit.framework.TestResult.runProtected(TestResult.java:128)
	at junit.framework.TestResult.run(TestResult.java:113)
	at junit.framework.TestCase.run(TestCase.java:124)
	at junit.framework.TestSuite.runTest(TestSuite.java:243)
	at junit.framework.TestSuite.run(TestSuite.java:238)
	at org.junit.internal.runners.JUnit38ClassRunner.run(JUnit38ClassRunner.java:101)
	at de.unisb.cs.st.javalanche.mutation.runtime.testDriver.junit.Junit4MutationTestDriver.runTest(Junit4MutationTestDriver.java:231)
	at de.unisb.cs.st.javalanche.mutation.runtime.testDriver.junit.Junit4MutationTestDriver.access$400(Junit4MutationTestDriver.java:59)
	at de.unisb.cs.st.javalanche.mutation.runtime.testDriver.junit.Junit4MutationTestDriver$1.run(Junit4MutationTestDriver.java:330)
	at java.util.concurrent.Executors$RunnableAdapter.call(Executors.java:441)
	at java.util.concurrent.FutureTask$Sync.innerRun(FutureTask.java:303)
	at java.util.concurrent.FutureTask.run(FutureTask.java:138)
	at java.lang.Thread.run(Thread.java:662)
java.io.EOFException
	at java.io.DataInputStream.readInt(DataInputStream.java:375)
	at java.io.ObjectInputStream$BlockDataInputStream.readInt(ObjectInputStream.java:2775)
	at java.io.ObjectInputStream.readInt(ObjectInputStream.java:949)
	at org.jfree.chart.plot.DefaultDrawingSupplier.readObject(DefaultDrawingSupplier.java:491)
	at sun.reflect.GeneratedMethodAccessor61.invoke(Unknown Source)
	at sun.reflect.DelegatingMethodAccessorImpl.invoke(DelegatingMethodAccessorImpl.java:25)
	at java.lang.reflect.Method.invoke(Method.java:597)
	at java.io.ObjectStreamClass.invokeReadObject(ObjectStreamClass.java:974)
	at java.io.ObjectInputStream.readSerialData(ObjectInputStream.java:1848)
	at java.io.ObjectInputStream.readOrdinaryObject(ObjectInputStream.java:1752)
	at java.io.ObjectInputStream.readObject0(ObjectInputStream.java:1328)
	at java.io.ObjectInputStream.defaultReadFields(ObjectInputStream.java:1946)
	at java.io.ObjectInputStream.defaultReadObject(ObjectInputStream.java:479)
	at org.jfree.chart.plot.Plot.readObject(Plot.java:1284)
	at sun.reflect.GeneratedMethodAccessor60.invoke(Unknown Source)
	at sun.reflect.DelegatingMethodAccessorImpl.invoke(DelegatingMethodAccessorImpl.java:25)
	at java.lang.reflect.Method.invoke(Method.java:597)
	at java.io.ObjectStreamClass.invokeReadObject(ObjectStreamClass.java:974)
	at java.io.ObjectInputStream.readSerialData(ObjectInputStream.java:1848)
	at java.io.ObjectInputStream.readOrdinaryObject(ObjectInputStream.java:1752)
	at java.io.ObjectInputStream.readObject0(ObjectInputStream.java:1328)
	at java.io.ObjectInputStream.readObject(ObjectInputStream.java:350)
	at org.jfree.chart.plot.junit.SpiderWebPlotTests.testSerialization(SpiderWebPlotTests.java:334)
	at sun.reflect.NativeMethodAccessorImpl.invoke0(Native Method)
	at sun.reflect.NativeMethodAccessorImpl.invoke(NativeMethodAccessorImpl.java:39)
	at sun.reflect.DelegatingMethodAccessorImpl.invoke(DelegatingMethodAccessorImpl.java:25)
	at java.lang.reflect.Method.invoke(Method.java:597)
	at junit.framework.TestCase.runTest(TestCase.java:168)
	at junit.framework.TestCase.runBare(TestCase.java:134)
	at junit.framework.TestResult$1.protect(TestResult.java:110)
	at junit.framework.TestResult.runProtected(TestResult.java:128)
	at junit.framework.TestResult.run(TestResult.java:113)
	at junit.framework.TestCase.run(TestCase.java:124)
	at junit.framework.TestSuite.runTest(TestSuite.java:243)
	at junit.framework.TestSuite.run(TestSuite.java:238)
	at org.junit.internal.runners.JUnit38ClassRunner.run(JUnit38ClassRunner.java:101)
	at de.unisb.cs.st.javalanche.mutation.runtime.testDriver.junit.Junit4MutationTestDriver.runTest(Junit4MutationTestDriver.java:231)
	at de.unisb.cs.st.javalanche.mutation.runtime.testDriver.junit.Junit4MutationTestDriver.access$400(Junit4MutationTestDriver.java:59)
	at de.unisb.cs.st.javalanche.mutation.runtime.testDriver.junit.Junit4MutationTestDriver$1.run(Junit4MutationTestDriver.java:330)
	at java.util.concurrent.Executors$RunnableAdapter.call(Executors.java:441)
	at java.util.concurrent.FutureTask$Sync.innerRun(FutureTask.java:303)
	at java.util.concurrent.FutureTask.run(FutureTask.java:138)
	at java.lang.Thread.run(Thread.java:662)
java.io.EOFException
	at java.io.DataInputStream.readInt(DataInputStream.java:375)
	at java.io.DataInputStream.readFloat(DataInputStream.java:429)
	at java.io.ObjectInputStream$BlockDataInputStream.readFloat(ObjectInputStream.java:2787)
	at java.io.ObjectInputStream.readFloat(ObjectInputStream.java:971)
	at org.jfree.io.SerialUtilities.readStroke(SerialUtilities.java:213)
	at org.jfree.chart.renderer.AbstractRenderer.readObject(AbstractRenderer.java:3615)
	at sun.reflect.GeneratedMethodAccessor34.invoke(Unknown Source)
	at sun.reflect.DelegatingMethodAccessorImpl.invoke(DelegatingMethodAccessorImpl.java:25)
	at java.lang.reflect.Method.invoke(Method.java:597)
	at java.io.ObjectStreamClass.invokeReadObject(ObjectStreamClass.java:974)
	at java.io.ObjectInputStream.readSerialData(ObjectInputStream.java:1848)
	at java.io.ObjectInputStream.readOrdinaryObject(ObjectInputStream.java:1752)
	at java.io.ObjectInputStream.readObject0(ObjectInputStream.java:1328)
	at java.io.ObjectInputStream.readObject(ObjectInputStream.java:350)
	at org.jfree.chart.renderer.category.junit.ScatterRendererTests.testSerialization(ScatterRendererTests.java:208)
	at sun.reflect.NativeMethodAccessorImpl.invoke0(Native Method)
	at sun.reflect.NativeMethodAccessorImpl.invoke(NativeMethodAccessorImpl.java:39)
	at sun.reflect.DelegatingMethodAccessorImpl.invoke(DelegatingMethodAccessorImpl.java:25)
	at java.lang.reflect.Method.invoke(Method.java:597)
	at junit.framework.TestCase.runTest(TestCase.java:168)
	at junit.framework.TestCase.runBare(TestCase.java:134)
	at junit.framework.TestResult$1.protect(TestResult.java:110)
	at junit.framework.TestResult.runProtected(TestResult.java:128)
	at junit.framework.TestResult.run(TestResult.java:113)
	at junit.framework.TestCase.run(TestCase.java:124)
	at junit.framework.TestSuite.runTest(TestSuite.java:243)
	at junit.framework.TestSuite.run(TestSuite.java:238)
	at org.junit.internal.runners.JUnit38ClassRunner.run(JUnit38ClassRunner.java:101)
	at de.unisb.cs.st.javalanche.mutation.runtime.testDriver.junit.Junit4MutationTestDriver.runTest(Junit4MutationTestDriver.java:231)
	at de.unisb.cs.st.javalanche.mutation.runtime.testDriver.junit.Junit4MutationTestDriver.access$400(Junit4MutationTestDriver.java:59)
	at de.unisb.cs.st.javalanche.mutation.runtime.testDriver.junit.Junit4MutationTestDriver$1.run(Junit4MutationTestDriver.java:330)
	at java.util.concurrent.Executors$RunnableAdapter.call(Executors.java:441)
	at java.util.concurrent.FutureTask$Sync.innerRun(FutureTask.java:303)
	at java.util.concurrent.FutureTask.run(FutureTask.java:138)
	at java.lang.Thread.run(Thread.java:662)
java.io.EOFException
	at java.io.DataInputStream.readInt(DataInputStream.java:375)
	at java.io.ObjectInputStream$BlockDataInputStream.readInt(ObjectInputStream.java:2775)
	at java.io.ObjectInputStream.readInt(ObjectInputStream.java:949)
	at org.jfree.chart.plot.DefaultDrawingSupplier.readObject(DefaultDrawingSupplier.java:491)
	at sun.reflect.GeneratedMethodAccessor61.invoke(Unknown Source)
	at sun.reflect.DelegatingMethodAccessorImpl.invoke(DelegatingMethodAccessorImpl.java:25)
	at java.lang.reflect.Method.invoke(Method.java:597)
	at java.io.ObjectStreamClass.invokeReadObject(ObjectStreamClass.java:974)
	at java.io.ObjectInputStream.readSerialData(ObjectInputStream.java:1848)
	at java.io.ObjectInputStream.readOrdinaryObject(ObjectInputStream.java:1752)
	at java.io.ObjectInputStream.readObject0(ObjectInputStream.java:1328)
	at java.io.ObjectInputStream.defaultReadFields(ObjectInputStream.java:1946)
	at java.io.ObjectInputStream.defaultReadObject(ObjectInputStream.java:479)
	at org.jfree.chart.plot.Plot.readObject(Plot.java:1284)
	at sun.reflect.GeneratedMethodAccessor60.invoke(Unknown Source)
	at sun.reflect.DelegatingMethodAccessorImpl.invoke(DelegatingMethodAccessorImpl.java:25)
	at java.lang.reflect.Method.invoke(Method.java:597)
	at java.io.ObjectStreamClass.invokeReadObject(ObjectStreamClass.java:974)
	at java.io.ObjectInputStream.readSerialData(ObjectInputStream.java:1848)
	at java.io.ObjectInputStream.readOrdinaryObject(ObjectInputStream.java:1752)
	at java.io.ObjectInputStream.readObject0(ObjectInputStream.java:1328)
	at java.io.ObjectInputStream.readObject(ObjectInputStream.java:350)
	at org.jfree.chart.plot.junit.CompassPlotTests.testSerialization(CompassPlotTests.java:157)
	at sun.reflect.NativeMethodAccessorImpl.invoke0(Native Method)
	at sun.reflect.NativeMethodAccessorImpl.invoke(NativeMethodAccessorImpl.java:39)
	at sun.reflect.DelegatingMethodAccessorImpl.invoke(DelegatingMethodAccessorImpl.java:25)
	at java.lang.reflect.Method.invoke(Method.java:597)
	at junit.framework.TestCase.runTest(TestCase.java:168)
	at junit.framework.TestCase.runBare(TestCase.java:134)
	at junit.framework.TestResult$1.protect(TestResult.java:110)
	at junit.framework.TestResult.runProtected(TestResult.java:128)
	at junit.framework.TestResult.run(TestResult.java:113)
	at junit.framework.TestCase.run(TestCase.java:124)
	at junit.framework.TestSuite.runTest(TestSuite.java:243)
	at junit.framework.TestSuite.run(TestSuite.java:238)
	at org.junit.internal.runners.JUnit38ClassRunner.run(JUnit38ClassRunner.java:101)
	at de.unisb.cs.st.javalanche.mutation.runtime.testDriver.junit.Junit4MutationTestDriver.runTest(Junit4MutationTestDriver.java:231)
	at de.unisb.cs.st.javalanche.mutation.runtime.testDriver.junit.Junit4MutationTestDriver.access$400(Junit4MutationTestDriver.java:59)
	at de.unisb.cs.st.javalanche.mutation.runtime.testDriver.junit.Junit4MutationTestDriver$1.run(Junit4MutationTestDriver.java:330)
	at java.util.concurrent.Executors$RunnableAdapter.call(Executors.java:441)
	at java.util.concurrent.FutureTask$Sync.innerRun(FutureTask.java:303)
	at java.util.concurrent.FutureTask.run(FutureTask.java:138)
	at java.lang.Thread.run(Thread.java:662)
java.io.EOFException
	at java.io.DataInputStream.readInt(DataInputStream.java:375)
	at java.io.DataInputStream.readFloat(DataInputStream.java:429)
	at java.io.ObjectInputStream$BlockDataInputStream.readFloat(ObjectInputStream.java:2787)
	at java.io.ObjectInputStream.readFloat(ObjectInputStream.java:971)
	at org.jfree.io.SerialUtilities.readStroke(SerialUtilities.java:213)
	at org.jfree.chart.renderer.AbstractRenderer.readObject(AbstractRenderer.java:3615)
	at sun.reflect.GeneratedMethodAccessor34.invoke(Unknown Source)
	at sun.reflect.DelegatingMethodAccessorImpl.invoke(DelegatingMethodAccessorImpl.java:25)
	at java.lang.reflect.Method.invoke(Method.java:597)
	at java.io.ObjectStreamClass.invokeReadObject(ObjectStreamClass.java:974)
	at java.io.ObjectInputStream.readSerialData(ObjectInputStream.java:1848)
	at java.io.ObjectInputStream.readOrdinaryObject(ObjectInputStream.java:1752)
	at java.io.ObjectInputStream.readObject0(ObjectInputStream.java:1328)
	at java.io.ObjectInputStream.readObject(ObjectInputStream.java:350)
	at org.jfree.chart.renderer.category.junit.BarRenderer3DTests.testSerialization(BarRenderer3DTests.java:154)
	at sun.reflect.NativeMethodAccessorImpl.invoke0(Native Method)
	at sun.reflect.NativeMethodAccessorImpl.invoke(NativeMethodAccessorImpl.java:39)
	at sun.reflect.DelegatingMethodAccessorImpl.invoke(DelegatingMethodAccessorImpl.java:25)
	at java.lang.reflect.Method.invoke(Method.java:597)
	at junit.framework.TestCase.runTest(TestCase.java:168)
	at junit.framework.TestCase.runBare(TestCase.java:134)
	at junit.framework.TestResult$1.protect(TestResult.java:110)
	at junit.framework.TestResult.runProtected(TestResult.java:128)
	at junit.framework.TestResult.run(TestResult.java:113)
	at junit.framework.TestCase.run(TestCase.java:124)
	at junit.framework.TestSuite.runTest(TestSuite.java:243)
	at junit.framework.TestSuite.run(TestSuite.java:238)
	at org.junit.internal.runners.JUnit38ClassRunner.run(JUnit38ClassRunner.java:101)
	at de.unisb.cs.st.javalanche.mutation.runtime.testDriver.junit.Junit4MutationTestDriver.runTest(Junit4MutationTestDriver.java:231)
	at de.unisb.cs.st.javalanche.mutation.runtime.testDriver.junit.Junit4MutationTestDriver.access$400(Junit4MutationTestDriver.java:59)
	at de.unisb.cs.st.javalanche.mutation.runtime.testDriver.junit.Junit4MutationTestDriver$1.run(Junit4MutationTestDriver.java:330)
	at java.util.concurrent.Executors$RunnableAdapter.call(Executors.java:441)
	at java.util.concurrent.FutureTask$Sync.innerRun(FutureTask.java:303)
	at java.util.concurrent.FutureTask.run(FutureTask.java:138)
	at java.lang.Thread.run(Thread.java:662)
java.io.EOFException
	at java.io.DataInputStream.readInt(DataInputStream.java:375)
	at java.io.ObjectInputStream$BlockDataInputStream.readInt(ObjectInputStream.java:2775)
	at java.io.ObjectInputStream.readInt(ObjectInputStream.java:949)
	at org.jfree.chart.plot.DefaultDrawingSupplier.readObject(DefaultDrawingSupplier.java:491)
	at sun.reflect.GeneratedMethodAccessor61.invoke(Unknown Source)
	at sun.reflect.DelegatingMethodAccessorImpl.invoke(DelegatingMethodAccessorImpl.java:25)
	at java.lang.reflect.Method.invoke(Method.java:597)
	at java.io.ObjectStreamClass.invokeReadObject(ObjectStreamClass.java:974)
	at java.io.ObjectInputStream.readSerialData(ObjectInputStream.java:1848)
	at java.io.ObjectInputStream.readOrdinaryObject(ObjectInputStream.java:1752)
	at java.io.ObjectInputStream.readObject0(ObjectInputStream.java:1328)
	at java.io.ObjectInputStream.defaultReadFields(ObjectInputStream.java:1946)
	at java.io.ObjectInputStream.defaultReadObject(ObjectInputStream.java:479)
	at org.jfree.chart.plot.Plot.readObject(Plot.java:1284)
	at sun.reflect.GeneratedMethodAccessor60.invoke(Unknown Source)
	at sun.reflect.DelegatingMethodAccessorImpl.invoke(DelegatingMethodAccessorImpl.java:25)
	at java.lang.reflect.Method.invoke(Method.java:597)
	at java.io.ObjectStreamClass.invokeReadObject(ObjectStreamClass.java:974)
	at java.io.ObjectInputStream.readSerialData(ObjectInputStream.java:1848)
	at java.io.ObjectInputStream.readOrdinaryObject(ObjectInputStream.java:1752)
	at java.io.ObjectInputStream.readObject0(ObjectInputStream.java:1328)
	at java.io.ObjectInputStream.readObject(ObjectInputStream.java:350)
	at org.jfree.chart.plot.junit.MeterPlotTests.testSerialization2(MeterPlotTests.java:289)
	at sun.reflect.NativeMethodAccessorImpl.invoke0(Native Method)
	at sun.reflect.NativeMethodAccessorImpl.invoke(NativeMethodAccessorImpl.java:39)
	at sun.reflect.DelegatingMethodAccessorImpl.invoke(DelegatingMethodAccessorImpl.java:25)
	at java.lang.reflect.Method.invoke(Method.java:597)
	at junit.framework.TestCase.runTest(TestCase.java:168)
	at junit.framework.TestCase.runBare(TestCase.java:134)
	at junit.framework.TestResult$1.protect(TestResult.java:110)
	at junit.framework.TestResult.runProtected(TestResult.java:128)
	at junit.framework.TestResult.run(TestResult.java:113)
	at junit.framework.TestCase.run(TestCase.java:124)
	at junit.framework.TestSuite.runTest(TestSuite.java:243)
	at junit.framework.TestSuite.run(TestSuite.java:238)
	at org.junit.internal.runners.JUnit38ClassRunner.run(JUnit38ClassRunner.java:101)
	at de.unisb.cs.st.javalanche.mutation.runtime.testDriver.junit.Junit4MutationTestDriver.runTest(Junit4MutationTestDriver.java:231)
	at de.unisb.cs.st.javalanche.mutation.runtime.testDriver.junit.Junit4MutationTestDriver.access$400(Junit4MutationTestDriver.java:59)
	at de.unisb.cs.st.javalanche.mutation.runtime.testDriver.junit.Junit4MutationTestDriver$1.run(Junit4MutationTestDriver.java:330)
	at java.util.concurrent.Executors$RunnableAdapter.call(Executors.java:441)
	at java.util.concurrent.FutureTask$Sync.innerRun(FutureTask.java:303)
	at java.util.concurrent.FutureTask.run(FutureTask.java:138)
	at java.lang.Thread.run(Thread.java:662)
java.io.EOFException
	at java.io.DataInputStream.readInt(DataInputStream.java:375)
	at java.io.DataInputStream.readFloat(DataInputStream.java:429)
	at java.io.ObjectInputStream$BlockDataInputStream.readFloat(ObjectInputStream.java:2787)
	at java.io.ObjectInputStream.readFloat(ObjectInputStream.java:971)
	at org.jfree.io.SerialUtilities.readStroke(SerialUtilities.java:213)
	at org.jfree.chart.renderer.AbstractRenderer.readObject(AbstractRenderer.java:3615)
	at sun.reflect.GeneratedMethodAccessor34.invoke(Unknown Source)
	at sun.reflect.DelegatingMethodAccessorImpl.invoke(DelegatingMethodAccessorImpl.java:25)
	at java.lang.reflect.Method.invoke(Method.java:597)
	at java.io.ObjectStreamClass.invokeReadObject(ObjectStreamClass.java:974)
	at java.io.ObjectInputStream.readSerialData(ObjectInputStream.java:1848)
	at java.io.ObjectInputStream.readOrdinaryObject(ObjectInputStream.java:1752)
	at java.io.ObjectInputStream.readObject0(ObjectInputStream.java:1328)
	at java.io.ObjectInputStream.readObject(ObjectInputStream.java:350)
	at org.jfree.chart.renderer.xy.junit.XYBarRendererTests.testSerialization2(XYBarRendererTests.java:239)
	at sun.reflect.NativeMethodAccessorImpl.invoke0(Native Method)
	at sun.reflect.NativeMethodAccessorImpl.invoke(NativeMethodAccessorImpl.java:39)
	at sun.reflect.DelegatingMethodAccessorImpl.invoke(DelegatingMethodAccessorImpl.java:25)
	at java.lang.reflect.Method.invoke(Method.java:597)
	at junit.framework.TestCase.runTest(TestCase.java:168)
	at junit.framework.TestCase.runBare(TestCase.java:134)
	at junit.framework.TestResult$1.protect(TestResult.java:110)
	at junit.framework.TestResult.runProtected(TestResult.java:128)
	at junit.framework.TestResult.run(TestResult.java:113)
	at junit.framework.TestCase.run(TestCase.java:124)
	at junit.framework.TestSuite.runTest(TestSuite.java:243)
	at junit.framework.TestSuite.run(TestSuite.java:238)
	at org.junit.internal.runners.JUnit38ClassRunner.run(JUnit38ClassRunner.java:101)
	at de.unisb.cs.st.javalanche.mutation.runtime.testDriver.junit.Junit4MutationTestDriver.runTest(Junit4MutationTestDriver.java:231)
	at de.unisb.cs.st.javalanche.mutation.runtime.testDriver.junit.Junit4MutationTestDriver.access$400(Junit4MutationTestDriver.java:59)
	at de.unisb.cs.st.javalanche.mutation.runtime.testDriver.junit.Junit4MutationTestDriver$1.run(Junit4MutationTestDriver.java:330)
	at java.util.concurrent.Executors$RunnableAdapter.call(Executors.java:441)
	at java.util.concurrent.FutureTask$Sync.innerRun(FutureTask.java:303)
	at java.util.concurrent.FutureTask.run(FutureTask.java:138)
	at java.lang.Thread.run(Thread.java:662)
java.io.EOFException
	at java.io.DataInputStream.readInt(DataInputStream.java:375)
	at java.io.DataInputStream.readFloat(DataInputStream.java:429)
	at java.io.ObjectInputStream$BlockDataInputStream.readFloat(ObjectInputStream.java:2787)
	at java.io.ObjectInputStream.readFloat(ObjectInputStream.java:971)
	at org.jfree.io.SerialUtilities.readStroke(SerialUtilities.java:213)
	at org.jfree.chart.renderer.AbstractRenderer.readObject(AbstractRenderer.java:3615)
	at sun.reflect.GeneratedMethodAccessor34.invoke(Unknown Source)
	at sun.reflect.DelegatingMethodAccessorImpl.invoke(DelegatingMethodAccessorImpl.java:25)
	at java.lang.reflect.Method.invoke(Method.java:597)
	at java.io.ObjectStreamClass.invokeReadObject(ObjectStreamClass.java:974)
	at java.io.ObjectInputStream.readSerialData(ObjectInputStream.java:1848)
	at java.io.ObjectInputStream.readOrdinaryObject(ObjectInputStream.java:1752)
	at java.io.ObjectInputStream.readObject0(ObjectInputStream.java:1328)
	at java.io.ObjectInputStream.readObject(ObjectInputStream.java:350)
	at org.jfree.chart.renderer.xy.junit.StackedXYAreaRendererTests.testSerialization(StackedXYAreaRendererTests.java:165)
	at sun.reflect.NativeMethodAccessorImpl.invoke0(Native Method)
	at sun.reflect.NativeMethodAccessorImpl.invoke(NativeMethodAccessorImpl.java:39)
	at sun.reflect.DelegatingMethodAccessorImpl.invoke(DelegatingMethodAccessorImpl.java:25)
	at java.lang.reflect.Method.invoke(Method.java:597)
	at junit.framework.TestCase.runTest(TestCase.java:168)
	at junit.framework.TestCase.runBare(TestCase.java:134)
	at junit.framework.TestResult$1.protect(TestResult.java:110)
	at junit.framework.TestResult.runProtected(TestResult.java:128)
	at junit.framework.TestResult.run(TestResult.java:113)
	at junit.framework.TestCase.run(TestCase.java:124)
	at junit.framework.TestSuite.runTest(TestSuite.java:243)
	at junit.framework.TestSuite.run(TestSuite.java:238)
	at org.junit.internal.runners.JUnit38ClassRunner.run(JUnit38ClassRunner.java:101)
	at de.unisb.cs.st.javalanche.mutation.runtime.testDriver.junit.Junit4MutationTestDriver.runTest(Junit4MutationTestDriver.java:231)
	at de.unisb.cs.st.javalanche.mutation.runtime.testDriver.junit.Junit4MutationTestDriver.access$400(Junit4MutationTestDriver.java:59)
	at de.unisb.cs.st.javalanche.mutation.runtime.testDriver.junit.Junit4MutationTestDriver$1.run(Junit4MutationTestDriver.java:330)
	at java.util.concurrent.Executors$RunnableAdapter.call(Executors.java:441)
	at java.util.concurrent.FutureTask$Sync.innerRun(FutureTask.java:303)
	at java.util.concurrent.FutureTask.run(FutureTask.java:138)
	at java.lang.Thread.run(Thread.java:662)
java.io.EOFException
	at java.io.DataInputStream.readInt(DataInputStream.java:375)
	at java.io.ObjectInputStream$BlockDataInputStream.readInt(ObjectInputStream.java:2775)
	at java.io.ObjectInputStream.readInt(ObjectInputStream.java:949)
	at org.jfree.chart.plot.DefaultDrawingSupplier.readObject(DefaultDrawingSupplier.java:491)
	at sun.reflect.GeneratedMethodAccessor61.invoke(Unknown Source)
	at sun.reflect.DelegatingMethodAccessorImpl.invoke(DelegatingMethodAccessorImpl.java:25)
	at java.lang.reflect.Method.invoke(Method.java:597)
	at java.io.ObjectStreamClass.invokeReadObject(ObjectStreamClass.java:974)
	at java.io.ObjectInputStream.readSerialData(ObjectInputStream.java:1848)
	at java.io.ObjectInputStream.readOrdinaryObject(ObjectInputStream.java:1752)
	at java.io.ObjectInputStream.readObject0(ObjectInputStream.java:1328)
	at java.io.ObjectInputStream.defaultReadFields(ObjectInputStream.java:1946)
	at java.io.ObjectInputStream.defaultReadObject(ObjectInputStream.java:479)
	at org.jfree.chart.plot.Plot.readObject(Plot.java:1284)
	at sun.reflect.GeneratedMethodAccessor60.invoke(Unknown Source)
	at sun.reflect.DelegatingMethodAccessorImpl.invoke(DelegatingMethodAccessorImpl.java:25)
	at java.lang.reflect.Method.invoke(Method.java:597)
	at java.io.ObjectStreamClass.invokeReadObject(ObjectStreamClass.java:974)
	at java.io.ObjectInputStream.readSerialData(ObjectInputStream.java:1848)
	at java.io.ObjectInputStream.readOrdinaryObject(ObjectInputStream.java:1752)
	at java.io.ObjectInputStream.readObject0(ObjectInputStream.java:1328)
	at java.io.ObjectInputStream.readObject(ObjectInputStream.java:350)
	at org.jfree.chart.plot.junit.MeterPlotTests.testSerialization1(MeterPlotTests.java:266)
	at sun.reflect.NativeMethodAccessorImpl.invoke0(Native Method)
	at sun.reflect.NativeMethodAccessorImpl.invoke(NativeMethodAccessorImpl.java:39)
	at sun.reflect.DelegatingMethodAccessorImpl.invoke(DelegatingMethodAccessorImpl.java:25)
	at java.lang.reflect.Method.invoke(Method.java:597)
	at junit.framework.TestCase.runTest(TestCase.java:168)
	at junit.framework.TestCase.runBare(TestCase.java:134)
	at junit.framework.TestResult$1.protect(TestResult.java:110)
	at junit.framework.TestResult.runProtected(TestResult.java:128)
	at junit.framework.TestResult.run(TestResult.java:113)
	at junit.framework.TestCase.run(TestCase.java:124)
	at junit.framework.TestSuite.runTest(TestSuite.java:243)
	at junit.framework.TestSuite.run(TestSuite.java:238)
	at org.junit.internal.runners.JUnit38ClassRunner.run(JUnit38ClassRunner.java:101)
	at de.unisb.cs.st.javalanche.mutation.runtime.testDriver.junit.Junit4MutationTestDriver.runTest(Junit4MutationTestDriver.java:231)
	at de.unisb.cs.st.javalanche.mutation.runtime.testDriver.junit.Junit4MutationTestDriver.access$400(Junit4MutationTestDriver.java:59)
	at de.unisb.cs.st.javalanche.mutation.runtime.testDriver.junit.Junit4MutationTestDriver$1.run(Junit4MutationTestDriver.java:330)
	at java.util.concurrent.Executors$RunnableAdapter.call(Executors.java:441)
	at java.util.concurrent.FutureTask$Sync.innerRun(FutureTask.java:303)
	at java.util.concurrent.FutureTask.run(FutureTask.java:138)
	at java.lang.Thread.run(Thread.java:662)
java.io.EOFException
	at java.io.DataInputStream.readInt(DataInputStream.java:375)
	at java.io.DataInputStream.readFloat(DataInputStream.java:429)
	at java.io.ObjectInputStream$BlockDataInputStream.readFloat(ObjectInputStream.java:2787)
	at java.io.ObjectInputStream.readFloat(ObjectInputStream.java:971)
	at org.jfree.io.SerialUtilities.readStroke(SerialUtilities.java:213)
	at org.jfree.chart.renderer.AbstractRenderer.readObject(AbstractRenderer.java:3615)
	at sun.reflect.GeneratedMethodAccessor34.invoke(Unknown Source)
	at sun.reflect.DelegatingMethodAccessorImpl.invoke(DelegatingMethodAccessorImpl.java:25)
	at java.lang.reflect.Method.invoke(Method.java:597)
	at java.io.ObjectStreamClass.invokeReadObject(ObjectStreamClass.java:974)
	at java.io.ObjectInputStream.readSerialData(ObjectInputStream.java:1848)
	at java.io.ObjectInputStream.readOrdinaryObject(ObjectInputStream.java:1752)
	at java.io.ObjectInputStream.readObject0(ObjectInputStream.java:1328)
	at java.io.ObjectInputStream.readObject(ObjectInputStream.java:350)
	at org.jfree.chart.renderer.xy.junit.XYDotRendererTests.testSerialization(XYDotRendererTests.java:164)
	at sun.reflect.NativeMethodAccessorImpl.invoke0(Native Method)
	at sun.reflect.NativeMethodAccessorImpl.invoke(NativeMethodAccessorImpl.java:39)
	at sun.reflect.DelegatingMethodAccessorImpl.invoke(DelegatingMethodAccessorImpl.java:25)
	at java.lang.reflect.Method.invoke(Method.java:597)
	at junit.framework.TestCase.runTest(TestCase.java:168)
	at junit.framework.TestCase.runBare(TestCase.java:134)
	at junit.framework.TestResult$1.protect(TestResult.java:110)
	at junit.framework.TestResult.runProtected(TestResult.java:128)
	at junit.framework.TestResult.run(TestResult.java:113)
	at junit.framework.TestCase.run(TestCase.java:124)
	at junit.framework.TestSuite.runTest(TestSuite.java:243)
	at junit.framework.TestSuite.run(TestSuite.java:238)
	at org.junit.internal.runners.JUnit38ClassRunner.run(JUnit38ClassRunner.java:101)
	at de.unisb.cs.st.javalanche.mutation.runtime.testDriver.junit.Junit4MutationTestDriver.runTest(Junit4MutationTestDriver.java:231)
	at de.unisb.cs.st.javalanche.mutation.runtime.testDriver.junit.Junit4MutationTestDriver.access$400(Junit4MutationTestDriver.java:59)
	at de.unisb.cs.st.javalanche.mutation.runtime.testDriver.junit.Junit4MutationTestDriver$1.run(Junit4MutationTestDriver.java:330)
	at java.util.concurrent.Executors$RunnableAdapter.call(Executors.java:441)
	at java.util.concurrent.FutureTask$Sync.innerRun(FutureTask.java:303)
	at java.util.concurrent.FutureTask.run(FutureTask.java:138)
	at java.lang.Thread.run(Thread.java:662)
java.io.EOFException
	at java.io.DataInputStream.readInt(DataInputStream.java:375)
	at java.io.DataInputStream.readFloat(DataInputStream.java:429)
	at java.io.ObjectInputStream$BlockDataInputStream.readFloat(ObjectInputStream.java:2787)
	at java.io.ObjectInputStream.readFloat(ObjectInputStream.java:971)
	at org.jfree.io.SerialUtilities.readStroke(SerialUtilities.java:213)
	at org.jfree.chart.renderer.AbstractRenderer.readObject(AbstractRenderer.java:3615)
	at sun.reflect.GeneratedMethodAccessor34.invoke(Unknown Source)
	at sun.reflect.DelegatingMethodAccessorImpl.invoke(DelegatingMethodAccessorImpl.java:25)
	at java.lang.reflect.Method.invoke(Method.java:597)
	at java.io.ObjectStreamClass.invokeReadObject(ObjectStreamClass.java:974)
	at java.io.ObjectInputStream.readSerialData(ObjectInputStream.java:1848)
	at java.io.ObjectInputStream.readOrdinaryObject(ObjectInputStream.java:1752)
	at java.io.ObjectInputStream.readObject0(ObjectInputStream.java:1328)
	at java.io.ObjectInputStream.readObject(ObjectInputStream.java:350)
	at org.jfree.chart.renderer.xy.junit.StackedXYBarRendererTests.testSerialization(StackedXYBarRendererTests.java:155)
	at sun.reflect.NativeMethodAccessorImpl.invoke0(Native Method)
	at sun.reflect.NativeMethodAccessorImpl.invoke(NativeMethodAccessorImpl.java:39)
	at sun.reflect.DelegatingMethodAccessorImpl.invoke(DelegatingMethodAccessorImpl.java:25)
	at java.lang.reflect.Method.invoke(Method.java:597)
	at junit.framework.TestCase.runTest(TestCase.java:168)
	at junit.framework.TestCase.runBare(TestCase.java:134)
	at junit.framework.TestResult$1.protect(TestResult.java:110)
	at junit.framework.TestResult.runProtected(TestResult.java:128)
	at junit.framework.TestResult.run(TestResult.java:113)
	at junit.framework.TestCase.run(TestCase.java:124)
	at junit.framework.TestSuite.runTest(TestSuite.java:243)
	at junit.framework.TestSuite.run(TestSuite.java:238)
	at org.junit.internal.runners.JUnit38ClassRunner.run(JUnit38ClassRunner.java:101)
	at de.unisb.cs.st.javalanche.mutation.runtime.testDriver.junit.Junit4MutationTestDriver.runTest(Junit4MutationTestDriver.java:231)
	at de.unisb.cs.st.javalanche.mutation.runtime.testDriver.junit.Junit4MutationTestDriver.access$400(Junit4MutationTestDriver.java:59)
	at de.unisb.cs.st.javalanche.mutation.runtime.testDriver.junit.Junit4MutationTestDriver$1.run(Junit4MutationTestDriver.java:330)
	at java.util.concurrent.Executors$RunnableAdapter.call(Executors.java:441)
	at java.util.concurrent.FutureTask$Sync.innerRun(FutureTask.java:303)
	at java.util.concurrent.FutureTask.run(FutureTask.java:138)
	at java.lang.Thread.run(Thread.java:662)
java.io.EOFException
	at java.io.DataInputStream.readInt(DataInputStream.java:375)
	at java.io.DataInputStream.readFloat(DataInputStream.java:429)
	at java.io.ObjectInputStream$BlockDataInputStream.readFloat(ObjectInputStream.java:2787)
	at java.io.ObjectInputStream.readFloat(ObjectInputStream.java:971)
	at org.jfree.io.SerialUtilities.readStroke(SerialUtilities.java:213)
	at org.jfree.chart.LegendItem.readObject(LegendItem.java:874)
	at sun.reflect.NativeMethodAccessorImpl.invoke0(Native Method)
	at sun.reflect.NativeMethodAccessorImpl.invoke(NativeMethodAccessorImpl.java:39)
	at sun.reflect.DelegatingMethodAccessorImpl.invoke(DelegatingMethodAccessorImpl.java:25)
	at java.lang.reflect.Method.invoke(Method.java:597)
	at java.io.ObjectStreamClass.invokeReadObject(ObjectStreamClass.java:974)
	at java.io.ObjectInputStream.readSerialData(ObjectInputStream.java:1848)
	at java.io.ObjectInputStream.readOrdinaryObject(ObjectInputStream.java:1752)
	at java.io.ObjectInputStream.readObject0(ObjectInputStream.java:1328)
	at java.io.ObjectInputStream.readObject(ObjectInputStream.java:350)
	at org.jfree.chart.junit.LegendItemTests.testSerialization(LegendItemTests.java:307)
	at sun.reflect.NativeMethodAccessorImpl.invoke0(Native Method)
	at sun.reflect.NativeMethodAccessorImpl.invoke(NativeMethodAccessorImpl.java:39)
	at sun.reflect.DelegatingMethodAccessorImpl.invoke(DelegatingMethodAccessorImpl.java:25)
	at java.lang.reflect.Method.invoke(Method.java:597)
	at junit.framework.TestCase.runTest(TestCase.java:168)
	at junit.framework.TestCase.runBare(TestCase.java:134)
	at junit.framework.TestResult$1.protect(TestResult.java:110)
	at junit.framework.TestResult.runProtected(TestResult.java:128)
	at junit.framework.TestResult.run(TestResult.java:113)
	at junit.framework.TestCase.run(TestCase.java:124)
	at junit.framework.TestSuite.runTest(TestSuite.java:243)
	at junit.framework.TestSuite.run(TestSuite.java:238)
	at org.junit.internal.runners.JUnit38ClassRunner.run(JUnit38ClassRunner.java:101)
	at de.unisb.cs.st.javalanche.mutation.runtime.testDriver.junit.Junit4MutationTestDriver.runTest(Junit4MutationTestDriver.java:231)
	at de.unisb.cs.st.javalanche.mutation.runtime.testDriver.junit.Junit4MutationTestDriver.access$400(Junit4MutationTestDriver.java:59)
	at de.unisb.cs.st.javalanche.mutation.runtime.testDriver.junit.Junit4MutationTestDriver$1.run(Junit4MutationTestDriver.java:330)
	at java.util.concurrent.Executors$RunnableAdapter.call(Executors.java:441)
	at java.util.concurrent.FutureTask$Sync.innerRun(FutureTask.java:303)
	at java.util.concurrent.FutureTask.run(FutureTask.java:138)
	at java.lang.Thread.run(Thread.java:662)
java.io.EOFException
	at java.io.DataInputStream.readInt(DataInputStream.java:375)
	at java.io.DataInputStream.readFloat(DataInputStream.java:429)
	at java.io.ObjectInputStream$BlockDataInputStream.readFloat(ObjectInputStream.java:2787)
	at java.io.ObjectInputStream.readFloat(ObjectInputStream.java:971)
	at org.jfree.io.SerialUtilities.readStroke(SerialUtilities.java:213)
	at org.jfree.chart.axis.Axis.readObject(Axis.java:1264)
	at sun.reflect.GeneratedMethodAccessor48.invoke(Unknown Source)
	at sun.reflect.DelegatingMethodAccessorImpl.invoke(DelegatingMethodAccessorImpl.java:25)
	at java.lang.reflect.Method.invoke(Method.java:597)
	at java.io.ObjectStreamClass.invokeReadObject(ObjectStreamClass.java:974)
	at java.io.ObjectInputStream.readSerialData(ObjectInputStream.java:1848)
	at java.io.ObjectInputStream.readOrdinaryObject(ObjectInputStream.java:1752)
	at java.io.ObjectInputStream.readObject0(ObjectInputStream.java:1328)
	at java.io.ObjectInputStream.readObject(ObjectInputStream.java:350)
	at org.jfree.chart.axis.junit.NumberAxisTests.testSerialization(NumberAxisTests.java:213)
	at sun.reflect.NativeMethodAccessorImpl.invoke0(Native Method)
	at sun.reflect.NativeMethodAccessorImpl.invoke(NativeMethodAccessorImpl.java:39)
	at sun.reflect.DelegatingMethodAccessorImpl.invoke(DelegatingMethodAccessorImpl.java:25)
	at java.lang.reflect.Method.invoke(Method.java:597)
	at junit.framework.TestCase.runTest(TestCase.java:168)
	at junit.framework.TestCase.runBare(TestCase.java:134)
	at junit.framework.TestResult$1.protect(TestResult.java:110)
	at junit.framework.TestResult.runProtected(TestResult.java:128)
	at junit.framework.TestResult.run(TestResult.java:113)
	at junit.framework.TestCase.run(TestCase.java:124)
	at junit.framework.TestSuite.runTest(TestSuite.java:243)
	at junit.framework.TestSuite.run(TestSuite.java:238)
	at org.junit.internal.runners.JUnit38ClassRunner.run(JUnit38ClassRunner.java:101)
	at de.unisb.cs.st.javalanche.mutation.runtime.testDriver.junit.Junit4MutationTestDriver.runTest(Junit4MutationTestDriver.java:231)
	at de.unisb.cs.st.javalanche.mutation.runtime.testDriver.junit.Junit4MutationTestDriver.access$400(Junit4MutationTestDriver.java:59)
	at de.unisb.cs.st.javalanche.mutation.runtime.testDriver.junit.Junit4MutationTestDriver$1.run(Junit4MutationTestDriver.java:330)
	at java.util.concurrent.Executors$RunnableAdapter.call(Executors.java:441)
	at java.util.concurrent.FutureTask$Sync.innerRun(FutureTask.java:303)
	at java.util.concurrent.FutureTask.run(FutureTask.java:138)
	at java.lang.Thread.run(Thread.java:662)
java.io.EOFException
	at java.io.DataInputStream.readInt(DataInputStream.java:375)
	at java.io.DataInputStream.readFloat(DataInputStream.java:429)
	at java.io.ObjectInputStream$BlockDataInputStream.readFloat(ObjectInputStream.java:2787)
	at java.io.ObjectInputStream.readFloat(ObjectInputStream.java:971)
	at org.jfree.io.SerialUtilities.readStroke(SerialUtilities.java:213)
	at org.jfree.chart.annotations.XYPolygonAnnotation.readObject(XYPolygonAnnotation.java:356)
	at sun.reflect.NativeMethodAccessorImpl.invoke0(Native Method)
	at sun.reflect.NativeMethodAccessorImpl.invoke(NativeMethodAccessorImpl.java:39)
	at sun.reflect.DelegatingMethodAccessorImpl.invoke(DelegatingMethodAccessorImpl.java:25)
	at java.lang.reflect.Method.invoke(Method.java:597)
	at java.io.ObjectStreamClass.invokeReadObject(ObjectStreamClass.java:974)
	at java.io.ObjectInputStream.readSerialData(ObjectInputStream.java:1848)
	at java.io.ObjectInputStream.readOrdinaryObject(ObjectInputStream.java:1752)
	at java.io.ObjectInputStream.readObject0(ObjectInputStream.java:1328)
	at java.io.ObjectInputStream.readObject(ObjectInputStream.java:350)
	at org.jfree.chart.annotations.junit.XYPolygonAnnotationTests.testSerialization(XYPolygonAnnotationTests.java:186)
	at sun.reflect.NativeMethodAccessorImpl.invoke0(Native Method)
	at sun.reflect.NativeMethodAccessorImpl.invoke(NativeMethodAccessorImpl.java:39)
	at sun.reflect.DelegatingMethodAccessorImpl.invoke(DelegatingMethodAccessorImpl.java:25)
	at java.lang.reflect.Method.invoke(Method.java:597)
	at junit.framework.TestCase.runTest(TestCase.java:168)
	at junit.framework.TestCase.runBare(TestCase.java:134)
	at junit.framework.TestResult$1.protect(TestResult.java:110)
	at junit.framework.TestResult.runProtected(TestResult.java:128)
	at junit.framework.TestResult.run(TestResult.java:113)
	at junit.framework.TestCase.run(TestCase.java:124)
	at junit.framework.TestSuite.runTest(TestSuite.java:243)
	at junit.framework.TestSuite.run(TestSuite.java:238)
	at org.junit.internal.runners.JUnit38ClassRunner.run(JUnit38ClassRunner.java:101)
	at de.unisb.cs.st.javalanche.mutation.runtime.testDriver.junit.Junit4MutationTestDriver.runTest(Junit4MutationTestDriver.java:231)
	at de.unisb.cs.st.javalanche.mutation.runtime.testDriver.junit.Junit4MutationTestDriver.access$400(Junit4MutationTestDriver.java:59)
	at de.unisb.cs.st.javalanche.mutation.runtime.testDriver.junit.Junit4MutationTestDriver$1.run(Junit4MutationTestDriver.java:330)
	at java.util.concurrent.Executors$RunnableAdapter.call(Executors.java:441)
	at java.util.concurrent.FutureTask$Sync.innerRun(FutureTask.java:303)
	at java.util.concurrent.FutureTask.run(FutureTask.java:138)
	at java.lang.Thread.run(Thread.java:662)
java.io.EOFException
	at java.io.DataInputStream.readInt(DataInputStream.java:375)
	at java.io.DataInputStream.readFloat(DataInputStream.java:429)
	at java.io.ObjectInputStream$BlockDataInputStream.readFloat(ObjectInputStream.java:2787)
	at java.io.ObjectInputStream.readFloat(ObjectInputStream.java:971)
	at org.jfree.io.SerialUtilities.readStroke(SerialUtilities.java:213)
	at org.jfree.chart.plot.dial.StandardDialFrame.readObject(StandardDialFrame.java:357)
	at sun.reflect.NativeMethodAccessorImpl.invoke0(Native Method)
	at sun.reflect.NativeMethodAccessorImpl.invoke(NativeMethodAccessorImpl.java:39)
	at sun.reflect.DelegatingMethodAccessorImpl.invoke(DelegatingMethodAccessorImpl.java:25)
	at java.lang.reflect.Method.invoke(Method.java:597)
	at java.io.ObjectStreamClass.invokeReadObject(ObjectStreamClass.java:974)
	at java.io.ObjectInputStream.readSerialData(ObjectInputStream.java:1848)
	at java.io.ObjectInputStream.readOrdinaryObject(ObjectInputStream.java:1752)
	at java.io.ObjectInputStream.readObject0(ObjectInputStream.java:1328)
	at java.io.ObjectInputStream.readObject(ObjectInputStream.java:350)
	at org.jfree.chart.plot.dial.junit.StandardDialFrameTests.testSerialization(StandardDialFrameTests.java:176)
	at sun.reflect.NativeMethodAccessorImpl.invoke0(Native Method)
	at sun.reflect.NativeMethodAccessorImpl.invoke(NativeMethodAccessorImpl.java:39)
	at sun.reflect.DelegatingMethodAccessorImpl.invoke(DelegatingMethodAccessorImpl.java:25)
	at java.lang.reflect.Method.invoke(Method.java:597)
	at junit.framework.TestCase.runTest(TestCase.java:168)
	at junit.framework.TestCase.runBare(TestCase.java:134)
	at junit.framework.TestResult$1.protect(TestResult.java:110)
	at junit.framework.TestResult.runProtected(TestResult.java:128)
	at junit.framework.TestResult.run(TestResult.java:113)
	at junit.framework.TestCase.run(TestCase.java:124)
	at junit.framework.TestSuite.runTest(TestSuite.java:243)
	at junit.framework.TestSuite.run(TestSuite.java:238)
	at org.junit.internal.runners.JUnit38ClassRunner.run(JUnit38ClassRunner.java:101)
	at de.unisb.cs.st.javalanche.mutation.runtime.testDriver.junit.Junit4MutationTestDriver.runTest(Junit4MutationTestDriver.java:231)
	at de.unisb.cs.st.javalanche.mutation.runtime.testDriver.junit.Junit4MutationTestDriver.access$400(Junit4MutationTestDriver.java:59)
	at de.unisb.cs.st.javalanche.mutation.runtime.testDriver.junit.Junit4MutationTestDriver$1.run(Junit4MutationTestDriver.java:330)
	at java.util.concurrent.Executors$RunnableAdapter.call(Executors.java:441)
	at java.util.concurrent.FutureTask$Sync.innerRun(FutureTask.java:303)
	at java.util.concurrent.FutureTask.run(FutureTask.java:138)
	at java.lang.Thread.run(Thread.java:662)
java.io.EOFException
	at java.io.DataInputStream.readInt(DataInputStream.java:375)
	at java.io.ObjectInputStream$BlockDataInputStream.readInt(ObjectInputStream.java:2775)
	at java.io.ObjectInputStream.readInt(ObjectInputStream.java:949)
	at org.jfree.chart.plot.DefaultDrawingSupplier.readObject(DefaultDrawingSupplier.java:491)
	at sun.reflect.GeneratedMethodAccessor61.invoke(Unknown Source)
	at sun.reflect.DelegatingMethodAccessorImpl.invoke(DelegatingMethodAccessorImpl.java:25)
	at java.lang.reflect.Method.invoke(Method.java:597)
	at java.io.ObjectStreamClass.invokeReadObject(ObjectStreamClass.java:974)
	at java.io.ObjectInputStream.readSerialData(ObjectInputStream.java:1848)
	at java.io.ObjectInputStream.readOrdinaryObject(ObjectInputStream.java:1752)
	at java.io.ObjectInputStream.readObject0(ObjectInputStream.java:1328)
	at java.io.ObjectInputStream.defaultReadFields(ObjectInputStream.java:1946)
	at java.io.ObjectInputStream.defaultReadObject(ObjectInputStream.java:479)
	at org.jfree.chart.plot.Plot.readObject(Plot.java:1284)
	at sun.reflect.GeneratedMethodAccessor60.invoke(Unknown Source)
	at sun.reflect.DelegatingMethodAccessorImpl.invoke(DelegatingMethodAccessorImpl.java:25)
	at java.lang.reflect.Method.invoke(Method.java:597)
	at java.io.ObjectStreamClass.invokeReadObject(ObjectStreamClass.java:974)
	at java.io.ObjectInputStream.readSerialData(ObjectInputStream.java:1848)
	at java.io.ObjectInputStream.readOrdinaryObject(ObjectInputStream.java:1752)
	at java.io.ObjectInputStream.readObject0(ObjectInputStream.java:1328)
	at java.io.ObjectInputStream.readObject(ObjectInputStream.java:350)
	at org.jfree.chart.plot.junit.PiePlotTests.testSerialization(PiePlotTests.java:563)
	at sun.reflect.NativeMethodAccessorImpl.invoke0(Native Method)
	at sun.reflect.NativeMethodAccessorImpl.invoke(NativeMethodAccessorImpl.java:39)
	at sun.reflect.DelegatingMethodAccessorImpl.invoke(DelegatingMethodAccessorImpl.java:25)
	at java.lang.reflect.Method.invoke(Method.java:597)
	at junit.framework.TestCase.runTest(TestCase.java:168)
	at junit.framework.TestCase.runBare(TestCase.java:134)
	at junit.framework.TestResult$1.protect(TestResult.java:110)
	at junit.framework.TestResult.runProtected(TestResult.java:128)
	at junit.framework.TestResult.run(TestResult.java:113)
	at junit.framework.TestCase.run(TestCase.java:124)
	at junit.framework.TestSuite.runTest(TestSuite.java:243)
	at junit.framework.TestSuite.run(TestSuite.java:238)
	at org.junit.internal.runners.JUnit38ClassRunner.run(JUnit38ClassRunner.java:101)
	at de.unisb.cs.st.javalanche.mutation.runtime.testDriver.junit.Junit4MutationTestDriver.runTest(Junit4MutationTestDriver.java:231)
	at de.unisb.cs.st.javalanche.mutation.runtime.testDriver.junit.Junit4MutationTestDriver.access$400(Junit4MutationTestDriver.java:59)
	at de.unisb.cs.st.javalanche.mutation.runtime.testDriver.junit.Junit4MutationTestDriver$1.run(Junit4MutationTestDriver.java:330)
	at java.util.concurrent.Executors$RunnableAdapter.call(Executors.java:441)
	at java.util.concurrent.FutureTask$Sync.innerRun(FutureTask.java:303)
	at java.util.concurrent.FutureTask.run(FutureTask.java:138)
	at java.lang.Thread.run(Thread.java:662)
java.io.EOFException
	at java.io.DataInputStream.readInt(DataInputStream.java:375)
	at java.io.DataInputStream.readFloat(DataInputStream.java:429)
	at java.io.ObjectInputStream$BlockDataInputStream.readFloat(ObjectInputStream.java:2787)
	at java.io.ObjectInputStream.readFloat(ObjectInputStream.java:971)
	at org.jfree.io.SerialUtilities.readStroke(SerialUtilities.java:213)
	at org.jfree.chart.renderer.AbstractRenderer.readObject(AbstractRenderer.java:3615)
	at sun.reflect.GeneratedMethodAccessor34.invoke(Unknown Source)
	at sun.reflect.DelegatingMethodAccessorImpl.invoke(DelegatingMethodAccessorImpl.java:25)
	at java.lang.reflect.Method.invoke(Method.java:597)
	at java.io.ObjectStreamClass.invokeReadObject(ObjectStreamClass.java:974)
	at java.io.ObjectInputStream.readSerialData(ObjectInputStream.java:1848)
	at java.io.ObjectInputStream.readOrdinaryObject(ObjectInputStream.java:1752)
	at java.io.ObjectInputStream.readObject0(ObjectInputStream.java:1328)
	at java.io.ObjectInputStream.readObject(ObjectInputStream.java:350)
	at org.jfree.chart.renderer.category.junit.AreaRendererTests.testSerialization(AreaRendererTests.java:146)
	at sun.reflect.NativeMethodAccessorImpl.invoke0(Native Method)
	at sun.reflect.NativeMethodAccessorImpl.invoke(NativeMethodAccessorImpl.java:39)
	at sun.reflect.DelegatingMethodAccessorImpl.invoke(DelegatingMethodAccessorImpl.java:25)
	at java.lang.reflect.Method.invoke(Method.java:597)
	at junit.framework.TestCase.runTest(TestCase.java:168)
	at junit.framework.TestCase.runBare(TestCase.java:134)
	at junit.framework.TestResult$1.protect(TestResult.java:110)
	at junit.framework.TestResult.runProtected(TestResult.java:128)
	at junit.framework.TestResult.run(TestResult.java:113)
	at junit.framework.TestCase.run(TestCase.java:124)
	at junit.framework.TestSuite.runTest(TestSuite.java:243)
	at junit.framework.TestSuite.run(TestSuite.java:238)
	at org.junit.internal.runners.JUnit38ClassRunner.run(JUnit38ClassRunner.java:101)
	at de.unisb.cs.st.javalanche.mutation.runtime.testDriver.junit.Junit4MutationTestDriver.runTest(Junit4MutationTestDriver.java:231)
	at de.unisb.cs.st.javalanche.mutation.runtime.testDriver.junit.Junit4MutationTestDriver.access$400(Junit4MutationTestDriver.java:59)
	at de.unisb.cs.st.javalanche.mutation.runtime.testDriver.junit.Junit4MutationTestDriver$1.run(Junit4MutationTestDriver.java:330)
	at java.util.concurrent.Executors$RunnableAdapter.call(Executors.java:441)
	at java.util.concurrent.FutureTask$Sync.innerRun(FutureTask.java:303)
	at java.util.concurrent.FutureTask.run(FutureTask.java:138)
	at java.lang.Thread.run(Thread.java:662)
java.io.EOFException
	at java.io.DataInputStream.readInt(DataInputStream.java:375)
	at java.io.DataInputStream.readFloat(DataInputStream.java:429)
	at java.io.ObjectInputStream$BlockDataInputStream.readFloat(ObjectInputStream.java:2787)
	at java.io.ObjectInputStream.readFloat(ObjectInputStream.java:971)
	at org.jfree.io.SerialUtilities.readStroke(SerialUtilities.java:213)
	at org.jfree.chart.axis.Axis.readObject(Axis.java:1264)
	at sun.reflect.GeneratedMethodAccessor48.invoke(Unknown Source)
	at sun.reflect.DelegatingMethodAccessorImpl.invoke(DelegatingMethodAccessorImpl.java:25)
	at java.lang.reflect.Method.invoke(Method.java:597)
	at java.io.ObjectStreamClass.invokeReadObject(ObjectStreamClass.java:974)
	at java.io.ObjectInputStream.readSerialData(ObjectInputStream.java:1848)
	at java.io.ObjectInputStream.readOrdinaryObject(ObjectInputStream.java:1752)
	at java.io.ObjectInputStream.readObject0(ObjectInputStream.java:1328)
	at java.io.ObjectInputStream.defaultReadFields(ObjectInputStream.java:1946)
	at java.io.ObjectInputStream.defaultReadObject(ObjectInputStream.java:479)
	at org.jfree.chart.title.PaintScaleLegend.readObject(PaintScaleLegend.java:652)
	at sun.reflect.NativeMethodAccessorImpl.invoke0(Native Method)
	at sun.reflect.NativeMethodAccessorImpl.invoke(NativeMethodAccessorImpl.java:39)
	at sun.reflect.DelegatingMethodAccessorImpl.invoke(DelegatingMethodAccessorImpl.java:25)
	at java.lang.reflect.Method.invoke(Method.java:597)
	at java.io.ObjectStreamClass.invokeReadObject(ObjectStreamClass.java:974)
	at java.io.ObjectInputStream.readSerialData(ObjectInputStream.java:1848)
	at java.io.ObjectInputStream.readOrdinaryObject(ObjectInputStream.java:1752)
	at java.io.ObjectInputStream.readObject0(ObjectInputStream.java:1328)
	at java.io.ObjectInputStream.readObject(ObjectInputStream.java:350)
	at org.jfree.chart.title.junit.PaintScaleLegendTests.testSerialization(PaintScaleLegendTests.java:206)
	at sun.reflect.NativeMethodAccessorImpl.invoke0(Native Method)
	at sun.reflect.NativeMethodAccessorImpl.invoke(NativeMethodAccessorImpl.java:39)
	at sun.reflect.DelegatingMethodAccessorImpl.invoke(DelegatingMethodAccessorImpl.java:25)
	at java.lang.reflect.Method.invoke(Method.java:597)
	at junit.framework.TestCase.runTest(TestCase.java:168)
	at junit.framework.TestCase.runBare(TestCase.java:134)
	at junit.framework.TestResult$1.protect(TestResult.java:110)
	at junit.framework.TestResult.runProtected(TestResult.java:128)
	at junit.framework.TestResult.run(TestResult.java:113)
	at junit.framework.TestCase.run(TestCase.java:124)
	at junit.framework.TestSuite.runTest(TestSuite.java:243)
	at junit.framework.TestSuite.run(TestSuite.java:238)
	at org.junit.internal.runners.JUnit38ClassRunner.run(JUnit38ClassRunner.java:101)
	at de.unisb.cs.st.javalanche.mutation.runtime.testDriver.junit.Junit4MutationTestDriver.runTest(Junit4MutationTestDriver.java:231)
	at de.unisb.cs.st.javalanche.mutation.runtime.testDriver.junit.Junit4MutationTestDriver.access$400(Junit4MutationTestDriver.java:59)
	at de.unisb.cs.st.javalanche.mutation.runtime.testDriver.junit.Junit4MutationTestDriver$1.run(Junit4MutationTestDriver.java:330)
	at java.util.concurrent.Executors$RunnableAdapter.call(Executors.java:441)
	at java.util.concurrent.FutureTask$Sync.innerRun(FutureTask.java:303)
	at java.util.concurrent.FutureTask.run(FutureTask.java:138)
	at java.lang.Thread.run(Thread.java:662)
java.io.EOFException
	at java.io.DataInputStream.readInt(DataInputStream.java:375)
	at java.io.DataInputStream.readFloat(DataInputStream.java:429)
	at java.io.ObjectInputStream$BlockDataInputStream.readFloat(ObjectInputStream.java:2787)
	at java.io.ObjectInputStream.readFloat(ObjectInputStream.java:971)
	at org.jfree.io.SerialUtilities.readStroke(SerialUtilities.java:213)
	at org.jfree.chart.annotations.CategoryLineAnnotation.readObject(CategoryLineAnnotation.java:417)
	at sun.reflect.NativeMethodAccessorImpl.invoke0(Native Method)
	at sun.reflect.NativeMethodAccessorImpl.invoke(NativeMethodAccessorImpl.java:39)
	at sun.reflect.DelegatingMethodAccessorImpl.invoke(DelegatingMethodAccessorImpl.java:25)
	at java.lang.reflect.Method.invoke(Method.java:597)
	at java.io.ObjectStreamClass.invokeReadObject(ObjectStreamClass.java:974)
	at java.io.ObjectInputStream.readSerialData(ObjectInputStream.java:1848)
	at java.io.ObjectInputStream.readOrdinaryObject(ObjectInputStream.java:1752)
	at java.io.ObjectInputStream.readObject0(ObjectInputStream.java:1328)
	at java.io.ObjectInputStream.readObject(ObjectInputStream.java:350)
	at org.jfree.chart.annotations.junit.CategoryLineAnnotationTests.testSerialization(CategoryLineAnnotationTests.java:186)
	at sun.reflect.NativeMethodAccessorImpl.invoke0(Native Method)
	at sun.reflect.NativeMethodAccessorImpl.invoke(NativeMethodAccessorImpl.java:39)
	at sun.reflect.DelegatingMethodAccessorImpl.invoke(DelegatingMethodAccessorImpl.java:25)
	at java.lang.reflect.Method.invoke(Method.java:597)
	at junit.framework.TestCase.runTest(TestCase.java:168)
	at junit.framework.TestCase.runBare(TestCase.java:134)
	at junit.framework.TestResult$1.protect(TestResult.java:110)
	at junit.framework.TestResult.runProtected(TestResult.java:128)
	at junit.framework.TestResult.run(TestResult.java:113)
	at junit.framework.TestCase.run(TestCase.java:124)
	at junit.framework.TestSuite.runTest(TestSuite.java:243)
	at junit.framework.TestSuite.run(TestSuite.java:238)
	at org.junit.internal.runners.JUnit38ClassRunner.run(JUnit38ClassRunner.java:101)
	at de.unisb.cs.st.javalanche.mutation.runtime.testDriver.junit.Junit4MutationTestDriver.runTest(Junit4MutationTestDriver.java:231)
	at de.unisb.cs.st.javalanche.mutation.runtime.testDriver.junit.Junit4MutationTestDriver.access$400(Junit4MutationTestDriver.java:59)
	at de.unisb.cs.st.javalanche.mutation.runtime.testDriver.junit.Junit4MutationTestDriver$1.run(Junit4MutationTestDriver.java:330)
	at java.util.concurrent.Executors$RunnableAdapter.call(Executors.java:441)
	at java.util.concurrent.FutureTask$Sync.innerRun(FutureTask.java:303)
	at java.util.concurrent.FutureTask.run(FutureTask.java:138)
	at java.lang.Thread.run(Thread.java:662)
java.io.EOFException
	at java.io.DataInputStream.readInt(DataInputStream.java:375)
	at java.io.DataInputStream.readFloat(DataInputStream.java:429)
	at java.io.ObjectInputStream$BlockDataInputStream.readFloat(ObjectInputStream.java:2787)
	at java.io.ObjectInputStream.readFloat(ObjectInputStream.java:971)
	at org.jfree.io.SerialUtilities.readStroke(SerialUtilities.java:213)
	at org.jfree.chart.renderer.AbstractRenderer.readObject(AbstractRenderer.java:3615)
	at sun.reflect.GeneratedMethodAccessor34.invoke(Unknown Source)
	at sun.reflect.DelegatingMethodAccessorImpl.invoke(DelegatingMethodAccessorImpl.java:25)
	at java.lang.reflect.Method.invoke(Method.java:597)
	at java.io.ObjectStreamClass.invokeReadObject(ObjectStreamClass.java:974)
	at java.io.ObjectInputStream.readSerialData(ObjectInputStream.java:1848)
	at java.io.ObjectInputStream.readOrdinaryObject(ObjectInputStream.java:1752)
	at java.io.ObjectInputStream.readObject0(ObjectInputStream.java:1328)
	at java.io.ObjectInputStream.readObject(ObjectInputStream.java:350)
	at org.jfree.chart.renderer.xy.junit.XYDifferenceRendererTests.testSerialization(XYDifferenceRendererTests.java:197)
	at sun.reflect.NativeMethodAccessorImpl.invoke0(Native Method)
	at sun.reflect.NativeMethodAccessorImpl.invoke(NativeMethodAccessorImpl.java:39)
	at sun.reflect.DelegatingMethodAccessorImpl.invoke(DelegatingMethodAccessorImpl.java:25)
	at java.lang.reflect.Method.invoke(Method.java:597)
	at junit.framework.TestCase.runTest(TestCase.java:168)
	at junit.framework.TestCase.runBare(TestCase.java:134)
	at junit.framework.TestResult$1.protect(TestResult.java:110)
	at junit.framework.TestResult.runProtected(TestResult.java:128)
	at junit.framework.TestResult.run(TestResult.java:113)
	at junit.framework.TestCase.run(TestCase.java:124)
	at junit.framework.TestSuite.runTest(TestSuite.java:243)
	at junit.framework.TestSuite.run(TestSuite.java:238)
	at org.junit.internal.runners.JUnit38ClassRunner.run(JUnit38ClassRunner.java:101)
	at de.unisb.cs.st.javalanche.mutation.runtime.testDriver.junit.Junit4MutationTestDriver.runTest(Junit4MutationTestDriver.java:231)
	at de.unisb.cs.st.javalanche.mutation.runtime.testDriver.junit.Junit4MutationTestDriver.access$400(Junit4MutationTestDriver.java:59)
	at de.unisb.cs.st.javalanche.mutation.runtime.testDriver.junit.Junit4MutationTestDriver$1.run(Junit4MutationTestDriver.java:330)
	at java.util.concurrent.Executors$RunnableAdapter.call(Executors.java:441)
	at java.util.concurrent.FutureTask$Sync.innerRun(FutureTask.java:303)
	at java.util.concurrent.FutureTask.run(FutureTask.java:138)
	at java.lang.Thread.run(Thread.java:662)
java.io.EOFException
	at java.io.DataInputStream.readInt(DataInputStream.java:375)
	at java.io.DataInputStream.readFloat(DataInputStream.java:429)
	at java.io.ObjectInputStream$BlockDataInputStream.readFloat(ObjectInputStream.java:2787)
	at java.io.ObjectInputStream.readFloat(ObjectInputStream.java:971)
	at org.jfree.io.SerialUtilities.readStroke(SerialUtilities.java:213)
	at org.jfree.text.TextBox.readObject(TextBox.java:441)
	at sun.reflect.NativeMethodAccessorImpl.invoke0(Native Method)
	at sun.reflect.NativeMethodAccessorImpl.invoke(NativeMethodAccessorImpl.java:39)
	at sun.reflect.DelegatingMethodAccessorImpl.invoke(DelegatingMethodAccessorImpl.java:25)
	at java.lang.reflect.Method.invoke(Method.java:597)
	at java.io.ObjectStreamClass.invokeReadObject(ObjectStreamClass.java:974)
	at java.io.ObjectInputStream.readSerialData(ObjectInputStream.java:1848)
	at java.io.ObjectInputStream.readOrdinaryObject(ObjectInputStream.java:1752)
	at java.io.ObjectInputStream.readObject0(ObjectInputStream.java:1328)
	at java.io.ObjectInputStream.defaultReadFields(ObjectInputStream.java:1946)
	at java.io.ObjectInputStream.readSerialData(ObjectInputStream.java:1870)
	at java.io.ObjectInputStream.readOrdinaryObject(ObjectInputStream.java:1752)
	at java.io.ObjectInputStream.readObject0(ObjectInputStream.java:1328)
	at java.io.ObjectInputStream.readObject(ObjectInputStream.java:350)
	at org.jfree.chart.plot.junit.PieLabelRecordTests.testSerialization(PieLabelRecordTests.java:154)
	at sun.reflect.NativeMethodAccessorImpl.invoke0(Native Method)
	at sun.reflect.NativeMethodAccessorImpl.invoke(NativeMethodAccessorImpl.java:39)
	at sun.reflect.DelegatingMethodAccessorImpl.invoke(DelegatingMethodAccessorImpl.java:25)
	at java.lang.reflect.Method.invoke(Method.java:597)
	at junit.framework.TestCase.runTest(TestCase.java:168)
	at junit.framework.TestCase.runBare(TestCase.java:134)
	at junit.framework.TestResult$1.protect(TestResult.java:110)
	at junit.framework.TestResult.runProtected(TestResult.java:128)
	at junit.framework.TestResult.run(TestResult.java:113)
	at junit.framework.TestCase.run(TestCase.java:124)
	at junit.framework.TestSuite.runTest(TestSuite.java:243)
	at junit.framework.TestSuite.run(TestSuite.java:238)
	at org.junit.internal.runners.JUnit38ClassRunner.run(JUnit38ClassRunner.java:101)
	at de.unisb.cs.st.javalanche.mutation.runtime.testDriver.junit.Junit4MutationTestDriver.runTest(Junit4MutationTestDriver.java:231)
	at de.unisb.cs.st.javalanche.mutation.runtime.testDriver.junit.Junit4MutationTestDriver.access$400(Junit4MutationTestDriver.java:59)
	at de.unisb.cs.st.javalanche.mutation.runtime.testDriver.junit.Junit4MutationTestDriver$1.run(Junit4MutationTestDriver.java:330)
	at java.util.concurrent.Executors$RunnableAdapter.call(Executors.java:441)
	at java.util.concurrent.FutureTask$Sync.innerRun(FutureTask.java:303)
	at java.util.concurrent.FutureTask.run(FutureTask.java:138)
	at java.lang.Thread.run(Thread.java:662)
java.io.EOFException
	at java.io.DataInputStream.readInt(DataInputStream.java:375)
	at java.io.DataInputStream.readFloat(DataInputStream.java:429)
	at java.io.ObjectInputStream$BlockDataInputStream.readFloat(ObjectInputStream.java:2787)
	at java.io.ObjectInputStream.readFloat(ObjectInputStream.java:971)
	at org.jfree.io.SerialUtilities.readStroke(SerialUtilities.java:213)
	at org.jfree.chart.axis.Axis.readObject(Axis.java:1264)
	at sun.reflect.GeneratedMethodAccessor48.invoke(Unknown Source)
	at sun.reflect.DelegatingMethodAccessorImpl.invoke(DelegatingMethodAccessorImpl.java:25)
	at java.lang.reflect.Method.invoke(Method.java:597)
	at java.io.ObjectStreamClass.invokeReadObject(ObjectStreamClass.java:974)
	at java.io.ObjectInputStream.readSerialData(ObjectInputStream.java:1848)
	at java.io.ObjectInputStream.readOrdinaryObject(ObjectInputStream.java:1752)
	at java.io.ObjectInputStream.readObject0(ObjectInputStream.java:1328)
	at java.io.ObjectInputStream.readObject(ObjectInputStream.java:350)
	at org.jfree.chart.axis.junit.ExtendedCategoryAxisTests.testSerialization(ExtendedCategoryAxisTests.java:199)
	at sun.reflect.NativeMethodAccessorImpl.invoke0(Native Method)
	at sun.reflect.NativeMethodAccessorImpl.invoke(NativeMethodAccessorImpl.java:39)
	at sun.reflect.DelegatingMethodAccessorImpl.invoke(DelegatingMethodAccessorImpl.java:25)
	at java.lang.reflect.Method.invoke(Method.java:597)
	at junit.framework.TestCase.runTest(TestCase.java:168)
	at junit.framework.TestCase.runBare(TestCase.java:134)
	at junit.framework.TestResult$1.protect(TestResult.java:110)
	at junit.framework.TestResult.runProtected(TestResult.java:128)
	at junit.framework.TestResult.run(TestResult.java:113)
	at junit.framework.TestCase.run(TestCase.java:124)
	at junit.framework.TestSuite.runTest(TestSuite.java:243)
	at junit.framework.TestSuite.run(TestSuite.java:238)
	at org.junit.internal.runners.JUnit38ClassRunner.run(JUnit38ClassRunner.java:101)
	at de.unisb.cs.st.javalanche.mutation.runtime.testDriver.junit.Junit4MutationTestDriver.runTest(Junit4MutationTestDriver.java:231)
	at de.unisb.cs.st.javalanche.mutation.runtime.testDriver.junit.Junit4MutationTestDriver.access$400(Junit4MutationTestDriver.java:59)
	at de.unisb.cs.st.javalanche.mutation.runtime.testDriver.junit.Junit4MutationTestDriver$1.run(Junit4MutationTestDriver.java:330)
	at java.util.concurrent.Executors$RunnableAdapter.call(Executors.java:441)
	at java.util.concurrent.FutureTask$Sync.innerRun(FutureTask.java:303)
	at java.util.concurrent.FutureTask.run(FutureTask.java:138)
	at java.lang.Thread.run(Thread.java:662)
java.io.EOFException
	at java.io.DataInputStream.readInt(DataInputStream.java:375)
	at java.io.DataInputStream.readFloat(DataInputStream.java:429)
	at java.io.ObjectInputStream$BlockDataInputStream.readFloat(ObjectInputStream.java:2787)
	at java.io.ObjectInputStream.readFloat(ObjectInputStream.java:971)
	at org.jfree.io.SerialUtilities.readStroke(SerialUtilities.java:213)
	at org.jfree.chart.axis.Axis.readObject(Axis.java:1264)
	at sun.reflect.GeneratedMethodAccessor48.invoke(Unknown Source)
	at sun.reflect.DelegatingMethodAccessorImpl.invoke(DelegatingMethodAccessorImpl.java:25)
	at java.lang.reflect.Method.invoke(Method.java:597)
	at java.io.ObjectStreamClass.invokeReadObject(ObjectStreamClass.java:974)
	at java.io.ObjectInputStream.readSerialData(ObjectInputStream.java:1848)
	at java.io.ObjectInputStream.readOrdinaryObject(ObjectInputStream.java:1752)
	at java.io.ObjectInputStream.readObject0(ObjectInputStream.java:1328)
	at java.io.ObjectInputStream.readObject(ObjectInputStream.java:350)
	at org.jfree.chart.axis.junit.LogAxisTests.testSerialization(LogAxisTests.java:187)
	at sun.reflect.NativeMethodAccessorImpl.invoke0(Native Method)
	at sun.reflect.NativeMethodAccessorImpl.invoke(NativeMethodAccessorImpl.java:39)
	at sun.reflect.DelegatingMethodAccessorImpl.invoke(DelegatingMethodAccessorImpl.java:25)
	at java.lang.reflect.Method.invoke(Method.java:597)
	at junit.framework.TestCase.runTest(TestCase.java:168)
	at junit.framework.TestCase.runBare(TestCase.java:134)
	at junit.framework.TestResult$1.protect(TestResult.java:110)
	at junit.framework.TestResult.runProtected(TestResult.java:128)
	at junit.framework.TestResult.run(TestResult.java:113)
	at junit.framework.TestCase.run(TestCase.java:124)
	at junit.framework.TestSuite.runTest(TestSuite.java:243)
	at junit.framework.TestSuite.run(TestSuite.java:238)
	at org.junit.internal.runners.JUnit38ClassRunner.run(JUnit38ClassRunner.java:101)
	at de.unisb.cs.st.javalanche.mutation.runtime.testDriver.junit.Junit4MutationTestDriver.runTest(Junit4MutationTestDriver.java:231)
	at de.unisb.cs.st.javalanche.mutation.runtime.testDriver.junit.Junit4MutationTestDriver.access$400(Junit4MutationTestDriver.java:59)
	at de.unisb.cs.st.javalanche.mutation.runtime.testDriver.junit.Junit4MutationTestDriver$1.run(Junit4MutationTestDriver.java:330)
	at java.util.concurrent.Executors$RunnableAdapter.call(Executors.java:441)
	at java.util.concurrent.FutureTask$Sync.innerRun(FutureTask.java:303)
	at java.util.concurrent.FutureTask.run(FutureTask.java:138)
	at java.lang.Thread.run(Thread.java:662)
java.io.EOFException
	at java.io.DataInputStream.readInt(DataInputStream.java:375)
	at java.io.DataInputStream.readFloat(DataInputStream.java:429)
	at java.io.ObjectInputStream$BlockDataInputStream.readFloat(ObjectInputStream.java:2787)
	at java.io.ObjectInputStream.readFloat(ObjectInputStream.java:971)
	at org.jfree.io.SerialUtilities.readStroke(SerialUtilities.java:213)
	at org.jfree.chart.StrokeMap.readObject(StrokeMap.java:212)
	at sun.reflect.GeneratedMethodAccessor179.invoke(Unknown Source)
	at sun.reflect.DelegatingMethodAccessorImpl.invoke(DelegatingMethodAccessorImpl.java:25)
	at java.lang.reflect.Method.invoke(Method.java:597)
	at java.io.ObjectStreamClass.invokeReadObject(ObjectStreamClass.java:974)
	at java.io.ObjectInputStream.readSerialData(ObjectInputStream.java:1848)
	at java.io.ObjectInputStream.readOrdinaryObject(ObjectInputStream.java:1752)
	at java.io.ObjectInputStream.readObject0(ObjectInputStream.java:1328)
	at java.io.ObjectInputStream.readObject(ObjectInputStream.java:350)
	at org.jfree.chart.junit.StrokeMapTests.testSerialization2(StrokeMapTests.java:212)
	at sun.reflect.NativeMethodAccessorImpl.invoke0(Native Method)
	at sun.reflect.NativeMethodAccessorImpl.invoke(NativeMethodAccessorImpl.java:39)
	at sun.reflect.DelegatingMethodAccessorImpl.invoke(DelegatingMethodAccessorImpl.java:25)
	at java.lang.reflect.Method.invoke(Method.java:597)
	at junit.framework.TestCase.runTest(TestCase.java:168)
	at junit.framework.TestCase.runBare(TestCase.java:134)
	at junit.framework.TestResult$1.protect(TestResult.java:110)
	at junit.framework.TestResult.runProtected(TestResult.java:128)
	at junit.framework.TestResult.run(TestResult.java:113)
	at junit.framework.TestCase.run(TestCase.java:124)
	at junit.framework.TestSuite.runTest(TestSuite.java:243)
	at junit.framework.TestSuite.run(TestSuite.java:238)
	at org.junit.internal.runners.JUnit38ClassRunner.run(JUnit38ClassRunner.java:101)
	at de.unisb.cs.st.javalanche.mutation.runtime.testDriver.junit.Junit4MutationTestDriver.runTest(Junit4MutationTestDriver.java:231)
	at de.unisb.cs.st.javalanche.mutation.runtime.testDriver.junit.Junit4MutationTestDriver.access$400(Junit4MutationTestDriver.java:59)
	at de.unisb.cs.st.javalanche.mutation.runtime.testDriver.junit.Junit4MutationTestDriver$1.run(Junit4MutationTestDriver.java:330)
	at java.util.concurrent.Executors$RunnableAdapter.call(Executors.java:441)
	at java.util.concurrent.FutureTask$Sync.innerRun(FutureTask.java:303)
	at java.util.concurrent.FutureTask.run(FutureTask.java:138)
	at java.lang.Thread.run(Thread.java:662)
java.io.EOFException
	at java.io.DataInputStream.readInt(DataInputStream.java:375)
	at java.io.ObjectInputStream$BlockDataInputStream.readInt(ObjectInputStream.java:2775)
	at java.io.ObjectInputStream.readInt(ObjectInputStream.java:949)
	at org.jfree.chart.plot.DefaultDrawingSupplier.readObject(DefaultDrawingSupplier.java:491)
	at sun.reflect.GeneratedMethodAccessor61.invoke(Unknown Source)
	at sun.reflect.DelegatingMethodAccessorImpl.invoke(DelegatingMethodAccessorImpl.java:25)
	at java.lang.reflect.Method.invoke(Method.java:597)
	at java.io.ObjectStreamClass.invokeReadObject(ObjectStreamClass.java:974)
	at java.io.ObjectInputStream.readSerialData(ObjectInputStream.java:1848)
	at java.io.ObjectInputStream.readOrdinaryObject(ObjectInputStream.java:1752)
	at java.io.ObjectInputStream.readObject0(ObjectInputStream.java:1328)
	at java.io.ObjectInputStream.defaultReadFields(ObjectInputStream.java:1946)
	at java.io.ObjectInputStream.defaultReadObject(ObjectInputStream.java:479)
	at org.jfree.chart.plot.Plot.readObject(Plot.java:1284)
	at sun.reflect.GeneratedMethodAccessor60.invoke(Unknown Source)
	at sun.reflect.DelegatingMethodAccessorImpl.invoke(DelegatingMethodAccessorImpl.java:25)
	at java.lang.reflect.Method.invoke(Method.java:597)
	at java.io.ObjectStreamClass.invokeReadObject(ObjectStreamClass.java:974)
	at java.io.ObjectInputStream.readSerialData(ObjectInputStream.java:1848)
	at java.io.ObjectInputStream.readOrdinaryObject(ObjectInputStream.java:1752)
	at java.io.ObjectInputStream.readObject0(ObjectInputStream.java:1328)
	at java.io.ObjectInputStream.readObject(ObjectInputStream.java:350)
	at org.jfree.chart.plot.dial.junit.DialPlotTests.testSerialization(DialPlotTests.java:205)
	at sun.reflect.NativeMethodAccessorImpl.invoke0(Native Method)
	at sun.reflect.NativeMethodAccessorImpl.invoke(NativeMethodAccessorImpl.java:39)
	at sun.reflect.DelegatingMethodAccessorImpl.invoke(DelegatingMethodAccessorImpl.java:25)
	at java.lang.reflect.Method.invoke(Method.java:597)
	at junit.framework.TestCase.runTest(TestCase.java:168)
	at junit.framework.TestCase.runBare(TestCase.java:134)
	at junit.framework.TestResult$1.protect(TestResult.java:110)
	at junit.framework.TestResult.runProtected(TestResult.java:128)
	at junit.framework.TestResult.run(TestResult.java:113)
	at junit.framework.TestCase.run(TestCase.java:124)
	at junit.framework.TestSuite.runTest(TestSuite.java:243)
	at junit.framework.TestSuite.run(TestSuite.java:238)
	at org.junit.internal.runners.JUnit38ClassRunner.run(JUnit38ClassRunner.java:101)
	at de.unisb.cs.st.javalanche.mutation.runtime.testDriver.junit.Junit4MutationTestDriver.runTest(Junit4MutationTestDriver.java:231)
	at de.unisb.cs.st.javalanche.mutation.runtime.testDriver.junit.Junit4MutationTestDriver.access$400(Junit4MutationTestDriver.java:59)
	at de.unisb.cs.st.javalanche.mutation.runtime.testDriver.junit.Junit4MutationTestDriver$1.run(Junit4MutationTestDriver.java:330)
	at java.util.concurrent.Executors$RunnableAdapter.call(Executors.java:441)
	at java.util.concurrent.FutureTask$Sync.innerRun(FutureTask.java:303)
	at java.util.concurrent.FutureTask.run(FutureTask.java:138)
	at java.lang.Thread.run(Thread.java:662)
java.io.EOFException
	at java.io.DataInputStream.readInt(DataInputStream.java:375)
	at java.io.DataInputStream.readFloat(DataInputStream.java:429)
	at java.io.ObjectInputStream$BlockDataInputStream.readFloat(ObjectInputStream.java:2787)
	at java.io.ObjectInputStream.readFloat(ObjectInputStream.java:971)
	at org.jfree.io.SerialUtilities.readStroke(SerialUtilities.java:213)
	at org.jfree.chart.plot.dial.DialCap.readObject(DialCap.java:338)
	at sun.reflect.NativeMethodAccessorImpl.invoke0(Native Method)
	at sun.reflect.NativeMethodAccessorImpl.invoke(NativeMethodAccessorImpl.java:39)
	at sun.reflect.DelegatingMethodAccessorImpl.invoke(DelegatingMethodAccessorImpl.java:25)
	at java.lang.reflect.Method.invoke(Method.java:597)
	at java.io.ObjectStreamClass.invokeReadObject(ObjectStreamClass.java:974)
	at java.io.ObjectInputStream.readSerialData(ObjectInputStream.java:1848)
	at java.io.ObjectInputStream.readOrdinaryObject(ObjectInputStream.java:1752)
	at java.io.ObjectInputStream.readObject0(ObjectInputStream.java:1328)
	at java.io.ObjectInputStream.readObject(ObjectInputStream.java:350)
	at org.jfree.chart.plot.dial.junit.DialCapTests.testSerialization(DialCapTests.java:196)
	at sun.reflect.NativeMethodAccessorImpl.invoke0(Native Method)
	at sun.reflect.NativeMethodAccessorImpl.invoke(NativeMethodAccessorImpl.java:39)
	at sun.reflect.DelegatingMethodAccessorImpl.invoke(DelegatingMethodAccessorImpl.java:25)
	at java.lang.reflect.Method.invoke(Method.java:597)
	at junit.framework.TestCase.runTest(TestCase.java:168)
	at junit.framework.TestCase.runBare(TestCase.java:134)
	at junit.framework.TestResult$1.protect(TestResult.java:110)
	at junit.framework.TestResult.runProtected(TestResult.java:128)
	at junit.framework.TestResult.run(TestResult.java:113)
	at junit.framework.TestCase.run(TestCase.java:124)
	at junit.framework.TestSuite.runTest(TestSuite.java:243)
	at junit.framework.TestSuite.run(TestSuite.java:238)
	at org.junit.internal.runners.JUnit38ClassRunner.run(JUnit38ClassRunner.java:101)
	at de.unisb.cs.st.javalanche.mutation.runtime.testDriver.junit.Junit4MutationTestDriver.runTest(Junit4MutationTestDriver.java:231)
	at de.unisb.cs.st.javalanche.mutation.runtime.testDriver.junit.Junit4MutationTestDriver.access$400(Junit4MutationTestDriver.java:59)
	at de.unisb.cs.st.javalanche.mutation.runtime.testDriver.junit.Junit4MutationTestDriver$1.run(Junit4MutationTestDriver.java:330)
	at java.util.concurrent.Executors$RunnableAdapter.call(Executors.java:441)
	at java.util.concurrent.FutureTask$Sync.innerRun(FutureTask.java:303)
	at java.util.concurrent.FutureTask.run(FutureTask.java:138)
	at java.lang.Thread.run(Thread.java:662)
java.io.EOFException
	at java.io.DataInputStream.readInt(DataInputStream.java:375)
	at java.io.ObjectInputStream$BlockDataInputStream.readInt(ObjectInputStream.java:2775)
	at java.io.ObjectInputStream.readInt(ObjectInputStream.java:949)
	at org.jfree.chart.plot.DefaultDrawingSupplier.readObject(DefaultDrawingSupplier.java:491)
	at sun.reflect.GeneratedMethodAccessor61.invoke(Unknown Source)
	at sun.reflect.DelegatingMethodAccessorImpl.invoke(DelegatingMethodAccessorImpl.java:25)
	at java.lang.reflect.Method.invoke(Method.java:597)
	at java.io.ObjectStreamClass.invokeReadObject(ObjectStreamClass.java:974)
	at java.io.ObjectInputStream.readSerialData(ObjectInputStream.java:1848)
	at java.io.ObjectInputStream.readOrdinaryObject(ObjectInputStream.java:1752)
	at java.io.ObjectInputStream.readObject0(ObjectInputStream.java:1328)
	at java.io.ObjectInputStream.defaultReadFields(ObjectInputStream.java:1946)
	at java.io.ObjectInputStream.defaultReadObject(ObjectInputStream.java:479)
	at org.jfree.chart.plot.Plot.readObject(Plot.java:1284)
	at sun.reflect.GeneratedMethodAccessor60.invoke(Unknown Source)
	at sun.reflect.DelegatingMethodAccessorImpl.invoke(DelegatingMethodAccessorImpl.java:25)
	at java.lang.reflect.Method.invoke(Method.java:597)
	at java.io.ObjectStreamClass.invokeReadObject(ObjectStreamClass.java:974)
	at java.io.ObjectInputStream.readSerialData(ObjectInputStream.java:1848)
	at java.io.ObjectInputStream.readOrdinaryObject(ObjectInputStream.java:1752)
	at java.io.ObjectInputStream.readObject0(ObjectInputStream.java:1328)
	at java.io.ObjectInputStream.readObject(ObjectInputStream.java:350)
	at org.jfree.chart.plot.junit.RingPlotTests.testSerialization(RingPlotTests.java:173)
	at sun.reflect.NativeMethodAccessorImpl.invoke0(Native Method)
	at sun.reflect.NativeMethodAccessorImpl.invoke(NativeMethodAccessorImpl.java:39)
	at sun.reflect.DelegatingMethodAccessorImpl.invoke(DelegatingMethodAccessorImpl.java:25)
	at java.lang.reflect.Method.invoke(Method.java:597)
	at junit.framework.TestCase.runTest(TestCase.java:168)
	at junit.framework.TestCase.runBare(TestCase.java:134)
	at junit.framework.TestResult$1.protect(TestResult.java:110)
	at junit.framework.TestResult.runProtected(TestResult.java:128)
	at junit.framework.TestResult.run(TestResult.java:113)
	at junit.framework.TestCase.run(TestCase.java:124)
	at junit.framework.TestSuite.runTest(TestSuite.java:243)
	at junit.framework.TestSuite.run(TestSuite.java:238)
	at org.junit.internal.runners.JUnit38ClassRunner.run(JUnit38ClassRunner.java:101)
	at de.unisb.cs.st.javalanche.mutation.runtime.testDriver.junit.Junit4MutationTestDriver.runTest(Junit4MutationTestDriver.java:231)
	at de.unisb.cs.st.javalanche.mutation.runtime.testDriver.junit.Junit4MutationTestDriver.access$400(Junit4MutationTestDriver.java:59)
	at de.unisb.cs.st.javalanche.mutation.runtime.testDriver.junit.Junit4MutationTestDriver$1.run(Junit4MutationTestDriver.java:330)
	at java.util.concurrent.Executors$RunnableAdapter.call(Executors.java:441)
	at java.util.concurrent.FutureTask$Sync.innerRun(FutureTask.java:303)
	at java.util.concurrent.FutureTask.run(FutureTask.java:138)
	at java.lang.Thread.run(Thread.java:662)
java.io.EOFException
	at java.io.DataInputStream.readInt(DataInputStream.java:375)
	at java.io.DataInputStream.readFloat(DataInputStream.java:429)
	at java.io.ObjectInputStream$BlockDataInputStream.readFloat(ObjectInputStream.java:2787)
	at java.io.ObjectInputStream.readFloat(ObjectInputStream.java:971)
	at org.jfree.io.SerialUtilities.readStroke(SerialUtilities.java:213)
	at org.jfree.chart.renderer.AbstractRenderer.readObject(AbstractRenderer.java:3615)
	at sun.reflect.GeneratedMethodAccessor34.invoke(Unknown Source)
	at sun.reflect.DelegatingMethodAccessorImpl.invoke(DelegatingMethodAccessorImpl.java:25)
	at java.lang.reflect.Method.invoke(Method.java:597)
	at java.io.ObjectStreamClass.invokeReadObject(ObjectStreamClass.java:974)
	at java.io.ObjectInputStream.readSerialData(ObjectInputStream.java:1848)
	at java.io.ObjectInputStream.readOrdinaryObject(ObjectInputStream.java:1752)
	at java.io.ObjectInputStream.readObject0(ObjectInputStream.java:1328)
	at java.io.ObjectInputStream.readObject(ObjectInputStream.java:350)
	at org.jfree.chart.renderer.xy.junit.VectorRendererTests.testSerialization(VectorRendererTests.java:140)
	at sun.reflect.NativeMethodAccessorImpl.invoke0(Native Method)
	at sun.reflect.NativeMethodAccessorImpl.invoke(NativeMethodAccessorImpl.java:39)
	at sun.reflect.DelegatingMethodAccessorImpl.invoke(DelegatingMethodAccessorImpl.java:25)
	at java.lang.reflect.Method.invoke(Method.java:597)
	at junit.framework.TestCase.runTest(TestCase.java:168)
	at junit.framework.TestCase.runBare(TestCase.java:134)
	at junit.framework.TestResult$1.protect(TestResult.java:110)
	at junit.framework.TestResult.runProtected(TestResult.java:128)
	at junit.framework.TestResult.run(TestResult.java:113)
	at junit.framework.TestCase.run(TestCase.java:124)
	at junit.framework.TestSuite.runTest(TestSuite.java:243)
	at junit.framework.TestSuite.run(TestSuite.java:238)
	at org.junit.internal.runners.JUnit38ClassRunner.run(JUnit38ClassRunner.java:101)
	at de.unisb.cs.st.javalanche.mutation.runtime.testDriver.junit.Junit4MutationTestDriver.runTest(Junit4MutationTestDriver.java:231)
	at de.unisb.cs.st.javalanche.mutation.runtime.testDriver.junit.Junit4MutationTestDriver.access$400(Junit4MutationTestDriver.java:59)
	at de.unisb.cs.st.javalanche.mutation.runtime.testDriver.junit.Junit4MutationTestDriver$1.run(Junit4MutationTestDriver.java:330)
	at java.util.concurrent.Executors$RunnableAdapter.call(Executors.java:441)
	at java.util.concurrent.FutureTask$Sync.innerRun(FutureTask.java:303)
	at java.util.concurrent.FutureTask.run(FutureTask.java:138)
	at java.lang.Thread.run(Thread.java:662)
java.io.EOFException
	at java.io.DataInputStream.readInt(DataInputStream.java:375)
	at java.io.DataInputStream.readFloat(DataInputStream.java:429)
	at java.io.ObjectInputStream$BlockDataInputStream.readFloat(ObjectInputStream.java:2787)
	at java.io.ObjectInputStream.readFloat(ObjectInputStream.java:971)
	at org.jfree.io.SerialUtilities.readStroke(SerialUtilities.java:213)
	at org.jfree.chart.renderer.AbstractRenderer.readObject(AbstractRenderer.java:3615)
	at sun.reflect.GeneratedMethodAccessor34.invoke(Unknown Source)
	at sun.reflect.DelegatingMethodAccessorImpl.invoke(DelegatingMethodAccessorImpl.java:25)
	at java.lang.reflect.Method.invoke(Method.java:597)
	at java.io.ObjectStreamClass.invokeReadObject(ObjectStreamClass.java:974)
	at java.io.ObjectInputStream.readSerialData(ObjectInputStream.java:1848)
	at java.io.ObjectInputStream.readOrdinaryObject(ObjectInputStream.java:1752)
	at java.io.ObjectInputStream.readObject0(ObjectInputStream.java:1328)
	at java.io.ObjectInputStream.readObject(ObjectInputStream.java:350)
	at org.jfree.chart.renderer.xy.junit.HighLowRendererTests.testSerialization(HighLowRendererTests.java:169)
	at sun.reflect.NativeMethodAccessorImpl.invoke0(Native Method)
	at sun.reflect.NativeMethodAccessorImpl.invoke(NativeMethodAccessorImpl.java:39)
	at sun.reflect.DelegatingMethodAccessorImpl.invoke(DelegatingMethodAccessorImpl.java:25)
	at java.lang.reflect.Method.invoke(Method.java:597)
	at junit.framework.TestCase.runTest(TestCase.java:168)
	at junit.framework.TestCase.runBare(TestCase.java:134)
	at junit.framework.TestResult$1.protect(TestResult.java:110)
	at junit.framework.TestResult.runProtected(TestResult.java:128)
	at junit.framework.TestResult.run(TestResult.java:113)
	at junit.framework.TestCase.run(TestCase.java:124)
	at junit.framework.TestSuite.runTest(TestSuite.java:243)
	at junit.framework.TestSuite.run(TestSuite.java:238)
	at org.junit.internal.runners.JUnit38ClassRunner.run(JUnit38ClassRunner.java:101)
	at de.unisb.cs.st.javalanche.mutation.runtime.testDriver.junit.Junit4MutationTestDriver.runTest(Junit4MutationTestDriver.java:231)
	at de.unisb.cs.st.javalanche.mutation.runtime.testDriver.junit.Junit4MutationTestDriver.access$400(Junit4MutationTestDriver.java:59)
	at de.unisb.cs.st.javalanche.mutation.runtime.testDriver.junit.Junit4MutationTestDriver$1.run(Junit4MutationTestDriver.java:330)
	at java.util.concurrent.Executors$RunnableAdapter.call(Executors.java:441)
	at java.util.concurrent.FutureTask$Sync.innerRun(FutureTask.java:303)
	at java.util.concurrent.FutureTask.run(FutureTask.java:138)
	at java.lang.Thread.run(Thread.java:662)
java.io.EOFException
	at java.io.DataInputStream.readInt(DataInputStream.java:375)
	at java.io.DataInputStream.readFloat(DataInputStream.java:429)
	at java.io.ObjectInputStream$BlockDataInputStream.readFloat(ObjectInputStream.java:2787)
	at java.io.ObjectInputStream.readFloat(ObjectInputStream.java:971)
	at org.jfree.io.SerialUtilities.readStroke(SerialUtilities.java:213)
	at org.jfree.chart.annotations.CategoryPointerAnnotation.readObject(CategoryPointerAnnotation.java:521)
	at sun.reflect.NativeMethodAccessorImpl.invoke0(Native Method)
	at sun.reflect.NativeMethodAccessorImpl.invoke(NativeMethodAccessorImpl.java:39)
	at sun.reflect.DelegatingMethodAccessorImpl.invoke(DelegatingMethodAccessorImpl.java:25)
	at java.lang.reflect.Method.invoke(Method.java:597)
	at java.io.ObjectStreamClass.invokeReadObject(ObjectStreamClass.java:974)
	at java.io.ObjectInputStream.readSerialData(ObjectInputStream.java:1848)
	at java.io.ObjectInputStream.readOrdinaryObject(ObjectInputStream.java:1752)
	at java.io.ObjectInputStream.readObject0(ObjectInputStream.java:1328)
	at java.io.ObjectInputStream.readObject(ObjectInputStream.java:350)
	at org.jfree.chart.annotations.junit.CategoryPointerAnnotationTests.testSerialization(CategoryPointerAnnotationTests.java:208)
	at sun.reflect.NativeMethodAccessorImpl.invoke0(Native Method)
	at sun.reflect.NativeMethodAccessorImpl.invoke(NativeMethodAccessorImpl.java:39)
	at sun.reflect.DelegatingMethodAccessorImpl.invoke(DelegatingMethodAccessorImpl.java:25)
	at java.lang.reflect.Method.invoke(Method.java:597)
	at junit.framework.TestCase.runTest(TestCase.java:168)
	at junit.framework.TestCase.runBare(TestCase.java:134)
	at junit.framework.TestResult$1.protect(TestResult.java:110)
	at junit.framework.TestResult.runProtected(TestResult.java:128)
	at junit.framework.TestResult.run(TestResult.java:113)
	at junit.framework.TestCase.run(TestCase.java:124)
	at junit.framework.TestSuite.runTest(TestSuite.java:243)
	at junit.framework.TestSuite.run(TestSuite.java:238)
	at org.junit.internal.runners.JUnit38ClassRunner.run(JUnit38ClassRunner.java:101)
	at de.unisb.cs.st.javalanche.mutation.runtime.testDriver.junit.Junit4MutationTestDriver.runTest(Junit4MutationTestDriver.java:231)
	at de.unisb.cs.st.javalanche.mutation.runtime.testDriver.junit.Junit4MutationTestDriver.access$400(Junit4MutationTestDriver.java:59)
	at de.unisb.cs.st.javalanche.mutation.runtime.testDriver.junit.Junit4MutationTestDriver$1.run(Junit4MutationTestDriver.java:330)
	at java.util.concurrent.Executors$RunnableAdapter.call(Executors.java:441)
	at java.util.concurrent.FutureTask$Sync.innerRun(FutureTask.java:303)
	at java.util.concurrent.FutureTask.run(FutureTask.java:138)
	at java.lang.Thread.run(Thread.java:662)
java.io.EOFException
	at java.io.DataInputStream.readInt(DataInputStream.java:375)
	at java.io.DataInputStream.readFloat(DataInputStream.java:429)
	at java.io.ObjectInputStream$BlockDataInputStream.readFloat(ObjectInputStream.java:2787)
	at java.io.ObjectInputStream.readFloat(ObjectInputStream.java:971)
	at org.jfree.io.SerialUtilities.readStroke(SerialUtilities.java:213)
	at org.jfree.chart.renderer.AbstractRenderer.readObject(AbstractRenderer.java:3615)
	at sun.reflect.GeneratedMethodAccessor34.invoke(Unknown Source)
	at sun.reflect.DelegatingMethodAccessorImpl.invoke(DelegatingMethodAccessorImpl.java:25)
	at java.lang.reflect.Method.invoke(Method.java:597)
	at java.io.ObjectStreamClass.invokeReadObject(ObjectStreamClass.java:974)
	at java.io.ObjectInputStream.readSerialData(ObjectInputStream.java:1848)
	at java.io.ObjectInputStream.readOrdinaryObject(ObjectInputStream.java:1752)
	at java.io.ObjectInputStream.readObject0(ObjectInputStream.java:1328)
	at java.io.ObjectInputStream.readObject(ObjectInputStream.java:350)
	at org.jfree.chart.renderer.xy.junit.CandlestickRendererTests.testSerialization(CandlestickRendererTests.java:224)
	at sun.reflect.NativeMethodAccessorImpl.invoke0(Native Method)
	at sun.reflect.NativeMethodAccessorImpl.invoke(NativeMethodAccessorImpl.java:39)
	at sun.reflect.DelegatingMethodAccessorImpl.invoke(DelegatingMethodAccessorImpl.java:25)
	at java.lang.reflect.Method.invoke(Method.java:597)
	at junit.framework.TestCase.runTest(TestCase.java:168)
	at junit.framework.TestCase.runBare(TestCase.java:134)
	at junit.framework.TestResult$1.protect(TestResult.java:110)
	at junit.framework.TestResult.runProtected(TestResult.java:128)
	at junit.framework.TestResult.run(TestResult.java:113)
	at junit.framework.TestCase.run(TestCase.java:124)
	at junit.framework.TestSuite.runTest(TestSuite.java:243)
	at junit.framework.TestSuite.run(TestSuite.java:238)
	at org.junit.internal.runners.JUnit38ClassRunner.run(JUnit38ClassRunner.java:101)
	at de.unisb.cs.st.javalanche.mutation.runtime.testDriver.junit.Junit4MutationTestDriver.runTest(Junit4MutationTestDriver.java:231)
	at de.unisb.cs.st.javalanche.mutation.runtime.testDriver.junit.Junit4MutationTestDriver.access$400(Junit4MutationTestDriver.java:59)
	at de.unisb.cs.st.javalanche.mutation.runtime.testDriver.junit.Junit4MutationTestDriver$1.run(Junit4MutationTestDriver.java:330)
	at java.util.concurrent.Executors$RunnableAdapter.call(Executors.java:441)
	at java.util.concurrent.FutureTask$Sync.innerRun(FutureTask.java:303)
	at java.util.concurrent.FutureTask.run(FutureTask.java:138)
	at java.lang.Thread.run(Thread.java:662)
java.io.EOFException
	at java.io.DataInputStream.readInt(DataInputStream.java:375)
	at java.io.DataInputStream.readFloat(DataInputStream.java:429)
	at java.io.ObjectInputStream$BlockDataInputStream.readFloat(ObjectInputStream.java:2787)
	at java.io.ObjectInputStream.readFloat(ObjectInputStream.java:971)
	at org.jfree.io.SerialUtilities.readStroke(SerialUtilities.java:213)
	at org.jfree.chart.plot.dial.DialPointer$Pin.readObject(DialPointer.java:383)
	at sun.reflect.NativeMethodAccessorImpl.invoke0(Native Method)
	at sun.reflect.NativeMethodAccessorImpl.invoke(NativeMethodAccessorImpl.java:39)
	at sun.reflect.DelegatingMethodAccessorImpl.invoke(DelegatingMethodAccessorImpl.java:25)
	at java.lang.reflect.Method.invoke(Method.java:597)
	at java.io.ObjectStreamClass.invokeReadObject(ObjectStreamClass.java:974)
	at java.io.ObjectInputStream.readSerialData(ObjectInputStream.java:1848)
	at java.io.ObjectInputStream.readOrdinaryObject(ObjectInputStream.java:1752)
	at java.io.ObjectInputStream.readObject0(ObjectInputStream.java:1328)
	at java.io.ObjectInputStream.readObject(ObjectInputStream.java:350)
	at org.jfree.chart.plot.dial.junit.DialPointerTests.testSerialization(DialPointerTests.java:193)
	at sun.reflect.NativeMethodAccessorImpl.invoke0(Native Method)
	at sun.reflect.NativeMethodAccessorImpl.invoke(NativeMethodAccessorImpl.java:39)
	at sun.reflect.DelegatingMethodAccessorImpl.invoke(DelegatingMethodAccessorImpl.java:25)
	at java.lang.reflect.Method.invoke(Method.java:597)
	at junit.framework.TestCase.runTest(TestCase.java:168)
	at junit.framework.TestCase.runBare(TestCase.java:134)
	at junit.framework.TestResult$1.protect(TestResult.java:110)
	at junit.framework.TestResult.runProtected(TestResult.java:128)
	at junit.framework.TestResult.run(TestResult.java:113)
	at junit.framework.TestCase.run(TestCase.java:124)
	at junit.framework.TestSuite.runTest(TestSuite.java:243)
	at junit.framework.TestSuite.run(TestSuite.java:238)
	at org.junit.internal.runners.JUnit38ClassRunner.run(JUnit38ClassRunner.java:101)
	at de.unisb.cs.st.javalanche.mutation.runtime.testDriver.junit.Junit4MutationTestDriver.runTest(Junit4MutationTestDriver.java:231)
	at de.unisb.cs.st.javalanche.mutation.runtime.testDriver.junit.Junit4MutationTestDriver.access$400(Junit4MutationTestDriver.java:59)
	at de.unisb.cs.st.javalanche.mutation.runtime.testDriver.junit.Junit4MutationTestDriver$1.run(Junit4MutationTestDriver.java:330)
	at java.util.concurrent.Executors$RunnableAdapter.call(Executors.java:441)
	at java.util.concurrent.FutureTask$Sync.innerRun(FutureTask.java:303)
	at java.util.concurrent.FutureTask.run(FutureTask.java:138)
	at java.lang.Thread.run(Thread.java:662)
java.io.EOFException
	at java.io.DataInputStream.readInt(DataInputStream.java:375)
	at java.io.DataInputStream.readFloat(DataInputStream.java:429)
	at java.io.ObjectInputStream$BlockDataInputStream.readFloat(ObjectInputStream.java:2787)
	at java.io.ObjectInputStream.readFloat(ObjectInputStream.java:971)
	at org.jfree.io.SerialUtilities.readStroke(SerialUtilities.java:213)
	at org.jfree.chart.renderer.AbstractRenderer.readObject(AbstractRenderer.java:3615)
	at sun.reflect.GeneratedMethodAccessor34.invoke(Unknown Source)
	at sun.reflect.DelegatingMethodAccessorImpl.invoke(DelegatingMethodAccessorImpl.java:25)
	at java.lang.reflect.Method.invoke(Method.java:597)
	at java.io.ObjectStreamClass.invokeReadObject(ObjectStreamClass.java:974)
	at java.io.ObjectInputStream.readSerialData(ObjectInputStream.java:1848)
	at java.io.ObjectInputStream.readOrdinaryObject(ObjectInputStream.java:1752)
	at java.io.ObjectInputStream.readObject0(ObjectInputStream.java:1328)
	at java.io.ObjectInputStream.readObject(ObjectInputStream.java:350)
	at org.jfree.chart.renderer.xy.junit.ClusteredXYBarRendererTests.testSerialization(ClusteredXYBarRendererTests.java:149)
	at sun.reflect.NativeMethodAccessorImpl.invoke0(Native Method)
	at sun.reflect.NativeMethodAccessorImpl.invoke(NativeMethodAccessorImpl.java:39)
	at sun.reflect.DelegatingMethodAccessorImpl.invoke(DelegatingMethodAccessorImpl.java:25)
	at java.lang.reflect.Method.invoke(Method.java:597)
	at junit.framework.TestCase.runTest(TestCase.java:168)
	at junit.framework.TestCase.runBare(TestCase.java:134)
	at junit.framework.TestResult$1.protect(TestResult.java:110)
	at junit.framework.TestResult.runProtected(TestResult.java:128)
	at junit.framework.TestResult.run(TestResult.java:113)
	at junit.framework.TestCase.run(TestCase.java:124)
	at junit.framework.TestSuite.runTest(TestSuite.java:243)
	at junit.framework.TestSuite.run(TestSuite.java:238)
	at org.junit.internal.runners.JUnit38ClassRunner.run(JUnit38ClassRunner.java:101)
	at de.unisb.cs.st.javalanche.mutation.runtime.testDriver.junit.Junit4MutationTestDriver.runTest(Junit4MutationTestDriver.java:231)
	at de.unisb.cs.st.javalanche.mutation.runtime.testDriver.junit.Junit4MutationTestDriver.access$400(Junit4MutationTestDriver.java:59)
	at de.unisb.cs.st.javalanche.mutation.runtime.testDriver.junit.Junit4MutationTestDriver$1.run(Junit4MutationTestDriver.java:330)
	at java.util.concurrent.Executors$RunnableAdapter.call(Executors.java:441)
	at java.util.concurrent.FutureTask$Sync.innerRun(FutureTask.java:303)
	at java.util.concurrent.FutureTask.run(FutureTask.java:138)
	at java.lang.Thread.run(Thread.java:662)
java.io.EOFException
	at java.io.DataInputStream.readInt(DataInputStream.java:375)
	at java.io.DataInputStream.readFloat(DataInputStream.java:429)
	at java.io.ObjectInputStream$BlockDataInputStream.readFloat(ObjectInputStream.java:2787)
	at java.io.ObjectInputStream.readFloat(ObjectInputStream.java:971)
	at org.jfree.io.SerialUtilities.readStroke(SerialUtilities.java:213)
	at org.jfree.chart.renderer.AbstractRenderer.readObject(AbstractRenderer.java:3615)
	at sun.reflect.GeneratedMethodAccessor34.invoke(Unknown Source)
	at sun.reflect.DelegatingMethodAccessorImpl.invoke(DelegatingMethodAccessorImpl.java:25)
	at java.lang.reflect.Method.invoke(Method.java:597)
	at java.io.ObjectStreamClass.invokeReadObject(ObjectStreamClass.java:974)
	at java.io.ObjectInputStream.readSerialData(ObjectInputStream.java:1848)
	at java.io.ObjectInputStream.readOrdinaryObject(ObjectInputStream.java:1752)
	at java.io.ObjectInputStream.readObject0(ObjectInputStream.java:1328)
	at java.io.ObjectInputStream.readObject(ObjectInputStream.java:350)
	at org.jfree.chart.renderer.xy.junit.XYBubbleRendererTests.testSerialization(XYBubbleRendererTests.java:144)
	at sun.reflect.NativeMethodAccessorImpl.invoke0(Native Method)
	at sun.reflect.NativeMethodAccessorImpl.invoke(NativeMethodAccessorImpl.java:39)
	at sun.reflect.DelegatingMethodAccessorImpl.invoke(DelegatingMethodAccessorImpl.java:25)
	at java.lang.reflect.Method.invoke(Method.java:597)
	at junit.framework.TestCase.runTest(TestCase.java:168)
	at junit.framework.TestCase.runBare(TestCase.java:134)
	at junit.framework.TestResult$1.protect(TestResult.java:110)
	at junit.framework.TestResult.runProtected(TestResult.java:128)
	at junit.framework.TestResult.run(TestResult.java:113)
	at junit.framework.TestCase.run(TestCase.java:124)
	at junit.framework.TestSuite.runTest(TestSuite.java:243)
	at junit.framework.TestSuite.run(TestSuite.java:238)
	at org.junit.internal.runners.JUnit38ClassRunner.run(JUnit38ClassRunner.java:101)
	at de.unisb.cs.st.javalanche.mutation.runtime.testDriver.junit.Junit4MutationTestDriver.runTest(Junit4MutationTestDriver.java:231)
	at de.unisb.cs.st.javalanche.mutation.runtime.testDriver.junit.Junit4MutationTestDriver.access$400(Junit4MutationTestDriver.java:59)
	at de.unisb.cs.st.javalanche.mutation.runtime.testDriver.junit.Junit4MutationTestDriver$1.run(Junit4MutationTestDriver.java:330)
	at java.util.concurrent.Executors$RunnableAdapter.call(Executors.java:441)
	at java.util.concurrent.FutureTask$Sync.innerRun(FutureTask.java:303)
	at java.util.concurrent.FutureTask.run(FutureTask.java:138)
	at java.lang.Thread.run(Thread.java:662)
java.io.EOFException
	at java.io.DataInputStream.readInt(DataInputStream.java:375)
	at java.io.DataInputStream.readFloat(DataInputStream.java:429)
	at java.io.ObjectInputStream$BlockDataInputStream.readFloat(ObjectInputStream.java:2787)
	at java.io.ObjectInputStream.readFloat(ObjectInputStream.java:971)
	at org.jfree.io.SerialUtilities.readStroke(SerialUtilities.java:213)
	at org.jfree.chart.renderer.AbstractRenderer.readObject(AbstractRenderer.java:3615)
	at sun.reflect.GeneratedMethodAccessor34.invoke(Unknown Source)
	at sun.reflect.DelegatingMethodAccessorImpl.invoke(DelegatingMethodAccessorImpl.java:25)
	at java.lang.reflect.Method.invoke(Method.java:597)
	at java.io.ObjectStreamClass.invokeReadObject(ObjectStreamClass.java:974)
	at java.io.ObjectInputStream.readSerialData(ObjectInputStream.java:1848)
	at java.io.ObjectInputStream.readOrdinaryObject(ObjectInputStream.java:1752)
	at java.io.ObjectInputStream.readObject0(ObjectInputStream.java:1328)
	at java.io.ObjectInputStream.readObject(ObjectInputStream.java:350)
	at org.jfree.chart.renderer.category.junit.StatisticalBarRendererTests.testSerialization(StatisticalBarRendererTests.java:153)
	at sun.reflect.NativeMethodAccessorImpl.invoke0(Native Method)
	at sun.reflect.NativeMethodAccessorImpl.invoke(NativeMethodAccessorImpl.java:39)
	at sun.reflect.DelegatingMethodAccessorImpl.invoke(DelegatingMethodAccessorImpl.java:25)
	at java.lang.reflect.Method.invoke(Method.java:597)
	at junit.framework.TestCase.runTest(TestCase.java:168)
	at junit.framework.TestCase.runBare(TestCase.java:134)
	at junit.framework.TestResult$1.protect(TestResult.java:110)
	at junit.framework.TestResult.runProtected(TestResult.java:128)
	at junit.framework.TestResult.run(TestResult.java:113)
	at junit.framework.TestCase.run(TestCase.java:124)
	at junit.framework.TestSuite.runTest(TestSuite.java:243)
	at junit.framework.TestSuite.run(TestSuite.java:238)
	at org.junit.internal.runners.JUnit38ClassRunner.run(JUnit38ClassRunner.java:101)
	at de.unisb.cs.st.javalanche.mutation.runtime.testDriver.junit.Junit4MutationTestDriver.runTest(Junit4MutationTestDriver.java:231)
	at de.unisb.cs.st.javalanche.mutation.runtime.testDriver.junit.Junit4MutationTestDriver.access$400(Junit4MutationTestDriver.java:59)
	at de.unisb.cs.st.javalanche.mutation.runtime.testDriver.junit.Junit4MutationTestDriver$1.run(Junit4MutationTestDriver.java:330)
	at java.util.concurrent.Executors$RunnableAdapter.call(Executors.java:441)
	at java.util.concurrent.FutureTask$Sync.innerRun(FutureTask.java:303)
	at java.util.concurrent.FutureTask.run(FutureTask.java:138)
	at java.lang.Thread.run(Thread.java:662)
java.io.EOFException
	at java.io.DataInputStream.readInt(DataInputStream.java:375)
	at java.io.DataInputStream.readFloat(DataInputStream.java:429)
	at java.io.ObjectInputStream$BlockDataInputStream.readFloat(ObjectInputStream.java:2787)
	at java.io.ObjectInputStream.readFloat(ObjectInputStream.java:971)
	at org.jfree.io.SerialUtilities.readStroke(SerialUtilities.java:213)
	at org.jfree.chart.plot.Marker.readObject(Marker.java:673)
	at sun.reflect.GeneratedMethodAccessor80.invoke(Unknown Source)
	at sun.reflect.DelegatingMethodAccessorImpl.invoke(DelegatingMethodAccessorImpl.java:25)
	at java.lang.reflect.Method.invoke(Method.java:597)
	at java.io.ObjectStreamClass.invokeReadObject(ObjectStreamClass.java:974)
	at java.io.ObjectInputStream.readSerialData(ObjectInputStream.java:1848)
	at java.io.ObjectInputStream.readOrdinaryObject(ObjectInputStream.java:1752)
	at java.io.ObjectInputStream.readObject0(ObjectInputStream.java:1328)
	at java.io.ObjectInputStream.readObject(ObjectInputStream.java:350)
	at org.jfree.chart.plot.junit.IntervalMarkerTests.testSerialization(IntervalMarkerTests.java:154)
	at sun.reflect.NativeMethodAccessorImpl.invoke0(Native Method)
	at sun.reflect.NativeMethodAccessorImpl.invoke(NativeMethodAccessorImpl.java:39)
	at sun.reflect.DelegatingMethodAccessorImpl.invoke(DelegatingMethodAccessorImpl.java:25)
	at java.lang.reflect.Method.invoke(Method.java:597)
	at junit.framework.TestCase.runTest(TestCase.java:168)
	at junit.framework.TestCase.runBare(TestCase.java:134)
	at junit.framework.TestResult$1.protect(TestResult.java:110)
	at junit.framework.TestResult.runProtected(TestResult.java:128)
	at junit.framework.TestResult.run(TestResult.java:113)
	at junit.framework.TestCase.run(TestCase.java:124)
	at junit.framework.TestSuite.runTest(TestSuite.java:243)
	at junit.framework.TestSuite.run(TestSuite.java:238)
	at org.junit.internal.runners.JUnit38ClassRunner.run(JUnit38ClassRunner.java:101)
	at de.unisb.cs.st.javalanche.mutation.runtime.testDriver.junit.Junit4MutationTestDriver.runTest(Junit4MutationTestDriver.java:231)
	at de.unisb.cs.st.javalanche.mutation.runtime.testDriver.junit.Junit4MutationTestDriver.access$400(Junit4MutationTestDriver.java:59)
	at de.unisb.cs.st.javalanche.mutation.runtime.testDriver.junit.Junit4MutationTestDriver$1.run(Junit4MutationTestDriver.java:330)
	at java.util.concurrent.Executors$RunnableAdapter.call(Executors.java:441)
	at java.util.concurrent.FutureTask$Sync.innerRun(FutureTask.java:303)
	at java.util.concurrent.FutureTask.run(FutureTask.java:138)
	at java.lang.Thread.run(Thread.java:662)
java.io.EOFException
	at java.io.DataInputStream.readInt(DataInputStream.java:375)
	at java.io.DataInputStream.readFloat(DataInputStream.java:429)
	at java.io.ObjectInputStream$BlockDataInputStream.readFloat(ObjectInputStream.java:2787)
	at java.io.ObjectInputStream.readFloat(ObjectInputStream.java:971)
	at org.jfree.io.SerialUtilities.readStroke(SerialUtilities.java:213)
	at org.jfree.chart.renderer.AbstractRenderer.readObject(AbstractRenderer.java:3615)
	at sun.reflect.GeneratedMethodAccessor34.invoke(Unknown Source)
	at sun.reflect.DelegatingMethodAccessorImpl.invoke(DelegatingMethodAccessorImpl.java:25)
	at java.lang.reflect.Method.invoke(Method.java:597)
	at java.io.ObjectStreamClass.invokeReadObject(ObjectStreamClass.java:974)
	at java.io.ObjectInputStream.readSerialData(ObjectInputStream.java:1848)
	at java.io.ObjectInputStream.readOrdinaryObject(ObjectInputStream.java:1752)
	at java.io.ObjectInputStream.readObject0(ObjectInputStream.java:1328)
	at java.io.ObjectInputStream.readObject(ObjectInputStream.java:350)
	at org.jfree.chart.renderer.xy.junit.DeviationRendererTests.testSerialization(DeviationRendererTests.java:145)
	at sun.reflect.NativeMethodAccessorImpl.invoke0(Native Method)
	at sun.reflect.NativeMethodAccessorImpl.invoke(NativeMethodAccessorImpl.java:39)
	at sun.reflect.DelegatingMethodAccessorImpl.invoke(DelegatingMethodAccessorImpl.java:25)
	at java.lang.reflect.Method.invoke(Method.java:597)
	at junit.framework.TestCase.runTest(TestCase.java:168)
	at junit.framework.TestCase.runBare(TestCase.java:134)
	at junit.framework.TestResult$1.protect(TestResult.java:110)
	at junit.framework.TestResult.runProtected(TestResult.java:128)
	at junit.framework.TestResult.run(TestResult.java:113)
	at junit.framework.TestCase.run(TestCase.java:124)
	at junit.framework.TestSuite.runTest(TestSuite.java:243)
	at junit.framework.TestSuite.run(TestSuite.java:238)
	at org.junit.internal.runners.JUnit38ClassRunner.run(JUnit38ClassRunner.java:101)
	at de.unisb.cs.st.javalanche.mutation.runtime.testDriver.junit.Junit4MutationTestDriver.runTest(Junit4MutationTestDriver.java:231)
	at de.unisb.cs.st.javalanche.mutation.runtime.testDriver.junit.Junit4MutationTestDriver.access$400(Junit4MutationTestDriver.java:59)
	at de.unisb.cs.st.javalanche.mutation.runtime.testDriver.junit.Junit4MutationTestDriver$1.run(Junit4MutationTestDriver.java:330)
	at java.util.concurrent.Executors$RunnableAdapter.call(Executors.java:441)
	at java.util.concurrent.FutureTask$Sync.innerRun(FutureTask.java:303)
	at java.util.concurrent.FutureTask.run(FutureTask.java:138)
	at java.lang.Thread.run(Thread.java:662)
java.io.EOFException
	at java.io.DataInputStream.readInt(DataInputStream.java:375)
	at java.io.DataInputStream.readFloat(DataInputStream.java:429)
	at java.io.ObjectInputStream$BlockDataInputStream.readFloat(ObjectInputStream.java:2787)
	at java.io.ObjectInputStream.readFloat(ObjectInputStream.java:971)
	at org.jfree.io.SerialUtilities.readStroke(SerialUtilities.java:213)
	at org.jfree.chart.renderer.AbstractRenderer.readObject(AbstractRenderer.java:3615)
	at sun.reflect.GeneratedMethodAccessor34.invoke(Unknown Source)
	at sun.reflect.DelegatingMethodAccessorImpl.invoke(DelegatingMethodAccessorImpl.java:25)
	at java.lang.reflect.Method.invoke(Method.java:597)
	at java.io.ObjectStreamClass.invokeReadObject(ObjectStreamClass.java:974)
	at java.io.ObjectInputStream.readSerialData(ObjectInputStream.java:1848)
	at java.io.ObjectInputStream.readOrdinaryObject(ObjectInputStream.java:1752)
	at java.io.ObjectInputStream.readObject0(ObjectInputStream.java:1328)
	at java.io.ObjectInputStream.readObject(ObjectInputStream.java:350)
	at org.jfree.chart.renderer.xy.junit.StandardXYItemRendererTests.testSerialization(StandardXYItemRendererTests.java:222)
	at sun.reflect.NativeMethodAccessorImpl.invoke0(Native Method)
	at sun.reflect.NativeMethodAccessorImpl.invoke(NativeMethodAccessorImpl.java:39)
	at sun.reflect.DelegatingMethodAccessorImpl.invoke(DelegatingMethodAccessorImpl.java:25)
	at java.lang.reflect.Method.invoke(Method.java:597)
	at junit.framework.TestCase.runTest(TestCase.java:168)
	at junit.framework.TestCase.runBare(TestCase.java:134)
	at junit.framework.TestResult$1.protect(TestResult.java:110)
	at junit.framework.TestResult.runProtected(TestResult.java:128)
	at junit.framework.TestResult.run(TestResult.java:113)
	at junit.framework.TestCase.run(TestCase.java:124)
	at junit.framework.TestSuite.runTest(TestSuite.java:243)
	at junit.framework.TestSuite.run(TestSuite.java:238)
	at org.junit.internal.runners.JUnit38ClassRunner.run(JUnit38ClassRunner.java:101)
	at de.unisb.cs.st.javalanche.mutation.runtime.testDriver.junit.Junit4MutationTestDriver.runTest(Junit4MutationTestDriver.java:231)
	at de.unisb.cs.st.javalanche.mutation.runtime.testDriver.junit.Junit4MutationTestDriver.access$400(Junit4MutationTestDriver.java:59)
	at de.unisb.cs.st.javalanche.mutation.runtime.testDriver.junit.Junit4MutationTestDriver$1.run(Junit4MutationTestDriver.java:330)
	at java.util.concurrent.Executors$RunnableAdapter.call(Executors.java:441)
	at java.util.concurrent.FutureTask$Sync.innerRun(FutureTask.java:303)
	at java.util.concurrent.FutureTask.run(FutureTask.java:138)
	at java.lang.Thread.run(Thread.java:662)
java.io.EOFException
	at java.io.DataInputStream.readInt(DataInputStream.java:375)
	at java.io.DataInputStream.readFloat(DataInputStream.java:429)
	at java.io.ObjectInputStream$BlockDataInputStream.readFloat(ObjectInputStream.java:2787)
	at java.io.ObjectInputStream.readFloat(ObjectInputStream.java:971)
	at org.jfree.io.SerialUtilities.readStroke(SerialUtilities.java:213)
	at org.jfree.chart.axis.Axis.readObject(Axis.java:1264)
	at sun.reflect.GeneratedMethodAccessor48.invoke(Unknown Source)
	at sun.reflect.DelegatingMethodAccessorImpl.invoke(DelegatingMethodAccessorImpl.java:25)
	at java.lang.reflect.Method.invoke(Method.java:597)
	at java.io.ObjectStreamClass.invokeReadObject(ObjectStreamClass.java:974)
	at java.io.ObjectInputStream.readSerialData(ObjectInputStream.java:1848)
	at java.io.ObjectInputStream.readOrdinaryObject(ObjectInputStream.java:1752)
	at java.io.ObjectInputStream.readObject0(ObjectInputStream.java:1328)
	at java.io.ObjectInputStream.readObject(ObjectInputStream.java:350)
	at org.jfree.chart.axis.junit.LogarithmicAxisTests.testSerialization(LogarithmicAxisTests.java:139)
	at sun.reflect.NativeMethodAccessorImpl.invoke0(Native Method)
	at sun.reflect.NativeMethodAccessorImpl.invoke(NativeMethodAccessorImpl.java:39)
	at sun.reflect.DelegatingMethodAccessorImpl.invoke(DelegatingMethodAccessorImpl.java:25)
	at java.lang.reflect.Method.invoke(Method.java:597)
	at junit.framework.TestCase.runTest(TestCase.java:168)
	at junit.framework.TestCase.runBare(TestCase.java:134)
	at junit.framework.TestResult$1.protect(TestResult.java:110)
	at junit.framework.TestResult.runProtected(TestResult.java:128)
	at junit.framework.TestResult.run(TestResult.java:113)
	at junit.framework.TestCase.run(TestCase.java:124)
	at junit.framework.TestSuite.runTest(TestSuite.java:243)
	at junit.framework.TestSuite.run(TestSuite.java:238)
	at org.junit.internal.runners.JUnit38ClassRunner.run(JUnit38ClassRunner.java:101)
	at de.unisb.cs.st.javalanche.mutation.runtime.testDriver.junit.Junit4MutationTestDriver.runTest(Junit4MutationTestDriver.java:231)
	at de.unisb.cs.st.javalanche.mutation.runtime.testDriver.junit.Junit4MutationTestDriver.access$400(Junit4MutationTestDriver.java:59)
	at de.unisb.cs.st.javalanche.mutation.runtime.testDriver.junit.Junit4MutationTestDriver$1.run(Junit4MutationTestDriver.java:330)
	at java.util.concurrent.Executors$RunnableAdapter.call(Executors.java:441)
	at java.util.concurrent.FutureTask$Sync.innerRun(FutureTask.java:303)
	at java.util.concurrent.FutureTask.run(FutureTask.java:138)
	at java.lang.Thread.run(Thread.java:662)
java.io.EOFException
	at java.io.DataInputStream.readInt(DataInputStream.java:375)
	at java.io.ObjectInputStream$BlockDataInputStream.readInt(ObjectInputStream.java:2775)
	at java.io.ObjectInputStream.readInt(ObjectInputStream.java:949)
	at org.jfree.chart.plot.DefaultDrawingSupplier.readObject(DefaultDrawingSupplier.java:491)
	at sun.reflect.GeneratedMethodAccessor61.invoke(Unknown Source)
	at sun.reflect.DelegatingMethodAccessorImpl.invoke(DelegatingMethodAccessorImpl.java:25)
	at java.lang.reflect.Method.invoke(Method.java:597)
	at java.io.ObjectStreamClass.invokeReadObject(ObjectStreamClass.java:974)
	at java.io.ObjectInputStream.readSerialData(ObjectInputStream.java:1848)
	at java.io.ObjectInputStream.readOrdinaryObject(ObjectInputStream.java:1752)
	at java.io.ObjectInputStream.readObject0(ObjectInputStream.java:1328)
	at java.io.ObjectInputStream.defaultReadFields(ObjectInputStream.java:1946)
	at java.io.ObjectInputStream.defaultReadObject(ObjectInputStream.java:479)
	at org.jfree.chart.plot.Plot.readObject(Plot.java:1284)
	at sun.reflect.GeneratedMethodAccessor60.invoke(Unknown Source)
	at sun.reflect.DelegatingMethodAccessorImpl.invoke(DelegatingMethodAccessorImpl.java:25)
	at java.lang.reflect.Method.invoke(Method.java:597)
	at java.io.ObjectStreamClass.invokeReadObject(ObjectStreamClass.java:974)
	at java.io.ObjectInputStream.readSerialData(ObjectInputStream.java:1848)
	at java.io.ObjectInputStream.readOrdinaryObject(ObjectInputStream.java:1752)
	at java.io.ObjectInputStream.readObject0(ObjectInputStream.java:1328)
	at java.io.ObjectInputStream.readObject(ObjectInputStream.java:350)
	at org.jfree.chart.plot.junit.CombinedDomainXYPlotTests.testSerialization(CombinedDomainXYPlotTests.java:158)
	at sun.reflect.GeneratedMethodAccessor190.invoke(Unknown Source)
	at sun.reflect.DelegatingMethodAccessorImpl.invoke(DelegatingMethodAccessorImpl.java:25)
	at java.lang.reflect.Method.invoke(Method.java:597)
	at junit.framework.TestCase.runTest(TestCase.java:168)
	at junit.framework.TestCase.runBare(TestCase.java:134)
	at junit.framework.TestResult$1.protect(TestResult.java:110)
	at junit.framework.TestResult.runProtected(TestResult.java:128)
	at junit.framework.TestResult.run(TestResult.java:113)
	at junit.framework.TestCase.run(TestCase.java:124)
	at junit.framework.TestSuite.runTest(TestSuite.java:243)
	at junit.framework.TestSuite.run(TestSuite.java:238)
	at org.junit.internal.runners.JUnit38ClassRunner.run(JUnit38ClassRunner.java:101)
	at de.unisb.cs.st.javalanche.mutation.runtime.testDriver.junit.Junit4MutationTestDriver.runTest(Junit4MutationTestDriver.java:231)
	at de.unisb.cs.st.javalanche.mutation.runtime.testDriver.junit.Junit4MutationTestDriver.access$400(Junit4MutationTestDriver.java:59)
	at de.unisb.cs.st.javalanche.mutation.runtime.testDriver.junit.Junit4MutationTestDriver$1.run(Junit4MutationTestDriver.java:330)
	at java.util.concurrent.Executors$RunnableAdapter.call(Executors.java:441)
	at java.util.concurrent.FutureTask$Sync.innerRun(FutureTask.java:303)
	at java.util.concurrent.FutureTask.run(FutureTask.java:138)
	at java.lang.Thread.run(Thread.java:662)
java.io.EOFException
	at java.io.DataInputStream.readInt(DataInputStream.java:375)
	at java.io.DataInputStream.readFloat(DataInputStream.java:429)
	at java.io.ObjectInputStream$BlockDataInputStream.readFloat(ObjectInputStream.java:2787)
	at java.io.ObjectInputStream.readFloat(ObjectInputStream.java:971)
	at org.jfree.io.SerialUtilities.readStroke(SerialUtilities.java:213)
	at org.jfree.chart.renderer.AbstractRenderer.readObject(AbstractRenderer.java:3615)
	at sun.reflect.GeneratedMethodAccessor34.invoke(Unknown Source)
	at sun.reflect.DelegatingMethodAccessorImpl.invoke(DelegatingMethodAccessorImpl.java:25)
	at java.lang.reflect.Method.invoke(Method.java:597)
	at java.io.ObjectStreamClass.invokeReadObject(ObjectStreamClass.java:974)
	at java.io.ObjectInputStream.readSerialData(ObjectInputStream.java:1848)
	at java.io.ObjectInputStream.readOrdinaryObject(ObjectInputStream.java:1752)
	at java.io.ObjectInputStream.readObject0(ObjectInputStream.java:1328)
	at java.io.ObjectInputStream.readObject(ObjectInputStream.java:350)
	at org.jfree.chart.renderer.xy.junit.YIntervalRendererTests.testSerialization(YIntervalRendererTests.java:241)
	at sun.reflect.NativeMethodAccessorImpl.invoke0(Native Method)
	at sun.reflect.NativeMethodAccessorImpl.invoke(NativeMethodAccessorImpl.java:39)
	at sun.reflect.DelegatingMethodAccessorImpl.invoke(DelegatingMethodAccessorImpl.java:25)
	at java.lang.reflect.Method.invoke(Method.java:597)
	at junit.framework.TestCase.runTest(TestCase.java:168)
	at junit.framework.TestCase.runBare(TestCase.java:134)
	at junit.framework.TestResult$1.protect(TestResult.java:110)
	at junit.framework.TestResult.runProtected(TestResult.java:128)
	at junit.framework.TestResult.run(TestResult.java:113)
	at junit.framework.TestCase.run(TestCase.java:124)
	at junit.framework.TestSuite.runTest(TestSuite.java:243)
	at junit.framework.TestSuite.run(TestSuite.java:238)
	at org.junit.internal.runners.JUnit38ClassRunner.run(JUnit38ClassRunner.java:101)
	at de.unisb.cs.st.javalanche.mutation.runtime.testDriver.junit.Junit4MutationTestDriver.runTest(Junit4MutationTestDriver.java:231)
	at de.unisb.cs.st.javalanche.mutation.runtime.testDriver.junit.Junit4MutationTestDriver.access$400(Junit4MutationTestDriver.java:59)
	at de.unisb.cs.st.javalanche.mutation.runtime.testDriver.junit.Junit4MutationTestDriver$1.run(Junit4MutationTestDriver.java:330)
	at java.util.concurrent.Executors$RunnableAdapter.call(Executors.java:441)
	at java.util.concurrent.FutureTask$Sync.innerRun(FutureTask.java:303)
	at java.util.concurrent.FutureTask.run(FutureTask.java:138)
	at java.lang.Thread.run(Thread.java:662)
java.io.EOFException
	at java.io.DataInputStream.readInt(DataInputStream.java:375)
	at java.io.DataInputStream.readFloat(DataInputStream.java:429)
	at java.io.ObjectInputStream$BlockDataInputStream.readFloat(ObjectInputStream.java:2787)
	at java.io.ObjectInputStream.readFloat(ObjectInputStream.java:971)
	at org.jfree.io.SerialUtilities.readStroke(SerialUtilities.java:213)
	at org.jfree.chart.renderer.AbstractRenderer.readObject(AbstractRenderer.java:3615)
	at sun.reflect.GeneratedMethodAccessor34.invoke(Unknown Source)
	at sun.reflect.DelegatingMethodAccessorImpl.invoke(DelegatingMethodAccessorImpl.java:25)
	at java.lang.reflect.Method.invoke(Method.java:597)
	at java.io.ObjectStreamClass.invokeReadObject(ObjectStreamClass.java:974)
	at java.io.ObjectInputStream.readSerialData(ObjectInputStream.java:1848)
	at java.io.ObjectInputStream.readOrdinaryObject(ObjectInputStream.java:1752)
	at java.io.ObjectInputStream.readObject0(ObjectInputStream.java:1328)
	at java.io.ObjectInputStream.readObject(ObjectInputStream.java:350)
	at org.jfree.chart.renderer.category.junit.LevelRendererTests.testSerialization(LevelRendererTests.java:180)
	at sun.reflect.NativeMethodAccessorImpl.invoke0(Native Method)
	at sun.reflect.NativeMethodAccessorImpl.invoke(NativeMethodAccessorImpl.java:39)
	at sun.reflect.DelegatingMethodAccessorImpl.invoke(DelegatingMethodAccessorImpl.java:25)
	at java.lang.reflect.Method.invoke(Method.java:597)
	at junit.framework.TestCase.runTest(TestCase.java:168)
	at junit.framework.TestCase.runBare(TestCase.java:134)
	at junit.framework.TestResult$1.protect(TestResult.java:110)
	at junit.framework.TestResult.runProtected(TestResult.java:128)
	at junit.framework.TestResult.run(TestResult.java:113)
	at junit.framework.TestCase.run(TestCase.java:124)
	at junit.framework.TestSuite.runTest(TestSuite.java:243)
	at junit.framework.TestSuite.run(TestSuite.java:238)
	at org.junit.internal.runners.JUnit38ClassRunner.run(JUnit38ClassRunner.java:101)
	at de.unisb.cs.st.javalanche.mutation.runtime.testDriver.junit.Junit4MutationTestDriver.runTest(Junit4MutationTestDriver.java:231)
	at de.unisb.cs.st.javalanche.mutation.runtime.testDriver.junit.Junit4MutationTestDriver.access$400(Junit4MutationTestDriver.java:59)
	at de.unisb.cs.st.javalanche.mutation.runtime.testDriver.junit.Junit4MutationTestDriver$1.run(Junit4MutationTestDriver.java:330)
	at java.util.concurrent.Executors$RunnableAdapter.call(Executors.java:441)
	at java.util.concurrent.FutureTask$Sync.innerRun(FutureTask.java:303)
	at java.util.concurrent.FutureTask.run(FutureTask.java:138)
	at java.lang.Thread.run(Thread.java:662)
java.io.EOFException
	at java.io.DataInputStream.readInt(DataInputStream.java:375)
	at java.io.DataInputStream.readFloat(DataInputStream.java:429)
	at java.io.ObjectInputStream$BlockDataInputStream.readFloat(ObjectInputStream.java:2787)
	at java.io.ObjectInputStream.readFloat(ObjectInputStream.java:971)
	at org.jfree.io.SerialUtilities.readStroke(SerialUtilities.java:213)
	at org.jfree.chart.needle.MeterNeedle.readObject(MeterNeedle.java:429)
	at sun.reflect.GeneratedMethodAccessor138.invoke(Unknown Source)
	at sun.reflect.DelegatingMethodAccessorImpl.invoke(DelegatingMethodAccessorImpl.java:25)
	at java.lang.reflect.Method.invoke(Method.java:597)
	at java.io.ObjectStreamClass.invokeReadObject(ObjectStreamClass.java:974)
	at java.io.ObjectInputStream.readSerialData(ObjectInputStream.java:1848)
	at java.io.ObjectInputStream.readOrdinaryObject(ObjectInputStream.java:1752)
	at java.io.ObjectInputStream.readObject0(ObjectInputStream.java:1328)
	at java.io.ObjectInputStream.readObject(ObjectInputStream.java:350)
	at org.jfree.chart.needle.junit.ArrowNeedleTests.testSerialization(ArrowNeedleTests.java:125)
	at sun.reflect.NativeMethodAccessorImpl.invoke0(Native Method)
	at sun.reflect.NativeMethodAccessorImpl.invoke(NativeMethodAccessorImpl.java:39)
	at sun.reflect.DelegatingMethodAccessorImpl.invoke(DelegatingMethodAccessorImpl.java:25)
	at java.lang.reflect.Method.invoke(Method.java:597)
	at junit.framework.TestCase.runTest(TestCase.java:168)
	at junit.framework.TestCase.runBare(TestCase.java:134)
	at junit.framework.TestResult$1.protect(TestResult.java:110)
	at junit.framework.TestResult.runProtected(TestResult.java:128)
	at junit.framework.TestResult.run(TestResult.java:113)
	at junit.framework.TestCase.run(TestCase.java:124)
	at junit.framework.TestSuite.runTest(TestSuite.java:243)
	at junit.framework.TestSuite.run(TestSuite.java:238)
	at org.junit.internal.runners.JUnit38ClassRunner.run(JUnit38ClassRunner.java:101)
	at de.unisb.cs.st.javalanche.mutation.runtime.testDriver.junit.Junit4MutationTestDriver.runTest(Junit4MutationTestDriver.java:231)
	at de.unisb.cs.st.javalanche.mutation.runtime.testDriver.junit.Junit4MutationTestDriver.access$400(Junit4MutationTestDriver.java:59)
	at de.unisb.cs.st.javalanche.mutation.runtime.testDriver.junit.Junit4MutationTestDriver$1.run(Junit4MutationTestDriver.java:330)
	at java.util.concurrent.Executors$RunnableAdapter.call(Executors.java:441)
	at java.util.concurrent.FutureTask$Sync.innerRun(FutureTask.java:303)
	at java.util.concurrent.FutureTask.run(FutureTask.java:138)
	at java.lang.Thread.run(Thread.java:662)
java.io.EOFException
	at java.io.DataInputStream.readInt(DataInputStream.java:375)
	at java.io.DataInputStream.readFloat(DataInputStream.java:429)
	at java.io.ObjectInputStream$BlockDataInputStream.readFloat(ObjectInputStream.java:2787)
	at java.io.ObjectInputStream.readFloat(ObjectInputStream.java:971)
	at org.jfree.io.SerialUtilities.readStroke(SerialUtilities.java:213)
	at org.jfree.chart.LegendItem.readObject(LegendItem.java:874)
	at sun.reflect.NativeMethodAccessorImpl.invoke0(Native Method)
	at sun.reflect.NativeMethodAccessorImpl.invoke(NativeMethodAccessorImpl.java:39)
	at sun.reflect.DelegatingMethodAccessorImpl.invoke(DelegatingMethodAccessorImpl.java:25)
	at java.lang.reflect.Method.invoke(Method.java:597)
	at java.io.ObjectStreamClass.invokeReadObject(ObjectStreamClass.java:974)
	at java.io.ObjectInputStream.readSerialData(ObjectInputStream.java:1848)
	at java.io.ObjectInputStream.readOrdinaryObject(ObjectInputStream.java:1752)
	at java.io.ObjectInputStream.readObject0(ObjectInputStream.java:1328)
	at java.io.ObjectInputStream.readObject(ObjectInputStream.java:350)
	at org.jfree.chart.junit.LegendItemTests.testSerialization2(LegendItemTests.java:333)
	at sun.reflect.NativeMethodAccessorImpl.invoke0(Native Method)
	at sun.reflect.NativeMethodAccessorImpl.invoke(NativeMethodAccessorImpl.java:39)
	at sun.reflect.DelegatingMethodAccessorImpl.invoke(DelegatingMethodAccessorImpl.java:25)
	at java.lang.reflect.Method.invoke(Method.java:597)
	at junit.framework.TestCase.runTest(TestCase.java:168)
	at junit.framework.TestCase.runBare(TestCase.java:134)
	at junit.framework.TestResult$1.protect(TestResult.java:110)
	at junit.framework.TestResult.runProtected(TestResult.java:128)
	at junit.framework.TestResult.run(TestResult.java:113)
	at junit.framework.TestCase.run(TestCase.java:124)
	at junit.framework.TestSuite.runTest(TestSuite.java:243)
	at junit.framework.TestSuite.run(TestSuite.java:238)
	at org.junit.internal.runners.JUnit38ClassRunner.run(JUnit38ClassRunner.java:101)
	at de.unisb.cs.st.javalanche.mutation.runtime.testDriver.junit.Junit4MutationTestDriver.runTest(Junit4MutationTestDriver.java:231)
	at de.unisb.cs.st.javalanche.mutation.runtime.testDriver.junit.Junit4MutationTestDriver.access$400(Junit4MutationTestDriver.java:59)
	at de.unisb.cs.st.javalanche.mutation.runtime.testDriver.junit.Junit4MutationTestDriver$1.run(Junit4MutationTestDriver.java:330)
	at java.util.concurrent.Executors$RunnableAdapter.call(Executors.java:441)
	at java.util.concurrent.FutureTask$Sync.innerRun(FutureTask.java:303)
	at java.util.concurrent.FutureTask.run(FutureTask.java:138)
	at java.lang.Thread.run(Thread.java:662)
java.io.EOFException
	at java.io.DataInputStream.readInt(DataInputStream.java:375)
	at java.io.DataInputStream.readFloat(DataInputStream.java:429)
	at java.io.ObjectInputStream$BlockDataInputStream.readFloat(ObjectInputStream.java:2787)
	at java.io.ObjectInputStream.readFloat(ObjectInputStream.java:971)
	at org.jfree.io.SerialUtilities.readStroke(SerialUtilities.java:213)
	at org.jfree.chart.needle.MeterNeedle.readObject(MeterNeedle.java:429)
	at sun.reflect.GeneratedMethodAccessor138.invoke(Unknown Source)
	at sun.reflect.DelegatingMethodAccessorImpl.invoke(DelegatingMethodAccessorImpl.java:25)
	at java.lang.reflect.Method.invoke(Method.java:597)
	at java.io.ObjectStreamClass.invokeReadObject(ObjectStreamClass.java:974)
	at java.io.ObjectInputStream.readSerialData(ObjectInputStream.java:1848)
	at java.io.ObjectInputStream.readOrdinaryObject(ObjectInputStream.java:1752)
	at java.io.ObjectInputStream.readObject0(ObjectInputStream.java:1328)
	at java.io.ObjectInputStream.readObject(ObjectInputStream.java:350)
	at org.jfree.chart.needle.junit.WindNeedleTests.testSerialization(WindNeedleTests.java:121)
	at sun.reflect.NativeMethodAccessorImpl.invoke0(Native Method)
	at sun.reflect.NativeMethodAccessorImpl.invoke(NativeMethodAccessorImpl.java:39)
	at sun.reflect.DelegatingMethodAccessorImpl.invoke(DelegatingMethodAccessorImpl.java:25)
	at java.lang.reflect.Method.invoke(Method.java:597)
	at junit.framework.TestCase.runTest(TestCase.java:168)
	at junit.framework.TestCase.runBare(TestCase.java:134)
	at junit.framework.TestResult$1.protect(TestResult.java:110)
	at junit.framework.TestResult.runProtected(TestResult.java:128)
	at junit.framework.TestResult.run(TestResult.java:113)
	at junit.framework.TestCase.run(TestCase.java:124)
	at junit.framework.TestSuite.runTest(TestSuite.java:243)
	at junit.framework.TestSuite.run(TestSuite.java:238)
	at org.junit.internal.runners.JUnit38ClassRunner.run(JUnit38ClassRunner.java:101)
	at de.unisb.cs.st.javalanche.mutation.runtime.testDriver.junit.Junit4MutationTestDriver.runTest(Junit4MutationTestDriver.java:231)
	at de.unisb.cs.st.javalanche.mutation.runtime.testDriver.junit.Junit4MutationTestDriver.access$400(Junit4MutationTestDriver.java:59)
	at de.unisb.cs.st.javalanche.mutation.runtime.testDriver.junit.Junit4MutationTestDriver$1.run(Junit4MutationTestDriver.java:330)
	at java.util.concurrent.Executors$RunnableAdapter.call(Executors.java:441)
	at java.util.concurrent.FutureTask$Sync.innerRun(FutureTask.java:303)
	at java.util.concurrent.FutureTask.run(FutureTask.java:138)
	at java.lang.Thread.run(Thread.java:662)
java.io.EOFException
	at java.io.DataInputStream.readInt(DataInputStream.java:375)
	at java.io.DataInputStream.readFloat(DataInputStream.java:429)
	at java.io.ObjectInputStream$BlockDataInputStream.readFloat(ObjectInputStream.java:2787)
	at java.io.ObjectInputStream.readFloat(ObjectInputStream.java:971)
	at org.jfree.io.SerialUtilities.readStroke(SerialUtilities.java:213)
	at org.jfree.chart.renderer.AbstractRenderer.readObject(AbstractRenderer.java:3615)
	at sun.reflect.GeneratedMethodAccessor34.invoke(Unknown Source)
	at sun.reflect.DelegatingMethodAccessorImpl.invoke(DelegatingMethodAccessorImpl.java:25)
	at java.lang.reflect.Method.invoke(Method.java:597)
	at java.io.ObjectStreamClass.invokeReadObject(ObjectStreamClass.java:974)
	at java.io.ObjectInputStream.readSerialData(ObjectInputStream.java:1848)
	at java.io.ObjectInputStream.readOrdinaryObject(ObjectInputStream.java:1752)
	at java.io.ObjectInputStream.readObject0(ObjectInputStream.java:1328)
	at java.io.ObjectInputStream.readObject(ObjectInputStream.java:350)
	at org.jfree.chart.renderer.xy.junit.XYSplineRendererTests.testSerialization(XYSplineRendererTests.java:142)
	at sun.reflect.NativeMethodAccessorImpl.invoke0(Native Method)
	at sun.reflect.NativeMethodAccessorImpl.invoke(NativeMethodAccessorImpl.java:39)
	at sun.reflect.DelegatingMethodAccessorImpl.invoke(DelegatingMethodAccessorImpl.java:25)
	at java.lang.reflect.Method.invoke(Method.java:597)
	at junit.framework.TestCase.runTest(TestCase.java:168)
	at junit.framework.TestCase.runBare(TestCase.java:134)
	at junit.framework.TestResult$1.protect(TestResult.java:110)
	at junit.framework.TestResult.runProtected(TestResult.java:128)
	at junit.framework.TestResult.run(TestResult.java:113)
	at junit.framework.TestCase.run(TestCase.java:124)
	at junit.framework.TestSuite.runTest(TestSuite.java:243)
	at junit.framework.TestSuite.run(TestSuite.java:238)
	at org.junit.internal.runners.JUnit38ClassRunner.run(JUnit38ClassRunner.java:101)
	at de.unisb.cs.st.javalanche.mutation.runtime.testDriver.junit.Junit4MutationTestDriver.runTest(Junit4MutationTestDriver.java:231)
	at de.unisb.cs.st.javalanche.mutation.runtime.testDriver.junit.Junit4MutationTestDriver.access$400(Junit4MutationTestDriver.java:59)
	at de.unisb.cs.st.javalanche.mutation.runtime.testDriver.junit.Junit4MutationTestDriver$1.run(Junit4MutationTestDriver.java:330)
	at java.util.concurrent.Executors$RunnableAdapter.call(Executors.java:441)
	at java.util.concurrent.FutureTask$Sync.innerRun(FutureTask.java:303)
	at java.util.concurrent.FutureTask.run(FutureTask.java:138)
	at java.lang.Thread.run(Thread.java:662)
java.io.EOFException
	at java.io.DataInputStream.readInt(DataInputStream.java:375)
	at java.io.DataInputStream.readFloat(DataInputStream.java:429)
	at java.io.ObjectInputStream$BlockDataInputStream.readFloat(ObjectInputStream.java:2787)
	at java.io.ObjectInputStream.readFloat(ObjectInputStream.java:971)
	at org.jfree.io.SerialUtilities.readStroke(SerialUtilities.java:213)
	at org.jfree.chart.plot.dial.StandardDialScale.readObject(StandardDialScale.java:1012)
	at sun.reflect.NativeMethodAccessorImpl.invoke0(Native Method)
	at sun.reflect.NativeMethodAccessorImpl.invoke(NativeMethodAccessorImpl.java:39)
	at sun.reflect.DelegatingMethodAccessorImpl.invoke(DelegatingMethodAccessorImpl.java:25)
	at java.lang.reflect.Method.invoke(Method.java:597)
	at java.io.ObjectStreamClass.invokeReadObject(ObjectStreamClass.java:974)
	at java.io.ObjectInputStream.readSerialData(ObjectInputStream.java:1848)
	at java.io.ObjectInputStream.readOrdinaryObject(ObjectInputStream.java:1752)
	at java.io.ObjectInputStream.readObject0(ObjectInputStream.java:1328)
	at java.io.ObjectInputStream.readObject(ObjectInputStream.java:350)
	at org.jfree.chart.plot.dial.junit.StandardDialScaleTests.testSerialization(StandardDialScaleTests.java:261)
	at sun.reflect.NativeMethodAccessorImpl.invoke0(Native Method)
	at sun.reflect.NativeMethodAccessorImpl.invoke(NativeMethodAccessorImpl.java:39)
	at sun.reflect.DelegatingMethodAccessorImpl.invoke(DelegatingMethodAccessorImpl.java:25)
	at java.lang.reflect.Method.invoke(Method.java:597)
	at junit.framework.TestCase.runTest(TestCase.java:168)
	at junit.framework.TestCase.runBare(TestCase.java:134)
	at junit.framework.TestResult$1.protect(TestResult.java:110)
	at junit.framework.TestResult.runProtected(TestResult.java:128)
	at junit.framework.TestResult.run(TestResult.java:113)
	at junit.framework.TestCase.run(TestCase.java:124)
	at junit.framework.TestSuite.runTest(TestSuite.java:243)
	at junit.framework.TestSuite.run(TestSuite.java:238)
	at org.junit.internal.runners.JUnit38ClassRunner.run(JUnit38ClassRunner.java:101)
	at de.unisb.cs.st.javalanche.mutation.runtime.testDriver.junit.Junit4MutationTestDriver.runTest(Junit4MutationTestDriver.java:231)
	at de.unisb.cs.st.javalanche.mutation.runtime.testDriver.junit.Junit4MutationTestDriver.access$400(Junit4MutationTestDriver.java:59)
	at de.unisb.cs.st.javalanche.mutation.runtime.testDriver.junit.Junit4MutationTestDriver$1.run(Junit4MutationTestDriver.java:330)
	at java.util.concurrent.Executors$RunnableAdapter.call(Executors.java:441)
	at java.util.concurrent.FutureTask$Sync.innerRun(FutureTask.java:303)
	at java.util.concurrent.FutureTask.run(FutureTask.java:138)
	at java.lang.Thread.run(Thread.java:662)
java.io.EOFException
	at java.io.DataInputStream.readInt(DataInputStream.java:375)
	at java.io.DataInputStream.readFloat(DataInputStream.java:429)
	at java.io.ObjectInputStream$BlockDataInputStream.readFloat(ObjectInputStream.java:2787)
	at java.io.ObjectInputStream.readFloat(ObjectInputStream.java:971)
	at org.jfree.io.SerialUtilities.readStroke(SerialUtilities.java:213)
	at org.jfree.chart.plot.dial.DialValueIndicator.readObject(DialValueIndicator.java:701)
	at sun.reflect.NativeMethodAccessorImpl.invoke0(Native Method)
	at sun.reflect.NativeMethodAccessorImpl.invoke(NativeMethodAccessorImpl.java:39)
	at sun.reflect.DelegatingMethodAccessorImpl.invoke(DelegatingMethodAccessorImpl.java:25)
	at java.lang.reflect.Method.invoke(Method.java:597)
	at java.io.ObjectStreamClass.invokeReadObject(ObjectStreamClass.java:974)
	at java.io.ObjectInputStream.readSerialData(ObjectInputStream.java:1848)
	at java.io.ObjectInputStream.readOrdinaryObject(ObjectInputStream.java:1752)
	at java.io.ObjectInputStream.readObject0(ObjectInputStream.java:1328)
	at java.io.ObjectInputStream.readObject(ObjectInputStream.java:350)
	at org.jfree.chart.plot.dial.junit.DialValueIndicatorTests.testSerialization(DialValueIndicatorTests.java:239)
	at sun.reflect.NativeMethodAccessorImpl.invoke0(Native Method)
	at sun.reflect.NativeMethodAccessorImpl.invoke(NativeMethodAccessorImpl.java:39)
	at sun.reflect.DelegatingMethodAccessorImpl.invoke(DelegatingMethodAccessorImpl.java:25)
	at java.lang.reflect.Method.invoke(Method.java:597)
	at junit.framework.TestCase.runTest(TestCase.java:168)
	at junit.framework.TestCase.runBare(TestCase.java:134)
	at junit.framework.TestResult$1.protect(TestResult.java:110)
	at junit.framework.TestResult.runProtected(TestResult.java:128)
	at junit.framework.TestResult.run(TestResult.java:113)
	at junit.framework.TestCase.run(TestCase.java:124)
	at junit.framework.TestSuite.runTest(TestSuite.java:243)
	at junit.framework.TestSuite.run(TestSuite.java:238)
	at org.junit.internal.runners.JUnit38ClassRunner.run(JUnit38ClassRunner.java:101)
	at de.unisb.cs.st.javalanche.mutation.runtime.testDriver.junit.Junit4MutationTestDriver.runTest(Junit4MutationTestDriver.java:231)
	at de.unisb.cs.st.javalanche.mutation.runtime.testDriver.junit.Junit4MutationTestDriver.access$400(Junit4MutationTestDriver.java:59)
	at de.unisb.cs.st.javalanche.mutation.runtime.testDriver.junit.Junit4MutationTestDriver$1.run(Junit4MutationTestDriver.java:330)
	at java.util.concurrent.Executors$RunnableAdapter.call(Executors.java:441)
	at java.util.concurrent.FutureTask$Sync.innerRun(FutureTask.java:303)
	at java.util.concurrent.FutureTask.run(FutureTask.java:138)
	at java.lang.Thread.run(Thread.java:662)
java.io.EOFException
	at java.io.DataInputStream.readInt(DataInputStream.java:375)
	at java.io.DataInputStream.readFloat(DataInputStream.java:429)
	at java.io.ObjectInputStream$BlockDataInputStream.readFloat(ObjectInputStream.java:2787)
	at java.io.ObjectInputStream.readFloat(ObjectInputStream.java:971)
	at org.jfree.io.SerialUtilities.readStroke(SerialUtilities.java:213)
	at org.jfree.chart.axis.Axis.readObject(Axis.java:1264)
	at sun.reflect.GeneratedMethodAccessor48.invoke(Unknown Source)
	at sun.reflect.DelegatingMethodAccessorImpl.invoke(DelegatingMethodAccessorImpl.java:25)
	at java.lang.reflect.Method.invoke(Method.java:597)
	at java.io.ObjectStreamClass.invokeReadObject(ObjectStreamClass.java:974)
	at java.io.ObjectInputStream.readSerialData(ObjectInputStream.java:1848)
	at java.io.ObjectInputStream.readOrdinaryObject(ObjectInputStream.java:1752)
	at java.io.ObjectInputStream.readObject0(ObjectInputStream.java:1328)
	at java.io.ObjectInputStream.readObject(ObjectInputStream.java:350)
	at org.jfree.chart.axis.junit.ModuloAxisTests.testSerialization(ModuloAxisTests.java:139)
	at sun.reflect.NativeMethodAccessorImpl.invoke0(Native Method)
	at sun.reflect.NativeMethodAccessorImpl.invoke(NativeMethodAccessorImpl.java:39)
	at sun.reflect.DelegatingMethodAccessorImpl.invoke(DelegatingMethodAccessorImpl.java:25)
	at java.lang.reflect.Method.invoke(Method.java:597)
	at junit.framework.TestCase.runTest(TestCase.java:168)
	at junit.framework.TestCase.runBare(TestCase.java:134)
	at junit.framework.TestResult$1.protect(TestResult.java:110)
	at junit.framework.TestResult.runProtected(TestResult.java:128)
	at junit.framework.TestResult.run(TestResult.java:113)
	at junit.framework.TestCase.run(TestCase.java:124)
	at junit.framework.TestSuite.runTest(TestSuite.java:243)
	at junit.framework.TestSuite.run(TestSuite.java:238)
	at org.junit.internal.runners.JUnit38ClassRunner.run(JUnit38ClassRunner.java:101)
	at de.unisb.cs.st.javalanche.mutation.runtime.testDriver.junit.Junit4MutationTestDriver.runTest(Junit4MutationTestDriver.java:231)
	at de.unisb.cs.st.javalanche.mutation.runtime.testDriver.junit.Junit4MutationTestDriver.access$400(Junit4MutationTestDriver.java:59)
	at de.unisb.cs.st.javalanche.mutation.runtime.testDriver.junit.Junit4MutationTestDriver$1.run(Junit4MutationTestDriver.java:330)
	at java.util.concurrent.Executors$RunnableAdapter.call(Executors.java:441)
	at java.util.concurrent.FutureTask$Sync.innerRun(FutureTask.java:303)
	at java.util.concurrent.FutureTask.run(FutureTask.java:138)
	at java.lang.Thread.run(Thread.java:662)
java.io.EOFException
	at java.io.DataInputStream.readInt(DataInputStream.java:375)
	at java.io.DataInputStream.readFloat(DataInputStream.java:429)
	at java.io.ObjectInputStream$BlockDataInputStream.readFloat(ObjectInputStream.java:2787)
	at java.io.ObjectInputStream.readFloat(ObjectInputStream.java:971)
	at org.jfree.io.SerialUtilities.readStroke(SerialUtilities.java:213)
	at org.jfree.chart.needle.MeterNeedle.readObject(MeterNeedle.java:429)
	at sun.reflect.GeneratedMethodAccessor138.invoke(Unknown Source)
	at sun.reflect.DelegatingMethodAccessorImpl.invoke(DelegatingMethodAccessorImpl.java:25)
	at java.lang.reflect.Method.invoke(Method.java:597)
	at java.io.ObjectStreamClass.invokeReadObject(ObjectStreamClass.java:974)
	at java.io.ObjectInputStream.readSerialData(ObjectInputStream.java:1848)
	at java.io.ObjectInputStream.readOrdinaryObject(ObjectInputStream.java:1752)
	at java.io.ObjectInputStream.readObject0(ObjectInputStream.java:1328)
	at java.io.ObjectInputStream.readObject(ObjectInputStream.java:350)
	at org.jfree.chart.needle.junit.LineNeedleTests.testSerialization(LineNeedleTests.java:120)
	at sun.reflect.NativeMethodAccessorImpl.invoke0(Native Method)
	at sun.reflect.NativeMethodAccessorImpl.invoke(NativeMethodAccessorImpl.java:39)
	at sun.reflect.DelegatingMethodAccessorImpl.invoke(DelegatingMethodAccessorImpl.java:25)
	at java.lang.reflect.Method.invoke(Method.java:597)
	at junit.framework.TestCase.runTest(TestCase.java:168)
	at junit.framework.TestCase.runBare(TestCase.java:134)
	at junit.framework.TestResult$1.protect(TestResult.java:110)
	at junit.framework.TestResult.runProtected(TestResult.java:128)
	at junit.framework.TestResult.run(TestResult.java:113)
	at junit.framework.TestCase.run(TestCase.java:124)
	at junit.framework.TestSuite.runTest(TestSuite.java:243)
	at junit.framework.TestSuite.run(TestSuite.java:238)
	at org.junit.internal.runners.JUnit38ClassRunner.run(JUnit38ClassRunner.java:101)
	at de.unisb.cs.st.javalanche.mutation.runtime.testDriver.junit.Junit4MutationTestDriver.runTest(Junit4MutationTestDriver.java:231)
	at de.unisb.cs.st.javalanche.mutation.runtime.testDriver.junit.Junit4MutationTestDriver.access$400(Junit4MutationTestDriver.java:59)
	at de.unisb.cs.st.javalanche.mutation.runtime.testDriver.junit.Junit4MutationTestDriver$1.run(Junit4MutationTestDriver.java:330)
	at java.util.concurrent.Executors$RunnableAdapter.call(Executors.java:441)
	at java.util.concurrent.FutureTask$Sync.innerRun(FutureTask.java:303)
	at java.util.concurrent.FutureTask.run(FutureTask.java:138)
	at java.lang.Thread.run(Thread.java:662)
java.io.EOFException
	at java.io.DataInputStream.readInt(DataInputStream.java:375)
	at java.io.DataInputStream.readFloat(DataInputStream.java:429)
	at java.io.ObjectInputStream$BlockDataInputStream.readFloat(ObjectInputStream.java:2787)
	at java.io.ObjectInputStream.readFloat(ObjectInputStream.java:971)
	at org.jfree.io.SerialUtilities.readStroke(SerialUtilities.java:213)
	at org.jfree.chart.renderer.AbstractRenderer.readObject(AbstractRenderer.java:3615)
	at sun.reflect.GeneratedMethodAccessor34.invoke(Unknown Source)
	at sun.reflect.DelegatingMethodAccessorImpl.invoke(DelegatingMethodAccessorImpl.java:25)
	at java.lang.reflect.Method.invoke(Method.java:597)
	at java.io.ObjectStreamClass.invokeReadObject(ObjectStreamClass.java:974)
	at java.io.ObjectInputStream.readSerialData(ObjectInputStream.java:1848)
	at java.io.ObjectInputStream.readOrdinaryObject(ObjectInputStream.java:1752)
	at java.io.ObjectInputStream.readObject0(ObjectInputStream.java:1328)
	at java.io.ObjectInputStream.readObject(ObjectInputStream.java:350)
	at org.jfree.chart.renderer.junit.DefaultPolarItemRendererTests.testSerialization(DefaultPolarItemRendererTests.java:143)
	at sun.reflect.NativeMethodAccessorImpl.invoke0(Native Method)
	at sun.reflect.NativeMethodAccessorImpl.invoke(NativeMethodAccessorImpl.java:39)
	at sun.reflect.DelegatingMethodAccessorImpl.invoke(DelegatingMethodAccessorImpl.java:25)
	at java.lang.reflect.Method.invoke(Method.java:597)
	at junit.framework.TestCase.runTest(TestCase.java:168)
	at junit.framework.TestCase.runBare(TestCase.java:134)
	at junit.framework.TestResult$1.protect(TestResult.java:110)
	at junit.framework.TestResult.runProtected(TestResult.java:128)
	at junit.framework.TestResult.run(TestResult.java:113)
	at junit.framework.TestCase.run(TestCase.java:124)
	at junit.framework.TestSuite.runTest(TestSuite.java:243)
	at junit.framework.TestSuite.run(TestSuite.java:238)
	at org.junit.internal.runners.JUnit38ClassRunner.run(JUnit38ClassRunner.java:101)
	at de.unisb.cs.st.javalanche.mutation.runtime.testDriver.junit.Junit4MutationTestDriver.runTest(Junit4MutationTestDriver.java:231)
	at de.unisb.cs.st.javalanche.mutation.runtime.testDriver.junit.Junit4MutationTestDriver.access$400(Junit4MutationTestDriver.java:59)
	at de.unisb.cs.st.javalanche.mutation.runtime.testDriver.junit.Junit4MutationTestDriver$1.run(Junit4MutationTestDriver.java:330)
	at java.util.concurrent.Executors$RunnableAdapter.call(Executors.java:441)
	at java.util.concurrent.FutureTask$Sync.innerRun(FutureTask.java:303)
	at java.util.concurrent.FutureTask.run(FutureTask.java:138)
	at java.lang.Thread.run(Thread.java:662)
java.io.EOFException
	at java.io.DataInputStream.readInt(DataInputStream.java:375)
	at java.io.ObjectInputStream$BlockDataInputStream.readInt(ObjectInputStream.java:2775)
	at java.io.ObjectInputStream.readInt(ObjectInputStream.java:949)
	at org.jfree.chart.plot.DefaultDrawingSupplier.readObject(DefaultDrawingSupplier.java:491)
	at sun.reflect.GeneratedMethodAccessor61.invoke(Unknown Source)
	at sun.reflect.DelegatingMethodAccessorImpl.invoke(DelegatingMethodAccessorImpl.java:25)
	at java.lang.reflect.Method.invoke(Method.java:597)
	at java.io.ObjectStreamClass.invokeReadObject(ObjectStreamClass.java:974)
	at java.io.ObjectInputStream.readSerialData(ObjectInputStream.java:1848)
	at java.io.ObjectInputStream.readOrdinaryObject(ObjectInputStream.java:1752)
	at java.io.ObjectInputStream.readObject0(ObjectInputStream.java:1328)
	at java.io.ObjectInputStream.defaultReadFields(ObjectInputStream.java:1946)
	at java.io.ObjectInputStream.defaultReadObject(ObjectInputStream.java:479)
	at org.jfree.chart.plot.Plot.readObject(Plot.java:1284)
	at sun.reflect.GeneratedMethodAccessor60.invoke(Unknown Source)
	at sun.reflect.DelegatingMethodAccessorImpl.invoke(DelegatingMethodAccessorImpl.java:25)
	at java.lang.reflect.Method.invoke(Method.java:597)
	at java.io.ObjectStreamClass.invokeReadObject(ObjectStreamClass.java:974)
	at java.io.ObjectInputStream.readSerialData(ObjectInputStream.java:1848)
	at java.io.ObjectInputStream.readOrdinaryObject(ObjectInputStream.java:1752)
	at java.io.ObjectInputStream.readObject0(ObjectInputStream.java:1328)
	at java.io.ObjectInputStream.readObject(ObjectInputStream.java:350)
	at org.jfree.chart.plot.junit.CombinedRangeCategoryPlotTests.testSerialization(CombinedRangeCategoryPlotTests.java:127)
	at sun.reflect.GeneratedMethodAccessor195.invoke(Unknown Source)
	at sun.reflect.DelegatingMethodAccessorImpl.invoke(DelegatingMethodAccessorImpl.java:25)
	at java.lang.reflect.Method.invoke(Method.java:597)
	at junit.framework.TestCase.runTest(TestCase.java:168)
	at junit.framework.TestCase.runBare(TestCase.java:134)
	at junit.framework.TestResult$1.protect(TestResult.java:110)
	at junit.framework.TestResult.runProtected(TestResult.java:128)
	at junit.framework.TestResult.run(TestResult.java:113)
	at junit.framework.TestCase.run(TestCase.java:124)
	at junit.framework.TestSuite.runTest(TestSuite.java:243)
	at junit.framework.TestSuite.run(TestSuite.java:238)
	at org.junit.internal.runners.JUnit38ClassRunner.run(JUnit38ClassRunner.java:101)
	at de.unisb.cs.st.javalanche.mutation.runtime.testDriver.junit.Junit4MutationTestDriver.runTest(Junit4MutationTestDriver.java:231)
	at de.unisb.cs.st.javalanche.mutation.runtime.testDriver.junit.Junit4MutationTestDriver.access$400(Junit4MutationTestDriver.java:59)
	at de.unisb.cs.st.javalanche.mutation.runtime.testDriver.junit.Junit4MutationTestDriver$1.run(Junit4MutationTestDriver.java:330)
	at java.util.concurrent.Executors$RunnableAdapter.call(Executors.java:441)
	at java.util.concurrent.FutureTask$Sync.innerRun(FutureTask.java:303)
	at java.util.concurrent.FutureTask.run(FutureTask.java:138)
	at java.lang.Thread.run(Thread.java:662)
java.io.EOFException
	at java.io.DataInputStream.readInt(DataInputStream.java:375)
	at java.io.DataInputStream.readFloat(DataInputStream.java:429)
	at java.io.ObjectInputStream$BlockDataInputStream.readFloat(ObjectInputStream.java:2787)
	at java.io.ObjectInputStream.readFloat(ObjectInputStream.java:971)
	at org.jfree.io.SerialUtilities.readStroke(SerialUtilities.java:213)
	at org.jfree.chart.renderer.AbstractRenderer.readObject(AbstractRenderer.java:3615)
	at sun.reflect.GeneratedMethodAccessor34.invoke(Unknown Source)
	at sun.reflect.DelegatingMethodAccessorImpl.invoke(DelegatingMethodAccessorImpl.java:25)
	at java.lang.reflect.Method.invoke(Method.java:597)
	at java.io.ObjectStreamClass.invokeReadObject(ObjectStreamClass.java:974)
	at java.io.ObjectInputStream.readSerialData(ObjectInputStream.java:1848)
	at java.io.ObjectInputStream.readOrdinaryObject(ObjectInputStream.java:1752)
	at java.io.ObjectInputStream.readObject0(ObjectInputStream.java:1328)
	at java.io.ObjectInputStream.readObject(ObjectInputStream.java:350)
	at org.jfree.chart.renderer.category.junit.LineAndShapeRendererTests.testSerialization(LineAndShapeRendererTests.java:316)
	at sun.reflect.NativeMethodAccessorImpl.invoke0(Native Method)
	at sun.reflect.NativeMethodAccessorImpl.invoke(NativeMethodAccessorImpl.java:39)
	at sun.reflect.DelegatingMethodAccessorImpl.invoke(DelegatingMethodAccessorImpl.java:25)
	at java.lang.reflect.Method.invoke(Method.java:597)
	at junit.framework.TestCase.runTest(TestCase.java:168)
	at junit.framework.TestCase.runBare(TestCase.java:134)
	at junit.framework.TestResult$1.protect(TestResult.java:110)
	at junit.framework.TestResult.runProtected(TestResult.java:128)
	at junit.framework.TestResult.run(TestResult.java:113)
	at junit.framework.TestCase.run(TestCase.java:124)
	at junit.framework.TestSuite.runTest(TestSuite.java:243)
	at junit.framework.TestSuite.run(TestSuite.java:238)
	at org.junit.internal.runners.JUnit38ClassRunner.run(JUnit38ClassRunner.java:101)
	at de.unisb.cs.st.javalanche.mutation.runtime.testDriver.junit.Junit4MutationTestDriver.runTest(Junit4MutationTestDriver.java:231)
	at de.unisb.cs.st.javalanche.mutation.runtime.testDriver.junit.Junit4MutationTestDriver.access$400(Junit4MutationTestDriver.java:59)
	at de.unisb.cs.st.javalanche.mutation.runtime.testDriver.junit.Junit4MutationTestDriver$1.run(Junit4MutationTestDriver.java:330)
	at java.util.concurrent.Executors$RunnableAdapter.call(Executors.java:441)
	at java.util.concurrent.FutureTask$Sync.innerRun(FutureTask.java:303)
	at java.util.concurrent.FutureTask.run(FutureTask.java:138)
	at java.lang.Thread.run(Thread.java:662)
java.io.EOFException
	at java.io.DataInputStream.readInt(DataInputStream.java:375)
	at java.io.DataInputStream.readFloat(DataInputStream.java:429)
	at java.io.ObjectInputStream$BlockDataInputStream.readFloat(ObjectInputStream.java:2787)
	at java.io.ObjectInputStream.readFloat(ObjectInputStream.java:971)
	at org.jfree.io.SerialUtilities.readStroke(SerialUtilities.java:213)
	at org.jfree.chart.renderer.AbstractRenderer.readObject(AbstractRenderer.java:3615)
	at sun.reflect.GeneratedMethodAccessor34.invoke(Unknown Source)
	at sun.reflect.DelegatingMethodAccessorImpl.invoke(DelegatingMethodAccessorImpl.java:25)
	at java.lang.reflect.Method.invoke(Method.java:597)
	at java.io.ObjectStreamClass.invokeReadObject(ObjectStreamClass.java:974)
	at java.io.ObjectInputStream.readSerialData(ObjectInputStream.java:1848)
	at java.io.ObjectInputStream.readOrdinaryObject(ObjectInputStream.java:1752)
	at java.io.ObjectInputStream.readObject0(ObjectInputStream.java:1328)
	at java.io.ObjectInputStream.readObject(ObjectInputStream.java:350)
	at org.jfree.chart.renderer.category.junit.StackedBarRenderer3DTests.testSerialization(StackedBarRenderer3DTests.java:148)
	at sun.reflect.NativeMethodAccessorImpl.invoke0(Native Method)
	at sun.reflect.NativeMethodAccessorImpl.invoke(NativeMethodAccessorImpl.java:39)
	at sun.reflect.DelegatingMethodAccessorImpl.invoke(DelegatingMethodAccessorImpl.java:25)
	at java.lang.reflect.Method.invoke(Method.java:597)
	at junit.framework.TestCase.runTest(TestCase.java:168)
	at junit.framework.TestCase.runBare(TestCase.java:134)
	at junit.framework.TestResult$1.protect(TestResult.java:110)
	at junit.framework.TestResult.runProtected(TestResult.java:128)
	at junit.framework.TestResult.run(TestResult.java:113)
	at junit.framework.TestCase.run(TestCase.java:124)
	at junit.framework.TestSuite.runTest(TestSuite.java:243)
	at junit.framework.TestSuite.run(TestSuite.java:238)
	at org.junit.internal.runners.JUnit38ClassRunner.run(JUnit38ClassRunner.java:101)
	at de.unisb.cs.st.javalanche.mutation.runtime.testDriver.junit.Junit4MutationTestDriver.runTest(Junit4MutationTestDriver.java:231)
	at de.unisb.cs.st.javalanche.mutation.runtime.testDriver.junit.Junit4MutationTestDriver.access$400(Junit4MutationTestDriver.java:59)
	at de.unisb.cs.st.javalanche.mutation.runtime.testDriver.junit.Junit4MutationTestDriver$1.run(Junit4MutationTestDriver.java:330)
	at java.util.concurrent.Executors$RunnableAdapter.call(Executors.java:441)
	at java.util.concurrent.FutureTask$Sync.innerRun(FutureTask.java:303)
	at java.util.concurrent.FutureTask.run(FutureTask.java:138)
	at java.lang.Thread.run(Thread.java:662)
java.lang.ArrayIndexOutOfBoundsException: -1
	at org.jfree.io.SerialUtilities.readShape(SerialUtilities.java:332)
	at org.jfree.chart.renderer.xy.XYAreaRenderer.readObject(XYAreaRenderer.java:624)
	at sun.reflect.NativeMethodAccessorImpl.invoke0(Native Method)
	at sun.reflect.NativeMethodAccessorImpl.invoke(NativeMethodAccessorImpl.java:39)
	at sun.reflect.DelegatingMethodAccessorImpl.invoke(DelegatingMethodAccessorImpl.java:25)
	at java.lang.reflect.Method.invoke(Method.java:597)
	at java.io.ObjectStreamClass.invokeReadObject(ObjectStreamClass.java:974)
	at java.io.ObjectInputStream.readSerialData(ObjectInputStream.java:1848)
	at java.io.ObjectInputStream.readOrdinaryObject(ObjectInputStream.java:1752)
	at java.io.ObjectInputStream.readObject0(ObjectInputStream.java:1328)
	at java.io.ObjectInputStream.readObject(ObjectInputStream.java:350)
	at org.jfree.chart.renderer.xy.junit.StackedXYAreaRendererTests.testSerialization(StackedXYAreaRendererTests.java:165)
	at sun.reflect.NativeMethodAccessorImpl.invoke0(Native Method)
	at sun.reflect.NativeMethodAccessorImpl.invoke(NativeMethodAccessorImpl.java:39)
	at sun.reflect.DelegatingMethodAccessorImpl.invoke(DelegatingMethodAccessorImpl.java:25)
	at java.lang.reflect.Method.invoke(Method.java:597)
	at junit.framework.TestCase.runTest(TestCase.java:168)
	at junit.framework.TestCase.runBare(TestCase.java:134)
	at junit.framework.TestResult$1.protect(TestResult.java:110)
	at junit.framework.TestResult.runProtected(TestResult.java:128)
	at junit.framework.TestResult.run(TestResult.java:113)
	at junit.framework.TestCase.run(TestCase.java:124)
	at junit.framework.TestSuite.runTest(TestSuite.java:243)
	at junit.framework.TestSuite.run(TestSuite.java:238)
	at org.junit.internal.runners.JUnit38ClassRunner.run(JUnit38ClassRunner.java:101)
	at de.unisb.cs.st.javalanche.mutation.runtime.testDriver.junit.Junit4MutationTestDriver.runTest(Junit4MutationTestDriver.java:231)
	at de.unisb.cs.st.javalanche.mutation.runtime.testDriver.junit.Junit4MutationTestDriver.access$400(Junit4MutationTestDriver.java:59)
	at de.unisb.cs.st.javalanche.mutation.runtime.testDriver.junit.Junit4MutationTestDriver$1.run(Junit4MutationTestDriver.java:330)
	at java.util.concurrent.Executors$RunnableAdapter.call(Executors.java:441)
	at java.util.concurrent.FutureTask$Sync.innerRun(FutureTask.java:303)
	at java.util.concurrent.FutureTask.run(FutureTask.java:138)
	at java.lang.Thread.run(Thread.java:662)
java.lang.ArrayIndexOutOfBoundsException: -1
	at org.jfree.io.SerialUtilities.readShape(SerialUtilities.java:332)
	at org.jfree.chart.renderer.xy.XYAreaRenderer2.readObject(XYAreaRenderer2.java:474)
	at sun.reflect.NativeMethodAccessorImpl.invoke0(Native Method)
	at sun.reflect.NativeMethodAccessorImpl.invoke(NativeMethodAccessorImpl.java:39)
	at sun.reflect.DelegatingMethodAccessorImpl.invoke(DelegatingMethodAccessorImpl.java:25)
	at java.lang.reflect.Method.invoke(Method.java:597)
	at java.io.ObjectStreamClass.invokeReadObject(ObjectStreamClass.java:974)
	at java.io.ObjectInputStream.readSerialData(ObjectInputStream.java:1848)
	at java.io.ObjectInputStream.readOrdinaryObject(ObjectInputStream.java:1752)
	at java.io.ObjectInputStream.readObject0(ObjectInputStream.java:1328)
	at java.io.ObjectInputStream.readObject(ObjectInputStream.java:350)
	at org.jfree.chart.renderer.xy.junit.StackedXYAreaRenderer2Tests.testSerialization(StackedXYAreaRenderer2Tests.java:175)
	at sun.reflect.NativeMethodAccessorImpl.invoke0(Native Method)
	at sun.reflect.NativeMethodAccessorImpl.invoke(NativeMethodAccessorImpl.java:39)
	at sun.reflect.DelegatingMethodAccessorImpl.invoke(DelegatingMethodAccessorImpl.java:25)
	at java.lang.reflect.Method.invoke(Method.java:597)
	at junit.framework.TestCase.runTest(TestCase.java:168)
	at junit.framework.TestCase.runBare(TestCase.java:134)
	at junit.framework.TestResult$1.protect(TestResult.java:110)
	at junit.framework.TestResult.runProtected(TestResult.java:128)
	at junit.framework.TestResult.run(TestResult.java:113)
	at junit.framework.TestCase.run(TestCase.java:124)
	at junit.framework.TestSuite.runTest(TestSuite.java:243)
	at junit.framework.TestSuite.run(TestSuite.java:238)
	at org.junit.internal.runners.JUnit38ClassRunner.run(JUnit38ClassRunner.java:101)
	at de.unisb.cs.st.javalanche.mutation.runtime.testDriver.junit.Junit4MutationTestDriver.runTest(Junit4MutationTestDriver.java:231)
	at de.unisb.cs.st.javalanche.mutation.runtime.testDriver.junit.Junit4MutationTestDriver.access$400(Junit4MutationTestDriver.java:59)
	at de.unisb.cs.st.javalanche.mutation.runtime.testDriver.junit.Junit4MutationTestDriver$1.run(Junit4MutationTestDriver.java:330)
	at java.util.concurrent.Executors$RunnableAdapter.call(Executors.java:441)
	at java.util.concurrent.FutureTask$Sync.innerRun(FutureTask.java:303)
	at java.util.concurrent.FutureTask.run(FutureTask.java:138)
	at java.lang.Thread.run(Thread.java:662)
java.lang.RuntimeException: JFreeChart - No path exists
	at org.jfree.io.SerialUtilities.readShape(SerialUtilities.java:347)
	at org.jfree.chart.renderer.xy.XYAreaRenderer.readObject(XYAreaRenderer.java:624)
	at sun.reflect.NativeMethodAccessorImpl.invoke0(Native Method)
	at sun.reflect.NativeMethodAccessorImpl.invoke(NativeMethodAccessorImpl.java:39)
	at sun.reflect.DelegatingMethodAccessorImpl.invoke(DelegatingMethodAccessorImpl.java:25)
	at java.lang.reflect.Method.invoke(Method.java:597)
	at java.io.ObjectStreamClass.invokeReadObject(ObjectStreamClass.java:974)
	at java.io.ObjectInputStream.readSerialData(ObjectInputStream.java:1848)
	at java.io.ObjectInputStream.readOrdinaryObject(ObjectInputStream.java:1752)
	at java.io.ObjectInputStream.readObject0(ObjectInputStream.java:1328)
	at java.io.ObjectInputStream.readObject(ObjectInputStream.java:350)
	at org.jfree.chart.renderer.xy.junit.StackedXYAreaRendererTests.testSerialization(StackedXYAreaRendererTests.java:165)
	at sun.reflect.NativeMethodAccessorImpl.invoke0(Native Method)
	at sun.reflect.NativeMethodAccessorImpl.invoke(NativeMethodAccessorImpl.java:39)
	at sun.reflect.DelegatingMethodAccessorImpl.invoke(DelegatingMethodAccessorImpl.java:25)
	at java.lang.reflect.Method.invoke(Method.java:597)
	at junit.framework.TestCase.runTest(TestCase.java:168)
	at junit.framework.TestCase.runBare(TestCase.java:134)
	at junit.framework.TestResult$1.protect(TestResult.java:110)
	at junit.framework.TestResult.runProtected(TestResult.java:128)
	at junit.framework.TestResult.run(TestResult.java:113)
	at junit.framework.TestCase.run(TestCase.java:124)
	at junit.framework.TestSuite.runTest(TestSuite.java:243)
	at junit.framework.TestSuite.run(TestSuite.java:238)
	at org.junit.internal.runners.JUnit38ClassRunner.run(JUnit38ClassRunner.java:101)
	at de.unisb.cs.st.javalanche.mutation.runtime.testDriver.junit.Junit4MutationTestDriver.runTest(Junit4MutationTestDriver.java:231)
	at de.unisb.cs.st.javalanche.mutation.runtime.testDriver.junit.Junit4MutationTestDriver.access$400(Junit4MutationTestDriver.java:59)
	at de.unisb.cs.st.javalanche.mutation.runtime.testDriver.junit.Junit4MutationTestDriver$1.run(Junit4MutationTestDriver.java:330)
	at java.util.concurrent.Executors$RunnableAdapter.call(Executors.java:441)
	at java.util.concurrent.FutureTask$Sync.innerRun(FutureTask.java:303)
	at java.util.concurrent.FutureTask.run(FutureTask.java:138)
	at java.lang.Thread.run(Thread.java:662)
java.lang.RuntimeException: JFreeChart - No path exists
	at org.jfree.io.SerialUtilities.readShape(SerialUtilities.java:347)
	at org.jfree.chart.renderer.xy.XYAreaRenderer2.readObject(XYAreaRenderer2.java:474)
	at sun.reflect.NativeMethodAccessorImpl.invoke0(Native Method)
	at sun.reflect.NativeMethodAccessorImpl.invoke(NativeMethodAccessorImpl.java:39)
	at sun.reflect.DelegatingMethodAccessorImpl.invoke(DelegatingMethodAccessorImpl.java:25)
	at java.lang.reflect.Method.invoke(Method.java:597)
	at java.io.ObjectStreamClass.invokeReadObject(ObjectStreamClass.java:974)
	at java.io.ObjectInputStream.readSerialData(ObjectInputStream.java:1848)
	at java.io.ObjectInputStream.readOrdinaryObject(ObjectInputStream.java:1752)
	at java.io.ObjectInputStream.readObject0(ObjectInputStream.java:1328)
	at java.io.ObjectInputStream.readObject(ObjectInputStream.java:350)
	at org.jfree.chart.renderer.xy.junit.StackedXYAreaRenderer2Tests.testSerialization(StackedXYAreaRenderer2Tests.java:175)
	at sun.reflect.NativeMethodAccessorImpl.invoke0(Native Method)
	at sun.reflect.NativeMethodAccessorImpl.invoke(NativeMethodAccessorImpl.java:39)
	at sun.reflect.DelegatingMethodAccessorImpl.invoke(DelegatingMethodAccessorImpl.java:25)
	at java.lang.reflect.Method.invoke(Method.java:597)
	at junit.framework.TestCase.runTest(TestCase.java:168)
	at junit.framework.TestCase.runBare(TestCase.java:134)
	at junit.framework.TestResult$1.protect(TestResult.java:110)
	at junit.framework.TestResult.runProtected(TestResult.java:128)
	at junit.framework.TestResult.run(TestResult.java:113)
	at junit.framework.TestCase.run(TestCase.java:124)
	at junit.framework.TestSuite.runTest(TestSuite.java:243)
	at junit.framework.TestSuite.run(TestSuite.java:238)
	at org.junit.internal.runners.JUnit38ClassRunner.run(JUnit38ClassRunner.java:101)
	at de.unisb.cs.st.javalanche.mutation.runtime.testDriver.junit.Junit4MutationTestDriver.runTest(Junit4MutationTestDriver.java:231)
	at de.unisb.cs.st.javalanche.mutation.runtime.testDriver.junit.Junit4MutationTestDriver.access$400(Junit4MutationTestDriver.java:59)
	at de.unisb.cs.st.javalanche.mutation.runtime.testDriver.junit.Junit4MutationTestDriver$1.run(Junit4MutationTestDriver.java:330)
	at java.util.concurrent.Executors$RunnableAdapter.call(Executors.java:441)
	at java.util.concurrent.FutureTask$Sync.innerRun(FutureTask.java:303)
	at java.util.concurrent.FutureTask.run(FutureTask.java:138)
	at java.lang.Thread.run(Thread.java:662)
java.io.EOFException
	at java.io.DataInputStream.readFully(DataInputStream.java:180)
	at java.io.DataInputStream.readLong(DataInputStream.java:399)
	at java.io.DataInputStream.readDouble(DataInputStream.java:451)
	at java.io.ObjectInputStream$BlockDataInputStream.readDouble(ObjectInputStream.java:2811)
	at java.io.ObjectInputStream.readDouble(ObjectInputStream.java:982)
	at org.jfree.io.SerialUtilities.readShape(SerialUtilities.java:291)
	at org.jfree.chart.renderer.xy.StandardXYItemRenderer.readObject(StandardXYItemRenderer.java:1129)
	at sun.reflect.GeneratedMethodAccessor109.invoke(Unknown Source)
	at sun.reflect.DelegatingMethodAccessorImpl.invoke(DelegatingMethodAccessorImpl.java:25)
	at java.lang.reflect.Method.invoke(Method.java:597)
	at java.io.ObjectStreamClass.invokeReadObject(ObjectStreamClass.java:974)
	at java.io.ObjectInputStream.readSerialData(ObjectInputStream.java:1848)
	at java.io.ObjectInputStream.readOrdinaryObject(ObjectInputStream.java:1752)
	at java.io.ObjectInputStream.readObject0(ObjectInputStream.java:1328)
	at java.io.ObjectInputStream.readObject(ObjectInputStream.java:350)
	at org.jfree.util.AbstractObjectList.readObject(AbstractObjectList.java:277)
	at sun.reflect.GeneratedMethodAccessor13.invoke(Unknown Source)
	at sun.reflect.DelegatingMethodAccessorImpl.invoke(DelegatingMethodAccessorImpl.java:25)
	at java.lang.reflect.Method.invoke(Method.java:597)
	at java.io.ObjectStreamClass.invokeReadObject(ObjectStreamClass.java:974)
	at java.io.ObjectInputStream.readSerialData(ObjectInputStream.java:1848)
	at java.io.ObjectInputStream.readOrdinaryObject(ObjectInputStream.java:1752)
	at java.io.ObjectInputStream.readObject0(ObjectInputStream.java:1328)
	at java.io.ObjectInputStream.defaultReadFields(ObjectInputStream.java:1946)
	at java.io.ObjectInputStream.defaultReadObject(ObjectInputStream.java:479)
	at org.jfree.chart.plot.XYPlot.readObject(XYPlot.java:4865)
	at sun.reflect.GeneratedMethodAccessor87.invoke(Unknown Source)
	at sun.reflect.DelegatingMethodAccessorImpl.invoke(DelegatingMethodAccessorImpl.java:25)
	at java.lang.reflect.Method.invoke(Method.java:597)
	at java.io.ObjectStreamClass.invokeReadObject(ObjectStreamClass.java:974)
	at java.io.ObjectInputStream.readSerialData(ObjectInputStream.java:1848)
	at java.io.ObjectInputStream.readOrdinaryObject(ObjectInputStream.java:1752)
	at java.io.ObjectInputStream.readObject0(ObjectInputStream.java:1328)
	at java.io.ObjectInputStream.readObject(ObjectInputStream.java:350)
	at java.util.ArrayList.readObject(ArrayList.java:593)
	at sun.reflect.GeneratedMethodAccessor11.invoke(Unknown Source)
	at sun.reflect.DelegatingMethodAccessorImpl.invoke(DelegatingMethodAccessorImpl.java:25)
	at java.lang.reflect.Method.invoke(Method.java:597)
	at java.io.ObjectStreamClass.invokeReadObject(ObjectStreamClass.java:974)
	at java.io.ObjectInputStream.readSerialData(ObjectInputStream.java:1848)
	at java.io.ObjectInputStream.readOrdinaryObject(ObjectInputStream.java:1752)
	at java.io.ObjectInputStream.readObject0(ObjectInputStream.java:1328)
	at java.io.ObjectInputStream.defaultReadFields(ObjectInputStream.java:1946)
	at java.io.ObjectInputStream.readSerialData(ObjectInputStream.java:1870)
	at java.io.ObjectInputStream.readOrdinaryObject(ObjectInputStream.java:1752)
	at java.io.ObjectInputStream.readObject0(ObjectInputStream.java:1328)
	at java.io.ObjectInputStream.readObject(ObjectInputStream.java:350)
	at org.jfree.chart.plot.junit.CombinedDomainXYPlotTests.testSerialization(CombinedDomainXYPlotTests.java:158)
	at sun.reflect.GeneratedMethodAccessor190.invoke(Unknown Source)
	at sun.reflect.DelegatingMethodAccessorImpl.invoke(DelegatingMethodAccessorImpl.java:25)
	at java.lang.reflect.Method.invoke(Method.java:597)
	at junit.framework.TestCase.runTest(TestCase.java:168)
	at junit.framework.TestCase.runBare(TestCase.java:134)
	at junit.framework.TestResult$1.protect(TestResult.java:110)
	at junit.framework.TestResult.runProtected(TestResult.java:128)
	at junit.framework.TestResult.run(TestResult.java:113)
	at junit.framework.TestCase.run(TestCase.java:124)
	at junit.framework.TestSuite.runTest(TestSuite.java:243)
	at junit.framework.TestSuite.run(TestSuite.java:238)
	at org.junit.internal.runners.JUnit38ClassRunner.run(JUnit38ClassRunner.java:101)
	at de.unisb.cs.st.javalanche.mutation.runtime.testDriver.junit.Junit4MutationTestDriver.runTest(Junit4MutationTestDriver.java:231)
	at de.unisb.cs.st.javalanche.mutation.runtime.testDriver.junit.Junit4MutationTestDriver.access$400(Junit4MutationTestDriver.java:59)
	at de.unisb.cs.st.javalanche.mutation.runtime.testDriver.junit.Junit4MutationTestDriver$1.run(Junit4MutationTestDriver.java:330)
	at java.util.concurrent.Executors$RunnableAdapter.call(Executors.java:441)
	at java.util.concurrent.FutureTask$Sync.innerRun(FutureTask.java:303)
	at java.util.concurrent.FutureTask.run(FutureTask.java:138)
	at java.lang.Thread.run(Thread.java:662)
java.io.EOFException
	at java.io.DataInputStream.readFully(DataInputStream.java:180)
	at java.io.DataInputStream.readLong(DataInputStream.java:399)
	at java.io.DataInputStream.readDouble(DataInputStream.java:451)
	at java.io.ObjectInputStream$BlockDataInputStream.readDouble(ObjectInputStream.java:2811)
	at java.io.ObjectInputStream.readDouble(ObjectInputStream.java:982)
	at org.jfree.io.SerialUtilities.readShape(SerialUtilities.java:291)
	at org.jfree.chart.renderer.xy.XYLineAndShapeRenderer.readObject(XYLineAndShapeRenderer.java:1358)
	at sun.reflect.GeneratedMethodAccessor107.invoke(Unknown Source)
	at sun.reflect.DelegatingMethodAccessorImpl.invoke(DelegatingMethodAccessorImpl.java:25)
	at java.lang.reflect.Method.invoke(Method.java:597)
	at java.io.ObjectStreamClass.invokeReadObject(ObjectStreamClass.java:974)
	at java.io.ObjectInputStream.readSerialData(ObjectInputStream.java:1848)
	at java.io.ObjectInputStream.readOrdinaryObject(ObjectInputStream.java:1752)
	at java.io.ObjectInputStream.readObject0(ObjectInputStream.java:1328)
	at java.io.ObjectInputStream.readObject(ObjectInputStream.java:350)
	at org.jfree.util.AbstractObjectList.readObject(AbstractObjectList.java:277)
	at sun.reflect.GeneratedMethodAccessor13.invoke(Unknown Source)
	at sun.reflect.DelegatingMethodAccessorImpl.invoke(DelegatingMethodAccessorImpl.java:25)
	at java.lang.reflect.Method.invoke(Method.java:597)
	at java.io.ObjectStreamClass.invokeReadObject(ObjectStreamClass.java:974)
	at java.io.ObjectInputStream.readSerialData(ObjectInputStream.java:1848)
	at java.io.ObjectInputStream.readOrdinaryObject(ObjectInputStream.java:1752)
	at java.io.ObjectInputStream.readObject0(ObjectInputStream.java:1328)
	at java.io.ObjectInputStream.defaultReadFields(ObjectInputStream.java:1946)
	at java.io.ObjectInputStream.defaultReadObject(ObjectInputStream.java:479)
	at org.jfree.chart.plot.XYPlot.readObject(XYPlot.java:4865)
	at sun.reflect.GeneratedMethodAccessor87.invoke(Unknown Source)
	at sun.reflect.DelegatingMethodAccessorImpl.invoke(DelegatingMethodAccessorImpl.java:25)
	at java.lang.reflect.Method.invoke(Method.java:597)
	at java.io.ObjectStreamClass.invokeReadObject(ObjectStreamClass.java:974)
	at java.io.ObjectInputStream.readSerialData(ObjectInputStream.java:1848)
	at java.io.ObjectInputStream.readOrdinaryObject(ObjectInputStream.java:1752)
	at java.io.ObjectInputStream.readObject0(ObjectInputStream.java:1328)
	at java.io.ObjectInputStream.defaultReadFields(ObjectInputStream.java:1946)
	at java.io.ObjectInputStream.defaultReadObject(ObjectInputStream.java:479)
	at org.jfree.chart.JFreeChart.readObject(JFreeChart.java:1647)
	at sun.reflect.GeneratedMethodAccessor103.invoke(Unknown Source)
	at sun.reflect.DelegatingMethodAccessorImpl.invoke(DelegatingMethodAccessorImpl.java:25)
	at java.lang.reflect.Method.invoke(Method.java:597)
	at java.io.ObjectStreamClass.invokeReadObject(ObjectStreamClass.java:974)
	at java.io.ObjectInputStream.readSerialData(ObjectInputStream.java:1848)
	at java.io.ObjectInputStream.readOrdinaryObject(ObjectInputStream.java:1752)
	at java.io.ObjectInputStream.readObject0(ObjectInputStream.java:1328)
	at java.io.ObjectInputStream.readObject(ObjectInputStream.java:350)
	at org.jfree.chart.junit.JFreeChartTests.testSerialization4(JFreeChartTests.java:459)
	at sun.reflect.GeneratedMethodAccessor184.invoke(Unknown Source)
	at sun.reflect.DelegatingMethodAccessorImpl.invoke(DelegatingMethodAccessorImpl.java:25)
	at java.lang.reflect.Method.invoke(Method.java:597)
	at junit.framework.TestCase.runTest(TestCase.java:168)
	at junit.framework.TestCase.runBare(TestCase.java:134)
	at junit.framework.TestResult$1.protect(TestResult.java:110)
	at junit.framework.TestResult.runProtected(TestResult.java:128)
	at junit.framework.TestResult.run(TestResult.java:113)
	at junit.framework.TestCase.run(TestCase.java:124)
	at junit.framework.TestSuite.runTest(TestSuite.java:243)
	at junit.framework.TestSuite.run(TestSuite.java:238)
	at org.junit.internal.runners.JUnit38ClassRunner.run(JUnit38ClassRunner.java:101)
	at de.unisb.cs.st.javalanche.mutation.runtime.testDriver.junit.Junit4MutationTestDriver.runTest(Junit4MutationTestDriver.java:231)
	at de.unisb.cs.st.javalanche.mutation.runtime.testDriver.junit.Junit4MutationTestDriver.access$400(Junit4MutationTestDriver.java:59)
	at de.unisb.cs.st.javalanche.mutation.runtime.testDriver.junit.Junit4MutationTestDriver$1.run(Junit4MutationTestDriver.java:330)
	at java.util.concurrent.Executors$RunnableAdapter.call(Executors.java:441)
	at java.util.concurrent.FutureTask$Sync.innerRun(FutureTask.java:303)
	at java.util.concurrent.FutureTask.run(FutureTask.java:138)
	at java.lang.Thread.run(Thread.java:662)
java.io.EOFException
	at java.io.DataInputStream.readFully(DataInputStream.java:180)
	at java.io.DataInputStream.readLong(DataInputStream.java:399)
	at java.io.DataInputStream.readDouble(DataInputStream.java:451)
	at java.io.ObjectInputStream$BlockDataInputStream.readDouble(ObjectInputStream.java:2811)
	at java.io.ObjectInputStream.readDouble(ObjectInputStream.java:982)
	at org.jfree.io.SerialUtilities.readShape(SerialUtilities.java:291)
	at org.jfree.chart.renderer.xy.XYDifferenceRenderer.readObject(XYDifferenceRenderer.java:1233)
	at sun.reflect.NativeMethodAccessorImpl.invoke0(Native Method)
	at sun.reflect.NativeMethodAccessorImpl.invoke(NativeMethodAccessorImpl.java:39)
	at sun.reflect.DelegatingMethodAccessorImpl.invoke(DelegatingMethodAccessorImpl.java:25)
	at java.lang.reflect.Method.invoke(Method.java:597)
	at java.io.ObjectStreamClass.invokeReadObject(ObjectStreamClass.java:974)
	at java.io.ObjectInputStream.readSerialData(ObjectInputStream.java:1848)
	at java.io.ObjectInputStream.readOrdinaryObject(ObjectInputStream.java:1752)
	at java.io.ObjectInputStream.readObject0(ObjectInputStream.java:1328)
	at java.io.ObjectInputStream.readObject(ObjectInputStream.java:350)
	at org.jfree.chart.renderer.xy.junit.XYDifferenceRendererTests.testSerialization(XYDifferenceRendererTests.java:197)
	at sun.reflect.NativeMethodAccessorImpl.invoke0(Native Method)
	at sun.reflect.NativeMethodAccessorImpl.invoke(NativeMethodAccessorImpl.java:39)
	at sun.reflect.DelegatingMethodAccessorImpl.invoke(DelegatingMethodAccessorImpl.java:25)
	at java.lang.reflect.Method.invoke(Method.java:597)
	at junit.framework.TestCase.runTest(TestCase.java:168)
	at junit.framework.TestCase.runBare(TestCase.java:134)
	at junit.framework.TestResult$1.protect(TestResult.java:110)
	at junit.framework.TestResult.runProtected(TestResult.java:128)
	at junit.framework.TestResult.run(TestResult.java:113)
	at junit.framework.TestCase.run(TestCase.java:124)
	at junit.framework.TestSuite.runTest(TestSuite.java:243)
	at junit.framework.TestSuite.run(TestSuite.java:238)
	at org.junit.internal.runners.JUnit38ClassRunner.run(JUnit38ClassRunner.java:101)
	at de.unisb.cs.st.javalanche.mutation.runtime.testDriver.junit.Junit4MutationTestDriver.runTest(Junit4MutationTestDriver.java:231)
	at de.unisb.cs.st.javalanche.mutation.runtime.testDriver.junit.Junit4MutationTestDriver.access$400(Junit4MutationTestDriver.java:59)
	at de.unisb.cs.st.javalanche.mutation.runtime.testDriver.junit.Junit4MutationTestDriver$1.run(Junit4MutationTestDriver.java:330)
	at java.util.concurrent.Executors$RunnableAdapter.call(Executors.java:441)
	at java.util.concurrent.FutureTask$Sync.innerRun(FutureTask.java:303)
	at java.util.concurrent.FutureTask.run(FutureTask.java:138)
	at java.lang.Thread.run(Thread.java:662)
java.io.EOFException
	at java.io.DataInputStream.readFully(DataInputStream.java:180)
	at java.io.DataInputStream.readLong(DataInputStream.java:399)
	at java.io.DataInputStream.readDouble(DataInputStream.java:451)
	at java.io.ObjectInputStream$BlockDataInputStream.readDouble(ObjectInputStream.java:2811)
	at java.io.ObjectInputStream.readDouble(ObjectInputStream.java:982)
	at org.jfree.io.SerialUtilities.readShape(SerialUtilities.java:291)
	at org.jfree.chart.renderer.xy.XYLineAndShapeRenderer.readObject(XYLineAndShapeRenderer.java:1358)
	at sun.reflect.GeneratedMethodAccessor107.invoke(Unknown Source)
	at sun.reflect.DelegatingMethodAccessorImpl.invoke(DelegatingMethodAccessorImpl.java:25)
	at java.lang.reflect.Method.invoke(Method.java:597)
	at java.io.ObjectStreamClass.invokeReadObject(ObjectStreamClass.java:974)
	at java.io.ObjectInputStream.readSerialData(ObjectInputStream.java:1848)
	at java.io.ObjectInputStream.readOrdinaryObject(ObjectInputStream.java:1752)
	at java.io.ObjectInputStream.readObject0(ObjectInputStream.java:1328)
	at java.io.ObjectInputStream.readObject(ObjectInputStream.java:350)
	at org.jfree.chart.renderer.xy.junit.XYLine3DRendererTests.testSerialization(XYLine3DRendererTests.java:156)
	at sun.reflect.NativeMethodAccessorImpl.invoke0(Native Method)
	at sun.reflect.NativeMethodAccessorImpl.invoke(NativeMethodAccessorImpl.java:39)
	at sun.reflect.DelegatingMethodAccessorImpl.invoke(DelegatingMethodAccessorImpl.java:25)
	at java.lang.reflect.Method.invoke(Method.java:597)
	at junit.framework.TestCase.runTest(TestCase.java:168)
	at junit.framework.TestCase.runBare(TestCase.java:134)
	at junit.framework.TestResult$1.protect(TestResult.java:110)
	at junit.framework.TestResult.runProtected(TestResult.java:128)
	at junit.framework.TestResult.run(TestResult.java:113)
	at junit.framework.TestCase.run(TestCase.java:124)
	at junit.framework.TestSuite.runTest(TestSuite.java:243)
	at junit.framework.TestSuite.run(TestSuite.java:238)
	at org.junit.internal.runners.JUnit38ClassRunner.run(JUnit38ClassRunner.java:101)
	at de.unisb.cs.st.javalanche.mutation.runtime.testDriver.junit.Junit4MutationTestDriver.runTest(Junit4MutationTestDriver.java:231)
	at de.unisb.cs.st.javalanche.mutation.runtime.testDriver.junit.Junit4MutationTestDriver.access$400(Junit4MutationTestDriver.java:59)
	at de.unisb.cs.st.javalanche.mutation.runtime.testDriver.junit.Junit4MutationTestDriver$1.run(Junit4MutationTestDriver.java:330)
	at java.util.concurrent.Executors$RunnableAdapter.call(Executors.java:441)
	at java.util.concurrent.FutureTask$Sync.innerRun(FutureTask.java:303)
	at java.util.concurrent.FutureTask.run(FutureTask.java:138)
	at java.lang.Thread.run(Thread.java:662)
java.io.EOFException
	at java.io.DataInputStream.readFully(DataInputStream.java:180)
	at java.io.DataInputStream.readLong(DataInputStream.java:399)
	at java.io.DataInputStream.readDouble(DataInputStream.java:451)
	at java.io.ObjectInputStream$BlockDataInputStream.readDouble(ObjectInputStream.java:2811)
	at java.io.ObjectInputStream.readDouble(ObjectInputStream.java:982)
	at org.jfree.io.SerialUtilities.readShape(SerialUtilities.java:291)
	at org.jfree.chart.LegendItem.readObject(LegendItem.java:876)
	at sun.reflect.NativeMethodAccessorImpl.invoke0(Native Method)
	at sun.reflect.NativeMethodAccessorImpl.invoke(NativeMethodAccessorImpl.java:39)
	at sun.reflect.DelegatingMethodAccessorImpl.invoke(DelegatingMethodAccessorImpl.java:25)
	at java.lang.reflect.Method.invoke(Method.java:597)
	at java.io.ObjectStreamClass.invokeReadObject(ObjectStreamClass.java:974)
	at java.io.ObjectInputStream.readSerialData(ObjectInputStream.java:1848)
	at java.io.ObjectInputStream.readOrdinaryObject(ObjectInputStream.java:1752)
	at java.io.ObjectInputStream.readObject0(ObjectInputStream.java:1328)
	at java.io.ObjectInputStream.readObject(ObjectInputStream.java:350)
	at org.jfree.chart.junit.LegendItemTests.testSerialization2(LegendItemTests.java:333)
	at sun.reflect.NativeMethodAccessorImpl.invoke0(Native Method)
	at sun.reflect.NativeMethodAccessorImpl.invoke(NativeMethodAccessorImpl.java:39)
	at sun.reflect.DelegatingMethodAccessorImpl.invoke(DelegatingMethodAccessorImpl.java:25)
	at java.lang.reflect.Method.invoke(Method.java:597)
	at junit.framework.TestCase.runTest(TestCase.java:168)
	at junit.framework.TestCase.runBare(TestCase.java:134)
	at junit.framework.TestResult$1.protect(TestResult.java:110)
	at junit.framework.TestResult.runProtected(TestResult.java:128)
	at junit.framework.TestResult.run(TestResult.java:113)
	at junit.framework.TestCase.run(TestCase.java:124)
	at junit.framework.TestSuite.runTest(TestSuite.java:243)
	at junit.framework.TestSuite.run(TestSuite.java:238)
	at org.junit.internal.runners.JUnit38ClassRunner.run(JUnit38ClassRunner.java:101)
	at de.unisb.cs.st.javalanche.mutation.runtime.testDriver.junit.Junit4MutationTestDriver.runTest(Junit4MutationTestDriver.java:231)
	at de.unisb.cs.st.javalanche.mutation.runtime.testDriver.junit.Junit4MutationTestDriver.access$400(Junit4MutationTestDriver.java:59)
	at de.unisb.cs.st.javalanche.mutation.runtime.testDriver.junit.Junit4MutationTestDriver$1.run(Junit4MutationTestDriver.java:330)
	at java.util.concurrent.Executors$RunnableAdapter.call(Executors.java:441)
	at java.util.concurrent.FutureTask$Sync.innerRun(FutureTask.java:303)
	at java.util.concurrent.FutureTask.run(FutureTask.java:138)
	at java.lang.Thread.run(Thread.java:662)
java.io.EOFException
	at java.io.DataInputStream.readFully(DataInputStream.java:180)
	at java.io.DataInputStream.readLong(DataInputStream.java:399)
	at java.io.DataInputStream.readDouble(DataInputStream.java:451)
	at java.io.ObjectInputStream$BlockDataInputStream.readDouble(ObjectInputStream.java:2811)
	at java.io.ObjectInputStream.readDouble(ObjectInputStream.java:982)
	at org.jfree.io.SerialUtilities.readShape(SerialUtilities.java:291)
	at org.jfree.chart.renderer.xy.XYLineAndShapeRenderer.readObject(XYLineAndShapeRenderer.java:1358)
	at sun.reflect.GeneratedMethodAccessor107.invoke(Unknown Source)
	at sun.reflect.DelegatingMethodAccessorImpl.invoke(DelegatingMethodAccessorImpl.java:25)
	at java.lang.reflect.Method.invoke(Method.java:597)
	at java.io.ObjectStreamClass.invokeReadObject(ObjectStreamClass.java:974)
	at java.io.ObjectInputStream.readSerialData(ObjectInputStream.java:1848)
	at java.io.ObjectInputStream.readOrdinaryObject(ObjectInputStream.java:1752)
	at java.io.ObjectInputStream.readObject0(ObjectInputStream.java:1328)
	at java.io.ObjectInputStream.readObject(ObjectInputStream.java:350)
	at org.jfree.chart.renderer.xy.junit.XYSplineRendererTests.testSerialization(XYSplineRendererTests.java:142)
	at sun.reflect.NativeMethodAccessorImpl.invoke0(Native Method)
	at sun.reflect.NativeMethodAccessorImpl.invoke(NativeMethodAccessorImpl.java:39)
	at sun.reflect.DelegatingMethodAccessorImpl.invoke(DelegatingMethodAccessorImpl.java:25)
	at java.lang.reflect.Method.invoke(Method.java:597)
	at junit.framework.TestCase.runTest(TestCase.java:168)
	at junit.framework.TestCase.runBare(TestCase.java:134)
	at junit.framework.TestResult$1.protect(TestResult.java:110)
	at junit.framework.TestResult.runProtected(TestResult.java:128)
	at junit.framework.TestResult.run(TestResult.java:113)
	at junit.framework.TestCase.run(TestCase.java:124)
	at junit.framework.TestSuite.runTest(TestSuite.java:243)
	at junit.framework.TestSuite.run(TestSuite.java:238)
	at org.junit.internal.runners.JUnit38ClassRunner.run(JUnit38ClassRunner.java:101)
	at de.unisb.cs.st.javalanche.mutation.runtime.testDriver.junit.Junit4MutationTestDriver.runTest(Junit4MutationTestDriver.java:231)
	at de.unisb.cs.st.javalanche.mutation.runtime.testDriver.junit.Junit4MutationTestDriver.access$400(Junit4MutationTestDriver.java:59)
	at de.unisb.cs.st.javalanche.mutation.runtime.testDriver.junit.Junit4MutationTestDriver$1.run(Junit4MutationTestDriver.java:330)
	at java.util.concurrent.Executors$RunnableAdapter.call(Executors.java:441)
	at java.util.concurrent.FutureTask$Sync.innerRun(FutureTask.java:303)
	at java.util.concurrent.FutureTask.run(FutureTask.java:138)
	at java.lang.Thread.run(Thread.java:662)
java.io.EOFException
	at java.io.DataInputStream.readFully(DataInputStream.java:180)
	at java.io.DataInputStream.readLong(DataInputStream.java:399)
	at java.io.DataInputStream.readDouble(DataInputStream.java:451)
	at java.io.ObjectInputStream$BlockDataInputStream.readDouble(ObjectInputStream.java:2811)
	at java.io.ObjectInputStream.readDouble(ObjectInputStream.java:982)
	at org.jfree.io.SerialUtilities.readShape(SerialUtilities.java:291)
	at org.jfree.chart.renderer.xy.XYLineAndShapeRenderer.readObject(XYLineAndShapeRenderer.java:1358)
	at sun.reflect.GeneratedMethodAccessor107.invoke(Unknown Source)
	at sun.reflect.DelegatingMethodAccessorImpl.invoke(DelegatingMethodAccessorImpl.java:25)
	at java.lang.reflect.Method.invoke(Method.java:597)
	at java.io.ObjectStreamClass.invokeReadObject(ObjectStreamClass.java:974)
	at java.io.ObjectInputStream.readSerialData(ObjectInputStream.java:1848)
	at java.io.ObjectInputStream.readOrdinaryObject(ObjectInputStream.java:1752)
	at java.io.ObjectInputStream.readObject0(ObjectInputStream.java:1328)
	at java.io.ObjectInputStream.readObject(ObjectInputStream.java:350)
	at org.jfree.chart.renderer.xy.junit.XYLineAndShapeRendererTests.testSerialization(XYLineAndShapeRendererTests.java:258)
	at sun.reflect.NativeMethodAccessorImpl.invoke0(Native Method)
	at sun.reflect.NativeMethodAccessorImpl.invoke(NativeMethodAccessorImpl.java:39)
	at sun.reflect.DelegatingMethodAccessorImpl.invoke(DelegatingMethodAccessorImpl.java:25)
	at java.lang.reflect.Method.invoke(Method.java:597)
	at junit.framework.TestCase.runTest(TestCase.java:168)
	at junit.framework.TestCase.runBare(TestCase.java:134)
	at junit.framework.TestResult$1.protect(TestResult.java:110)
	at junit.framework.TestResult.runProtected(TestResult.java:128)
	at junit.framework.TestResult.run(TestResult.java:113)
	at junit.framework.TestCase.run(TestCase.java:124)
	at junit.framework.TestSuite.runTest(TestSuite.java:243)
	at junit.framework.TestSuite.run(TestSuite.java:238)
	at org.junit.internal.runners.JUnit38ClassRunner.run(JUnit38ClassRunner.java:101)
	at de.unisb.cs.st.javalanche.mutation.runtime.testDriver.junit.Junit4MutationTestDriver.runTest(Junit4MutationTestDriver.java:231)
	at de.unisb.cs.st.javalanche.mutation.runtime.testDriver.junit.Junit4MutationTestDriver.access$400(Junit4MutationTestDriver.java:59)
	at de.unisb.cs.st.javalanche.mutation.runtime.testDriver.junit.Junit4MutationTestDriver$1.run(Junit4MutationTestDriver.java:330)
	at java.util.concurrent.Executors$RunnableAdapter.call(Executors.java:441)
	at java.util.concurrent.FutureTask$Sync.innerRun(FutureTask.java:303)
	at java.util.concurrent.FutureTask.run(FutureTask.java:138)
	at java.lang.Thread.run(Thread.java:662)
java.io.EOFException
	at java.io.DataInputStream.readFully(DataInputStream.java:180)
	at java.io.DataInputStream.readLong(DataInputStream.java:399)
	at java.io.DataInputStream.readDouble(DataInputStream.java:451)
	at java.io.ObjectInputStream$BlockDataInputStream.readDouble(ObjectInputStream.java:2811)
	at java.io.ObjectInputStream.readDouble(ObjectInputStream.java:982)
	at org.jfree.io.SerialUtilities.readShape(SerialUtilities.java:291)
	at org.jfree.chart.renderer.xy.XYLineAndShapeRenderer.readObject(XYLineAndShapeRenderer.java:1358)
	at sun.reflect.GeneratedMethodAccessor107.invoke(Unknown Source)
	at sun.reflect.DelegatingMethodAccessorImpl.invoke(DelegatingMethodAccessorImpl.java:25)
	at java.lang.reflect.Method.invoke(Method.java:597)
	at java.io.ObjectStreamClass.invokeReadObject(ObjectStreamClass.java:974)
	at java.io.ObjectInputStream.readSerialData(ObjectInputStream.java:1848)
	at java.io.ObjectInputStream.readOrdinaryObject(ObjectInputStream.java:1752)
	at java.io.ObjectInputStream.readObject0(ObjectInputStream.java:1328)
	at java.io.ObjectInputStream.readObject(ObjectInputStream.java:350)
	at org.jfree.chart.renderer.xy.junit.XYErrorRendererTests.testSerialization(XYErrorRendererTests.java:165)
	at sun.reflect.NativeMethodAccessorImpl.invoke0(Native Method)
	at sun.reflect.NativeMethodAccessorImpl.invoke(NativeMethodAccessorImpl.java:39)
	at sun.reflect.DelegatingMethodAccessorImpl.invoke(DelegatingMethodAccessorImpl.java:25)
	at java.lang.reflect.Method.invoke(Method.java:597)
	at junit.framework.TestCase.runTest(TestCase.java:168)
	at junit.framework.TestCase.runBare(TestCase.java:134)
	at junit.framework.TestResult$1.protect(TestResult.java:110)
	at junit.framework.TestResult.runProtected(TestResult.java:128)
	at junit.framework.TestResult.run(TestResult.java:113)
	at junit.framework.TestCase.run(TestCase.java:124)
	at junit.framework.TestSuite.runTest(TestSuite.java:243)
	at junit.framework.TestSuite.run(TestSuite.java:238)
	at org.junit.internal.runners.JUnit38ClassRunner.run(JUnit38ClassRunner.java:101)
	at de.unisb.cs.st.javalanche.mutation.runtime.testDriver.junit.Junit4MutationTestDriver.runTest(Junit4MutationTestDriver.java:231)
	at de.unisb.cs.st.javalanche.mutation.runtime.testDriver.junit.Junit4MutationTestDriver.access$400(Junit4MutationTestDriver.java:59)
	at de.unisb.cs.st.javalanche.mutation.runtime.testDriver.junit.Junit4MutationTestDriver$1.run(Junit4MutationTestDriver.java:330)
	at java.util.concurrent.Executors$RunnableAdapter.call(Executors.java:441)
	at java.util.concurrent.FutureTask$Sync.innerRun(FutureTask.java:303)
	at java.util.concurrent.FutureTask.run(FutureTask.java:138)
	at java.lang.Thread.run(Thread.java:662)
java.io.EOFException
	at java.io.DataInputStream.readFully(DataInputStream.java:180)
	at java.io.DataInputStream.readLong(DataInputStream.java:399)
	at java.io.DataInputStream.readDouble(DataInputStream.java:451)
	at java.io.ObjectInputStream$BlockDataInputStream.readDouble(ObjectInputStream.java:2811)
	at java.io.ObjectInputStream.readDouble(ObjectInputStream.java:982)
	at org.jfree.io.SerialUtilities.readShape(SerialUtilities.java:291)
	at org.jfree.chart.LegendItem.readObject(LegendItem.java:876)
	at sun.reflect.NativeMethodAccessorImpl.invoke0(Native Method)
	at sun.reflect.NativeMethodAccessorImpl.invoke(NativeMethodAccessorImpl.java:39)
	at sun.reflect.DelegatingMethodAccessorImpl.invoke(DelegatingMethodAccessorImpl.java:25)
	at java.lang.reflect.Method.invoke(Method.java:597)
	at java.io.ObjectStreamClass.invokeReadObject(ObjectStreamClass.java:974)
	at java.io.ObjectInputStream.readSerialData(ObjectInputStream.java:1848)
	at java.io.ObjectInputStream.readOrdinaryObject(ObjectInputStream.java:1752)
	at java.io.ObjectInputStream.readObject0(ObjectInputStream.java:1328)
	at java.io.ObjectInputStream.readObject(ObjectInputStream.java:350)
	at java.util.ArrayList.readObject(ArrayList.java:593)
	at sun.reflect.GeneratedMethodAccessor11.invoke(Unknown Source)
	at sun.reflect.DelegatingMethodAccessorImpl.invoke(DelegatingMethodAccessorImpl.java:25)
	at java.lang.reflect.Method.invoke(Method.java:597)
	at java.io.ObjectStreamClass.invokeReadObject(ObjectStreamClass.java:974)
	at java.io.ObjectInputStream.readSerialData(ObjectInputStream.java:1848)
	at java.io.ObjectInputStream.readOrdinaryObject(ObjectInputStream.java:1752)
	at java.io.ObjectInputStream.readObject0(ObjectInputStream.java:1328)
	at java.io.ObjectInputStream.defaultReadFields(ObjectInputStream.java:1946)
	at java.io.ObjectInputStream.readSerialData(ObjectInputStream.java:1870)
	at java.io.ObjectInputStream.readOrdinaryObject(ObjectInputStream.java:1752)
	at java.io.ObjectInputStream.readObject0(ObjectInputStream.java:1328)
	at java.io.ObjectInputStream.readObject(ObjectInputStream.java:350)
	at org.jfree.chart.junit.LegendItemCollectionTests.testSerialization(LegendItemCollectionTests.java:129)
	at sun.reflect.NativeMethodAccessorImpl.invoke0(Native Method)
	at sun.reflect.NativeMethodAccessorImpl.invoke(NativeMethodAccessorImpl.java:39)
	at sun.reflect.DelegatingMethodAccessorImpl.invoke(DelegatingMethodAccessorImpl.java:25)
	at java.lang.reflect.Method.invoke(Method.java:597)
	at junit.framework.TestCase.runTest(TestCase.java:168)
	at junit.framework.TestCase.runBare(TestCase.java:134)
	at junit.framework.TestResult$1.protect(TestResult.java:110)
	at junit.framework.TestResult.runProtected(TestResult.java:128)
	at junit.framework.TestResult.run(TestResult.java:113)
	at junit.framework.TestCase.run(TestCase.java:124)
	at junit.framework.TestSuite.runTest(TestSuite.java:243)
	at junit.framework.TestSuite.run(TestSuite.java:238)
	at org.junit.internal.runners.JUnit38ClassRunner.run(JUnit38ClassRunner.java:101)
	at de.unisb.cs.st.javalanche.mutation.runtime.testDriver.junit.Junit4MutationTestDriver.runTest(Junit4MutationTestDriver.java:231)
	at de.unisb.cs.st.javalanche.mutation.runtime.testDriver.junit.Junit4MutationTestDriver.access$400(Junit4MutationTestDriver.java:59)
	at de.unisb.cs.st.javalanche.mutation.runtime.testDriver.junit.Junit4MutationTestDriver$1.run(Junit4MutationTestDriver.java:330)
	at java.util.concurrent.Executors$RunnableAdapter.call(Executors.java:441)
	at java.util.concurrent.FutureTask$Sync.innerRun(FutureTask.java:303)
	at java.util.concurrent.FutureTask.run(FutureTask.java:138)
	at java.lang.Thread.run(Thread.java:662)
java.io.EOFException
	at java.io.DataInputStream.readFully(DataInputStream.java:180)
	at java.io.DataInputStream.readLong(DataInputStream.java:399)
	at java.io.DataInputStream.readDouble(DataInputStream.java:451)
	at java.io.ObjectInputStream$BlockDataInputStream.readDouble(ObjectInputStream.java:2811)
	at java.io.ObjectInputStream.readDouble(ObjectInputStream.java:982)
	at org.jfree.io.SerialUtilities.readShape(SerialUtilities.java:291)
	at org.jfree.chart.renderer.xy.XYLineAndShapeRenderer.readObject(XYLineAndShapeRenderer.java:1358)
	at sun.reflect.GeneratedMethodAccessor107.invoke(Unknown Source)
	at sun.reflect.DelegatingMethodAccessorImpl.invoke(DelegatingMethodAccessorImpl.java:25)
	at java.lang.reflect.Method.invoke(Method.java:597)
	at java.io.ObjectStreamClass.invokeReadObject(ObjectStreamClass.java:974)
	at java.io.ObjectInputStream.readSerialData(ObjectInputStream.java:1848)
	at java.io.ObjectInputStream.readOrdinaryObject(ObjectInputStream.java:1752)
	at java.io.ObjectInputStream.readObject0(ObjectInputStream.java:1328)
	at java.io.ObjectInputStream.readObject(ObjectInputStream.java:350)
	at org.jfree.chart.renderer.xy.junit.DeviationRendererTests.testSerialization(DeviationRendererTests.java:145)
	at sun.reflect.NativeMethodAccessorImpl.invoke0(Native Method)
	at sun.reflect.NativeMethodAccessorImpl.invoke(NativeMethodAccessorImpl.java:39)
	at sun.reflect.DelegatingMethodAccessorImpl.invoke(DelegatingMethodAccessorImpl.java:25)
	at java.lang.reflect.Method.invoke(Method.java:597)
	at junit.framework.TestCase.runTest(TestCase.java:168)
	at junit.framework.TestCase.runBare(TestCase.java:134)
	at junit.framework.TestResult$1.protect(TestResult.java:110)
	at junit.framework.TestResult.runProtected(TestResult.java:128)
	at junit.framework.TestResult.run(TestResult.java:113)
	at junit.framework.TestCase.run(TestCase.java:124)
	at junit.framework.TestSuite.runTest(TestSuite.java:243)
	at junit.framework.TestSuite.run(TestSuite.java:238)
	at org.junit.internal.runners.JUnit38ClassRunner.run(JUnit38ClassRunner.java:101)
	at de.unisb.cs.st.javalanche.mutation.runtime.testDriver.junit.Junit4MutationTestDriver.runTest(Junit4MutationTestDriver.java:231)
	at de.unisb.cs.st.javalanche.mutation.runtime.testDriver.junit.Junit4MutationTestDriver.access$400(Junit4MutationTestDriver.java:59)
	at de.unisb.cs.st.javalanche.mutation.runtime.testDriver.junit.Junit4MutationTestDriver$1.run(Junit4MutationTestDriver.java:330)
	at java.util.concurrent.Executors$RunnableAdapter.call(Executors.java:441)
	at java.util.concurrent.FutureTask$Sync.innerRun(FutureTask.java:303)
	at java.util.concurrent.FutureTask.run(FutureTask.java:138)
	at java.lang.Thread.run(Thread.java:662)
java.io.EOFException
	at java.io.DataInputStream.readFully(DataInputStream.java:180)
	at java.io.DataInputStream.readLong(DataInputStream.java:399)
	at java.io.DataInputStream.readDouble(DataInputStream.java:451)
	at java.io.ObjectInputStream$BlockDataInputStream.readDouble(ObjectInputStream.java:2811)
	at java.io.ObjectInputStream.readDouble(ObjectInputStream.java:982)
	at org.jfree.io.SerialUtilities.readShape(SerialUtilities.java:291)
	at org.jfree.chart.renderer.xy.StandardXYItemRenderer.readObject(StandardXYItemRenderer.java:1129)
	at sun.reflect.GeneratedMethodAccessor109.invoke(Unknown Source)
	at sun.reflect.DelegatingMethodAccessorImpl.invoke(DelegatingMethodAccessorImpl.java:25)
	at java.lang.reflect.Method.invoke(Method.java:597)
	at java.io.ObjectStreamClass.invokeReadObject(ObjectStreamClass.java:974)
	at java.io.ObjectInputStream.readSerialData(ObjectInputStream.java:1848)
	at java.io.ObjectInputStream.readOrdinaryObject(ObjectInputStream.java:1752)
	at java.io.ObjectInputStream.readObject0(ObjectInputStream.java:1328)
	at java.io.ObjectInputStream.readObject(ObjectInputStream.java:350)
	at org.jfree.chart.renderer.xy.junit.StandardXYItemRendererTests.testSerialization(StandardXYItemRendererTests.java:222)
	at sun.reflect.NativeMethodAccessorImpl.invoke0(Native Method)
	at sun.reflect.NativeMethodAccessorImpl.invoke(NativeMethodAccessorImpl.java:39)
	at sun.reflect.DelegatingMethodAccessorImpl.invoke(DelegatingMethodAccessorImpl.java:25)
	at java.lang.reflect.Method.invoke(Method.java:597)
	at junit.framework.TestCase.runTest(TestCase.java:168)
	at junit.framework.TestCase.runBare(TestCase.java:134)
	at junit.framework.TestResult$1.protect(TestResult.java:110)
	at junit.framework.TestResult.runProtected(TestResult.java:128)
	at junit.framework.TestResult.run(TestResult.java:113)
	at junit.framework.TestCase.run(TestCase.java:124)
	at junit.framework.TestSuite.runTest(TestSuite.java:243)
	at junit.framework.TestSuite.run(TestSuite.java:238)
	at org.junit.internal.runners.JUnit38ClassRunner.run(JUnit38ClassRunner.java:101)
	at de.unisb.cs.st.javalanche.mutation.runtime.testDriver.junit.Junit4MutationTestDriver.runTest(Junit4MutationTestDriver.java:231)
	at de.unisb.cs.st.javalanche.mutation.runtime.testDriver.junit.Junit4MutationTestDriver.access$400(Junit4MutationTestDriver.java:59)
	at de.unisb.cs.st.javalanche.mutation.runtime.testDriver.junit.Junit4MutationTestDriver$1.run(Junit4MutationTestDriver.java:330)
	at java.util.concurrent.Executors$RunnableAdapter.call(Executors.java:441)
	at java.util.concurrent.FutureTask$Sync.innerRun(FutureTask.java:303)
	at java.util.concurrent.FutureTask.run(FutureTask.java:138)
	at java.lang.Thread.run(Thread.java:662)
java.io.EOFException
	at java.io.DataInputStream.readFully(DataInputStream.java:180)
	at java.io.DataInputStream.readLong(DataInputStream.java:399)
	at java.io.DataInputStream.readDouble(DataInputStream.java:451)
	at java.io.ObjectInputStream$BlockDataInputStream.readDouble(ObjectInputStream.java:2811)
	at java.io.ObjectInputStream.readDouble(ObjectInputStream.java:982)
	at org.jfree.io.SerialUtilities.readShape(SerialUtilities.java:291)
	at org.jfree.chart.LegendItem.readObject(LegendItem.java:876)
	at sun.reflect.NativeMethodAccessorImpl.invoke0(Native Method)
	at sun.reflect.NativeMethodAccessorImpl.invoke(NativeMethodAccessorImpl.java:39)
	at sun.reflect.DelegatingMethodAccessorImpl.invoke(DelegatingMethodAccessorImpl.java:25)
	at java.lang.reflect.Method.invoke(Method.java:597)
	at java.io.ObjectStreamClass.invokeReadObject(ObjectStreamClass.java:974)
	at java.io.ObjectInputStream.readSerialData(ObjectInputStream.java:1848)
	at java.io.ObjectInputStream.readOrdinaryObject(ObjectInputStream.java:1752)
	at java.io.ObjectInputStream.readObject0(ObjectInputStream.java:1328)
	at java.io.ObjectInputStream.readObject(ObjectInputStream.java:350)
	at org.jfree.chart.junit.LegendItemTests.testSerialization(LegendItemTests.java:307)
	at sun.reflect.NativeMethodAccessorImpl.invoke0(Native Method)
	at sun.reflect.NativeMethodAccessorImpl.invoke(NativeMethodAccessorImpl.java:39)
	at sun.reflect.DelegatingMethodAccessorImpl.invoke(DelegatingMethodAccessorImpl.java:25)
	at java.lang.reflect.Method.invoke(Method.java:597)
	at junit.framework.TestCase.runTest(TestCase.java:168)
	at junit.framework.TestCase.runBare(TestCase.java:134)
	at junit.framework.TestResult$1.protect(TestResult.java:110)
	at junit.framework.TestResult.runProtected(TestResult.java:128)
	at junit.framework.TestResult.run(TestResult.java:113)
	at junit.framework.TestCase.run(TestCase.java:124)
	at junit.framework.TestSuite.runTest(TestSuite.java:243)
	at junit.framework.TestSuite.run(TestSuite.java:238)
	at org.junit.internal.runners.JUnit38ClassRunner.run(JUnit38ClassRunner.java:101)
	at de.unisb.cs.st.javalanche.mutation.runtime.testDriver.junit.Junit4MutationTestDriver.runTest(Junit4MutationTestDriver.java:231)
	at de.unisb.cs.st.javalanche.mutation.runtime.testDriver.junit.Junit4MutationTestDriver.access$400(Junit4MutationTestDriver.java:59)
	at de.unisb.cs.st.javalanche.mutation.runtime.testDriver.junit.Junit4MutationTestDriver$1.run(Junit4MutationTestDriver.java:330)
	at java.util.concurrent.Executors$RunnableAdapter.call(Executors.java:441)
	at java.util.concurrent.FutureTask$Sync.innerRun(FutureTask.java:303)
	at java.util.concurrent.FutureTask.run(FutureTask.java:138)
	at java.lang.Thread.run(Thread.java:662)
java.io.EOFException
	at java.io.DataInputStream.readFully(DataInputStream.java:180)
	at java.io.DataInputStream.readLong(DataInputStream.java:399)
	at java.io.DataInputStream.readDouble(DataInputStream.java:451)
	at java.io.ObjectInputStream$BlockDataInputStream.readDouble(ObjectInputStream.java:2811)
	at java.io.ObjectInputStream.readDouble(ObjectInputStream.java:982)
	at org.jfree.io.SerialUtilities.readShape(SerialUtilities.java:291)
	at org.jfree.chart.renderer.xy.StandardXYItemRenderer.readObject(StandardXYItemRenderer.java:1129)
	at sun.reflect.GeneratedMethodAccessor109.invoke(Unknown Source)
	at sun.reflect.DelegatingMethodAccessorImpl.invoke(DelegatingMethodAccessorImpl.java:25)
	at java.lang.reflect.Method.invoke(Method.java:597)
	at java.io.ObjectStreamClass.invokeReadObject(ObjectStreamClass.java:974)
	at java.io.ObjectInputStream.readSerialData(ObjectInputStream.java:1848)
	at java.io.ObjectInputStream.readOrdinaryObject(ObjectInputStream.java:1752)
	at java.io.ObjectInputStream.readObject0(ObjectInputStream.java:1328)
	at java.io.ObjectInputStream.readObject(ObjectInputStream.java:350)
	at org.jfree.util.AbstractObjectList.readObject(AbstractObjectList.java:277)
	at sun.reflect.GeneratedMethodAccessor13.invoke(Unknown Source)
	at sun.reflect.DelegatingMethodAccessorImpl.invoke(DelegatingMethodAccessorImpl.java:25)
	at java.lang.reflect.Method.invoke(Method.java:597)
	at java.io.ObjectStreamClass.invokeReadObject(ObjectStreamClass.java:974)
	at java.io.ObjectInputStream.readSerialData(ObjectInputStream.java:1848)
	at java.io.ObjectInputStream.readOrdinaryObject(ObjectInputStream.java:1752)
	at java.io.ObjectInputStream.readObject0(ObjectInputStream.java:1328)
	at java.io.ObjectInputStream.defaultReadFields(ObjectInputStream.java:1946)
	at java.io.ObjectInputStream.defaultReadObject(ObjectInputStream.java:479)
	at org.jfree.chart.plot.XYPlot.readObject(XYPlot.java:4865)
	at sun.reflect.GeneratedMethodAccessor87.invoke(Unknown Source)
	at sun.reflect.DelegatingMethodAccessorImpl.invoke(DelegatingMethodAccessorImpl.java:25)
	at java.lang.reflect.Method.invoke(Method.java:597)
	at java.io.ObjectStreamClass.invokeReadObject(ObjectStreamClass.java:974)
	at java.io.ObjectInputStream.readSerialData(ObjectInputStream.java:1848)
	at java.io.ObjectInputStream.readOrdinaryObject(ObjectInputStream.java:1752)
	at java.io.ObjectInputStream.readObject0(ObjectInputStream.java:1328)
	at java.io.ObjectInputStream.readObject(ObjectInputStream.java:350)
	at java.util.ArrayList.readObject(ArrayList.java:593)
	at sun.reflect.GeneratedMethodAccessor11.invoke(Unknown Source)
	at sun.reflect.DelegatingMethodAccessorImpl.invoke(DelegatingMethodAccessorImpl.java:25)
	at java.lang.reflect.Method.invoke(Method.java:597)
	at java.io.ObjectStreamClass.invokeReadObject(ObjectStreamClass.java:974)
	at java.io.ObjectInputStream.readSerialData(ObjectInputStream.java:1848)
	at java.io.ObjectInputStream.readOrdinaryObject(ObjectInputStream.java:1752)
	at java.io.ObjectInputStream.readObject0(ObjectInputStream.java:1328)
	at java.io.ObjectInputStream.defaultReadFields(ObjectInputStream.java:1946)
	at java.io.ObjectInputStream.readSerialData(ObjectInputStream.java:1870)
	at java.io.ObjectInputStream.readOrdinaryObject(ObjectInputStream.java:1752)
	at java.io.ObjectInputStream.readObject0(ObjectInputStream.java:1328)
	at java.io.ObjectInputStream.readObject(ObjectInputStream.java:350)
	at org.jfree.chart.plot.junit.CombinedRangeXYPlotTests.testSerialization(CombinedRangeXYPlotTests.java:150)
	at sun.reflect.GeneratedMethodAccessor196.invoke(Unknown Source)
	at sun.reflect.DelegatingMethodAccessorImpl.invoke(DelegatingMethodAccessorImpl.java:25)
	at java.lang.reflect.Method.invoke(Method.java:597)
	at junit.framework.TestCase.runTest(TestCase.java:168)
	at junit.framework.TestCase.runBare(TestCase.java:134)
	at junit.framework.TestResult$1.protect(TestResult.java:110)
	at junit.framework.TestResult.runProtected(TestResult.java:128)
	at junit.framework.TestResult.run(TestResult.java:113)
	at junit.framework.TestCase.run(TestCase.java:124)
	at junit.framework.TestSuite.runTest(TestSuite.java:243)
	at junit.framework.TestSuite.run(TestSuite.java:238)
	at org.junit.internal.runners.JUnit38ClassRunner.run(JUnit38ClassRunner.java:101)
	at de.unisb.cs.st.javalanche.mutation.runtime.testDriver.junit.Junit4MutationTestDriver.runTest(Junit4MutationTestDriver.java:231)
	at de.unisb.cs.st.javalanche.mutation.runtime.testDriver.junit.Junit4MutationTestDriver.access$400(Junit4MutationTestDriver.java:59)
	at de.unisb.cs.st.javalanche.mutation.runtime.testDriver.junit.Junit4MutationTestDriver$1.run(Junit4MutationTestDriver.java:330)
	at java.util.concurrent.Executors$RunnableAdapter.call(Executors.java:441)
	at java.util.concurrent.FutureTask$Sync.innerRun(FutureTask.java:303)
	at java.util.concurrent.FutureTask.run(FutureTask.java:138)
	at java.lang.Thread.run(Thread.java:662)
]]></system-err>
</testsuite>
