<?xml version="1.0" encoding="UTF-8" ?>
<testsuite errors="0" failures="0" hostname="battower" name="com.google.javascript.jscomp.InlineFunctionsTest" tests="228" time="0.324" timestamp="2013-02-28T06:31:59">
  <properties>
    <property name="java.vendor" value="Sun Microsystems Inc." />
    <property name="lib.dir" value="/home/laura/workspace/unified-test-analysis-toolkit/test-subjects/closure/lib" />
    <property name="sun.java.launcher" value="SUN_STANDARD" />
    <property name="sun.management.compiler" value="HotSpot 64-Bit Tiered Compilers" />
    <property name="os.name" value="Linux" />
    <property name="sun.boot.class.path" value="/usr/lib/jvm/java-6-sun-1.6.0.26/jre/lib/resources.jar:/usr/lib/jvm/java-6-sun-1.6.0.26/jre/lib/rt.jar:/usr/lib/jvm/java-6-sun-1.6.0.26/jre/lib/sunrsasign.jar:/usr/lib/jvm/java-6-sun-1.6.0.26/jre/lib/jsse.jar:/usr/lib/jvm/java-6-sun-1.6.0.26/jre/lib/jce.jar:/usr/lib/jvm/java-6-sun-1.6.0.26/jre/lib/charsets.jar:/usr/lib/jvm/java-6-sun-1.6.0.26/jre/lib/modules/jdk.boot.jar:/usr/lib/jvm/java-6-sun-1.6.0.26/jre/classes" />
    <property name="build.svnVersion" value="exported" />
    <property name="maven-repository-id" value="sonatype-nexus-staging" />
    <property name="java.vm.specification.vendor" value="Sun Microsystems Inc." />
    <property name="ant.home" value="/usr/share/ant" />
    <property name="jsonml-jarfile" value="/home/laura/workspace/unified-test-analysis-toolkit/test-subjects/closure/build/secure_compiler.jar" />
    <property name="java.runtime.version" value="1.6.0_26-b03" />
    <property name="gen.dir" value="/home/laura/workspace/unified-test-analysis-toolkit/test-subjects/closure/gen" />
    <property name="user.name" value="laura" />
    <property name="ant.file.compiler" value="/home/laura/workspace/unified-test-analysis-toolkit/test-subjects/closure/build.xml" />
    <property name="cc.src.dir" value="/home/laura/workspace/unified-test-analysis-toolkit/test-subjects/closure/instSrc" />
    <property name="build.dir" value="/home/laura/workspace/unified-test-analysis-toolkit/test-subjects/closure/build" />
    <property name="jsonml.dir" value="/home/laura/workspace/unified-test-analysis-toolkit/test-subjects/closure/src/com/google/javascript/jscomp/jsonml" />
    <property name="ant.build.javac.target" value="1.6" />
    <property name="cc.lib.dir" value="/home/laura/workspace/unified-test-analysis-toolkit/test-subjects/closure/instLib" />
    <property name="user.language" value="en" />
    <property name="sun.boot.library.path" value="/usr/lib/jvm/java-6-sun-1.6.0.26/jre/lib/amd64" />
    <property name="ant.project.default-target" value="jar" />
    <property name="ant.project.name" value="compiler" />
    <property name="cc.build.dir" value="/home/laura/workspace/unified-test-analysis-toolkit/test-subjects/closure/instBuild" />
    <property name="java.version" value="1.6.0_26" />
    <property name="user.timezone" value="" />
    <property name="sun.arch.data.model" value="64" />
    <property name="cc.compiler-jarfile" value="/home/laura/workspace/unified-test-analysis-toolkit/test-subjects/closure/instBuild/compiler.jar" />
    <property name="java.endorsed.dirs" value="/usr/lib/jvm/java-6-sun-1.6.0.26/jre/lib/endorsed" />
    <property name="sun.cpu.isalist" value="" />
    <property name="sun.jnu.encoding" value="UTF-8" />
    <property name="file.encoding.pkg" value="sun.io" />
    <property name="cc.gen.dir" value="/home/laura/workspace/unified-test-analysis-toolkit/test-subjects/closure/instGen" />
    <property name="file.separator" value="/" />
    <property name="java.specification.name" value="Java Platform API Specification" />
    <property name="protoc.executable" value="protoc" />
    <property name="classes.dir" value="/home/laura/workspace/unified-test-analysis-toolkit/test-subjects/closure/build/classes" />
    <property name="java.class.version" value="50.0" />
    <property name="testClasses.dir" value="/home/laura/workspace/unified-test-analysis-toolkit/test-subjects/closure/build/test" />
    <property name="user.country" value="CA" />
    <property name="jsonml-classes.dir" value="/home/laura/workspace/unified-test-analysis-toolkit/test-subjects/closure/build/jsonml-classes" />
    <property name="java.home" value="/usr/lib/jvm/java-6-sun-1.6.0.26/jre" />
    <property name="java.vm.info" value="mixed mode" />
    <property name="externs.dir" value="/home/laura/workspace/unified-test-analysis-toolkit/test-subjects/closure/externs" />
    <property name="ant.file" value="/home/laura/workspace/unified-test-analysis-toolkit/test-subjects/closure/build.xml" />
    <property name="os.version" value="3.2.0-4-amd64" />
    <property name="javac.debug" value="on" />
    <property name="path.separator" value=":" />
    <property name="java.vm.version" value="20.1-b02" />
    <property name="num-fuzz-tests" value="10000" />
    <property name="ant.library.dir" value="/usr/share/ant/lib" />
    <property name="java.awt.printerjob" value="sun.print.PSPrinterJob" />
    <property name="webservice-jarfile" value="/home/laura/workspace/unified-test-analysis-toolkit/test-subjects/closure/build/webservice.jar" />
    <property name="sun.io.unicode.encoding" value="UnicodeLittle" />
    <property name="test.fork" value="true" />
    <property name="webservice.dir" value="/home/laura/workspace/unified-test-analysis-toolkit/test-subjects/closure/src/com/google/javascript/jscomp/webservice" />
    <property name="buildlib.dir" value="/home/laura/workspace/unified-test-analysis-toolkit/test-subjects/closure/build/lib" />
    <property name="cc.closure.build.dir" value="/home/laura/workspace/unified-test-analysis-toolkit/test-subjects/closure/instBuild" />
    <property name="ant.build.javac.source" value="1.6" />
    <property name="user.home" value="/home/laura" />
    <property name="cc.buildlib.dir" value="/home/laura/workspace/unified-test-analysis-toolkit/test-subjects/closure/instBuild/lib" />
    <property name="java.specification.vendor" value="Sun Microsystems Inc." />
    <property name="test.dir" value="/home/laura/workspace/unified-test-analysis-toolkit/test-subjects/closure/test" />
    <property name="java.library.path" value="/usr/lib/jvm/java-6-sun-1.6.0.26/jre/lib/amd64/server:/usr/lib/jvm/java-6-sun-1.6.0.26/jre/lib/amd64:/usr/lib/jvm/java-6-sun-1.6.0.26/jre/../lib/amd64:/usr/java/packages/lib/amd64:/usr/lib64:/lib64:/lib:/usr/lib" />
    <property name="java.vendor.url" value="http://java.sun.com/" />
    <property name="java.vm.vendor" value="Sun Microsystems Inc." />
    <property name="java.runtime.name" value="Java(TM) SE Runtime Environment" />
    <property name="sun.java.command" value="org.apache.tools.ant.taskdefs.optional.junit.JUnitTestRunner testsfile=/home/laura/workspace/unified-test-analysis-toolkit/test-subjects/closure/junittestcases3948662715662201768.properties filtertrace=true haltOnError=false haltOnFailure=false formatter=org.apache.tools.ant.taskdefs.optional.junit.SummaryJUnitResultFormatter showoutput=true outputtoformatters=true logfailedtests=true logtestlistenerevents=false formatter=org.apache.tools.ant.taskdefs.optional.junit.BriefJUnitResultFormatter formatter=org.apache.tools.ant.taskdefs.optional.junit.XMLJUnitResultFormatter,/home/laura/workspace/unified-test-analysis-toolkit/test-subjects/closure/build/testoutput/IGNORETHIS.xml crashfile=/home/laura/workspace/unified-test-analysis-toolkit/test-subjects/closure/junitvmwatcher984647660801049597.properties propsfile=/home/laura/workspace/unified-test-analysis-toolkit/test-subjects/closure/junit4306649417180714283.properties" />
    <property name="java.class.path" value="/home/laura/workspace/unified-test-analysis-toolkit/test-subjects/closure/build/classes:/home/laura/workspace/unified-test-analysis-toolkit/test-subjects/closure/lib/ant-launcher.jar:/home/laura/workspace/unified-test-analysis-toolkit/test-subjects/closure/lib/ant.jar:/home/laura/workspace/unified-test-analysis-toolkit/test-subjects/closure/lib/args4j.jar:/home/laura/workspace/unified-test-analysis-toolkit/test-subjects/closure/lib/caja-r4314.jar:/home/laura/workspace/unified-test-analysis-toolkit/test-subjects/closure/lib/codecover-ant.jar:/home/laura/workspace/unified-test-analysis-toolkit/test-subjects/closure/lib/codecover-batch.jar:/home/laura/workspace/unified-test-analysis-toolkit/test-subjects/closure/lib/codecover-core.jar:/home/laura/workspace/unified-test-analysis-toolkit/test-subjects/closure/lib/guava.jar:/home/laura/workspace/unified-test-analysis-toolkit/test-subjects/closure/lib/jarjar.jar:/home/laura/workspace/unified-test-analysis-toolkit/test-subjects/closure/lib/json.jar:/home/laura/workspace/unified-test-analysis-toolkit/test-subjects/closure/lib/jsr305.jar:/home/laura/workspace/unified-test-analysis-toolkit/test-subjects/closure/lib/junit.jar:/home/laura/workspace/unified-test-analysis-toolkit/test-subjects/closure/lib/org.codecover.instrumentation.java15-0.1.jar:/home/laura/workspace/unified-test-analysis-toolkit/test-subjects/closure/lib/protobuf-java.jar:/home/laura/workspace/unified-test-analysis-toolkit/test-subjects/closure/build/lib/rhino.jar:/home/laura/workspace/unified-test-analysis-toolkit/test-subjects/closure/build/test:/home/laura/.ant/lib/junit-4.8.1.jar:/usr/share/java/ant-launcher-1.8.2.jar:/usr/share/ant/lib/ant.jar:/usr/share/ant/lib/ant-junit.jar:/usr/share/ant/lib/ant-junit4.jar" />
    <property name="ant.version" value="Apache Ant(TM) version 1.8.2 compiled on September 22 2011" />
    <property name="test.class" value="*Test" />
    <property name="java.vm.specification.name" value="Java Virtual Machine Specification" />
    <property name="ant.file.type" value="file" />
    <property name="java.vm.specification.version" value="1.0" />
    <property name="sun.os.patch.level" value="unknown" />
    <property name="sun.cpu.endian" value="little" />
    <property name="java.io.tmpdir" value="/tmp" />
    <property name="java.vendor.url.bug" value="http://java.sun.com/cgi-bin/bugreport.cgi" />
    <property name="cc.classes.dir" value="/home/laura/workspace/unified-test-analysis-toolkit/test-subjects/closure/instBuild/classes" />
    <property name="java.awt.graphicsenv" value="sun.awt.X11GraphicsEnvironment" />
    <property name="os.arch" value="amd64" />
    <property name="maven-repository-url" value="https://oss.sonatype.org/service/local/staging/deploy/maven2/" />
    <property name="webservice-classes.dir" value="/home/laura/workspace/unified-test-analysis-toolkit/test-subjects/closure/build/webservice-classes" />
    <property name="java.ext.dirs" value="/usr/lib/jvm/java-6-sun-1.6.0.26/jre/lib/ext:/usr/java/packages/lib/ext" />
    <property name="user.dir" value="/home/laura/workspace/unified-test-analysis-toolkit/test-subjects/closure" />
    <property name="ant.file.type.compiler" value="file" />
    <property name="line.separator" value="&#xa;" />
    <property name="java.vm.name" value="Java HotSpot(TM) 64-Bit Server VM" />
    <property name="basedir" value="/home/laura/workspace/unified-test-analysis-toolkit/test-subjects/closure" />
    <property name="ant.java.version" value="1.6" />
    <property name="ant.core.lib" value="/usr/share/ant/lib/ant.jar" />
    <property name="file.encoding" value="UTF-8" />
    <property name="closure.build.dir" value="/home/laura/workspace/unified-test-analysis-toolkit/test-subjects/closure/build" />
    <property name="compiler-jarfile" value="/home/laura/workspace/unified-test-analysis-toolkit/test-subjects/closure/build/compiler.jar" />
    <property name="java.specification.version" value="1.6" />
    <property name="src.dir" value="/home/laura/workspace/unified-test-analysis-toolkit/test-subjects/closure/src" />
    <property name="javadoc.dir" value="/home/laura/workspace/unified-test-analysis-toolkit/test-subjects/closure/build/javadoc" />
    <property name="ant.project.invoked-targets" value="test" />
    <property name="tools.dir" value="/home/laura/workspace/unified-test-analysis-toolkit/test-subjects/closure/tools" />
  </properties>
  <testcase classname="com.google.javascript.jscomp.InlineFunctionsTest" name="testInlineEmptyFunction1" time="0.0010" />
  <testcase classname="com.google.javascript.jscomp.InlineFunctionsTest" name="testInlineEmptyFunction2" time="0.0010" />
  <testcase classname="com.google.javascript.jscomp.InlineFunctionsTest" name="testInlineEmptyFunction3" time="0.0010" />
  <testcase classname="com.google.javascript.jscomp.InlineFunctionsTest" name="testInlineEmptyFunction4" time="0.0010" />
  <testcase classname="com.google.javascript.jscomp.InlineFunctionsTest" name="testInlineEmptyFunction5" time="0.0010" />
  <testcase classname="com.google.javascript.jscomp.InlineFunctionsTest" name="testInlineFunctions1" time="0.0010" />
  <testcase classname="com.google.javascript.jscomp.InlineFunctionsTest" name="testInlineFunctions2" time="0.0020" />
  <testcase classname="com.google.javascript.jscomp.InlineFunctionsTest" name="testInlineFunctions3" time="0.0010" />
  <testcase classname="com.google.javascript.jscomp.InlineFunctionsTest" name="testInlineFunctions4" time="0.0020" />
  <testcase classname="com.google.javascript.jscomp.InlineFunctionsTest" name="testInlineFunctions5" time="0.0020" />
  <testcase classname="com.google.javascript.jscomp.InlineFunctionsTest" name="testInlineFunctions6" time="0.0010" />
  <testcase classname="com.google.javascript.jscomp.InlineFunctionsTest" name="testInlineFunctions7" time="0.0010" />
  <testcase classname="com.google.javascript.jscomp.InlineFunctionsTest" name="testInlineFunctions8" time="0.0010" />
  <testcase classname="com.google.javascript.jscomp.InlineFunctionsTest" name="testInlineFunctions9" time="0.0010" />
  <testcase classname="com.google.javascript.jscomp.InlineFunctionsTest" name="testInlineFunctions10" time="0.0020" />
  <testcase classname="com.google.javascript.jscomp.InlineFunctionsTest" name="testInlineFunctions11" time="0.0010" />
  <testcase classname="com.google.javascript.jscomp.InlineFunctionsTest" name="testInlineFunctions12" time="0.0020" />
  <testcase classname="com.google.javascript.jscomp.InlineFunctionsTest" name="testInlineFunctions13" time="0.0010" />
  <testcase classname="com.google.javascript.jscomp.InlineFunctionsTest" name="testInlineFunctions14" time="0.0020" />
  <testcase classname="com.google.javascript.jscomp.InlineFunctionsTest" name="testInlineFunctions15a" time="0.0010" />
  <testcase classname="com.google.javascript.jscomp.InlineFunctionsTest" name="testInlineFunctions15b" time="0.0030" />
  <testcase classname="com.google.javascript.jscomp.InlineFunctionsTest" name="testInlineFunctions15c" time="0.0030" />
  <testcase classname="com.google.javascript.jscomp.InlineFunctionsTest" name="testInlineFunctions15d" time="0.0040" />
  <testcase classname="com.google.javascript.jscomp.InlineFunctionsTest" name="testInlineFunctions16a" time="0.0030" />
  <testcase classname="com.google.javascript.jscomp.InlineFunctionsTest" name="testInlineFunctions16b" time="0.0020" />
  <testcase classname="com.google.javascript.jscomp.InlineFunctionsTest" name="testInlineFunctions17" time="0.0010" />
  <testcase classname="com.google.javascript.jscomp.InlineFunctionsTest" name="testInlineFunctions18" time="0.0010" />
  <testcase classname="com.google.javascript.jscomp.InlineFunctionsTest" name="testInlineFunctions19" time="0.0010" />
  <testcase classname="com.google.javascript.jscomp.InlineFunctionsTest" name="testInlineFunctions20" time="0.0040" />
  <testcase classname="com.google.javascript.jscomp.InlineFunctionsTest" name="testInlineFunctions21" time="0.0010" />
  <testcase classname="com.google.javascript.jscomp.InlineFunctionsTest" name="testInlineFunctions22" time="0.0020" />
  <testcase classname="com.google.javascript.jscomp.InlineFunctionsTest" name="testInlineFunctions23" time="0.0030" />
  <testcase classname="com.google.javascript.jscomp.InlineFunctionsTest" name="testInlineFunctions24" time="0.0010" />
  <testcase classname="com.google.javascript.jscomp.InlineFunctionsTest" name="testInlineFunctions25" time="0.0010" />
  <testcase classname="com.google.javascript.jscomp.InlineFunctionsTest" name="testInlineFunctions26" time="0.0010" />
  <testcase classname="com.google.javascript.jscomp.InlineFunctionsTest" name="testInlineFunctions27" time="0.0020" />
  <testcase classname="com.google.javascript.jscomp.InlineFunctionsTest" name="testInlineFunctions28" time="0.0010" />
  <testcase classname="com.google.javascript.jscomp.InlineFunctionsTest" name="testInlineFunctions29" time="0.0020" />
  <testcase classname="com.google.javascript.jscomp.InlineFunctionsTest" name="testInlineFunctions30" time="0.0010" />
  <testcase classname="com.google.javascript.jscomp.InlineFunctionsTest" name="testInlineFunctions31" time="0.0020" />
  <testcase classname="com.google.javascript.jscomp.InlineFunctionsTest" name="testMixedModeInlining1" time="0.0010" />
  <testcase classname="com.google.javascript.jscomp.InlineFunctionsTest" name="testMixedModeInlining2" time="0.0010" />
  <testcase classname="com.google.javascript.jscomp.InlineFunctionsTest" name="testMixedModeInlining3" time="0.0010" />
  <testcase classname="com.google.javascript.jscomp.InlineFunctionsTest" name="testMixedModeInlining4" time="0.0010" />
  <testcase classname="com.google.javascript.jscomp.InlineFunctionsTest" name="testMixedModeInliningCosting1" time="0.0020" />
  <testcase classname="com.google.javascript.jscomp.InlineFunctionsTest" name="testMixedModeInliningCosting2" time="0.0030" />
  <testcase classname="com.google.javascript.jscomp.InlineFunctionsTest" name="testMixedModeInliningCosting3" time="0.0020" />
  <testcase classname="com.google.javascript.jscomp.InlineFunctionsTest" name="testMixedModeInliningCosting4" time="0.0030" />
  <testcase classname="com.google.javascript.jscomp.InlineFunctionsTest" name="testNoInlineIfParametersModified1" time="0.0010" />
  <testcase classname="com.google.javascript.jscomp.InlineFunctionsTest" name="testNoInlineIfParametersModified2" time="0.0010" />
  <testcase classname="com.google.javascript.jscomp.InlineFunctionsTest" name="testNoInlineIfParametersModified3" time="0.0010" />
  <testcase classname="com.google.javascript.jscomp.InlineFunctionsTest" name="testNoInlineIfParametersModified4" time="0.0010" />
  <testcase classname="com.google.javascript.jscomp.InlineFunctionsTest" name="testNoInlineIfParametersModified5" time="0.0010" />
  <testcase classname="com.google.javascript.jscomp.InlineFunctionsTest" name="testNoInlineIfParametersModified6" time="0.0020" />
  <testcase classname="com.google.javascript.jscomp.InlineFunctionsTest" name="testNoInlineIfParametersModified7" time="0.0010" />
  <testcase classname="com.google.javascript.jscomp.InlineFunctionsTest" name="testNoInlineIfParametersModified8" time="0.0010" />
  <testcase classname="com.google.javascript.jscomp.InlineFunctionsTest" name="testNoInlineIfParametersModified9" time="0.0010" />
  <testcase classname="com.google.javascript.jscomp.InlineFunctionsTest" name="testInlineNeverPartialSubtitution1" time="0.0010" />
  <testcase classname="com.google.javascript.jscomp.InlineFunctionsTest" name="testInlineNeverPartialSubtitution2" time="0.0" />
  <testcase classname="com.google.javascript.jscomp.InlineFunctionsTest" name="testInlineNeverMutateConstants" time="0.0010" />
  <testcase classname="com.google.javascript.jscomp.InlineFunctionsTest" name="testInlineNeverOverrideNewValues" time="0.0010" />
  <testcase classname="com.google.javascript.jscomp.InlineFunctionsTest" name="testInlineMutableArgsReferencedOnce" time="0.0010" />
  <testcase classname="com.google.javascript.jscomp.InlineFunctionsTest" name="testNoInlineMutableArgs1" time="0.0010" />
  <testcase classname="com.google.javascript.jscomp.InlineFunctionsTest" name="testNoInlineMutableArgs2" time="0.0010" />
  <testcase classname="com.google.javascript.jscomp.InlineFunctionsTest" name="testNoInlineMutableArgs3" time="0.0020" />
  <testcase classname="com.google.javascript.jscomp.InlineFunctionsTest" name="testNoInlineMutableArgs4" time="0.0010" />
  <testcase classname="com.google.javascript.jscomp.InlineFunctionsTest" name="testInlineBlockMutableArgs1" time="0.0010" />
  <testcase classname="com.google.javascript.jscomp.InlineFunctionsTest" name="testInlineBlockMutableArgs2" time="0.0010" />
  <testcase classname="com.google.javascript.jscomp.InlineFunctionsTest" name="testInlineBlockMutableArgs3" time="0.0010" />
  <testcase classname="com.google.javascript.jscomp.InlineFunctionsTest" name="testInlineBlockMutableArgs4" time="0.0010" />
  <testcase classname="com.google.javascript.jscomp.InlineFunctionsTest" name="testShadowVariables1" time="0.0010" />
  <testcase classname="com.google.javascript.jscomp.InlineFunctionsTest" name="testShadowVariables2" time="0.0020" />
  <testcase classname="com.google.javascript.jscomp.InlineFunctionsTest" name="testShadowVariables3" time="0.0010" />
  <testcase classname="com.google.javascript.jscomp.InlineFunctionsTest" name="testShadowVariables4" time="0.0020" />
  <testcase classname="com.google.javascript.jscomp.InlineFunctionsTest" name="testShadowVariables5" time="0.0010" />
  <testcase classname="com.google.javascript.jscomp.InlineFunctionsTest" name="testShadowVariables6" time="0.0020" />
  <testcase classname="com.google.javascript.jscomp.InlineFunctionsTest" name="testShadowVariables7" time="0.0030" />
  <testcase classname="com.google.javascript.jscomp.InlineFunctionsTest" name="testShadowVariables8" time="0.0010" />
  <testcase classname="com.google.javascript.jscomp.InlineFunctionsTest" name="testShadowVariables9" time="0.0010" />
  <testcase classname="com.google.javascript.jscomp.InlineFunctionsTest" name="testShadowVariables10" time="0.0020" />
  <testcase classname="com.google.javascript.jscomp.InlineFunctionsTest" name="testShadowVariables11" time="0.0010" />
  <testcase classname="com.google.javascript.jscomp.InlineFunctionsTest" name="testShadowVariables12" time="0.0020" />
  <testcase classname="com.google.javascript.jscomp.InlineFunctionsTest" name="testShadowVariables13" time="0.0010" />
  <testcase classname="com.google.javascript.jscomp.InlineFunctionsTest" name="testShadowVariables14" time="0.0020" />
  <testcase classname="com.google.javascript.jscomp.InlineFunctionsTest" name="testShadowVariables15" time="0.0010" />
  <testcase classname="com.google.javascript.jscomp.InlineFunctionsTest" name="testShadowVariables16" time="0.0030" />
  <testcase classname="com.google.javascript.jscomp.InlineFunctionsTest" name="testShadowVariables17" time="0.0010" />
  <testcase classname="com.google.javascript.jscomp.InlineFunctionsTest" name="testShadowVariables18" time="0.0020" />
  <testcase classname="com.google.javascript.jscomp.InlineFunctionsTest" name="testCostBasedInlining1" time="0.0010" />
  <testcase classname="com.google.javascript.jscomp.InlineFunctionsTest" name="testCostBasedInlining2" time="0.0010" />
  <testcase classname="com.google.javascript.jscomp.InlineFunctionsTest" name="testCostBasedInlining3" time="0.0020" />
  <testcase classname="com.google.javascript.jscomp.InlineFunctionsTest" name="testCostBasedInlining4" time="0.0020" />
  <testcase classname="com.google.javascript.jscomp.InlineFunctionsTest" name="testCostBasedInlining5" time="0.0010" />
  <testcase classname="com.google.javascript.jscomp.InlineFunctionsTest" name="testCostBasedInlining6" time="0.0010" />
  <testcase classname="com.google.javascript.jscomp.InlineFunctionsTest" name="testCostBasedInlining7" time="0.0020" />
  <testcase classname="com.google.javascript.jscomp.InlineFunctionsTest" name="testCostBasedInlining8" time="0.0010" />
  <testcase classname="com.google.javascript.jscomp.InlineFunctionsTest" name="testCostBasedInlining9" time="0.0010" />
  <testcase classname="com.google.javascript.jscomp.InlineFunctionsTest" name="testCostBasedInlining10" time="0.0" />
  <testcase classname="com.google.javascript.jscomp.InlineFunctionsTest" name="testCostBasedInlining11" time="0.0" />
  <testcase classname="com.google.javascript.jscomp.InlineFunctionsTest" name="testCostBasedInlining12" time="0.0010" />
  <testcase classname="com.google.javascript.jscomp.InlineFunctionsTest" name="testCostBasedInliningComplex1" time="0.0010" />
  <testcase classname="com.google.javascript.jscomp.InlineFunctionsTest" name="testCostBasedInliningComplex2" time="0.0010" />
  <testcase classname="com.google.javascript.jscomp.InlineFunctionsTest" name="testCostBasedInliningComplex3" time="0.0020" />
  <testcase classname="com.google.javascript.jscomp.InlineFunctionsTest" name="testCostBasedInliningComplex4" time="0.0010" />
  <testcase classname="com.google.javascript.jscomp.InlineFunctionsTest" name="testCostBasedInliningComplex5" time="0.0010" />
  <testcase classname="com.google.javascript.jscomp.InlineFunctionsTest" name="testCostBasedInliningComplex6" time="0.0010" />
  <testcase classname="com.google.javascript.jscomp.InlineFunctionsTest" name="testCostBasedInliningComplex7" time="0.0020" />
  <testcase classname="com.google.javascript.jscomp.InlineFunctionsTest" name="testCostBasedInliningComplex8" time="0.0" />
  <testcase classname="com.google.javascript.jscomp.InlineFunctionsTest" name="testCostBasedInliningComplex9" time="0.0" />
  <testcase classname="com.google.javascript.jscomp.InlineFunctionsTest" name="testDoubleInlining1" time="0.0010" />
  <testcase classname="com.google.javascript.jscomp.InlineFunctionsTest" name="testDoubleInlining2" time="0.0010" />
  <testcase classname="com.google.javascript.jscomp.InlineFunctionsTest" name="testNoInlineOfNonGlobalFunction1" time="0.0010" />
  <testcase classname="com.google.javascript.jscomp.InlineFunctionsTest" name="testNoInlineOfNonGlobalFunction2" time="0.0010" />
  <testcase classname="com.google.javascript.jscomp.InlineFunctionsTest" name="testNoInlineOfNonGlobalFunction3" time="0.0010" />
  <testcase classname="com.google.javascript.jscomp.InlineFunctionsTest" name="testNoInlineOfNonGlobalFunction4" time="0.0" />
  <testcase classname="com.google.javascript.jscomp.InlineFunctionsTest" name="testNoInlineMaskedFunction" time="0.0" />
  <testcase classname="com.google.javascript.jscomp.InlineFunctionsTest" name="testNoInlineNonFunction" time="0.0010" />
  <testcase classname="com.google.javascript.jscomp.InlineFunctionsTest" name="testInlineCall" time="0.0010" />
  <testcase classname="com.google.javascript.jscomp.InlineFunctionsTest" name="testInlineFunctionWithArgsMismatch1" time="0.0010" />
  <testcase classname="com.google.javascript.jscomp.InlineFunctionsTest" name="testInlineFunctionWithArgsMismatch2" time="0.0010" />
  <testcase classname="com.google.javascript.jscomp.InlineFunctionsTest" name="testInlineFunctionWithArgsMismatch3" time="0.0" />
  <testcase classname="com.google.javascript.jscomp.InlineFunctionsTest" name="testInlineFunctionWithArgsMismatch4" time="0.0" />
  <testcase classname="com.google.javascript.jscomp.InlineFunctionsTest" name="testArgumentsWithSideEffectsNeverInlined1" time="0.0010" />
  <testcase classname="com.google.javascript.jscomp.InlineFunctionsTest" name="testArgumentsWithSideEffectsNeverInlined2" time="0.0010" />
  <testcase classname="com.google.javascript.jscomp.InlineFunctionsTest" name="testOneSideEffectCallDoesNotRuinOthers" time="0.0010" />
  <testcase classname="com.google.javascript.jscomp.InlineFunctionsTest" name="testComplexInlineNoResultNoParamCall1" time="0.0010" />
  <testcase classname="com.google.javascript.jscomp.InlineFunctionsTest" name="testComplexInlineNoResultNoParamCall2" time="0.0010" />
  <testcase classname="com.google.javascript.jscomp.InlineFunctionsTest" name="testComplexInlineNoResultNoParamCall3" time="0.0010" />
  <testcase classname="com.google.javascript.jscomp.InlineFunctionsTest" name="testComplexInlineNoResultWithParamCall1" time="0.0" />
  <testcase classname="com.google.javascript.jscomp.InlineFunctionsTest" name="testComplexInlineNoResultWithParamCall2" time="0.0010" />
  <testcase classname="com.google.javascript.jscomp.InlineFunctionsTest" name="testComplexInlineNoResultWithParamCall3" time="0.0010" />
  <testcase classname="com.google.javascript.jscomp.InlineFunctionsTest" name="testComplexInline1" time="0.0010" />
  <testcase classname="com.google.javascript.jscomp.InlineFunctionsTest" name="testComplexInline2" time="0.0010" />
  <testcase classname="com.google.javascript.jscomp.InlineFunctionsTest" name="testComplexInline3" time="0.0010" />
  <testcase classname="com.google.javascript.jscomp.InlineFunctionsTest" name="testComplexInline4" time="0.0010" />
  <testcase classname="com.google.javascript.jscomp.InlineFunctionsTest" name="testComplexInline5" time="0.0010" />
  <testcase classname="com.google.javascript.jscomp.InlineFunctionsTest" name="testComplexInline6" time="0.0010" />
  <testcase classname="com.google.javascript.jscomp.InlineFunctionsTest" name="testComplexInline7" time="0.0010" />
  <testcase classname="com.google.javascript.jscomp.InlineFunctionsTest" name="testComplexInline8" time="0.0010" />
  <testcase classname="com.google.javascript.jscomp.InlineFunctionsTest" name="testComplexInlineVars1" time="0.0" />
  <testcase classname="com.google.javascript.jscomp.InlineFunctionsTest" name="testComplexInlineVars2" time="0.0010" />
  <testcase classname="com.google.javascript.jscomp.InlineFunctionsTest" name="testComplexInlineVars3" time="0.0010" />
  <testcase classname="com.google.javascript.jscomp.InlineFunctionsTest" name="testComplexInlineVars4" time="0.0010" />
  <testcase classname="com.google.javascript.jscomp.InlineFunctionsTest" name="testComplexInlineVars5" time="0.0010" />
  <testcase classname="com.google.javascript.jscomp.InlineFunctionsTest" name="testComplexInlineVars6" time="0.0010" />
  <testcase classname="com.google.javascript.jscomp.InlineFunctionsTest" name="testComplexInlineVars7" time="0.0010" />
  <testcase classname="com.google.javascript.jscomp.InlineFunctionsTest" name="testComplexInlineVars8" time="0.0010" />
  <testcase classname="com.google.javascript.jscomp.InlineFunctionsTest" name="testComplexInlineVars9" time="0.0010" />
  <testcase classname="com.google.javascript.jscomp.InlineFunctionsTest" name="testComplexInlineVars10" time="0.0010" />
  <testcase classname="com.google.javascript.jscomp.InlineFunctionsTest" name="testComplexInlineVars11" time="0.0" />
  <testcase classname="com.google.javascript.jscomp.InlineFunctionsTest" name="testComplexInlineVars12" time="0.0" />
  <testcase classname="com.google.javascript.jscomp.InlineFunctionsTest" name="testComplexInlineInExpresssions1" time="0.0010" />
  <testcase classname="com.google.javascript.jscomp.InlineFunctionsTest" name="testComplexInlineInExpresssions2" time="0.0010" />
  <testcase classname="com.google.javascript.jscomp.InlineFunctionsTest" name="testComplexInlineInExpresssions3" time="0.0010" />
  <testcase classname="com.google.javascript.jscomp.InlineFunctionsTest" name="testComplexInlineInExpresssions4" time="0.0010" />
  <testcase classname="com.google.javascript.jscomp.InlineFunctionsTest" name="testComplexInlineInExpresssions5" time="0.0010" />
  <testcase classname="com.google.javascript.jscomp.InlineFunctionsTest" name="testComplexNoInline1" time="0.0010" />
  <testcase classname="com.google.javascript.jscomp.InlineFunctionsTest" name="testComplexNoInline2" time="0.0010" />
  <testcase classname="com.google.javascript.jscomp.InlineFunctionsTest" name="testComplexSample" time="0.0010" />
  <testcase classname="com.google.javascript.jscomp.InlineFunctionsTest" name="testComplexSampleNoInline" time="0.0010" />
  <testcase classname="com.google.javascript.jscomp.InlineFunctionsTest" name="testComplexNoVarSub" time="0.0010" />
  <testcase classname="com.google.javascript.jscomp.InlineFunctionsTest" name="testComplexFunctionWithFunctionDefinition1" time="0.0" />
  <testcase classname="com.google.javascript.jscomp.InlineFunctionsTest" name="testComplexFunctionWithFunctionDefinition2" time="0.0010" />
  <testcase classname="com.google.javascript.jscomp.InlineFunctionsTest" name="testComplexFunctionWithFunctionDefinition2a" time="0.0020" />
  <testcase classname="com.google.javascript.jscomp.InlineFunctionsTest" name="testComplexFunctionWithFunctionDefinition3" time="0.0020" />
  <testcase classname="com.google.javascript.jscomp.InlineFunctionsTest" name="testDecomposePlusEquals" time="0.0010" />
  <testcase classname="com.google.javascript.jscomp.InlineFunctionsTest" name="testDecomposeFunctionExpressionInCall" time="0.0010" />
  <testcase classname="com.google.javascript.jscomp.InlineFunctionsTest" name="testInlineConstructor1" time="0.0010" />
  <testcase classname="com.google.javascript.jscomp.InlineFunctionsTest" name="testInlineConstructor2" time="0.0" />
  <testcase classname="com.google.javascript.jscomp.InlineFunctionsTest" name="testInlineConstructor3" time="0.0010" />
  <testcase classname="com.google.javascript.jscomp.InlineFunctionsTest" name="testInlineConstructor4" time="0.0010" />
  <testcase classname="com.google.javascript.jscomp.InlineFunctionsTest" name="testFunctionExpressionInlining1" time="0.0" />
  <testcase classname="com.google.javascript.jscomp.InlineFunctionsTest" name="testFunctionExpressionInlining2" time="0.012" />
  <testcase classname="com.google.javascript.jscomp.InlineFunctionsTest" name="testFunctionExpressionInlining3" time="0.0010" />
  <testcase classname="com.google.javascript.jscomp.InlineFunctionsTest" name="testFunctionExpressionInlining4" time="0.0010" />
  <testcase classname="com.google.javascript.jscomp.InlineFunctionsTest" name="testFunctionExpressionCallInlining1" time="0.0" />
  <testcase classname="com.google.javascript.jscomp.InlineFunctionsTest" name="testFunctionExpressionCallInlining2" time="0.0010" />
  <testcase classname="com.google.javascript.jscomp.InlineFunctionsTest" name="testFunctionExpressionCallInlining3" time="0.0010" />
  <testcase classname="com.google.javascript.jscomp.InlineFunctionsTest" name="testFunctionExpressionCallInlining4" time="0.0010" />
  <testcase classname="com.google.javascript.jscomp.InlineFunctionsTest" name="testFunctionExpressionCallInlining5" time="0.0" />
  <testcase classname="com.google.javascript.jscomp.InlineFunctionsTest" name="testFunctionExpressionCallInlining6" time="0.0010" />
  <testcase classname="com.google.javascript.jscomp.InlineFunctionsTest" name="testFunctionExpressionCallInlining7" time="0.0010" />
  <testcase classname="com.google.javascript.jscomp.InlineFunctionsTest" name="testFunctionExpressionCallInlining8" time="0.0" />
  <testcase classname="com.google.javascript.jscomp.InlineFunctionsTest" name="testFunctionExpressionCallInlining9" time="0.0" />
  <testcase classname="com.google.javascript.jscomp.InlineFunctionsTest" name="testFunctionExpressionCallInlining10" time="0.0010" />
  <testcase classname="com.google.javascript.jscomp.InlineFunctionsTest" name="testFunctionExpressionCallInlining11a" time="0.0010" />
  <testcase classname="com.google.javascript.jscomp.InlineFunctionsTest" name="testFunctionExpressionCallInlining11b" time="0.0010" />
  <testcase classname="com.google.javascript.jscomp.InlineFunctionsTest" name="testFunctionExpressionCallInlining11c" time="0.0020" />
  <testcase classname="com.google.javascript.jscomp.InlineFunctionsTest" name="testFunctionExpressionCallInlining11d" time="0.0010" />
  <testcase classname="com.google.javascript.jscomp.InlineFunctionsTest" name="testFunctionExpressionCallInlining11e" time="0.0020" />
  <testcase classname="com.google.javascript.jscomp.InlineFunctionsTest" name="testFunctionExpressionCallInlining12" time="0.0010" />
  <testcase classname="com.google.javascript.jscomp.InlineFunctionsTest" name="testFunctionExpressionOmega" time="0.0010" />
  <testcase classname="com.google.javascript.jscomp.InlineFunctionsTest" name="testLocalFunctionInlining1" time="0.0" />
  <testcase classname="com.google.javascript.jscomp.InlineFunctionsTest" name="testLocalFunctionInlining2" time="0.0010" />
  <testcase classname="com.google.javascript.jscomp.InlineFunctionsTest" name="testLocalFunctionInlining3" time="0.0010" />
  <testcase classname="com.google.javascript.jscomp.InlineFunctionsTest" name="testLocalFunctionInlining4" time="0.0010" />
  <testcase classname="com.google.javascript.jscomp.InlineFunctionsTest" name="testLocalFunctionInlining5" time="0.0010" />
  <testcase classname="com.google.javascript.jscomp.InlineFunctionsTest" name="testLocalFunctionInlining6" time="0.0" />
  <testcase classname="com.google.javascript.jscomp.InlineFunctionsTest" name="testLocalFunctionInliningOnly1" time="0.0010" />
  <testcase classname="com.google.javascript.jscomp.InlineFunctionsTest" name="testLocalFunctionInliningOnly2" time="0.0010" />
  <testcase classname="com.google.javascript.jscomp.InlineFunctionsTest" name="testLocalFunctionInliningOnly3" time="0.0010" />
  <testcase classname="com.google.javascript.jscomp.InlineFunctionsTest" name="testLocalFunctionInliningOnly4" time="0.0010" />
  <testcase classname="com.google.javascript.jscomp.InlineFunctionsTest" name="testInlineWithThis1" time="0.0020" />
  <testcase classname="com.google.javascript.jscomp.InlineFunctionsTest" name="testInlineWithThis2" time="0.0010" />
  <testcase classname="com.google.javascript.jscomp.InlineFunctionsTest" name="testInlineWithThis3" time="0.0010" />
  <testcase classname="com.google.javascript.jscomp.InlineFunctionsTest" name="testInlineWithThis4" time="0.0010" />
  <testcase classname="com.google.javascript.jscomp.InlineFunctionsTest" name="testInlineWithThis5" time="0.0020" />
  <testcase classname="com.google.javascript.jscomp.InlineFunctionsTest" name="testInlineWithThis6" time="0.0010" />
  <testcase classname="com.google.javascript.jscomp.InlineFunctionsTest" name="testInlineWithThis7" time="0.0010" />
  <testcase classname="com.google.javascript.jscomp.InlineFunctionsTest" name="testFunctionExpressionYCombinator" time="0.0040" />
  <testcase classname="com.google.javascript.jscomp.InlineFunctionsTest" name="testRenamePropertyFunction" time="0.0" />
  <testcase classname="com.google.javascript.jscomp.InlineFunctionsTest" name="testReplacePropertyFunction" time="0.0020" />
  <testcase classname="com.google.javascript.jscomp.InlineFunctionsTest" name="testInlineWithClosureContainingThis" time="0.0" />
  <testcase classname="com.google.javascript.jscomp.InlineFunctionsTest" name="testIssue5159924a" time="0.0" />
  <testcase classname="com.google.javascript.jscomp.InlineFunctionsTest" name="testIssue5159924b" time="0.0" />
  <testcase classname="com.google.javascript.jscomp.InlineFunctionsTest" name="testInlineObject" time="0.0010" />
  <testcase classname="com.google.javascript.jscomp.InlineFunctionsTest" name="testBug4944818" time="0.0010" />
  <testcase classname="com.google.javascript.jscomp.InlineFunctionsTest" name="testIssue423" time="0.0030" />
  <testcase classname="com.google.javascript.jscomp.InlineFunctionsTest" name="testIssue728" time="0.0040" />
  <testcase classname="com.google.javascript.jscomp.InlineFunctionsTest" name="testAnonymous1" time="0.0030" />
  <testcase classname="com.google.javascript.jscomp.InlineFunctionsTest" name="testAnonymous2" time="0.0010" />
  <testcase classname="com.google.javascript.jscomp.InlineFunctionsTest" name="testAnonymous3" time="0.0030" />
  <testcase classname="com.google.javascript.jscomp.InlineFunctionsTest" name="testLoopWithFunctionWithFunction" time="0.0020" />
  <testcase classname="com.google.javascript.jscomp.InlineFunctionsTest" name="testMethodWithFunctionWithFunction" time="0.0020" />
  <testcase classname="com.google.javascript.jscomp.InlineFunctionsTest" name="testCrossModuleInlining1" time="0.0010" />
  <testcase classname="com.google.javascript.jscomp.InlineFunctionsTest" name="testCrossModuleInlining2" time="0.0020" />
  <testcase classname="com.google.javascript.jscomp.InlineFunctionsTest" name="testCrossModuleInlining3" time="0.0010" />
  <testcase classname="com.google.javascript.jscomp.InlineFunctionsTest" name="test6671158" time="0.0020" />
  <system-out><![CDATA[]]></system-out>
  <system-err><![CDATA[]]></system-err>
</testsuite>
