<?xml version="1.0" encoding="UTF-8" ?>
<testsuite errors="0" failures="0" hostname="battower" name="com.google.javascript.jscomp.IntegrationTest" tests="173" time="0.839" timestamp="2013-02-28T06:31:59">
  <properties>
    <property name="java.vendor" value="Sun Microsystems Inc." />
    <property name="lib.dir" value="/home/laura/workspace/unified-test-analysis-toolkit/test-subjects/closure/lib" />
    <property name="sun.java.launcher" value="SUN_STANDARD" />
    <property name="sun.management.compiler" value="HotSpot 64-Bit Tiered Compilers" />
    <property name="os.name" value="Linux" />
    <property name="sun.boot.class.path" value="/usr/lib/jvm/java-6-sun-1.6.0.26/jre/lib/resources.jar:/usr/lib/jvm/java-6-sun-1.6.0.26/jre/lib/rt.jar:/usr/lib/jvm/java-6-sun-1.6.0.26/jre/lib/sunrsasign.jar:/usr/lib/jvm/java-6-sun-1.6.0.26/jre/lib/jsse.jar:/usr/lib/jvm/java-6-sun-1.6.0.26/jre/lib/jce.jar:/usr/lib/jvm/java-6-sun-1.6.0.26/jre/lib/charsets.jar:/usr/lib/jvm/java-6-sun-1.6.0.26/jre/lib/modules/jdk.boot.jar:/usr/lib/jvm/java-6-sun-1.6.0.26/jre/classes" />
    <property name="build.svnVersion" value="exported" />
    <property name="maven-repository-id" value="sonatype-nexus-staging" />
    <property name="java.vm.specification.vendor" value="Sun Microsystems Inc." />
    <property name="ant.home" value="/usr/share/ant" />
    <property name="jsonml-jarfile" value="/home/laura/workspace/unified-test-analysis-toolkit/test-subjects/closure/build/secure_compiler.jar" />
    <property name="java.runtime.version" value="1.6.0_26-b03" />
    <property name="gen.dir" value="/home/laura/workspace/unified-test-analysis-toolkit/test-subjects/closure/gen" />
    <property name="user.name" value="laura" />
    <property name="ant.file.compiler" value="/home/laura/workspace/unified-test-analysis-toolkit/test-subjects/closure/build.xml" />
    <property name="cc.src.dir" value="/home/laura/workspace/unified-test-analysis-toolkit/test-subjects/closure/instSrc" />
    <property name="build.dir" value="/home/laura/workspace/unified-test-analysis-toolkit/test-subjects/closure/build" />
    <property name="jsonml.dir" value="/home/laura/workspace/unified-test-analysis-toolkit/test-subjects/closure/src/com/google/javascript/jscomp/jsonml" />
    <property name="ant.build.javac.target" value="1.6" />
    <property name="cc.lib.dir" value="/home/laura/workspace/unified-test-analysis-toolkit/test-subjects/closure/instLib" />
    <property name="user.language" value="en" />
    <property name="sun.boot.library.path" value="/usr/lib/jvm/java-6-sun-1.6.0.26/jre/lib/amd64" />
    <property name="ant.project.default-target" value="jar" />
    <property name="ant.project.name" value="compiler" />
    <property name="cc.build.dir" value="/home/laura/workspace/unified-test-analysis-toolkit/test-subjects/closure/instBuild" />
    <property name="java.version" value="1.6.0_26" />
    <property name="user.timezone" value="" />
    <property name="sun.arch.data.model" value="64" />
    <property name="cc.compiler-jarfile" value="/home/laura/workspace/unified-test-analysis-toolkit/test-subjects/closure/instBuild/compiler.jar" />
    <property name="java.endorsed.dirs" value="/usr/lib/jvm/java-6-sun-1.6.0.26/jre/lib/endorsed" />
    <property name="sun.cpu.isalist" value="" />
    <property name="sun.jnu.encoding" value="UTF-8" />
    <property name="file.encoding.pkg" value="sun.io" />
    <property name="cc.gen.dir" value="/home/laura/workspace/unified-test-analysis-toolkit/test-subjects/closure/instGen" />
    <property name="file.separator" value="/" />
    <property name="java.specification.name" value="Java Platform API Specification" />
    <property name="protoc.executable" value="protoc" />
    <property name="classes.dir" value="/home/laura/workspace/unified-test-analysis-toolkit/test-subjects/closure/build/classes" />
    <property name="java.class.version" value="50.0" />
    <property name="testClasses.dir" value="/home/laura/workspace/unified-test-analysis-toolkit/test-subjects/closure/build/test" />
    <property name="user.country" value="CA" />
    <property name="jsonml-classes.dir" value="/home/laura/workspace/unified-test-analysis-toolkit/test-subjects/closure/build/jsonml-classes" />
    <property name="java.home" value="/usr/lib/jvm/java-6-sun-1.6.0.26/jre" />
    <property name="java.vm.info" value="mixed mode" />
    <property name="externs.dir" value="/home/laura/workspace/unified-test-analysis-toolkit/test-subjects/closure/externs" />
    <property name="ant.file" value="/home/laura/workspace/unified-test-analysis-toolkit/test-subjects/closure/build.xml" />
    <property name="os.version" value="3.2.0-4-amd64" />
    <property name="javac.debug" value="on" />
    <property name="path.separator" value=":" />
    <property name="java.vm.version" value="20.1-b02" />
    <property name="num-fuzz-tests" value="10000" />
    <property name="ant.library.dir" value="/usr/share/ant/lib" />
    <property name="java.awt.printerjob" value="sun.print.PSPrinterJob" />
    <property name="webservice-jarfile" value="/home/laura/workspace/unified-test-analysis-toolkit/test-subjects/closure/build/webservice.jar" />
    <property name="sun.io.unicode.encoding" value="UnicodeLittle" />
    <property name="test.fork" value="true" />
    <property name="webservice.dir" value="/home/laura/workspace/unified-test-analysis-toolkit/test-subjects/closure/src/com/google/javascript/jscomp/webservice" />
    <property name="buildlib.dir" value="/home/laura/workspace/unified-test-analysis-toolkit/test-subjects/closure/build/lib" />
    <property name="cc.closure.build.dir" value="/home/laura/workspace/unified-test-analysis-toolkit/test-subjects/closure/instBuild" />
    <property name="ant.build.javac.source" value="1.6" />
    <property name="user.home" value="/home/laura" />
    <property name="cc.buildlib.dir" value="/home/laura/workspace/unified-test-analysis-toolkit/test-subjects/closure/instBuild/lib" />
    <property name="java.specification.vendor" value="Sun Microsystems Inc." />
    <property name="test.dir" value="/home/laura/workspace/unified-test-analysis-toolkit/test-subjects/closure/test" />
    <property name="java.library.path" value="/usr/lib/jvm/java-6-sun-1.6.0.26/jre/lib/amd64/server:/usr/lib/jvm/java-6-sun-1.6.0.26/jre/lib/amd64:/usr/lib/jvm/java-6-sun-1.6.0.26/jre/../lib/amd64:/usr/java/packages/lib/amd64:/usr/lib64:/lib64:/lib:/usr/lib" />
    <property name="java.vendor.url" value="http://java.sun.com/" />
    <property name="java.vm.vendor" value="Sun Microsystems Inc." />
    <property name="java.runtime.name" value="Java(TM) SE Runtime Environment" />
    <property name="sun.java.command" value="org.apache.tools.ant.taskdefs.optional.junit.JUnitTestRunner testsfile=/home/laura/workspace/unified-test-analysis-toolkit/test-subjects/closure/junittestcases3948662715662201768.properties filtertrace=true haltOnError=false haltOnFailure=false formatter=org.apache.tools.ant.taskdefs.optional.junit.SummaryJUnitResultFormatter showoutput=true outputtoformatters=true logfailedtests=true logtestlistenerevents=false formatter=org.apache.tools.ant.taskdefs.optional.junit.BriefJUnitResultFormatter formatter=org.apache.tools.ant.taskdefs.optional.junit.XMLJUnitResultFormatter,/home/laura/workspace/unified-test-analysis-toolkit/test-subjects/closure/build/testoutput/IGNORETHIS.xml crashfile=/home/laura/workspace/unified-test-analysis-toolkit/test-subjects/closure/junitvmwatcher984647660801049597.properties propsfile=/home/laura/workspace/unified-test-analysis-toolkit/test-subjects/closure/junit4306649417180714283.properties" />
    <property name="java.class.path" value="/home/laura/workspace/unified-test-analysis-toolkit/test-subjects/closure/build/classes:/home/laura/workspace/unified-test-analysis-toolkit/test-subjects/closure/lib/ant-launcher.jar:/home/laura/workspace/unified-test-analysis-toolkit/test-subjects/closure/lib/ant.jar:/home/laura/workspace/unified-test-analysis-toolkit/test-subjects/closure/lib/args4j.jar:/home/laura/workspace/unified-test-analysis-toolkit/test-subjects/closure/lib/caja-r4314.jar:/home/laura/workspace/unified-test-analysis-toolkit/test-subjects/closure/lib/codecover-ant.jar:/home/laura/workspace/unified-test-analysis-toolkit/test-subjects/closure/lib/codecover-batch.jar:/home/laura/workspace/unified-test-analysis-toolkit/test-subjects/closure/lib/codecover-core.jar:/home/laura/workspace/unified-test-analysis-toolkit/test-subjects/closure/lib/guava.jar:/home/laura/workspace/unified-test-analysis-toolkit/test-subjects/closure/lib/jarjar.jar:/home/laura/workspace/unified-test-analysis-toolkit/test-subjects/closure/lib/json.jar:/home/laura/workspace/unified-test-analysis-toolkit/test-subjects/closure/lib/jsr305.jar:/home/laura/workspace/unified-test-analysis-toolkit/test-subjects/closure/lib/junit.jar:/home/laura/workspace/unified-test-analysis-toolkit/test-subjects/closure/lib/org.codecover.instrumentation.java15-0.1.jar:/home/laura/workspace/unified-test-analysis-toolkit/test-subjects/closure/lib/protobuf-java.jar:/home/laura/workspace/unified-test-analysis-toolkit/test-subjects/closure/build/lib/rhino.jar:/home/laura/workspace/unified-test-analysis-toolkit/test-subjects/closure/build/test:/home/laura/.ant/lib/junit-4.8.1.jar:/usr/share/java/ant-launcher-1.8.2.jar:/usr/share/ant/lib/ant.jar:/usr/share/ant/lib/ant-junit.jar:/usr/share/ant/lib/ant-junit4.jar" />
    <property name="ant.version" value="Apache Ant(TM) version 1.8.2 compiled on September 22 2011" />
    <property name="test.class" value="*Test" />
    <property name="java.vm.specification.name" value="Java Virtual Machine Specification" />
    <property name="ant.file.type" value="file" />
    <property name="java.vm.specification.version" value="1.0" />
    <property name="sun.os.patch.level" value="unknown" />
    <property name="sun.cpu.endian" value="little" />
    <property name="java.io.tmpdir" value="/tmp" />
    <property name="java.vendor.url.bug" value="http://java.sun.com/cgi-bin/bugreport.cgi" />
    <property name="cc.classes.dir" value="/home/laura/workspace/unified-test-analysis-toolkit/test-subjects/closure/instBuild/classes" />
    <property name="java.awt.graphicsenv" value="sun.awt.X11GraphicsEnvironment" />
    <property name="os.arch" value="amd64" />
    <property name="maven-repository-url" value="https://oss.sonatype.org/service/local/staging/deploy/maven2/" />
    <property name="webservice-classes.dir" value="/home/laura/workspace/unified-test-analysis-toolkit/test-subjects/closure/build/webservice-classes" />
    <property name="java.ext.dirs" value="/usr/lib/jvm/java-6-sun-1.6.0.26/jre/lib/ext:/usr/java/packages/lib/ext" />
    <property name="user.dir" value="/home/laura/workspace/unified-test-analysis-toolkit/test-subjects/closure" />
    <property name="ant.file.type.compiler" value="file" />
    <property name="line.separator" value="&#xa;" />
    <property name="java.vm.name" value="Java HotSpot(TM) 64-Bit Server VM" />
    <property name="basedir" value="/home/laura/workspace/unified-test-analysis-toolkit/test-subjects/closure" />
    <property name="ant.java.version" value="1.6" />
    <property name="ant.core.lib" value="/usr/share/ant/lib/ant.jar" />
    <property name="file.encoding" value="UTF-8" />
    <property name="closure.build.dir" value="/home/laura/workspace/unified-test-analysis-toolkit/test-subjects/closure/build" />
    <property name="compiler-jarfile" value="/home/laura/workspace/unified-test-analysis-toolkit/test-subjects/closure/build/compiler.jar" />
    <property name="java.specification.version" value="1.6" />
    <property name="src.dir" value="/home/laura/workspace/unified-test-analysis-toolkit/test-subjects/closure/src" />
    <property name="javadoc.dir" value="/home/laura/workspace/unified-test-analysis-toolkit/test-subjects/closure/build/javadoc" />
    <property name="ant.project.invoked-targets" value="test" />
    <property name="tools.dir" value="/home/laura/workspace/unified-test-analysis-toolkit/test-subjects/closure/tools" />
  </properties>
  <testcase classname="com.google.javascript.jscomp.IntegrationTest" name="testMissingReturn" time="0.0040" />
  <testcase classname="com.google.javascript.jscomp.IntegrationTest" name="testManyAdds" time="0.345" />
  <testcase classname="com.google.javascript.jscomp.IntegrationTest" name="testBug1956277" time="0.0010" />
  <testcase classname="com.google.javascript.jscomp.IntegrationTest" name="testCheckGlobalThisOff" time="0.0010" />
  <testcase classname="com.google.javascript.jscomp.IntegrationTest" name="testInlineVariables" time="0.0030" />
  <testcase classname="com.google.javascript.jscomp.IntegrationTest" name="testHiddenSideEffect" time="0.0030" />
  <testcase classname="com.google.javascript.jscomp.IntegrationTest" name="testIssue724" time="0.0040" />
  <testcase classname="com.google.javascript.jscomp.IntegrationTest" name="testInlineConstants" time="0.0020" />
  <testcase classname="com.google.javascript.jscomp.IntegrationTest" name="testIssue90" time="0.0010" />
  <testcase classname="com.google.javascript.jscomp.IntegrationTest" name="testConstructorCycle" time="0.0030" />
  <testcase classname="com.google.javascript.jscomp.IntegrationTest" name="testBug1949424" time="0.0010" />
  <testcase classname="com.google.javascript.jscomp.IntegrationTest" name="testBug1949424_v2" time="0.0020" />
  <testcase classname="com.google.javascript.jscomp.IntegrationTest" name="testBug1962380" time="0.0010" />
  <testcase classname="com.google.javascript.jscomp.IntegrationTest" name="testBug2410122" time="0.0020" />
  <testcase classname="com.google.javascript.jscomp.IntegrationTest" name="testClosurePassOff" time="0.0020" />
  <testcase classname="com.google.javascript.jscomp.IntegrationTest" name="testClosurePassOn" time="0.0020" />
  <testcase classname="com.google.javascript.jscomp.IntegrationTest" name="testCssNameCheck" time="0.0010" />
  <testcase classname="com.google.javascript.jscomp.IntegrationTest" name="testBug2592659" time="0.0020" />
  <testcase classname="com.google.javascript.jscomp.IntegrationTest" name="testTypedefBeforeOwner1" time="0.0010" />
  <testcase classname="com.google.javascript.jscomp.IntegrationTest" name="testTypedefBeforeOwner2" time="0.0010" />
  <testcase classname="com.google.javascript.jscomp.IntegrationTest" name="testExportedNames" time="0.0020" />
  <testcase classname="com.google.javascript.jscomp.IntegrationTest" name="testCheckGlobalThisOn" time="0.0010" />
  <testcase classname="com.google.javascript.jscomp.IntegrationTest" name="testSusiciousCodeOff" time="0.0010" />
  <testcase classname="com.google.javascript.jscomp.IntegrationTest" name="testCheckRequiresAndCheckProvidesOff" time="0.0010" />
  <testcase classname="com.google.javascript.jscomp.IntegrationTest" name="testCheckRequiresOn" time="0.0" />
  <testcase classname="com.google.javascript.jscomp.IntegrationTest" name="testCheckProvidesOn" time="0.0" />
  <testcase classname="com.google.javascript.jscomp.IntegrationTest" name="testGenerateExportsOff" time="0.0010" />
  <testcase classname="com.google.javascript.jscomp.IntegrationTest" name="testGenerateExportsOn" time="0.0010" />
  <testcase classname="com.google.javascript.jscomp.IntegrationTest" name="testAngularPassOff" time="0.0020" />
  <testcase classname="com.google.javascript.jscomp.IntegrationTest" name="testAngularPassOn" time="0.0010" />
  <testcase classname="com.google.javascript.jscomp.IntegrationTest" name="testExportTestFunctionsOff" time="0.0010" />
  <testcase classname="com.google.javascript.jscomp.IntegrationTest" name="testExportTestFunctionsOn" time="0.0010" />
  <testcase classname="com.google.javascript.jscomp.IntegrationTest" name="testExpose" time="0.0080" />
  <testcase classname="com.google.javascript.jscomp.IntegrationTest" name="testCheckSymbolsOff" time="0.0010" />
  <testcase classname="com.google.javascript.jscomp.IntegrationTest" name="testCheckSymbolsOn" time="0.0" />
  <testcase classname="com.google.javascript.jscomp.IntegrationTest" name="testCheckReferencesOff" time="0.0" />
  <testcase classname="com.google.javascript.jscomp.IntegrationTest" name="testCheckReferencesOn" time="0.0010" />
  <testcase classname="com.google.javascript.jscomp.IntegrationTest" name="testInferTypes" time="0.0040" />
  <testcase classname="com.google.javascript.jscomp.IntegrationTest" name="testTypeCheckAndInference" time="0.0010" />
  <testcase classname="com.google.javascript.jscomp.IntegrationTest" name="testTypeNameParser" time="0.0010" />
  <testcase classname="com.google.javascript.jscomp.IntegrationTest" name="testMemoizedTypedScopeCreator" time="0.0030" />
  <testcase classname="com.google.javascript.jscomp.IntegrationTest" name="testCheckTypes" time="0.0020" />
  <testcase classname="com.google.javascript.jscomp.IntegrationTest" name="testReplaceCssNames" time="0.0010" />
  <testcase classname="com.google.javascript.jscomp.IntegrationTest" name="testRemoveClosureAsserts" time="0.0010" />
  <testcase classname="com.google.javascript.jscomp.IntegrationTest" name="testDeprecation" time="0.0030" />
  <testcase classname="com.google.javascript.jscomp.IntegrationTest" name="testVisibility" time="0.0030" />
  <testcase classname="com.google.javascript.jscomp.IntegrationTest" name="testUnreachableCode" time="0.0020" />
  <testcase classname="com.google.javascript.jscomp.IntegrationTest" name="testIdGenerators" time="0.0040" />
  <testcase classname="com.google.javascript.jscomp.IntegrationTest" name="testOptimizeArgumentsArray" time="0.0020" />
  <testcase classname="com.google.javascript.jscomp.IntegrationTest" name="testOptimizeParameters" time="0.0020" />
  <testcase classname="com.google.javascript.jscomp.IntegrationTest" name="testOptimizeReturns" time="0.0020" />
  <testcase classname="com.google.javascript.jscomp.IntegrationTest" name="testRemoveAbstractMethods" time="0.0020" />
  <testcase classname="com.google.javascript.jscomp.IntegrationTest" name="testCollapseProperties1" time="0.0020" />
  <testcase classname="com.google.javascript.jscomp.IntegrationTest" name="testCollapseProperties2" time="0.0020" />
  <testcase classname="com.google.javascript.jscomp.IntegrationTest" name="testCollapseObjectLiteral1" time="0.0020" />
  <testcase classname="com.google.javascript.jscomp.IntegrationTest" name="testCollapseObjectLiteral2" time="0.0020" />
  <testcase classname="com.google.javascript.jscomp.IntegrationTest" name="testTightenTypesWithoutTypeCheck" time="0.0010" />
  <testcase classname="com.google.javascript.jscomp.IntegrationTest" name="testDisambiguateProperties" time="0.0030" />
  <testcase classname="com.google.javascript.jscomp.IntegrationTest" name="testMarkPureCalls" time="0.0020" />
  <testcase classname="com.google.javascript.jscomp.IntegrationTest" name="testMarkNoSideEffects" time="0.0020" />
  <testcase classname="com.google.javascript.jscomp.IntegrationTest" name="testChainedCalls" time="0.0010" />
  <testcase classname="com.google.javascript.jscomp.IntegrationTest" name="testExtraAnnotationNames" time="0.0010" />
  <testcase classname="com.google.javascript.jscomp.IntegrationTest" name="testDevirtualizePrototypeMethods" time="0.0010" />
  <testcase classname="com.google.javascript.jscomp.IntegrationTest" name="testCheckConsts" time="0.0010" />
  <testcase classname="com.google.javascript.jscomp.IntegrationTest" name="testAllChecksOn" time="0.0020" />
  <testcase classname="com.google.javascript.jscomp.IntegrationTest" name="testTypeCheckingWithSyntheticBlocks" time="0.0020" />
  <testcase classname="com.google.javascript.jscomp.IntegrationTest" name="testCompilerDoesNotBlowUpIfUndefinedSymbols" time="0.0010" />
  <testcase classname="com.google.javascript.jscomp.IntegrationTest" name="testConstantTagsMustAlwaysBeRemoved" time="0.0010" />
  <testcase classname="com.google.javascript.jscomp.IntegrationTest" name="testClosurePassPreservesJsDoc" time="0.0040" />
  <testcase classname="com.google.javascript.jscomp.IntegrationTest" name="testProvidedNamespaceIsConst" time="0.0020" />
  <testcase classname="com.google.javascript.jscomp.IntegrationTest" name="testProvidedNamespaceIsConst2" time="0.0010" />
  <testcase classname="com.google.javascript.jscomp.IntegrationTest" name="testProvidedNamespaceIsConst3" time="0.0020" />
  <testcase classname="com.google.javascript.jscomp.IntegrationTest" name="testProvidedNamespaceIsConst4" time="0.0010" />
  <testcase classname="com.google.javascript.jscomp.IntegrationTest" name="testProvidedNamespaceIsConst5" time="0.0010" />
  <testcase classname="com.google.javascript.jscomp.IntegrationTest" name="testProcessDefinesAlwaysOn" time="0.0010" />
  <testcase classname="com.google.javascript.jscomp.IntegrationTest" name="testProcessDefinesAdditionalReplacements" time="0.0010" />
  <testcase classname="com.google.javascript.jscomp.IntegrationTest" name="testReplaceMessages" time="0.0020" />
  <testcase classname="com.google.javascript.jscomp.IntegrationTest" name="testCheckGlobalNames" time="0.0020" />
  <testcase classname="com.google.javascript.jscomp.IntegrationTest" name="testInlineGetters" time="0.0040" />
  <testcase classname="com.google.javascript.jscomp.IntegrationTest" name="testInlineGettersWithAmbiguate" time="0.0090" />
  <testcase classname="com.google.javascript.jscomp.IntegrationTest" name="testMinimizeExits" time="0.0030" />
  <testcase classname="com.google.javascript.jscomp.IntegrationTest" name="testFoldConstants" time="0.0040" />
  <testcase classname="com.google.javascript.jscomp.IntegrationTest" name="testRemoveUnreachableCode" time="0.0040" />
  <testcase classname="com.google.javascript.jscomp.IntegrationTest" name="testRemoveUnusedPrototypeProperties1" time="0.0030" />
  <testcase classname="com.google.javascript.jscomp.IntegrationTest" name="testRemoveUnusedPrototypeProperties2" time="0.0060" />
  <testcase classname="com.google.javascript.jscomp.IntegrationTest" name="testSmartNamePass" time="0.0040" />
  <testcase classname="com.google.javascript.jscomp.IntegrationTest" name="testDeadAssignmentsElimination" time="0.0060" />
  <testcase classname="com.google.javascript.jscomp.IntegrationTest" name="testInlineFunctions" time="0.0040" />
  <testcase classname="com.google.javascript.jscomp.IntegrationTest" name="testRemoveUnusedVars1" time="0.0030" />
  <testcase classname="com.google.javascript.jscomp.IntegrationTest" name="testRemoveUnusedVars2" time="0.0060" />
  <testcase classname="com.google.javascript.jscomp.IntegrationTest" name="testCrossModuleCodeMotion" time="0.0040" />
  <testcase classname="com.google.javascript.jscomp.IntegrationTest" name="testCrossModuleMethodMotion" time="0.0050" />
  <testcase classname="com.google.javascript.jscomp.IntegrationTest" name="testFlowSensitiveInlineVariables1" time="0.0090" />
  <testcase classname="com.google.javascript.jscomp.IntegrationTest" name="testFlowSensitiveInlineVariables2" time="0.0050" />
  <testcase classname="com.google.javascript.jscomp.IntegrationTest" name="testCollapseAnonymousFunctions" time="0.0030" />
  <testcase classname="com.google.javascript.jscomp.IntegrationTest" name="testMoveFunctionDeclarations" time="0.0050" />
  <testcase classname="com.google.javascript.jscomp.IntegrationTest" name="testNameAnonymousFunctions" time="0.0070" />
  <testcase classname="com.google.javascript.jscomp.IntegrationTest" name="testNameAnonymousFunctionsWithVarRemoval" time="0.0080" />
  <testcase classname="com.google.javascript.jscomp.IntegrationTest" name="testExtractPrototypeMemberDeclarations" time="0.0090" />
  <testcase classname="com.google.javascript.jscomp.IntegrationTest" name="testDevirtualizationAndExtractPrototypeMemberDeclarations" time="0.0050" />
  <testcase classname="com.google.javascript.jscomp.IntegrationTest" name="testCoalesceVariableNames" time="0.0040" />
  <testcase classname="com.google.javascript.jscomp.IntegrationTest" name="testPropertyRenaming" time="0.0040" />
  <testcase classname="com.google.javascript.jscomp.IntegrationTest" name="testConvertToDottedProperties" time="0.0020" />
  <testcase classname="com.google.javascript.jscomp.IntegrationTest" name="testRewriteFunctionExpressions" time="0.0020" />
  <testcase classname="com.google.javascript.jscomp.IntegrationTest" name="testAliasAllStrings" time="0.0020" />
  <testcase classname="com.google.javascript.jscomp.IntegrationTest" name="testAliasExterns" time="0.0010" />
  <testcase classname="com.google.javascript.jscomp.IntegrationTest" name="testAliasKeywords" time="0.0020" />
  <testcase classname="com.google.javascript.jscomp.IntegrationTest" name="testRenameVars1" time="0.0030" />
  <testcase classname="com.google.javascript.jscomp.IntegrationTest" name="testRenameVars2" time="0.0020" />
  <testcase classname="com.google.javascript.jscomp.IntegrationTest" name="testShadowVaribles" time="0.0010" />
  <testcase classname="com.google.javascript.jscomp.IntegrationTest" name="testRenameLabels" time="0.0020" />
  <testcase classname="com.google.javascript.jscomp.IntegrationTest" name="testBadBreakStatementInIdeMode" time="0.0020" />
  <testcase classname="com.google.javascript.jscomp.IntegrationTest" name="testIssue63SourceMap" time="0.0010" />
  <testcase classname="com.google.javascript.jscomp.IntegrationTest" name="testRegExp1" time="0.0070" />
  <testcase classname="com.google.javascript.jscomp.IntegrationTest" name="testRegExp2" time="0.0040" />
  <testcase classname="com.google.javascript.jscomp.IntegrationTest" name="testFoldLocals1" time="0.0020" />
  <testcase classname="com.google.javascript.jscomp.IntegrationTest" name="testFoldLocals2" time="0.0030" />
  <testcase classname="com.google.javascript.jscomp.IntegrationTest" name="testFoldLocals3" time="0.0040" />
  <testcase classname="com.google.javascript.jscomp.IntegrationTest" name="testFoldLocals4" time="0.0030" />
  <testcase classname="com.google.javascript.jscomp.IntegrationTest" name="testFoldLocals5" time="0.0030" />
  <testcase classname="com.google.javascript.jscomp.IntegrationTest" name="testFoldLocals6" time="0.0020" />
  <testcase classname="com.google.javascript.jscomp.IntegrationTest" name="testFoldLocals7" time="0.0020" />
  <testcase classname="com.google.javascript.jscomp.IntegrationTest" name="testVarDeclarationsIntoFor" time="0.0020" />
  <testcase classname="com.google.javascript.jscomp.IntegrationTest" name="testExploitAssigns" time="0.0020" />
  <testcase classname="com.google.javascript.jscomp.IntegrationTest" name="testRecoverOnBadExterns" time="0.0010" />
  <testcase classname="com.google.javascript.jscomp.IntegrationTest" name="testDuplicateVariablesInExterns" time="0.0010" />
  <testcase classname="com.google.javascript.jscomp.IntegrationTest" name="testLanguageMode" time="0.0020" />
  <testcase classname="com.google.javascript.jscomp.IntegrationTest" name="testLanguageMode2" time="0.0030" />
  <testcase classname="com.google.javascript.jscomp.IntegrationTest" name="testIssue598" time="0.0020" />
  <testcase classname="com.google.javascript.jscomp.IntegrationTest" name="testIssue701" time="0.0010" />
  <testcase classname="com.google.javascript.jscomp.IntegrationTest" name="testIssue730" time="0.013" />
  <testcase classname="com.google.javascript.jscomp.IntegrationTest" name="testCoaleseVariables" time="0.0030" />
  <testcase classname="com.google.javascript.jscomp.IntegrationTest" name="testLateStatementFusion" time="0.0010" />
  <testcase classname="com.google.javascript.jscomp.IntegrationTest" name="testLateConstantReordering" time="0.0010" />
  <testcase classname="com.google.javascript.jscomp.IntegrationTest" name="testsyntheticBlockOnDeadAssignments" time="0.0010" />
  <testcase classname="com.google.javascript.jscomp.IntegrationTest" name="testBug4152835" time="0.0010" />
  <testcase classname="com.google.javascript.jscomp.IntegrationTest" name="testBug5786871" time="0.0010" />
  <testcase classname="com.google.javascript.jscomp.IntegrationTest" name="testIssue378" time="0.0020" />
  <testcase classname="com.google.javascript.jscomp.IntegrationTest" name="testIssue550" time="0.0020" />
  <testcase classname="com.google.javascript.jscomp.IntegrationTest" name="testIssue284" time="0.0020" />
  <testcase classname="com.google.javascript.jscomp.IntegrationTest" name="testIssue772" time="0.0030" />
  <testcase classname="com.google.javascript.jscomp.IntegrationTest" name="testCodingConvention" time="0.0" />
  <testcase classname="com.google.javascript.jscomp.IntegrationTest" name="testJQueryStringSplitLoops" time="0.011" />
  <testcase classname="com.google.javascript.jscomp.IntegrationTest" name="testAlwaysRunSafetyCheck" time="0.0020" />
  <testcase classname="com.google.javascript.jscomp.IntegrationTest" name="testSuppressEs5StrictWarning" time="0.0010" />
  <testcase classname="com.google.javascript.jscomp.IntegrationTest" name="testCheckProvidesWarning" time="0.0010" />
  <testcase classname="com.google.javascript.jscomp.IntegrationTest" name="testSuppressCheckProvidesWarning" time="0.0020" />
  <testcase classname="com.google.javascript.jscomp.IntegrationTest" name="testSuppressCastWarning" time="0.0080" />
  <testcase classname="com.google.javascript.jscomp.IntegrationTest" name="testLhsCast" time="0.0010" />
  <testcase classname="com.google.javascript.jscomp.IntegrationTest" name="testRenamePrefix" time="0.0010" />
  <testcase classname="com.google.javascript.jscomp.IntegrationTest" name="testRenamePrefixNamespace" time="0.0040" />
  <testcase classname="com.google.javascript.jscomp.IntegrationTest" name="testRenamePrefixNamespaceProtectSideEffects" time="0.0040" />
  <testcase classname="com.google.javascript.jscomp.IntegrationTest" name="testRenamePrefixNamespaceActivatesMoveFunctionDeclarations" time="0.0020" />
  <testcase classname="com.google.javascript.jscomp.IntegrationTest" name="testBrokenNameSpace" time="0.0020" />
  <testcase classname="com.google.javascript.jscomp.IntegrationTest" name="testNamelessParameter" time="0.0070" />
  <testcase classname="com.google.javascript.jscomp.IntegrationTest" name="testNegativeZero" time="0.0060" />
  <testcase classname="com.google.javascript.jscomp.IntegrationTest" name="testSingletonGetter1" time="0.0050" />
  <testcase classname="com.google.javascript.jscomp.IntegrationTest" name="testIncompleteFunction1" time="0.0020" />
  <testcase classname="com.google.javascript.jscomp.IntegrationTest" name="testIncompleteFunction2" time="0.0020" />
  <testcase classname="com.google.javascript.jscomp.IntegrationTest" name="testSortingOff" time="0.0010" />
  <testcase classname="com.google.javascript.jscomp.IntegrationTest" name="testUnboundedArrayLiteralInfiniteLoop" time="0.0020" />
  <testcase classname="com.google.javascript.jscomp.IntegrationTest" name="testProvideRequireSameFile" time="0.0020" />
  <testcase classname="com.google.javascript.jscomp.IntegrationTest" name="testDependencySorting" time="0.0020" />
  <testcase classname="com.google.javascript.jscomp.IntegrationTest" name="testStrictWarningsGuard" time="0.0020" />
  <testcase classname="com.google.javascript.jscomp.IntegrationTest" name="testStrictWarningsGuardEmergencyMode" time="0.0030" />
  <testcase classname="com.google.javascript.jscomp.IntegrationTest" name="testInlineProperties" time="0.0070" />
  <testcase classname="com.google.javascript.jscomp.IntegrationTest" name="testGoogDefineClass1" time="0.0070" />
  <testcase classname="com.google.javascript.jscomp.IntegrationTest" name="testGoogDefineClass2" time="0.0070" />
  <testcase classname="com.google.javascript.jscomp.IntegrationTest" name="testGoogDefineClass3" time="0.0070" />
  <testcase classname="com.google.javascript.jscomp.IntegrationTest" name="testCheckConstants1" time="0.0020" />
  <testcase classname="com.google.javascript.jscomp.IntegrationTest" name="testCheckConstants2" time="0.0010" />
  <testcase classname="com.google.javascript.jscomp.IntegrationTest" name="testIssue787" time="0.0050" />
  <testcase classname="com.google.javascript.jscomp.IntegrationTest" name="testPerfTracker" time="0.012" />
  <system-out><![CDATA[]]></system-out>
  <system-err><![CDATA[]]></system-err>
</testsuite>
